┌ Warning: rmprocs: process 1 not removed
└ @ Distributed /buildworker/worker/package_linux64/build/usr/share/julia/stdlib/v1.7/Distributed/src/cluster.jl:1045
┌ LogLevel(-1): Starting 40 workers... 
└ @ Main /work/vemundlu/FiberBundle/generateData.jl:56
┌ LogLevel(-1): Running settings: 
│  Any[1024], 
│  Any[0.1, 0.2, 0.3, 0.4, 0.5, 0.6, 0.7, 0.8, 0.9], 
│  Any[2.0]
└ @ Main /work/vemundlu/FiberBundle/generateData.jl:60
┌ LogLevel(-2): 2022-12-16T08:40:24.397: Starting a=2.0 dist=Uniform L=1024 nr=CLS t=0.1
└ @ Main /work/vemundlu/FiberBundle/dataGenerator.jl:153
┌ LogLevel(-2): Searching for loose files... 
└ @ Main /work/vemundlu/FiberBundle/support/dataManager.jl:250
┌ LogLevel(-2): All seeds already exist
└ @ Main /work/vemundlu/FiberBundle/support/dataManager.jl:235
┌ LogLevel(-2): 2022-12-16T08:40:28.594: Starting a=0.0 dist=Uniform L=1024 nr=LLS t=0.1
└ @ Main /work/vemundlu/FiberBundle/dataGenerator.jl:153
┌ LogLevel(-2): Searching for loose files... 
└ @ Main /work/vemundlu/FiberBundle/support/dataManager.jl:250
┌ LogLevel(-2): All seeds already exist
└ @ Main /work/vemundlu/FiberBundle/support/dataManager.jl:235
┌ LogLevel(-2): 2022-12-16T08:40:28.596: Starting a=2.0 dist=Uniform L=1024 nr=CLS t=0.2
└ @ Main /work/vemundlu/FiberBundle/dataGenerator.jl:153
┌ LogLevel(-2): Searching for loose files... 
└ @ Main /work/vemundlu/FiberBundle/support/dataManager.jl:250
┌ LogLevel(-2): All seeds already exist
└ @ Main /work/vemundlu/FiberBundle/support/dataManager.jl:235
┌ LogLevel(-2): 2022-12-16T08:40:28.598: Starting a=0.0 dist=Uniform L=1024 nr=LLS t=0.2
└ @ Main /work/vemundlu/FiberBundle/dataGenerator.jl:153
┌ LogLevel(-2): Searching for loose files... 
└ @ Main /work/vemundlu/FiberBundle/support/dataManager.jl:250
┌ LogLevel(-2): All seeds already exist
└ @ Main /work/vemundlu/FiberBundle/support/dataManager.jl:235
┌ LogLevel(-2): 2022-12-16T08:40:28.600: Starting a=2.0 dist=Uniform L=1024 nr=CLS t=0.3
└ @ Main /work/vemundlu/FiberBundle/dataGenerator.jl:153
┌ LogLevel(-2): Searching for loose files... 
└ @ Main /work/vemundlu/FiberBundle/support/dataManager.jl:250
┌ LogLevel(-2): All seeds already exist
└ @ Main /work/vemundlu/FiberBundle/support/dataManager.jl:235
┌ LogLevel(-2): 2022-12-16T08:40:28.602: Starting a=0.0 dist=Uniform L=1024 nr=LLS t=0.3
└ @ Main /work/vemundlu/FiberBundle/dataGenerator.jl:153
┌ LogLevel(-2): Searching for loose files... 
└ @ Main /work/vemundlu/FiberBundle/support/dataManager.jl:250
┌ LogLevel(-2): All seeds already exist
└ @ Main /work/vemundlu/FiberBundle/support/dataManager.jl:235
┌ LogLevel(-2): 2022-12-16T08:40:28.604: Starting a=2.0 dist=Uniform L=1024 nr=CLS t=0.4
└ @ Main /work/vemundlu/FiberBundle/dataGenerator.jl:153
┌ LogLevel(-2): Searching for loose files... 
└ @ Main /work/vemundlu/FiberBundle/support/dataManager.jl:250
┌ LogLevel(-2): All seeds already exist
└ @ Main /work/vemundlu/FiberBundle/support/dataManager.jl:235
┌ LogLevel(-2): 2022-12-16T08:40:28.605: Starting a=0.0 dist=Uniform L=1024 nr=LLS t=0.4
└ @ Main /work/vemundlu/FiberBundle/dataGenerator.jl:153
┌ LogLevel(-2): Searching for loose files... 
└ @ Main /work/vemundlu/FiberBundle/support/dataManager.jl:250
┌ LogLevel(-2): All seeds already exist
└ @ Main /work/vemundlu/FiberBundle/support/dataManager.jl:235
┌ LogLevel(-2): 2022-12-16T08:40:28.607: Starting a=2.0 dist=Uniform L=1024 nr=CLS t=0.5
└ @ Main /work/vemundlu/FiberBundle/dataGenerator.jl:153
┌ LogLevel(-2): Searching for loose files... 
└ @ Main /work/vemundlu/FiberBundle/support/dataManager.jl:250
┌ LogLevel(-2): All seeds already exist
└ @ Main /work/vemundlu/FiberBundle/support/dataManager.jl:235
┌ LogLevel(-2): 2022-12-16T08:40:28.609: Starting a=0.0 dist=Uniform L=1024 nr=LLS t=0.5
└ @ Main /work/vemundlu/FiberBundle/dataGenerator.jl:153
┌ LogLevel(-2): Searching for loose files... 
└ @ Main /work/vemundlu/FiberBundle/support/dataManager.jl:250
┌ LogLevel(-2): Running workers...
└ @ Main /work/vemundlu/FiberBundle/dataGenerator.jl:138
┌ LogLevel(-2): Starting work on a=0.0 dist=Uniform L=1024 nr=LLS t=0.5
└ @ Main /work/vemundlu/FiberBundle/dataGenerator.jl:79
┌ LogLevel(-2): 0%, Active workers: 30, Completed tasks: 0.
└ @ Main /work/vemundlu/FiberBundle/dataGenerator.jl:91
┌ LogLevel(-2): 1%, Active workers: 30, Completed tasks: 0.
└ @ Main /work/vemundlu/FiberBundle/dataGenerator.jl:91
┌ LogLevel(-2): 2%, Active workers: 30, Completed tasks: 0.
└ @ Main /work/vemundlu/FiberBundle/dataGenerator.jl:91
┌ LogLevel(-2): 3%, Active workers: 30, Completed tasks: 0.
└ @ Main /work/vemundlu/FiberBundle/dataGenerator.jl:91
┌ LogLevel(-2): 4%, Active workers: 30, Completed tasks: 0.
└ @ Main /work/vemundlu/FiberBundle/dataGenerator.jl:91
┌ LogLevel(-2): 5%, Active workers: 30, Completed tasks: 0.
└ @ Main /work/vemundlu/FiberBundle/dataGenerator.jl:91
┌ LogLevel(-2): 6%, Active workers: 30, Completed tasks: 0.
└ @ Main /work/vemundlu/FiberBundle/dataGenerator.jl:91
┌ LogLevel(-2): 7%, Active workers: 28, Completed tasks: 2.
└ @ Main /work/vemundlu/FiberBundle/dataGenerator.jl:91
┌ LogLevel(-2): 8%, Active workers: 26, Completed tasks: 4.
└ @ Main /work/vemundlu/FiberBundle/dataGenerator.jl:91
┌ LogLevel(-2): 9%, Active workers: 23, Completed tasks: 7.
└ @ Main /work/vemundlu/FiberBundle/dataGenerator.jl:91
┌ LogLevel(-2): 10%, Active workers: 21, Completed tasks: 9.
└ @ Main /work/vemundlu/FiberBundle/dataGenerator.jl:91
┌ LogLevel(-2): 11%, Active workers: 18, Completed tasks: 12.
└ @ Main /work/vemundlu/FiberBundle/dataGenerator.jl:91
┌ LogLevel(-2): 12%, Active workers: 6, Completed tasks: 24.
└ @ Main /work/vemundlu/FiberBundle/dataGenerator.jl:91
┌ LogLevel(-2): 100%, Active workers: 0, Completed tasks: 30.
└ @ Main /work/vemundlu/FiberBundle/dataGenerator.jl:94
┌ LogLevel(-2): Done!
└ @ Main /work/vemundlu/FiberBundle/dataGenerator.jl:140
┌ LogLevel(-2): Calculating averages... 
└ @ Main /work/vemundlu/FiberBundle/dataGenerator.jl:143
┌ LogLevel(-2): Done!
└ @ Main /work/vemundlu/FiberBundle/dataGenerator.jl:145
┌ LogLevel(-2): 2022-12-16T10:57:51.480: Starting a=2.0 dist=Uniform L=1024 nr=CLS t=0.6
└ @ Main /work/vemundlu/FiberBundle/dataGenerator.jl:153
┌ LogLevel(-2): Searching for loose files... 
└ @ Main /work/vemundlu/FiberBundle/support/dataManager.jl:250
┌ LogLevel(-2): Running workers...
└ @ Main /work/vemundlu/FiberBundle/dataGenerator.jl:138
┌ LogLevel(-2): Starting work on a=2.0 dist=Uniform L=1024 nr=CLS t=0.6
└ @ Main /work/vemundlu/FiberBundle/dataGenerator.jl:79
┌ LogLevel(-2): 0%, Active workers: 30, Completed tasks: 0.
└ @ Main /work/vemundlu/FiberBundle/dataGenerator.jl:91
┌ LogLevel(-2): 1%, Active workers: 30, Completed tasks: 0.
└ @ Main /work/vemundlu/FiberBundle/dataGenerator.jl:91
┌ LogLevel(-2): 2%, Active workers: 30, Completed tasks: 0.
└ @ Main /work/vemundlu/FiberBundle/dataGenerator.jl:91
┌ LogLevel(-2): 3%, Active workers: 30, Completed tasks: 0.
└ @ Main /work/vemundlu/FiberBundle/dataGenerator.jl:91
┌ LogLevel(-2): 4%, Active workers: 30, Completed tasks: 0.
└ @ Main /work/vemundlu/FiberBundle/dataGenerator.jl:91
┌ LogLevel(-2): 5%, Active workers: 30, Completed tasks: 0.
└ @ Main /work/vemundlu/FiberBundle/dataGenerator.jl:91
┌ LogLevel(-2): 6%, Active workers: 30, Completed tasks: 0.
└ @ Main /work/vemundlu/FiberBundle/dataGenerator.jl:91
┌ LogLevel(-2): 7%, Active workers: 30, Completed tasks: 0.
└ @ Main /work/vemundlu/FiberBundle/dataGenerator.jl:91
┌ LogLevel(-2): 8%, Active workers: 30, Completed tasks: 0.
└ @ Main /work/vemundlu/FiberBundle/dataGenerator.jl:91
┌ LogLevel(-2): 9%, Active workers: 30, Completed tasks: 0.
└ @ Main /work/vemundlu/FiberBundle/dataGenerator.jl:91
┌ LogLevel(-2): 10%, Active workers: 30, Completed tasks: 0.
└ @ Main /work/vemundlu/FiberBundle/dataGenerator.jl:91
┌ LogLevel(-2): 11%, Active workers: 30, Completed tasks: 0.
└ @ Main /work/vemundlu/FiberBundle/dataGenerator.jl:91
┌ LogLevel(-2): 12%, Active workers: 30, Completed tasks: 0.
└ @ Main /work/vemundlu/FiberBundle/dataGenerator.jl:91
┌ LogLevel(-2): 13%, Active workers: 30, Completed tasks: 0.
└ @ Main /work/vemundlu/FiberBundle/dataGenerator.jl:91
┌ LogLevel(-2): 14%, Active workers: 30, Completed tasks: 0.
└ @ Main /work/vemundlu/FiberBundle/dataGenerator.jl:91
┌ LogLevel(-2): 15%, Active workers: 30, Completed tasks: 0.
└ @ Main /work/vemundlu/FiberBundle/dataGenerator.jl:91
┌ LogLevel(-2): 16%, Active workers: 30, Completed tasks: 0.
└ @ Main /work/vemundlu/FiberBundle/dataGenerator.jl:91
┌ LogLevel(-2): 17%, Active workers: 30, Completed tasks: 0.
└ @ Main /work/vemundlu/FiberBundle/dataGenerator.jl:91
┌ LogLevel(-2): 18%, Active workers: 30, Completed tasks: 0.
└ @ Main /work/vemundlu/FiberBundle/dataGenerator.jl:91
┌ LogLevel(-2): 19%, Active workers: 30, Completed tasks: 0.
└ @ Main /work/vemundlu/FiberBundle/dataGenerator.jl:91
┌ LogLevel(-2): 20%, Active workers: 30, Completed tasks: 0.
└ @ Main /work/vemundlu/FiberBundle/dataGenerator.jl:91
┌ LogLevel(-2): 21%, Active workers: 30, Completed tasks: 0.
└ @ Main /work/vemundlu/FiberBundle/dataGenerator.jl:91
┌ LogLevel(-2): 22%, Active workers: 30, Completed tasks: 0.
└ @ Main /work/vemundlu/FiberBundle/dataGenerator.jl:91
┌ LogLevel(-2): 23%, Active workers: 30, Completed tasks: 0.
└ @ Main /work/vemundlu/FiberBundle/dataGenerator.jl:91
┌ LogLevel(-2): 24%, Active workers: 29, Completed tasks: 1.
└ @ Main /work/vemundlu/FiberBundle/dataGenerator.jl:91
┌ LogLevel(-2): 25%, Active workers: 28, Completed tasks: 2.
└ @ Main /work/vemundlu/FiberBundle/dataGenerator.jl:91
┌ LogLevel(-2): 26%, Active workers: 28, Completed tasks: 2.
└ @ Main /work/vemundlu/FiberBundle/dataGenerator.jl:91
┌ LogLevel(-2): 27%, Active workers: 27, Completed tasks: 3.
└ @ Main /work/vemundlu/FiberBundle/dataGenerator.jl:91
┌ LogLevel(-2): 28%, Active workers: 24, Completed tasks: 6.
└ @ Main /work/vemundlu/FiberBundle/dataGenerator.jl:91
┌ LogLevel(-2): 29%, Active workers: 23, Completed tasks: 7.
└ @ Main /work/vemundlu/FiberBundle/dataGenerator.jl:91
┌ LogLevel(-2): 30%, Active workers: 21, Completed tasks: 9.
└ @ Main /work/vemundlu/FiberBundle/dataGenerator.jl:91
┌ LogLevel(-2): 31%, Active workers: 20, Completed tasks: 10.
└ @ Main /work/vemundlu/FiberBundle/dataGenerator.jl:91
┌ LogLevel(-2): 32%, Active workers: 14, Completed tasks: 16.
└ @ Main /work/vemundlu/FiberBundle/dataGenerator.jl:91
┌ LogLevel(-2): 33%, Active workers: 10, Completed tasks: 20.
└ @ Main /work/vemundlu/FiberBundle/dataGenerator.jl:91
┌ LogLevel(-2): 34%, Active workers: 6, Completed tasks: 24.
└ @ Main /work/vemundlu/FiberBundle/dataGenerator.jl:91
┌ LogLevel(-2): 35%, Active workers: 3, Completed tasks: 27.
└ @ Main /work/vemundlu/FiberBundle/dataGenerator.jl:91
┌ LogLevel(-2): 100%, Active workers: 0, Completed tasks: 30.
└ @ Main /work/vemundlu/FiberBundle/dataGenerator.jl:94
┌ LogLevel(-2): Done!
└ @ Main /work/vemundlu/FiberBundle/dataGenerator.jl:140
┌ LogLevel(-2): Calculating averages... 
└ @ Main /work/vemundlu/FiberBundle/dataGenerator.jl:143
┌ LogLevel(-2): Done!
└ @ Main /work/vemundlu/FiberBundle/dataGenerator.jl:145
┌ LogLevel(-2): 2022-12-16T17:04:29.368: Starting a=0.0 dist=Uniform L=1024 nr=LLS t=0.6
└ @ Main /work/vemundlu/FiberBundle/dataGenerator.jl:153
┌ LogLevel(-2): Searching for loose files... 
└ @ Main /work/vemundlu/FiberBundle/support/dataManager.jl:250
┌ LogLevel(-2): Running workers...
└ @ Main /work/vemundlu/FiberBundle/dataGenerator.jl:138
┌ LogLevel(-2): Starting work on a=0.0 dist=Uniform L=1024 nr=LLS t=0.6
└ @ Main /work/vemundlu/FiberBundle/dataGenerator.jl:79
┌ LogLevel(-2): 0%, Active workers: 30, Completed tasks: 0.
└ @ Main /work/vemundlu/FiberBundle/dataGenerator.jl:91
┌ LogLevel(-2): 1%, Active workers: 30, Completed tasks: 0.
└ @ Main /work/vemundlu/FiberBundle/dataGenerator.jl:91
┌ LogLevel(-2): 2%, Active workers: 30, Completed tasks: 0.
└ @ Main /work/vemundlu/FiberBundle/dataGenerator.jl:91
┌ LogLevel(-2): 3%, Active workers: 30, Completed tasks: 0.
└ @ Main /work/vemundlu/FiberBundle/dataGenerator.jl:91
┌ LogLevel(-2): 4%, Active workers: 30, Completed tasks: 0.
└ @ Main /work/vemundlu/FiberBundle/dataGenerator.jl:91
┌ LogLevel(-2): 5%, Active workers: 30, Completed tasks: 0.
└ @ Main /work/vemundlu/FiberBundle/dataGenerator.jl:91
┌ LogLevel(-2): 6%, Active workers: 30, Completed tasks: 0.
└ @ Main /work/vemundlu/FiberBundle/dataGenerator.jl:91
┌ LogLevel(-2): 7%, Active workers: 29, Completed tasks: 1.
└ @ Main /work/vemundlu/FiberBundle/dataGenerator.jl:91
┌ LogLevel(-2): 8%, Active workers: 27, Completed tasks: 3.
└ @ Main /work/vemundlu/FiberBundle/dataGenerator.jl:91
┌ LogLevel(-2): 9%, Active workers: 25, Completed tasks: 5.
└ @ Main /work/vemundlu/FiberBundle/dataGenerator.jl:91
┌ LogLevel(-2): 10%, Active workers: 23, Completed tasks: 7.
└ @ Main /work/vemundlu/FiberBundle/dataGenerator.jl:91
┌ LogLevel(-2): 11%, Active workers: 21, Completed tasks: 9.
└ @ Main /work/vemundlu/FiberBundle/dataGenerator.jl:91
┌ LogLevel(-2): 12%, Active workers: 11, Completed tasks: 19.
└ @ Main /work/vemundlu/FiberBundle/dataGenerator.jl:91
┌ LogLevel(-2): 100%, Active workers: 0, Completed tasks: 30.
└ @ Main /work/vemundlu/FiberBundle/dataGenerator.jl:94
┌ LogLevel(-2): Done!
└ @ Main /work/vemundlu/FiberBundle/dataGenerator.jl:140
┌ LogLevel(-2): Calculating averages... 
└ @ Main /work/vemundlu/FiberBundle/dataGenerator.jl:143
┌ LogLevel(-2): Done!
└ @ Main /work/vemundlu/FiberBundle/dataGenerator.jl:145
┌ LogLevel(-2): 2022-12-16T19:26:01.648: Starting a=2.0 dist=Uniform L=1024 nr=CLS t=0.7
└ @ Main /work/vemundlu/FiberBundle/dataGenerator.jl:153
┌ LogLevel(-2): Searching for loose files... 
└ @ Main /work/vemundlu/FiberBundle/support/dataManager.jl:250
┌ LogLevel(-2): Running workers...
└ @ Main /work/vemundlu/FiberBundle/dataGenerator.jl:138
┌ LogLevel(-2): Starting work on a=2.0 dist=Uniform L=1024 nr=CLS t=0.7
└ @ Main /work/vemundlu/FiberBundle/dataGenerator.jl:79
┌ LogLevel(-2): 0%, Active workers: 30, Completed tasks: 0.
└ @ Main /work/vemundlu/FiberBundle/dataGenerator.jl:91
┌ LogLevel(-2): 1%, Active workers: 30, Completed tasks: 0.
└ @ Main /work/vemundlu/FiberBundle/dataGenerator.jl:91
┌ LogLevel(-2): 2%, Active workers: 30, Completed tasks: 0.
└ @ Main /work/vemundlu/FiberBundle/dataGenerator.jl:91
┌ LogLevel(-2): 3%, Active workers: 30, Completed tasks: 0.
└ @ Main /work/vemundlu/FiberBundle/dataGenerator.jl:91
┌ LogLevel(-2): 4%, Active workers: 30, Completed tasks: 0.
└ @ Main /work/vemundlu/FiberBundle/dataGenerator.jl:91
┌ LogLevel(-2): 5%, Active workers: 30, Completed tasks: 0.
└ @ Main /work/vemundlu/FiberBundle/dataGenerator.jl:91
┌ LogLevel(-2): 6%, Active workers: 30, Completed tasks: 0.
└ @ Main /work/vemundlu/FiberBundle/dataGenerator.jl:91
┌ LogLevel(-2): 7%, Active workers: 30, Completed tasks: 0.
└ @ Main /work/vemundlu/FiberBundle/dataGenerator.jl:91
┌ LogLevel(-2): 8%, Active workers: 30, Completed tasks: 0.
└ @ Main /work/vemundlu/FiberBundle/dataGenerator.jl:91
┌ LogLevel(-2): 9%, Active workers: 30, Completed tasks: 0.
└ @ Main /work/vemundlu/FiberBundle/dataGenerator.jl:91
┌ LogLevel(-2): 10%, Active workers: 30, Completed tasks: 0.
└ @ Main /work/vemundlu/FiberBundle/dataGenerator.jl:91
┌ LogLevel(-2): 11%, Active workers: 30, Completed tasks: 0.
└ @ Main /work/vemundlu/FiberBundle/dataGenerator.jl:91
┌ LogLevel(-2): 12%, Active workers: 30, Completed tasks: 0.
└ @ Main /work/vemundlu/FiberBundle/dataGenerator.jl:91
┌ LogLevel(-2): 13%, Active workers: 30, Completed tasks: 0.
└ @ Main /work/vemundlu/FiberBundle/dataGenerator.jl:91
┌ LogLevel(-2): 14%, Active workers: 30, Completed tasks: 0.
└ @ Main /work/vemundlu/FiberBundle/dataGenerator.jl:91
┌ LogLevel(-2): 15%, Active workers: 30, Completed tasks: 0.
└ @ Main /work/vemundlu/FiberBundle/dataGenerator.jl:91
┌ LogLevel(-2): 16%, Active workers: 30, Completed tasks: 0.
└ @ Main /work/vemundlu/FiberBundle/dataGenerator.jl:91
┌ LogLevel(-2): 17%, Active workers: 30, Completed tasks: 0.
└ @ Main /work/vemundlu/FiberBundle/dataGenerator.jl:91
┌ LogLevel(-2): 18%, Active workers: 30, Completed tasks: 0.
└ @ Main /work/vemundlu/FiberBundle/dataGenerator.jl:91
┌ LogLevel(-2): 19%, Active workers: 30, Completed tasks: 0.
└ @ Main /work/vemundlu/FiberBundle/dataGenerator.jl:91
┌ LogLevel(-2): 20%, Active workers: 30, Completed tasks: 0.
└ @ Main /work/vemundlu/FiberBundle/dataGenerator.jl:91
┌ LogLevel(-2): 21%, Active workers: 30, Completed tasks: 0.
└ @ Main /work/vemundlu/FiberBundle/dataGenerator.jl:91
┌ LogLevel(-2): 22%, Active workers: 30, Completed tasks: 0.
└ @ Main /work/vemundlu/FiberBundle/dataGenerator.jl:91
┌ LogLevel(-2): 23%, Active workers: 30, Completed tasks: 0.
└ @ Main /work/vemundlu/FiberBundle/dataGenerator.jl:91
┌ LogLevel(-2): 24%, Active workers: 30, Completed tasks: 0.
└ @ Main /work/vemundlu/FiberBundle/dataGenerator.jl:91
┌ LogLevel(-2): 25%, Active workers: 29, Completed tasks: 1.
└ @ Main /work/vemundlu/FiberBundle/dataGenerator.jl:91
┌ LogLevel(-2): 26%, Active workers: 28, Completed tasks: 2.
└ @ Main /work/vemundlu/FiberBundle/dataGenerator.jl:91
┌ LogLevel(-2): 27%, Active workers: 28, Completed tasks: 2.
└ @ Main /work/vemundlu/FiberBundle/dataGenerator.jl:91
┌ LogLevel(-2): 28%, Active workers: 26, Completed tasks: 4.
└ @ Main /work/vemundlu/FiberBundle/dataGenerator.jl:91
┌ LogLevel(-2): 29%, Active workers: 26, Completed tasks: 4.
└ @ Main /work/vemundlu/FiberBundle/dataGenerator.jl:91
┌ LogLevel(-2): 30%, Active workers: 26, Completed tasks: 4.
└ @ Main /work/vemundlu/FiberBundle/dataGenerator.jl:91
┌ LogLevel(-2): 31%, Active workers: 26, Completed tasks: 4.
└ @ Main /work/vemundlu/FiberBundle/dataGenerator.jl:91
┌ LogLevel(-2): 32%, Active workers: 26, Completed tasks: 4.
└ @ Main /work/vemundlu/FiberBundle/dataGenerator.jl:91
┌ LogLevel(-2): 33%, Active workers: 26, Completed tasks: 4.
└ @ Main /work/vemundlu/FiberBundle/dataGenerator.jl:91
┌ LogLevel(-2): 34%, Active workers: 25, Completed tasks: 5.
└ @ Main /work/vemundlu/FiberBundle/dataGenerator.jl:91
┌ LogLevel(-2): 35%, Active workers: 23, Completed tasks: 7.
└ @ Main /work/vemundlu/FiberBundle/dataGenerator.jl:91
┌ LogLevel(-2): 36%, Active workers: 22, Completed tasks: 8.
└ @ Main /work/vemundlu/FiberBundle/dataGenerator.jl:91
┌ LogLevel(-2): 37%, Active workers: 20, Completed tasks: 10.
└ @ Main /work/vemundlu/FiberBundle/dataGenerator.jl:91
┌ LogLevel(-2): 38%, Active workers: 18, Completed tasks: 12.
└ @ Main /work/vemundlu/FiberBundle/dataGenerator.jl:91
┌ LogLevel(-2): 39%, Active workers: 12, Completed tasks: 18.
└ @ Main /work/vemundlu/FiberBundle/dataGenerator.jl:91
┌ LogLevel(-2): 40%, Active workers: 8, Completed tasks: 22.
└ @ Main /work/vemundlu/FiberBundle/dataGenerator.jl:91
┌ LogLevel(-2): 41%, Active workers: 3, Completed tasks: 27.
└ @ Main /work/vemundlu/FiberBundle/dataGenerator.jl:91
┌ LogLevel(-2): 100%, Active workers: 0, Completed tasks: 30.
└ @ Main /work/vemundlu/FiberBundle/dataGenerator.jl:94
┌ LogLevel(-2): Done!
└ @ Main /work/vemundlu/FiberBundle/dataGenerator.jl:140
┌ LogLevel(-2): Calculating averages... 
└ @ Main /work/vemundlu/FiberBundle/dataGenerator.jl:143
┌ LogLevel(-2): Done!
└ @ Main /work/vemundlu/FiberBundle/dataGenerator.jl:145
┌ LogLevel(-2): 2022-12-17T03:19:10.507: Starting a=0.0 dist=Uniform L=1024 nr=LLS t=0.7
└ @ Main /work/vemundlu/FiberBundle/dataGenerator.jl:153
┌ LogLevel(-2): Searching for loose files... 
└ @ Main /work/vemundlu/FiberBundle/support/dataManager.jl:250
┌ LogLevel(-2): Running workers...
└ @ Main /work/vemundlu/FiberBundle/dataGenerator.jl:138
┌ LogLevel(-2): Starting work on a=0.0 dist=Uniform L=1024 nr=LLS t=0.7
└ @ Main /work/vemundlu/FiberBundle/dataGenerator.jl:79
┌ LogLevel(-2): 0%, Active workers: 30, Completed tasks: 0.
└ @ Main /work/vemundlu/FiberBundle/dataGenerator.jl:91
┌ LogLevel(-2): 1%, Active workers: 30, Completed tasks: 0.
└ @ Main /work/vemundlu/FiberBundle/dataGenerator.jl:91
┌ LogLevel(-2): 2%, Active workers: 30, Completed tasks: 0.
└ @ Main /work/vemundlu/FiberBundle/dataGenerator.jl:91
┌ LogLevel(-2): 3%, Active workers: 30, Completed tasks: 0.
└ @ Main /work/vemundlu/FiberBundle/dataGenerator.jl:91
┌ LogLevel(-2): 4%, Active workers: 30, Completed tasks: 0.
└ @ Main /work/vemundlu/FiberBundle/dataGenerator.jl:91
┌ LogLevel(-2): 5%, Active workers: 30, Completed tasks: 0.
└ @ Main /work/vemundlu/FiberBundle/dataGenerator.jl:91
┌ LogLevel(-2): 6%, Active workers: 30, Completed tasks: 0.
└ @ Main /work/vemundlu/FiberBundle/dataGenerator.jl:91
┌ LogLevel(-2): 7%, Active workers: 28, Completed tasks: 2.
└ @ Main /work/vemundlu/FiberBundle/dataGenerator.jl:91
┌ LogLevel(-2): 8%, Active workers: 27, Completed tasks: 3.
└ @ Main /work/vemundlu/FiberBundle/dataGenerator.jl:91
┌ LogLevel(-2): 9%, Active workers: 25, Completed tasks: 5.
└ @ Main /work/vemundlu/FiberBundle/dataGenerator.jl:91
┌ LogLevel(-2): 10%, Active workers: 21, Completed tasks: 9.
└ @ Main /work/vemundlu/FiberBundle/dataGenerator.jl:91
┌ LogLevel(-2): 11%, Active workers: 19, Completed tasks: 11.
└ @ Main /work/vemundlu/FiberBundle/dataGenerator.jl:91
┌ LogLevel(-2): 12%, Active workers: 9, Completed tasks: 21.
└ @ Main /work/vemundlu/FiberBundle/dataGenerator.jl:91
┌ LogLevel(-2): 100%, Active workers: 0, Completed tasks: 30.
└ @ Main /work/vemundlu/FiberBundle/dataGenerator.jl:94
┌ LogLevel(-2): Done!
└ @ Main /work/vemundlu/FiberBundle/dataGenerator.jl:140
┌ LogLevel(-2): Calculating averages... 
└ @ Main /work/vemundlu/FiberBundle/dataGenerator.jl:143
┌ LogLevel(-2): Done!
└ @ Main /work/vemundlu/FiberBundle/dataGenerator.jl:145
┌ LogLevel(-2): 2022-12-17T05:37:15.188: Starting a=2.0 dist=Uniform L=1024 nr=CLS t=0.8
└ @ Main /work/vemundlu/FiberBundle/dataGenerator.jl:153
┌ LogLevel(-2): Searching for loose files... 
└ @ Main /work/vemundlu/FiberBundle/support/dataManager.jl:250
┌ LogLevel(-2): Running workers...
└ @ Main /work/vemundlu/FiberBundle/dataGenerator.jl:138
┌ LogLevel(-2): Starting work on a=2.0 dist=Uniform L=1024 nr=CLS t=0.8
└ @ Main /work/vemundlu/FiberBundle/dataGenerator.jl:79
┌ LogLevel(-2): 0%, Active workers: 30, Completed tasks: 0.
└ @ Main /work/vemundlu/FiberBundle/dataGenerator.jl:91
┌ LogLevel(-2): 1%, Active workers: 30, Completed tasks: 0.
└ @ Main /work/vemundlu/FiberBundle/dataGenerator.jl:91
┌ LogLevel(-2): 2%, Active workers: 30, Completed tasks: 0.
└ @ Main /work/vemundlu/FiberBundle/dataGenerator.jl:91
┌ LogLevel(-2): 3%, Active workers: 30, Completed tasks: 0.
└ @ Main /work/vemundlu/FiberBundle/dataGenerator.jl:91
┌ LogLevel(-2): 4%, Active workers: 30, Completed tasks: 0.
└ @ Main /work/vemundlu/FiberBundle/dataGenerator.jl:91
┌ LogLevel(-2): 5%, Active workers: 30, Completed tasks: 0.
└ @ Main /work/vemundlu/FiberBundle/dataGenerator.jl:91
┌ LogLevel(-2): 6%, Active workers: 30, Completed tasks: 0.
└ @ Main /work/vemundlu/FiberBundle/dataGenerator.jl:91
┌ LogLevel(-2): 7%, Active workers: 30, Completed tasks: 0.
└ @ Main /work/vemundlu/FiberBundle/dataGenerator.jl:91
┌ LogLevel(-2): 8%, Active workers: 30, Completed tasks: 0.
└ @ Main /work/vemundlu/FiberBundle/dataGenerator.jl:91
┌ LogLevel(-2): 9%, Active workers: 30, Completed tasks: 0.
└ @ Main /work/vemundlu/FiberBundle/dataGenerator.jl:91
┌ LogLevel(-2): 10%, Active workers: 30, Completed tasks: 0.
└ @ Main /work/vemundlu/FiberBundle/dataGenerator.jl:91
┌ LogLevel(-2): 11%, Active workers: 30, Completed tasks: 0.
└ @ Main /work/vemundlu/FiberBundle/dataGenerator.jl:91
┌ LogLevel(-2): 12%, Active workers: 30, Completed tasks: 0.
└ @ Main /work/vemundlu/FiberBundle/dataGenerator.jl:91
┌ LogLevel(-2): 13%, Active workers: 30, Completed tasks: 0.
└ @ Main /work/vemundlu/FiberBundle/dataGenerator.jl:91
┌ LogLevel(-2): 14%, Active workers: 30, Completed tasks: 0.
└ @ Main /work/vemundlu/FiberBundle/dataGenerator.jl:91
┌ LogLevel(-2): 15%, Active workers: 30, Completed tasks: 0.
└ @ Main /work/vemundlu/FiberBundle/dataGenerator.jl:91
┌ LogLevel(-2): 16%, Active workers: 30, Completed tasks: 0.
└ @ Main /work/vemundlu/FiberBundle/dataGenerator.jl:91
┌ LogLevel(-2): 17%, Active workers: 30, Completed tasks: 0.
└ @ Main /work/vemundlu/FiberBundle/dataGenerator.jl:91
┌ LogLevel(-2): 18%, Active workers: 30, Completed tasks: 0.
└ @ Main /work/vemundlu/FiberBundle/dataGenerator.jl:91
┌ LogLevel(-2): 19%, Active workers: 30, Completed tasks: 0.
└ @ Main /work/vemundlu/FiberBundle/dataGenerator.jl:91
┌ LogLevel(-2): 20%, Active workers: 30, Completed tasks: 0.
└ @ Main /work/vemundlu/FiberBundle/dataGenerator.jl:91
┌ LogLevel(-2): 21%, Active workers: 30, Completed tasks: 0.
└ @ Main /work/vemundlu/FiberBundle/dataGenerator.jl:91
┌ LogLevel(-2): 22%, Active workers: 30, Completed tasks: 0.
└ @ Main /work/vemundlu/FiberBundle/dataGenerator.jl:91
┌ LogLevel(-2): 23%, Active workers: 30, Completed tasks: 0.
└ @ Main /work/vemundlu/FiberBundle/dataGenerator.jl:91
┌ LogLevel(-2): 24%, Active workers: 30, Completed tasks: 0.
└ @ Main /work/vemundlu/FiberBundle/dataGenerator.jl:91
┌ LogLevel(-2): 25%, Active workers: 30, Completed tasks: 0.
└ @ Main /work/vemundlu/FiberBundle/dataGenerator.jl:91
┌ LogLevel(-2): 26%, Active workers: 30, Completed tasks: 0.
└ @ Main /work/vemundlu/FiberBundle/dataGenerator.jl:91
┌ LogLevel(-2): 27%, Active workers: 30, Completed tasks: 0.
└ @ Main /work/vemundlu/FiberBundle/dataGenerator.jl:91
┌ LogLevel(-2): 28%, Active workers: 30, Completed tasks: 0.
└ @ Main /work/vemundlu/FiberBundle/dataGenerator.jl:91
┌ LogLevel(-2): 29%, Active workers: 30, Completed tasks: 0.
└ @ Main /work/vemundlu/FiberBundle/dataGenerator.jl:91
┌ LogLevel(-2): 30%, Active workers: 30, Completed tasks: 0.
└ @ Main /work/vemundlu/FiberBundle/dataGenerator.jl:91
┌ LogLevel(-2): 31%, Active workers: 30, Completed tasks: 0.
└ @ Main /work/vemundlu/FiberBundle/dataGenerator.jl:91
┌ LogLevel(-2): 32%, Active workers: 30, Completed tasks: 0.
└ @ Main /work/vemundlu/FiberBundle/dataGenerator.jl:91
┌ LogLevel(-2): 33%, Active workers: 30, Completed tasks: 0.
└ @ Main /work/vemundlu/FiberBundle/dataGenerator.jl:91
┌ LogLevel(-2): 34%, Active workers: 29, Completed tasks: 1.
└ @ Main /work/vemundlu/FiberBundle/dataGenerator.jl:91
┌ LogLevel(-2): 35%, Active workers: 29, Completed tasks: 1.
└ @ Main /work/vemundlu/FiberBundle/dataGenerator.jl:91
┌ LogLevel(-2): 36%, Active workers: 29, Completed tasks: 1.
└ @ Main /work/vemundlu/FiberBundle/dataGenerator.jl:91
┌ LogLevel(-2): 37%, Active workers: 28, Completed tasks: 2.
└ @ Main /work/vemundlu/FiberBundle/dataGenerator.jl:91
┌ LogLevel(-2): 38%, Active workers: 28, Completed tasks: 2.
└ @ Main /work/vemundlu/FiberBundle/dataGenerator.jl:91
┌ LogLevel(-2): 39%, Active workers: 27, Completed tasks: 3.
└ @ Main /work/vemundlu/FiberBundle/dataGenerator.jl:91
┌ LogLevel(-2): 40%, Active workers: 27, Completed tasks: 3.
└ @ Main /work/vemundlu/FiberBundle/dataGenerator.jl:91
┌ LogLevel(-2): 41%, Active workers: 26, Completed tasks: 4.
└ @ Main /work/vemundlu/FiberBundle/dataGenerator.jl:91
┌ LogLevel(-2): 42%, Active workers: 26, Completed tasks: 4.
└ @ Main /work/vemundlu/FiberBundle/dataGenerator.jl:91
┌ LogLevel(-2): 43%, Active workers: 25, Completed tasks: 5.
└ @ Main /work/vemundlu/FiberBundle/dataGenerator.jl:91
┌ LogLevel(-2): 44%, Active workers: 24, Completed tasks: 6.
└ @ Main /work/vemundlu/FiberBundle/dataGenerator.jl:91
┌ LogLevel(-2): 45%, Active workers: 20, Completed tasks: 10.
└ @ Main /work/vemundlu/FiberBundle/dataGenerator.jl:91
┌ LogLevel(-2): 46%, Active workers: 19, Completed tasks: 11.
└ @ Main /work/vemundlu/FiberBundle/dataGenerator.jl:91
┌ LogLevel(-2): 47%, Active workers: 16, Completed tasks: 14.
└ @ Main /work/vemundlu/FiberBundle/dataGenerator.jl:91
┌ LogLevel(-2): 48%, Active workers: 11, Completed tasks: 19.
└ @ Main /work/vemundlu/FiberBundle/dataGenerator.jl:91
┌ LogLevel(-2): 49%, Active workers: 6, Completed tasks: 24.
└ @ Main /work/vemundlu/FiberBundle/dataGenerator.jl:91
┌ LogLevel(-2): 50%, Active workers: 4, Completed tasks: 26.
└ @ Main /work/vemundlu/FiberBundle/dataGenerator.jl:91
┌ LogLevel(-2): 100%, Active workers: 0, Completed tasks: 30.
└ @ Main /work/vemundlu/FiberBundle/dataGenerator.jl:94
┌ LogLevel(-2): Done!
└ @ Main /work/vemundlu/FiberBundle/dataGenerator.jl:140
┌ LogLevel(-2): Calculating averages... 
└ @ Main /work/vemundlu/FiberBundle/dataGenerator.jl:143
┌ LogLevel(-2): Done!
└ @ Main /work/vemundlu/FiberBundle/dataGenerator.jl:145
┌ LogLevel(-2): 2022-12-17T15:45:55.720: Starting a=0.0 dist=Uniform L=1024 nr=LLS t=0.8
└ @ Main /work/vemundlu/FiberBundle/dataGenerator.jl:153
┌ LogLevel(-2): Searching for loose files... 
└ @ Main /work/vemundlu/FiberBundle/support/dataManager.jl:250
┌ LogLevel(-2): Running workers...
└ @ Main /work/vemundlu/FiberBundle/dataGenerator.jl:138
┌ LogLevel(-2): Starting work on a=0.0 dist=Uniform L=1024 nr=LLS t=0.8
└ @ Main /work/vemundlu/FiberBundle/dataGenerator.jl:79
┌ LogLevel(-2): 0%, Active workers: 30, Completed tasks: 0.
└ @ Main /work/vemundlu/FiberBundle/dataGenerator.jl:91
┌ LogLevel(-2): 1%, Active workers: 30, Completed tasks: 0.
└ @ Main /work/vemundlu/FiberBundle/dataGenerator.jl:91
┌ LogLevel(-2): 2%, Active workers: 30, Completed tasks: 0.
└ @ Main /work/vemundlu/FiberBundle/dataGenerator.jl:91
┌ LogLevel(-2): 3%, Active workers: 30, Completed tasks: 0.
└ @ Main /work/vemundlu/FiberBundle/dataGenerator.jl:91
┌ LogLevel(-2): 4%, Active workers: 30, Completed tasks: 0.
└ @ Main /work/vemundlu/FiberBundle/dataGenerator.jl:91
┌ LogLevel(-2): 5%, Active workers: 30, Completed tasks: 0.
└ @ Main /work/vemundlu/FiberBundle/dataGenerator.jl:91
┌ LogLevel(-2): 6%, Active workers: 30, Completed tasks: 0.
└ @ Main /work/vemundlu/FiberBundle/dataGenerator.jl:91
┌ LogLevel(-2): 7%, Active workers: 29, Completed tasks: 1.
└ @ Main /work/vemundlu/FiberBundle/dataGenerator.jl:91
┌ LogLevel(-2): 8%, Active workers: 27, Completed tasks: 3.
└ @ Main /work/vemundlu/FiberBundle/dataGenerator.jl:91
┌ LogLevel(-2): 9%, Active workers: 24, Completed tasks: 6.
└ @ Main /work/vemundlu/FiberBundle/dataGenerator.jl:91
┌ LogLevel(-2): 10%, Active workers: 20, Completed tasks: 10.
└ @ Main /work/vemundlu/FiberBundle/dataGenerator.jl:91
┌ LogLevel(-2): 11%, Active workers: 18, Completed tasks: 12.
└ @ Main /work/vemundlu/FiberBundle/dataGenerator.jl:91
┌ LogLevel(-2): 12%, Active workers: 6, Completed tasks: 24.
└ @ Main /work/vemundlu/FiberBundle/dataGenerator.jl:91
┌ LogLevel(-2): 100%, Active workers: 0, Completed tasks: 30.
└ @ Main /work/vemundlu/FiberBundle/dataGenerator.jl:94
┌ LogLevel(-2): Done!
└ @ Main /work/vemundlu/FiberBundle/dataGenerator.jl:140
┌ LogLevel(-2): Calculating averages... 
└ @ Main /work/vemundlu/FiberBundle/dataGenerator.jl:143
┌ LogLevel(-2): Done!
└ @ Main /work/vemundlu/FiberBundle/dataGenerator.jl:145
┌ LogLevel(-2): 2022-12-17T18:06:12.903: Starting a=2.0 dist=Uniform L=1024 nr=CLS t=0.9
└ @ Main /work/vemundlu/FiberBundle/dataGenerator.jl:153
┌ LogLevel(-2): Searching for loose files... 
└ @ Main /work/vemundlu/FiberBundle/support/dataManager.jl:250
┌ LogLevel(-2): Running workers...
└ @ Main /work/vemundlu/FiberBundle/dataGenerator.jl:138
┌ LogLevel(-2): Starting work on a=2.0 dist=Uniform L=1024 nr=CLS t=0.9
└ @ Main /work/vemundlu/FiberBundle/dataGenerator.jl:79
┌ LogLevel(-2): 0%, Active workers: 30, Completed tasks: 0.
└ @ Main /work/vemundlu/FiberBundle/dataGenerator.jl:91
┌ LogLevel(-2): 1%, Active workers: 30, Completed tasks: 0.
└ @ Main /work/vemundlu/FiberBundle/dataGenerator.jl:91
┌ LogLevel(-2): 2%, Active workers: 30, Completed tasks: 0.
└ @ Main /work/vemundlu/FiberBundle/dataGenerator.jl:91
┌ LogLevel(-2): 3%, Active workers: 30, Completed tasks: 0.
└ @ Main /work/vemundlu/FiberBundle/dataGenerator.jl:91
