┌ Warning: rmprocs: process 1 not removed
└ @ Distributed /buildworker/worker/package_linux64/build/usr/share/julia/stdlib/v1.7/Distributed/src/cluster.jl:1045
┌ LogLevel(-1): Starting 40 workers... 
└ @ Main /work/vemundlu/FiberBundle/generateData.jl:55
┌ LogLevel(-1): Running settings: 
│  Any[512], 
│  Any[0.0, 0.1, 0.2, 0.3, 0.4, 0.5, 0.6, 0.7, 0.8, 0.9], 
│  [2.0]
└ @ Main /work/vemundlu/FiberBundle/generateData.jl:59
┌ LogLevel(-2): Starting a=2.0 dist=Uniform L=512 nr=SNR t=0.0
└ @ Main /work/vemundlu/FiberBundle/dataGenerator.jl:152
┌ LogLevel(-2): Searching for loose files... 
└ @ Main /work/vemundlu/FiberBundle/support/dataManager.jl:237
┌ LogLevel(-2): Found loose files, cleaning up... 
└ @ Main /work/vemundlu/FiberBundle/support/dataManager.jl:253
Dict{String, Any}("nr" => "SNR", "name" => "a=2.0 dist=Uniform L=512 nr=SNR t=0.0", "t" => 0.0, "L" => 512, "dist" => "Uniform", "a" => 2.0, "path" => "data/Uniform/a=2.0 dist=Uniform L=512 nr=SNR t=0.0/")
┌ LogLevel(-2): Done!
└ @ Main /work/vemundlu/FiberBundle/support/dataManager.jl:257
┌ LogLevel(-2): 148 files were found and skipped.
└ @ Main /work/vemundlu/FiberBundle/support/dataManager.jl:216
┌ LogLevel(-2): Running workers...
└ @ Main /work/vemundlu/FiberBundle/dataGenerator.jl:137
┌ LogLevel(-2): Starting work on a=2.0 dist=Uniform L=512 nr=SNR t=0.0
└ @ Main /work/vemundlu/FiberBundle/dataGenerator.jl:78
┌ LogLevel(-2): 0%, Active workers: 29, Completed tasks: 0.
└ @ Main /work/vemundlu/FiberBundle/dataGenerator.jl:90
┌ LogLevel(-2): 1%, Active workers: 40, Completed tasks: 0.
└ @ Main /work/vemundlu/FiberBundle/dataGenerator.jl:90
┌ LogLevel(-2): 2%, Active workers: 40, Completed tasks: 0.
└ @ Main /work/vemundlu/FiberBundle/dataGenerator.jl:90
┌ LogLevel(-2): 3%, Active workers: 40, Completed tasks: 0.
└ @ Main /work/vemundlu/FiberBundle/dataGenerator.jl:90
┌ LogLevel(-2): 4%, Active workers: 40, Completed tasks: 0.
└ @ Main /work/vemundlu/FiberBundle/dataGenerator.jl:90
┌ LogLevel(-2): 5%, Active workers: 40, Completed tasks: 0.
└ @ Main /work/vemundlu/FiberBundle/dataGenerator.jl:90
┌ LogLevel(-2): 6%, Active workers: 40, Completed tasks: 0.
└ @ Main /work/vemundlu/FiberBundle/dataGenerator.jl:90
┌ LogLevel(-2): 7%, Active workers: 40, Completed tasks: 0.
└ @ Main /work/vemundlu/FiberBundle/dataGenerator.jl:90
┌ LogLevel(-2): 8%, Active workers: 40, Completed tasks: 0.
└ @ Main /work/vemundlu/FiberBundle/dataGenerator.jl:90
┌ LogLevel(-2): 9%, Active workers: 40, Completed tasks: 0.
└ @ Main /work/vemundlu/FiberBundle/dataGenerator.jl:90
┌ LogLevel(-2): 10%, Active workers: 40, Completed tasks: 0.
└ @ Main /work/vemundlu/FiberBundle/dataGenerator.jl:90
┌ LogLevel(-2): 11%, Active workers: 40, Completed tasks: 0.
└ @ Main /work/vemundlu/FiberBundle/dataGenerator.jl:90
┌ LogLevel(-2): 12%, Active workers: 40, Completed tasks: 0.
└ @ Main /work/vemundlu/FiberBundle/dataGenerator.jl:90
┌ LogLevel(-2): 13%, Active workers: 40, Completed tasks: 0.
└ @ Main /work/vemundlu/FiberBundle/dataGenerator.jl:90
┌ LogLevel(-2): 14%, Active workers: 40, Completed tasks: 0.
└ @ Main /work/vemundlu/FiberBundle/dataGenerator.jl:90
┌ LogLevel(-2): 15%, Active workers: 40, Completed tasks: 0.
└ @ Main /work/vemundlu/FiberBundle/dataGenerator.jl:90
┌ LogLevel(-2): 16%, Active workers: 40, Completed tasks: 0.
└ @ Main /work/vemundlu/FiberBundle/dataGenerator.jl:90
┌ LogLevel(-2): 17%, Active workers: 40, Completed tasks: 0.
└ @ Main /work/vemundlu/FiberBundle/dataGenerator.jl:90
┌ LogLevel(-2): 18%, Active workers: 40, Completed tasks: 0.
└ @ Main /work/vemundlu/FiberBundle/dataGenerator.jl:90
┌ LogLevel(-2): 19%, Active workers: 40, Completed tasks: 0.
└ @ Main /work/vemundlu/FiberBundle/dataGenerator.jl:90
┌ LogLevel(-2): 20%, Active workers: 40, Completed tasks: 0.
└ @ Main /work/vemundlu/FiberBundle/dataGenerator.jl:90
┌ LogLevel(-2): 21%, Active workers: 40, Completed tasks: 0.
└ @ Main /work/vemundlu/FiberBundle/dataGenerator.jl:90
┌ LogLevel(-2): 22%, Active workers: 40, Completed tasks: 0.
└ @ Main /work/vemundlu/FiberBundle/dataGenerator.jl:90
┌ LogLevel(-2): 23%, Active workers: 40, Completed tasks: 0.
└ @ Main /work/vemundlu/FiberBundle/dataGenerator.jl:90
┌ LogLevel(-2): 24%, Active workers: 40, Completed tasks: 0.
└ @ Main /work/vemundlu/FiberBundle/dataGenerator.jl:90
┌ LogLevel(-2): 25%, Active workers: 37, Completed tasks: 3.
└ @ Main /work/vemundlu/FiberBundle/dataGenerator.jl:90
┌ LogLevel(-2): 26%, Active workers: 34, Completed tasks: 7.
└ @ Main /work/vemundlu/FiberBundle/dataGenerator.jl:90
┌ LogLevel(-2): 27%, Active workers: 28, Completed tasks: 16.
└ @ Main /work/vemundlu/FiberBundle/dataGenerator.jl:90
┌ LogLevel(-2): 28%, Active workers: 24, Completed tasks: 22.
└ @ Main /work/vemundlu/FiberBundle/dataGenerator.jl:90
┌ LogLevel(-2): 29%, Active workers: 21, Completed tasks: 27.
└ @ Main /work/vemundlu/FiberBundle/dataGenerator.jl:90
┌ LogLevel(-2): 30%, Active workers: 17, Completed tasks: 33.
└ @ Main /work/vemundlu/FiberBundle/dataGenerator.jl:90
┌ LogLevel(-2): 31%, Active workers: 14, Completed tasks: 37.
└ @ Main /work/vemundlu/FiberBundle/dataGenerator.jl:90
┌ LogLevel(-2): 32%, Active workers: 12, Completed tasks: 40.
└ @ Main /work/vemundlu/FiberBundle/dataGenerator.jl:90
┌ LogLevel(-2): 33%, Active workers: 12, Completed tasks: 40.
└ @ Main /work/vemundlu/FiberBundle/dataGenerator.jl:90
┌ LogLevel(-2): 34%, Active workers: 12, Completed tasks: 40.
└ @ Main /work/vemundlu/FiberBundle/dataGenerator.jl:90
┌ LogLevel(-2): 35%, Active workers: 12, Completed tasks: 40.
└ @ Main /work/vemundlu/FiberBundle/dataGenerator.jl:90
┌ LogLevel(-2): 36%, Active workers: 9, Completed tasks: 43.
└ @ Main /work/vemundlu/FiberBundle/dataGenerator.jl:90
┌ LogLevel(-2): 100%, Active workers: 0, Completed tasks: 52.
└ @ Main /work/vemundlu/FiberBundle/dataGenerator.jl:93
┌ LogLevel(-2): Done!
└ @ Main /work/vemundlu/FiberBundle/dataGenerator.jl:139
┌ LogLevel(-2): Calculating averages... 
└ @ Main /work/vemundlu/FiberBundle/dataGenerator.jl:142
┌ LogLevel(-2): Done!
└ @ Main /work/vemundlu/FiberBundle/dataGenerator.jl:144
┌ LogLevel(-2): Starting a=0.0 dist=Uniform L=512 nr=UNR t=0.0
└ @ Main /work/vemundlu/FiberBundle/dataGenerator.jl:152
┌ LogLevel(-2): Searching for loose files... 
└ @ Main /work/vemundlu/FiberBundle/support/dataManager.jl:237
┌ LogLevel(-2): Done!
└ @ Main /work/vemundlu/FiberBundle/support/dataManager.jl:257
┌ LogLevel(-2): 40 files were found and skipped.
└ @ Main /work/vemundlu/FiberBundle/support/dataManager.jl:216
┌ LogLevel(-2): Running workers...
└ @ Main /work/vemundlu/FiberBundle/dataGenerator.jl:137
┌ LogLevel(-2): Starting work on a=0.0 dist=Uniform L=512 nr=UNR t=0.0
└ @ Main /work/vemundlu/FiberBundle/dataGenerator.jl:78
┌ LogLevel(-2): 0%, Active workers: 40, Completed tasks: 0.
└ @ Main /work/vemundlu/FiberBundle/dataGenerator.jl:90
┌ LogLevel(-2): 1%, Active workers: 40, Completed tasks: 0.
└ @ Main /work/vemundlu/FiberBundle/dataGenerator.jl:90
┌ LogLevel(-2): 2%, Active workers: 40, Completed tasks: 0.
└ @ Main /work/vemundlu/FiberBundle/dataGenerator.jl:90
┌ LogLevel(-2): 3%, Active workers: 40, Completed tasks: 0.
└ @ Main /work/vemundlu/FiberBundle/dataGenerator.jl:90
┌ LogLevel(-2): 4%, Active workers: 40, Completed tasks: 0.
└ @ Main /work/vemundlu/FiberBundle/dataGenerator.jl:90
┌ LogLevel(-2): 5%, Active workers: 40, Completed tasks: 0.
└ @ Main /work/vemundlu/FiberBundle/dataGenerator.jl:90
┌ LogLevel(-2): 6%, Active workers: 40, Completed tasks: 0.
└ @ Main /work/vemundlu/FiberBundle/dataGenerator.jl:90
┌ LogLevel(-2): 7%, Active workers: 40, Completed tasks: 0.
└ @ Main /work/vemundlu/FiberBundle/dataGenerator.jl:90
┌ LogLevel(-2): 8%, Active workers: 40, Completed tasks: 0.
└ @ Main /work/vemundlu/FiberBundle/dataGenerator.jl:90
┌ LogLevel(-2): 9%, Active workers: 40, Completed tasks: 0.
└ @ Main /work/vemundlu/FiberBundle/dataGenerator.jl:90
┌ LogLevel(-2): 10%, Active workers: 40, Completed tasks: 9.
└ @ Main /work/vemundlu/FiberBundle/dataGenerator.jl:90
┌ LogLevel(-2): 11%, Active workers: 40, Completed tasks: 37.
└ @ Main /work/vemundlu/FiberBundle/dataGenerator.jl:90
┌ LogLevel(-2): 12%, Active workers: 40, Completed tasks: 40.
└ @ Main /work/vemundlu/FiberBundle/dataGenerator.jl:90
┌ LogLevel(-2): 13%, Active workers: 40, Completed tasks: 40.
└ @ Main /work/vemundlu/FiberBundle/dataGenerator.jl:90
┌ LogLevel(-2): 14%, Active workers: 40, Completed tasks: 40.
└ @ Main /work/vemundlu/FiberBundle/dataGenerator.jl:90
┌ LogLevel(-2): 15%, Active workers: 40, Completed tasks: 40.
└ @ Main /work/vemundlu/FiberBundle/dataGenerator.jl:90
┌ LogLevel(-2): 16%, Active workers: 40, Completed tasks: 40.
└ @ Main /work/vemundlu/FiberBundle/dataGenerator.jl:90
┌ LogLevel(-2): 17%, Active workers: 40, Completed tasks: 40.
└ @ Main /work/vemundlu/FiberBundle/dataGenerator.jl:90
┌ LogLevel(-2): 18%, Active workers: 40, Completed tasks: 40.
└ @ Main /work/vemundlu/FiberBundle/dataGenerator.jl:90
┌ LogLevel(-2): 19%, Active workers: 40, Completed tasks: 40.
└ @ Main /work/vemundlu/FiberBundle/dataGenerator.jl:90
┌ LogLevel(-2): 20%, Active workers: 40, Completed tasks: 51.
└ @ Main /work/vemundlu/FiberBundle/dataGenerator.jl:90
┌ LogLevel(-2): 21%, Active workers: 40, Completed tasks: 72.
└ @ Main /work/vemundlu/FiberBundle/dataGenerator.jl:90
┌ LogLevel(-2): 22%, Active workers: 40, Completed tasks: 79.
└ @ Main /work/vemundlu/FiberBundle/dataGenerator.jl:90
┌ LogLevel(-2): 23%, Active workers: 40, Completed tasks: 80.
└ @ Main /work/vemundlu/FiberBundle/dataGenerator.jl:90
┌ LogLevel(-2): 24%, Active workers: 40, Completed tasks: 80.
└ @ Main /work/vemundlu/FiberBundle/dataGenerator.jl:90
┌ LogLevel(-2): 25%, Active workers: 40, Completed tasks: 80.
└ @ Main /work/vemundlu/FiberBundle/dataGenerator.jl:90
┌ LogLevel(-2): 26%, Active workers: 40, Completed tasks: 80.
└ @ Main /work/vemundlu/FiberBundle/dataGenerator.jl:90
┌ LogLevel(-2): 27%, Active workers: 40, Completed tasks: 80.
└ @ Main /work/vemundlu/FiberBundle/dataGenerator.jl:90
┌ LogLevel(-2): 28%, Active workers: 40, Completed tasks: 80.
└ @ Main /work/vemundlu/FiberBundle/dataGenerator.jl:90
┌ LogLevel(-2): 29%, Active workers: 40, Completed tasks: 80.
└ @ Main /work/vemundlu/FiberBundle/dataGenerator.jl:90
┌ LogLevel(-2): 30%, Active workers: 40, Completed tasks: 91.
└ @ Main /work/vemundlu/FiberBundle/dataGenerator.jl:90
┌ LogLevel(-2): 31%, Active workers: 40, Completed tasks: 108.
└ @ Main /work/vemundlu/FiberBundle/dataGenerator.jl:90
┌ LogLevel(-2): 32%, Active workers: 40, Completed tasks: 118.
└ @ Main /work/vemundlu/FiberBundle/dataGenerator.jl:90
┌ LogLevel(-2): 33%, Active workers: 40, Completed tasks: 119.
└ @ Main /work/vemundlu/FiberBundle/dataGenerator.jl:90
┌ LogLevel(-2): 34%, Active workers: 40, Completed tasks: 120.
└ @ Main /work/vemundlu/FiberBundle/dataGenerator.jl:90
┌ LogLevel(-2): 35%, Active workers: 40, Completed tasks: 120.
└ @ Main /work/vemundlu/FiberBundle/dataGenerator.jl:90
┌ LogLevel(-2): 36%, Active workers: 40, Completed tasks: 120.
└ @ Main /work/vemundlu/FiberBundle/dataGenerator.jl:90
┌ LogLevel(-2): 37%, Active workers: 40, Completed tasks: 120.
└ @ Main /work/vemundlu/FiberBundle/dataGenerator.jl:90
┌ LogLevel(-2): 38%, Active workers: 40, Completed tasks: 120.
└ @ Main /work/vemundlu/FiberBundle/dataGenerator.jl:90
┌ LogLevel(-2): 39%, Active workers: 40, Completed tasks: 120.
└ @ Main /work/vemundlu/FiberBundle/dataGenerator.jl:90
┌ LogLevel(-2): 40%, Active workers: 21, Completed tasks: 139.
└ @ Main /work/vemundlu/FiberBundle/dataGenerator.jl:90
┌ LogLevel(-2): 100%, Active workers: 0, Completed tasks: 160.
└ @ Main /work/vemundlu/FiberBundle/dataGenerator.jl:93
┌ LogLevel(-2): Done!
└ @ Main /work/vemundlu/FiberBundle/dataGenerator.jl:139
┌ LogLevel(-2): Calculating averages... 
└ @ Main /work/vemundlu/FiberBundle/dataGenerator.jl:142
┌ LogLevel(-2): Done!
└ @ Main /work/vemundlu/FiberBundle/dataGenerator.jl:144
┌ LogLevel(-2): Starting a=2.0 dist=Uniform L=512 nr=SNR t=0.1
└ @ Main /work/vemundlu/FiberBundle/dataGenerator.jl:152
┌ LogLevel(-2): Searching for loose files... 
└ @ Main /work/vemundlu/FiberBundle/support/dataManager.jl:237
┌ LogLevel(-2): Done!
└ @ Main /work/vemundlu/FiberBundle/support/dataManager.jl:257
┌ LogLevel(-2): 40 files were found and skipped.
└ @ Main /work/vemundlu/FiberBundle/support/dataManager.jl:216
┌ LogLevel(-2): Running workers...
└ @ Main /work/vemundlu/FiberBundle/dataGenerator.jl:137
┌ LogLevel(-2): Starting work on a=2.0 dist=Uniform L=512 nr=SNR t=0.1
└ @ Main /work/vemundlu/FiberBundle/dataGenerator.jl:78
┌ LogLevel(-2): 0%, Active workers: 40, Completed tasks: 0.
└ @ Main /work/vemundlu/FiberBundle/dataGenerator.jl:90
┌ LogLevel(-2): 1%, Active workers: 40, Completed tasks: 0.
└ @ Main /work/vemundlu/FiberBundle/dataGenerator.jl:90
┌ LogLevel(-2): 2%, Active workers: 40, Completed tasks: 0.
└ @ Main /work/vemundlu/FiberBundle/dataGenerator.jl:90
┌ LogLevel(-2): 3%, Active workers: 40, Completed tasks: 0.
└ @ Main /work/vemundlu/FiberBundle/dataGenerator.jl:90
┌ LogLevel(-2): 4%, Active workers: 40, Completed tasks: 0.
└ @ Main /work/vemundlu/FiberBundle/dataGenerator.jl:90
┌ LogLevel(-2): 5%, Active workers: 40, Completed tasks: 0.
└ @ Main /work/vemundlu/FiberBundle/dataGenerator.jl:90
┌ LogLevel(-2): 6%, Active workers: 40, Completed tasks: 1.
└ @ Main /work/vemundlu/FiberBundle/dataGenerator.jl:90
┌ LogLevel(-2): 7%, Active workers: 40, Completed tasks: 3.
└ @ Main /work/vemundlu/FiberBundle/dataGenerator.jl:90
┌ LogLevel(-2): 8%, Active workers: 40, Completed tasks: 14.
└ @ Main /work/vemundlu/FiberBundle/dataGenerator.jl:90
┌ LogLevel(-2): 9%, Active workers: 40, Completed tasks: 23.
└ @ Main /work/vemundlu/FiberBundle/dataGenerator.jl:90
┌ LogLevel(-2): 10%, Active workers: 40, Completed tasks: 33.
└ @ Main /work/vemundlu/FiberBundle/dataGenerator.jl:90
┌ LogLevel(-2): 11%, Active workers: 40, Completed tasks: 38.
└ @ Main /work/vemundlu/FiberBundle/dataGenerator.jl:90
┌ LogLevel(-2): 12%, Active workers: 40, Completed tasks: 39.
└ @ Main /work/vemundlu/FiberBundle/dataGenerator.jl:90
┌ LogLevel(-2): 13%, Active workers: 40, Completed tasks: 40.
└ @ Main /work/vemundlu/FiberBundle/dataGenerator.jl:90
┌ LogLevel(-2): 14%, Active workers: 40, Completed tasks: 42.
└ @ Main /work/vemundlu/FiberBundle/dataGenerator.jl:90
┌ LogLevel(-2): 15%, Active workers: 40, Completed tasks: 44.
└ @ Main /work/vemundlu/FiberBundle/dataGenerator.jl:90
┌ LogLevel(-2): 16%, Active workers: 40, Completed tasks: 50.
└ @ Main /work/vemundlu/FiberBundle/dataGenerator.jl:90
┌ LogLevel(-2): 17%, Active workers: 40, Completed tasks: 61.
└ @ Main /work/vemundlu/FiberBundle/dataGenerator.jl:90
┌ LogLevel(-2): 18%, Active workers: 40, Completed tasks: 68.
└ @ Main /work/vemundlu/FiberBundle/dataGenerator.jl:90
┌ LogLevel(-2): 19%, Active workers: 40, Completed tasks: 75.
└ @ Main /work/vemundlu/FiberBundle/dataGenerator.jl:90
┌ LogLevel(-2): 20%, Active workers: 40, Completed tasks: 76.
└ @ Main /work/vemundlu/FiberBundle/dataGenerator.jl:90
┌ LogLevel(-2): 21%, Active workers: 40, Completed tasks: 79.
└ @ Main /work/vemundlu/FiberBundle/dataGenerator.jl:90
┌ LogLevel(-2): 22%, Active workers: 40, Completed tasks: 81.
└ @ Main /work/vemundlu/FiberBundle/dataGenerator.jl:90
┌ LogLevel(-2): 23%, Active workers: 40, Completed tasks: 84.
└ @ Main /work/vemundlu/FiberBundle/dataGenerator.jl:90
┌ LogLevel(-2): 24%, Active workers: 40, Completed tasks: 88.
└ @ Main /work/vemundlu/FiberBundle/dataGenerator.jl:90
┌ LogLevel(-2): 25%, Active workers: 40, Completed tasks: 94.
└ @ Main /work/vemundlu/FiberBundle/dataGenerator.jl:90
┌ LogLevel(-2): 26%, Active workers: 40, Completed tasks: 101.
└ @ Main /work/vemundlu/FiberBundle/dataGenerator.jl:90
┌ LogLevel(-2): 27%, Active workers: 40, Completed tasks: 107.
└ @ Main /work/vemundlu/FiberBundle/dataGenerator.jl:90
┌ LogLevel(-2): 28%, Active workers: 40, Completed tasks: 111.
└ @ Main /work/vemundlu/FiberBundle/dataGenerator.jl:90
┌ LogLevel(-2): 29%, Active workers: 40, Completed tasks: 116.
└ @ Main /work/vemundlu/FiberBundle/dataGenerator.jl:90
┌ LogLevel(-2): 30%, Active workers: 39, Completed tasks: 120.
└ @ Main /work/vemundlu/FiberBundle/dataGenerator.jl:90
┌ LogLevel(-2): 31%, Active workers: 34, Completed tasks: 126.
└ @ Main /work/vemundlu/FiberBundle/dataGenerator.jl:90
┌ LogLevel(-2): 32%, Active workers: 31, Completed tasks: 129.
└ @ Main /work/vemundlu/FiberBundle/dataGenerator.jl:90
┌ LogLevel(-2): 33%, Active workers: 18, Completed tasks: 142.
└ @ Main /work/vemundlu/FiberBundle/dataGenerator.jl:90
┌ LogLevel(-2): 100%, Active workers: 0, Completed tasks: 160.
└ @ Main /work/vemundlu/FiberBundle/dataGenerator.jl:93
┌ LogLevel(-2): Done!
└ @ Main /work/vemundlu/FiberBundle/dataGenerator.jl:139
┌ LogLevel(-2): Calculating averages... 
└ @ Main /work/vemundlu/FiberBundle/dataGenerator.jl:142
┌ LogLevel(-2): Done!
└ @ Main /work/vemundlu/FiberBundle/dataGenerator.jl:144
┌ LogLevel(-2): Starting a=0.0 dist=Uniform L=512 nr=UNR t=0.1
└ @ Main /work/vemundlu/FiberBundle/dataGenerator.jl:152
┌ LogLevel(-2): Searching for loose files... 
└ @ Main /work/vemundlu/FiberBundle/support/dataManager.jl:237
┌ LogLevel(-2): Done!
└ @ Main /work/vemundlu/FiberBundle/support/dataManager.jl:257
┌ LogLevel(-2): 40 files were found and skipped.
└ @ Main /work/vemundlu/FiberBundle/support/dataManager.jl:216
┌ LogLevel(-2): Running workers...
└ @ Main /work/vemundlu/FiberBundle/dataGenerator.jl:137
┌ LogLevel(-2): Starting work on a=0.0 dist=Uniform L=512 nr=UNR t=0.1
└ @ Main /work/vemundlu/FiberBundle/dataGenerator.jl:78
┌ LogLevel(-2): 0%, Active workers: 40, Completed tasks: 0.
└ @ Main /work/vemundlu/FiberBundle/dataGenerator.jl:90
┌ LogLevel(-2): 1%, Active workers: 40, Completed tasks: 0.
└ @ Main /work/vemundlu/FiberBundle/dataGenerator.jl:90
┌ LogLevel(-2): 2%, Active workers: 40, Completed tasks: 0.
└ @ Main /work/vemundlu/FiberBundle/dataGenerator.jl:90
┌ LogLevel(-2): 3%, Active workers: 40, Completed tasks: 0.
└ @ Main /work/vemundlu/FiberBundle/dataGenerator.jl:90
┌ LogLevel(-2): 4%, Active workers: 40, Completed tasks: 0.
└ @ Main /work/vemundlu/FiberBundle/dataGenerator.jl:90
┌ LogLevel(-2): 5%, Active workers: 40, Completed tasks: 0.
└ @ Main /work/vemundlu/FiberBundle/dataGenerator.jl:90
┌ LogLevel(-2): 6%, Active workers: 40, Completed tasks: 0.
└ @ Main /work/vemundlu/FiberBundle/dataGenerator.jl:90
┌ LogLevel(-2): 7%, Active workers: 40, Completed tasks: 0.
└ @ Main /work/vemundlu/FiberBundle/dataGenerator.jl:90
┌ LogLevel(-2): 8%, Active workers: 40, Completed tasks: 0.
└ @ Main /work/vemundlu/FiberBundle/dataGenerator.jl:90
┌ LogLevel(-2): 9%, Active workers: 40, Completed tasks: 14.
└ @ Main /work/vemundlu/FiberBundle/dataGenerator.jl:90
┌ LogLevel(-2): 10%, Active workers: 40, Completed tasks: 37.
└ @ Main /work/vemundlu/FiberBundle/dataGenerator.jl:90
┌ LogLevel(-2): 11%, Active workers: 40, Completed tasks: 40.
└ @ Main /work/vemundlu/FiberBundle/dataGenerator.jl:90
┌ LogLevel(-2): 12%, Active workers: 40, Completed tasks: 40.
└ @ Main /work/vemundlu/FiberBundle/dataGenerator.jl:90
┌ LogLevel(-2): 13%, Active workers: 40, Completed tasks: 40.
└ @ Main /work/vemundlu/FiberBundle/dataGenerator.jl:90
┌ LogLevel(-2): 14%, Active workers: 40, Completed tasks: 40.
└ @ Main /work/vemundlu/FiberBundle/dataGenerator.jl:90
┌ LogLevel(-2): 15%, Active workers: 40, Completed tasks: 40.
└ @ Main /work/vemundlu/FiberBundle/dataGenerator.jl:90
┌ LogLevel(-2): 16%, Active workers: 40, Completed tasks: 40.
└ @ Main /work/vemundlu/FiberBundle/dataGenerator.jl:90
┌ LogLevel(-2): 17%, Active workers: 40, Completed tasks: 40.
└ @ Main /work/vemundlu/FiberBundle/dataGenerator.jl:90
┌ LogLevel(-2): 18%, Active workers: 40, Completed tasks: 53.
└ @ Main /work/vemundlu/FiberBundle/dataGenerator.jl:90
┌ LogLevel(-2): 19%, Active workers: 40, Completed tasks: 75.
└ @ Main /work/vemundlu/FiberBundle/dataGenerator.jl:90
┌ LogLevel(-2): 20%, Active workers: 40, Completed tasks: 80.
└ @ Main /work/vemundlu/FiberBundle/dataGenerator.jl:90
┌ LogLevel(-2): 21%, Active workers: 40, Completed tasks: 80.
└ @ Main /work/vemundlu/FiberBundle/dataGenerator.jl:90
┌ LogLevel(-2): 22%, Active workers: 40, Completed tasks: 80.
└ @ Main /work/vemundlu/FiberBundle/dataGenerator.jl:90
┌ LogLevel(-2): 23%, Active workers: 40, Completed tasks: 80.
└ @ Main /work/vemundlu/FiberBundle/dataGenerator.jl:90
┌ LogLevel(-2): 24%, Active workers: 40, Completed tasks: 80.
└ @ Main /work/vemundlu/FiberBundle/dataGenerator.jl:90
┌ LogLevel(-2): 25%, Active workers: 40, Completed tasks: 80.
└ @ Main /work/vemundlu/FiberBundle/dataGenerator.jl:90
┌ LogLevel(-2): 26%, Active workers: 40, Completed tasks: 80.
└ @ Main /work/vemundlu/FiberBundle/dataGenerator.jl:90
┌ LogLevel(-2): 27%, Active workers: 40, Completed tasks: 94.
└ @ Main /work/vemundlu/FiberBundle/dataGenerator.jl:90
┌ LogLevel(-2): 28%, Active workers: 40, Completed tasks: 109.
└ @ Main /work/vemundlu/FiberBundle/dataGenerator.jl:90
┌ LogLevel(-2): 29%, Active workers: 40, Completed tasks: 117.
└ @ Main /work/vemundlu/FiberBundle/dataGenerator.jl:90
┌ LogLevel(-2): 30%, Active workers: 40, Completed tasks: 120.
└ @ Main /work/vemundlu/FiberBundle/dataGenerator.jl:90
┌ LogLevel(-2): 31%, Active workers: 40, Completed tasks: 120.
└ @ Main /work/vemundlu/FiberBundle/dataGenerator.jl:90
┌ LogLevel(-2): 32%, Active workers: 40, Completed tasks: 120.
└ @ Main /work/vemundlu/FiberBundle/dataGenerator.jl:90
┌ LogLevel(-2): 33%, Active workers: 40, Completed tasks: 120.
└ @ Main /work/vemundlu/FiberBundle/dataGenerator.jl:90
┌ LogLevel(-2): 34%, Active workers: 40, Completed tasks: 120.
└ @ Main /work/vemundlu/FiberBundle/dataGenerator.jl:90
┌ LogLevel(-2): 35%, Active workers: 40, Completed tasks: 120.
└ @ Main /work/vemundlu/FiberBundle/dataGenerator.jl:90
┌ LogLevel(-2): 100%, Active workers: 0, Completed tasks: 160.
└ @ Main /work/vemundlu/FiberBundle/dataGenerator.jl:93
┌ LogLevel(-2): Done!
└ @ Main /work/vemundlu/FiberBundle/dataGenerator.jl:139
┌ LogLevel(-2): Calculating averages... 
└ @ Main /work/vemundlu/FiberBundle/dataGenerator.jl:142
┌ LogLevel(-2): Done!
└ @ Main /work/vemundlu/FiberBundle/dataGenerator.jl:144
┌ LogLevel(-2): Starting a=2.0 dist=Uniform L=512 nr=SNR t=0.2
└ @ Main /work/vemundlu/FiberBundle/dataGenerator.jl:152
┌ LogLevel(-2): Searching for loose files... 
└ @ Main /work/vemundlu/FiberBundle/support/dataManager.jl:237
┌ LogLevel(-2): Done!
└ @ Main /work/vemundlu/FiberBundle/support/dataManager.jl:257
┌ LogLevel(-2): 40 files were found and skipped.
└ @ Main /work/vemundlu/FiberBundle/support/dataManager.jl:216
┌ LogLevel(-2): Running workers...
└ @ Main /work/vemundlu/FiberBundle/dataGenerator.jl:137
┌ LogLevel(-2): Starting work on a=2.0 dist=Uniform L=512 nr=SNR t=0.2
└ @ Main /work/vemundlu/FiberBundle/dataGenerator.jl:78
┌ LogLevel(-2): 0%, Active workers: 40, Completed tasks: 0.
└ @ Main /work/vemundlu/FiberBundle/dataGenerator.jl:90
┌ LogLevel(-2): 1%, Active workers: 40, Completed tasks: 0.
└ @ Main /work/vemundlu/FiberBundle/dataGenerator.jl:90
┌ LogLevel(-2): 2%, Active workers: 40, Completed tasks: 0.
└ @ Main /work/vemundlu/FiberBundle/dataGenerator.jl:90
┌ LogLevel(-2): 3%, Active workers: 40, Completed tasks: 0.
└ @ Main /work/vemundlu/FiberBundle/dataGenerator.jl:90
┌ LogLevel(-2): 4%, Active workers: 40, Completed tasks: 0.
└ @ Main /work/vemundlu/FiberBundle/dataGenerator.jl:90
┌ LogLevel(-2): 5%, Active workers: 40, Completed tasks: 3.
└ @ Main /work/vemundlu/FiberBundle/dataGenerator.jl:90
┌ LogLevel(-2): 6%, Active workers: 40, Completed tasks: 7.
└ @ Main /work/vemundlu/FiberBundle/dataGenerator.jl:90
┌ LogLevel(-2): 7%, Active workers: 40, Completed tasks: 21.
└ @ Main /work/vemundlu/FiberBundle/dataGenerator.jl:90
┌ LogLevel(-2): 8%, Active workers: 40, Completed tasks: 28.
└ @ Main /work/vemundlu/FiberBundle/dataGenerator.jl:90
┌ LogLevel(-2): 9%, Active workers: 40, Completed tasks: 35.
└ @ Main /work/vemundlu/FiberBundle/dataGenerator.jl:90
┌ LogLevel(-2): 10%, Active workers: 40, Completed tasks: 39.
└ @ Main /work/vemundlu/FiberBundle/dataGenerator.jl:90
┌ LogLevel(-2): 11%, Active workers: 40, Completed tasks: 41.
└ @ Main /work/vemundlu/FiberBundle/dataGenerator.jl:90
┌ LogLevel(-2): 12%, Active workers: 40, Completed tasks: 44.
└ @ Main /work/vemundlu/FiberBundle/dataGenerator.jl:90
┌ LogLevel(-2): 13%, Active workers: 40, Completed tasks: 51.
└ @ Main /work/vemundlu/FiberBundle/dataGenerator.jl:90
┌ LogLevel(-2): 14%, Active workers: 40, Completed tasks: 55.
└ @ Main /work/vemundlu/FiberBundle/dataGenerator.jl:90
┌ LogLevel(-2): 15%, Active workers: 40, Completed tasks: 63.
└ @ Main /work/vemundlu/FiberBundle/dataGenerator.jl:90
┌ LogLevel(-2): 16%, Active workers: 40, Completed tasks: 67.
└ @ Main /work/vemundlu/FiberBundle/dataGenerator.jl:90
┌ LogLevel(-2): 17%, Active workers: 40, Completed tasks: 74.
└ @ Main /work/vemundlu/FiberBundle/dataGenerator.jl:90
┌ LogLevel(-2): 18%, Active workers: 40, Completed tasks: 79.
└ @ Main /work/vemundlu/FiberBundle/dataGenerator.jl:90
┌ LogLevel(-2): 19%, Active workers: 40, Completed tasks: 80.
└ @ Main /work/vemundlu/FiberBundle/dataGenerator.jl:90
┌ LogLevel(-2): 20%, Active workers: 40, Completed tasks: 86.
└ @ Main /work/vemundlu/FiberBundle/dataGenerator.jl:90
┌ LogLevel(-2): 21%, Active workers: 40, Completed tasks: 93.
└ @ Main /work/vemundlu/FiberBundle/dataGenerator.jl:90
┌ LogLevel(-2): 22%, Active workers: 40, Completed tasks: 99.
└ @ Main /work/vemundlu/FiberBundle/dataGenerator.jl:90
┌ LogLevel(-2): 23%, Active workers: 40, Completed tasks: 102.
└ @ Main /work/vemundlu/FiberBundle/dataGenerator.jl:90
┌ LogLevel(-2): 24%, Active workers: 39, Completed tasks: 111.
└ @ Main /work/vemundlu/FiberBundle/dataGenerator.jl:90
┌ LogLevel(-2): 25%, Active workers: 38, Completed tasks: 118.
└ @ Main /work/vemundlu/FiberBundle/dataGenerator.jl:90
┌ LogLevel(-2): 26%, Active workers: 35, Completed tasks: 124.
└ @ Main /work/vemundlu/FiberBundle/dataGenerator.jl:90
┌ LogLevel(-2): 27%, Active workers: 32, Completed tasks: 127.
└ @ Main /work/vemundlu/FiberBundle/dataGenerator.jl:90
┌ LogLevel(-2): 28%, Active workers: 24, Completed tasks: 136.
└ @ Main /work/vemundlu/FiberBundle/dataGenerator.jl:90
┌ LogLevel(-2): 29%, Active workers: 10, Completed tasks: 150.
└ @ Main /work/vemundlu/FiberBundle/dataGenerator.jl:90
┌ LogLevel(-2): 100%, Active workers: 0, Completed tasks: 160.
└ @ Main /work/vemundlu/FiberBundle/dataGenerator.jl:93
┌ LogLevel(-2): Done!
└ @ Main /work/vemundlu/FiberBundle/dataGenerator.jl:139
┌ LogLevel(-2): Calculating averages... 
└ @ Main /work/vemundlu/FiberBundle/dataGenerator.jl:142
┌ LogLevel(-2): Done!
└ @ Main /work/vemundlu/FiberBundle/dataGenerator.jl:144
┌ LogLevel(-2): Starting a=0.0 dist=Uniform L=512 nr=UNR t=0.2
└ @ Main /work/vemundlu/FiberBundle/dataGenerator.jl:152
┌ LogLevel(-2): Searching for loose files... 
└ @ Main /work/vemundlu/FiberBundle/support/dataManager.jl:237
┌ LogLevel(-2): Done!
└ @ Main /work/vemundlu/FiberBundle/support/dataManager.jl:257
┌ LogLevel(-2): 40 files were found and skipped.
└ @ Main /work/vemundlu/FiberBundle/support/dataManager.jl:216
┌ LogLevel(-2): Running workers...
└ @ Main /work/vemundlu/FiberBundle/dataGenerator.jl:137
┌ LogLevel(-2): Starting work on a=0.0 dist=Uniform L=512 nr=UNR t=0.2
└ @ Main /work/vemundlu/FiberBundle/dataGenerator.jl:78
┌ LogLevel(-2): 0%, Active workers: 40, Completed tasks: 0.
└ @ Main /work/vemundlu/FiberBundle/dataGenerator.jl:90
┌ LogLevel(-2): 1%, Active workers: 40, Completed tasks: 0.
└ @ Main /work/vemundlu/FiberBundle/dataGenerator.jl:90
┌ LogLevel(-2): 2%, Active workers: 40, Completed tasks: 0.
└ @ Main /work/vemundlu/FiberBundle/dataGenerator.jl:90
┌ LogLevel(-2): 3%, Active workers: 40, Completed tasks: 0.
└ @ Main /work/vemundlu/FiberBundle/dataGenerator.jl:90
┌ LogLevel(-2): 4%, Active workers: 40, Completed tasks: 0.
└ @ Main /work/vemundlu/FiberBundle/dataGenerator.jl:90
┌ LogLevel(-2): 5%, Active workers: 40, Completed tasks: 0.
└ @ Main /work/vemundlu/FiberBundle/dataGenerator.jl:90
┌ LogLevel(-2): 6%, Active workers: 40, Completed tasks: 0.
└ @ Main /work/vemundlu/FiberBundle/dataGenerator.jl:90
┌ LogLevel(-2): 7%, Active workers: 40, Completed tasks: 10.
└ @ Main /work/vemundlu/FiberBundle/dataGenerator.jl:90
┌ LogLevel(-2): 8%, Active workers: 40, Completed tasks: 32.
└ @ Main /work/vemundlu/FiberBundle/dataGenerator.jl:90
┌ LogLevel(-2): 9%, Active workers: 40, Completed tasks: 40.
└ @ Main /work/vemundlu/FiberBundle/dataGenerator.jl:90
┌ LogLevel(-2): 10%, Active workers: 40, Completed tasks: 40.
└ @ Main /work/vemundlu/FiberBundle/dataGenerator.jl:90
┌ LogLevel(-2): 11%, Active workers: 40, Completed tasks: 40.
└ @ Main /work/vemundlu/FiberBundle/dataGenerator.jl:90
┌ LogLevel(-2): 12%, Active workers: 40, Completed tasks: 40.
└ @ Main /work/vemundlu/FiberBundle/dataGenerator.jl:90
┌ LogLevel(-2): 13%, Active workers: 40, Completed tasks: 40.
└ @ Main /work/vemundlu/FiberBundle/dataGenerator.jl:90
┌ LogLevel(-2): 14%, Active workers: 40, Completed tasks: 49.
└ @ Main /work/vemundlu/FiberBundle/dataGenerator.jl:90
┌ LogLevel(-2): 15%, Active workers: 40, Completed tasks: 63.
└ @ Main /work/vemundlu/FiberBundle/dataGenerator.jl:90
┌ LogLevel(-2): 16%, Active workers: 40, Completed tasks: 78.
└ @ Main /work/vemundlu/FiberBundle/dataGenerator.jl:90
┌ LogLevel(-2): 17%, Active workers: 40, Completed tasks: 80.
└ @ Main /work/vemundlu/FiberBundle/dataGenerator.jl:90
┌ LogLevel(-2): 18%, Active workers: 40, Completed tasks: 80.
└ @ Main /work/vemundlu/FiberBundle/dataGenerator.jl:90
┌ LogLevel(-2): 19%, Active workers: 40, Completed tasks: 80.
└ @ Main /work/vemundlu/FiberBundle/dataGenerator.jl:90
┌ LogLevel(-2): 20%, Active workers: 40, Completed tasks: 80.
└ @ Main /work/vemundlu/FiberBundle/dataGenerator.jl:90
┌ LogLevel(-2): 21%, Active workers: 40, Completed tasks: 84.
└ @ Main /work/vemundlu/FiberBundle/dataGenerator.jl:90
┌ LogLevel(-2): 22%, Active workers: 40, Completed tasks: 102.
└ @ Main /work/vemundlu/FiberBundle/dataGenerator.jl:90
┌ LogLevel(-2): 23%, Active workers: 40, Completed tasks: 111.
└ @ Main /work/vemundlu/FiberBundle/dataGenerator.jl:90
┌ LogLevel(-2): 24%, Active workers: 40, Completed tasks: 119.
└ @ Main /work/vemundlu/FiberBundle/dataGenerator.jl:90
┌ LogLevel(-2): 25%, Active workers: 40, Completed tasks: 120.
└ @ Main /work/vemundlu/FiberBundle/dataGenerator.jl:90
┌ LogLevel(-2): 26%, Active workers: 40, Completed tasks: 120.
└ @ Main /work/vemundlu/FiberBundle/dataGenerator.jl:90
┌ LogLevel(-2): 27%, Active workers: 40, Completed tasks: 120.
└ @ Main /work/vemundlu/FiberBundle/dataGenerator.jl:90
┌ LogLevel(-2): 28%, Active workers: 35, Completed tasks: 125.
└ @ Main /work/vemundlu/FiberBundle/dataGenerator.jl:90
┌ LogLevel(-2): 100%, Active workers: 0, Completed tasks: 160.
└ @ Main /work/vemundlu/FiberBundle/dataGenerator.jl:93
┌ LogLevel(-2): Done!
└ @ Main /work/vemundlu/FiberBundle/dataGenerator.jl:139
┌ LogLevel(-2): Calculating averages... 
└ @ Main /work/vemundlu/FiberBundle/dataGenerator.jl:142
┌ LogLevel(-2): Done!
└ @ Main /work/vemundlu/FiberBundle/dataGenerator.jl:144
┌ LogLevel(-2): Starting a=2.0 dist=Uniform L=512 nr=SNR t=0.3
└ @ Main /work/vemundlu/FiberBundle/dataGenerator.jl:152
┌ LogLevel(-2): Searching for loose files... 
└ @ Main /work/vemundlu/FiberBundle/support/dataManager.jl:237
┌ LogLevel(-2): Done!
└ @ Main /work/vemundlu/FiberBundle/support/dataManager.jl:257
┌ LogLevel(-2): 40 files were found and skipped.
└ @ Main /work/vemundlu/FiberBundle/support/dataManager.jl:216
┌ LogLevel(-2): Running workers...
└ @ Main /work/vemundlu/FiberBundle/dataGenerator.jl:137
┌ LogLevel(-2): Starting work on a=2.0 dist=Uniform L=512 nr=SNR t=0.3
└ @ Main /work/vemundlu/FiberBundle/dataGenerator.jl:78
┌ LogLevel(-2): 0%, Active workers: 40, Completed tasks: 0.
└ @ Main /work/vemundlu/FiberBundle/dataGenerator.jl:90
┌ LogLevel(-2): 1%, Active workers: 40, Completed tasks: 0.
└ @ Main /work/vemundlu/FiberBundle/dataGenerator.jl:90
┌ LogLevel(-2): 2%, Active workers: 40, Completed tasks: 0.
└ @ Main /work/vemundlu/FiberBundle/dataGenerator.jl:90
┌ LogLevel(-2): 3%, Active workers: 40, Completed tasks: 0.
└ @ Main /work/vemundlu/FiberBundle/dataGenerator.jl:90
┌ LogLevel(-2): 4%, Active workers: 40, Completed tasks: 0.
└ @ Main /work/vemundlu/FiberBundle/dataGenerator.jl:90
┌ LogLevel(-2): 5%, Active workers: 40, Completed tasks: 3.
└ @ Main /work/vemundlu/FiberBundle/dataGenerator.jl:90
┌ LogLevel(-2): 6%, Active workers: 40, Completed tasks: 6.
└ @ Main /work/vemundlu/FiberBundle/dataGenerator.jl:90
┌ LogLevel(-2): 7%, Active workers: 40, Completed tasks: 10.
└ @ Main /work/vemundlu/FiberBundle/dataGenerator.jl:90
┌ LogLevel(-2): 8%, Active workers: 40, Completed tasks: 18.
└ @ Main /work/vemundlu/FiberBundle/dataGenerator.jl:90
┌ LogLevel(-2): 9%, Active workers: 40, Completed tasks: 23.
└ @ Main /work/vemundlu/FiberBundle/dataGenerator.jl:90
┌ LogLevel(-2): 10%, Active workers: 40, Completed tasks: 25.
└ @ Main /work/vemundlu/FiberBundle/dataGenerator.jl:90
┌ LogLevel(-2): 11%, Active workers: 40, Completed tasks: 34.
└ @ Main /work/vemundlu/FiberBundle/dataGenerator.jl:90
┌ LogLevel(-2): 12%, Active workers: 40, Completed tasks: 36.
└ @ Main /work/vemundlu/FiberBundle/dataGenerator.jl:90
┌ LogLevel(-2): 13%, Active workers: 40, Completed tasks: 43.
└ @ Main /work/vemundlu/FiberBundle/dataGenerator.jl:90
┌ LogLevel(-2): 14%, Active workers: 40, Completed tasks: 51.
└ @ Main /work/vemundlu/FiberBundle/dataGenerator.jl:90
┌ LogLevel(-2): 15%, Active workers: 40, Completed tasks: 55.
└ @ Main /work/vemundlu/FiberBundle/dataGenerator.jl:90
┌ LogLevel(-2): 16%, Active workers: 40, Completed tasks: 58.
└ @ Main /work/vemundlu/FiberBundle/dataGenerator.jl:90
┌ LogLevel(-2): 17%, Active workers: 40, Completed tasks: 64.
└ @ Main /work/vemundlu/FiberBundle/dataGenerator.jl:90
┌ LogLevel(-2): 18%, Active workers: 40, Completed tasks: 70.
└ @ Main /work/vemundlu/FiberBundle/dataGenerator.jl:90
┌ LogLevel(-2): 19%, Active workers: 40, Completed tasks: 77.
└ @ Main /work/vemundlu/FiberBundle/dataGenerator.jl:90
┌ LogLevel(-2): 20%, Active workers: 40, Completed tasks: 78.
└ @ Main /work/vemundlu/FiberBundle/dataGenerator.jl:90
┌ LogLevel(-2): 21%, Active workers: 40, Completed tasks: 86.
└ @ Main /work/vemundlu/FiberBundle/dataGenerator.jl:90
┌ LogLevel(-2): 22%, Active workers: 39, Completed tasks: 91.
└ @ Main /work/vemundlu/FiberBundle/dataGenerator.jl:90
┌ LogLevel(-2): 23%, Active workers: 38, Completed tasks: 96.
└ @ Main /work/vemundlu/FiberBundle/dataGenerator.jl:90
┌ LogLevel(-2): 24%, Active workers: 38, Completed tasks: 99.
└ @ Main /work/vemundlu/FiberBundle/dataGenerator.jl:90
┌ LogLevel(-2): 25%, Active workers: 36, Completed tasks: 106.
└ @ Main /work/vemundlu/FiberBundle/dataGenerator.jl:90
┌ LogLevel(-2): 26%, Active workers: 33, Completed tasks: 115.
└ @ Main /work/vemundlu/FiberBundle/dataGenerator.jl:90
┌ LogLevel(-2): 27%, Active workers: 31, Completed tasks: 119.
└ @ Main /work/vemundlu/FiberBundle/dataGenerator.jl:90
┌ LogLevel(-2): 28%, Active workers: 26, Completed tasks: 127.
└ @ Main /work/vemundlu/FiberBundle/dataGenerator.jl:90
┌ LogLevel(-2): 29%, Active workers: 18, Completed tasks: 138.
└ @ Main /work/vemundlu/FiberBundle/dataGenerator.jl:90
┌ LogLevel(-2): 30%, Active workers: 14, Completed tasks: 145.
└ @ Main /work/vemundlu/FiberBundle/dataGenerator.jl:90
┌ LogLevel(-2): 31%, Active workers: 1, Completed tasks: 159.
└ @ Main /work/vemundlu/FiberBundle/dataGenerator.jl:90
┌ LogLevel(-2): 100%, Active workers: 0, Completed tasks: 160.
└ @ Main /work/vemundlu/FiberBundle/dataGenerator.jl:93
┌ LogLevel(-2): Done!
└ @ Main /work/vemundlu/FiberBundle/dataGenerator.jl:139
┌ LogLevel(-2): Calculating averages... 
└ @ Main /work/vemundlu/FiberBundle/dataGenerator.jl:142
┌ LogLevel(-2): Done!
└ @ Main /work/vemundlu/FiberBundle/dataGenerator.jl:144
┌ LogLevel(-2): Starting a=0.0 dist=Uniform L=512 nr=UNR t=0.3
└ @ Main /work/vemundlu/FiberBundle/dataGenerator.jl:152
┌ LogLevel(-2): Searching for loose files... 
└ @ Main /work/vemundlu/FiberBundle/support/dataManager.jl:237
┌ LogLevel(-2): Done!
└ @ Main /work/vemundlu/FiberBundle/support/dataManager.jl:257
┌ LogLevel(-2): 40 files were found and skipped.
└ @ Main /work/vemundlu/FiberBundle/support/dataManager.jl:216
┌ LogLevel(-2): Running workers...
└ @ Main /work/vemundlu/FiberBundle/dataGenerator.jl:137
┌ LogLevel(-2): Starting work on a=0.0 dist=Uniform L=512 nr=UNR t=0.3
└ @ Main /work/vemundlu/FiberBundle/dataGenerator.jl:78
┌ LogLevel(-2): 0%, Active workers: 40, Completed tasks: 0.
└ @ Main /work/vemundlu/FiberBundle/dataGenerator.jl:90
┌ LogLevel(-2): 1%, Active workers: 40, Completed tasks: 0.
└ @ Main /work/vemundlu/FiberBundle/dataGenerator.jl:90
┌ LogLevel(-2): 2%, Active workers: 40, Completed tasks: 1.
└ @ Main /work/vemundlu/FiberBundle/dataGenerator.jl:90
┌ LogLevel(-2): 3%, Active workers: 40, Completed tasks: 10.
└ @ Main /work/vemundlu/FiberBundle/dataGenerator.jl:90
┌ LogLevel(-2): 4%, Active workers: 40, Completed tasks: 21.
└ @ Main /work/vemundlu/FiberBundle/dataGenerator.jl:90
┌ LogLevel(-2): 5%, Active workers: 40, Completed tasks: 35.
└ @ Main /work/vemundlu/FiberBundle/dataGenerator.jl:90
┌ LogLevel(-2): 6%, Active workers: 40, Completed tasks: 43.
└ @ Main /work/vemundlu/FiberBundle/dataGenerator.jl:90
┌ LogLevel(-2): 7%, Active workers: 40, Completed tasks: 57.
└ @ Main /work/vemundlu/FiberBundle/dataGenerator.jl:90
┌ LogLevel(-2): 8%, Active workers: 40, Completed tasks: 67.
└ @ Main /work/vemundlu/FiberBundle/dataGenerator.jl:90
┌ LogLevel(-2): 9%, Active workers: 40, Completed tasks: 80.
└ @ Main /work/vemundlu/FiberBundle/dataGenerator.jl:90
┌ LogLevel(-2): 10%, Active workers: 40, Completed tasks: 86.
└ @ Main /work/vemundlu/FiberBundle/dataGenerator.jl:90
┌ LogLevel(-2): 11%, Active workers: 35, Completed tasks: 104.
└ @ Main /work/vemundlu/FiberBundle/dataGenerator.jl:90
┌ LogLevel(-2): 12%, Active workers: 30, Completed tasks: 114.
└ @ Main /work/vemundlu/FiberBundle/dataGenerator.jl:90
┌ LogLevel(-2): 13%, Active workers: 23, Completed tasks: 129.
└ @ Main /work/vemundlu/FiberBundle/dataGenerator.jl:90
┌ LogLevel(-2): 14%, Active workers: 15, Completed tasks: 144.
└ @ Main /work/vemundlu/FiberBundle/dataGenerator.jl:90
┌ LogLevel(-2): 100%, Active workers: 0, Completed tasks: 160.
└ @ Main /work/vemundlu/FiberBundle/dataGenerator.jl:93
┌ LogLevel(-2): Done!
└ @ Main /work/vemundlu/FiberBundle/dataGenerator.jl:139
┌ LogLevel(-2): Calculating averages... 
└ @ Main /work/vemundlu/FiberBundle/dataGenerator.jl:142
┌ LogLevel(-2): Done!
└ @ Main /work/vemundlu/FiberBundle/dataGenerator.jl:144
┌ LogLevel(-2): Starting a=2.0 dist=Uniform L=512 nr=SNR t=0.4
└ @ Main /work/vemundlu/FiberBundle/dataGenerator.jl:152
┌ LogLevel(-2): Searching for loose files... 
└ @ Main /work/vemundlu/FiberBundle/support/dataManager.jl:237
┌ LogLevel(-2): Done!
└ @ Main /work/vemundlu/FiberBundle/support/dataManager.jl:257
┌ LogLevel(-2): 40 files were found and skipped.
└ @ Main /work/vemundlu/FiberBundle/support/dataManager.jl:216
┌ LogLevel(-2): Running workers...
└ @ Main /work/vemundlu/FiberBundle/dataGenerator.jl:137
┌ LogLevel(-2): Starting work on a=2.0 dist=Uniform L=512 nr=SNR t=0.4
└ @ Main /work/vemundlu/FiberBundle/dataGenerator.jl:78
┌ LogLevel(-2): 0%, Active workers: 40, Completed tasks: 0.
└ @ Main /work/vemundlu/FiberBundle/dataGenerator.jl:90
┌ LogLevel(-2): 1%, Active workers: 40, Completed tasks: 0.
└ @ Main /work/vemundlu/FiberBundle/dataGenerator.jl:90
┌ LogLevel(-2): 2%, Active workers: 40, Completed tasks: 0.
└ @ Main /work/vemundlu/FiberBundle/dataGenerator.jl:90
┌ LogLevel(-2): 3%, Active workers: 40, Completed tasks: 0.
└ @ Main /work/vemundlu/FiberBundle/dataGenerator.jl:90
┌ LogLevel(-2): 4%, Active workers: 40, Completed tasks: 0.
└ @ Main /work/vemundlu/FiberBundle/dataGenerator.jl:90
┌ LogLevel(-2): 5%, Active workers: 40, Completed tasks: 2.
└ @ Main /work/vemundlu/FiberBundle/dataGenerator.jl:90
┌ LogLevel(-2): 6%, Active workers: 40, Completed tasks: 8.
└ @ Main /work/vemundlu/FiberBundle/dataGenerator.jl:90
┌ LogLevel(-2): 7%, Active workers: 40, Completed tasks: 10.
└ @ Main /work/vemundlu/FiberBundle/dataGenerator.jl:90
┌ LogLevel(-2): 8%, Active workers: 40, Completed tasks: 19.
└ @ Main /work/vemundlu/FiberBundle/dataGenerator.jl:90
┌ LogLevel(-2): 9%, Active workers: 40, Completed tasks: 24.
└ @ Main /work/vemundlu/FiberBundle/dataGenerator.jl:90
┌ LogLevel(-2): 10%, Active workers: 40, Completed tasks: 32.
└ @ Main /work/vemundlu/FiberBundle/dataGenerator.jl:90
┌ LogLevel(-2): 11%, Active workers: 40, Completed tasks: 37.
└ @ Main /work/vemundlu/FiberBundle/dataGenerator.jl:90
┌ LogLevel(-2): 12%, Active workers: 40, Completed tasks: 44.
└ @ Main /work/vemundlu/FiberBundle/dataGenerator.jl:90
┌ LogLevel(-2): 13%, Active workers: 40, Completed tasks: 47.
└ @ Main /work/vemundlu/FiberBundle/dataGenerator.jl:90
┌ LogLevel(-2): 14%, Active workers: 40, Completed tasks: 51.
└ @ Main /work/vemundlu/FiberBundle/dataGenerator.jl:90
┌ LogLevel(-2): 15%, Active workers: 40, Completed tasks: 56.
└ @ Main /work/vemundlu/FiberBundle/dataGenerator.jl:90
┌ LogLevel(-2): 16%, Active workers: 40, Completed tasks: 59.
└ @ Main /work/vemundlu/FiberBundle/dataGenerator.jl:90
┌ LogLevel(-2): 17%, Active workers: 40, Completed tasks: 63.
└ @ Main /work/vemundlu/FiberBundle/dataGenerator.jl:90
┌ LogLevel(-2): 18%, Active workers: 40, Completed tasks: 68.
└ @ Main /work/vemundlu/FiberBundle/dataGenerator.jl:90
┌ LogLevel(-2): 19%, Active workers: 40, Completed tasks: 74.
└ @ Main /work/vemundlu/FiberBundle/dataGenerator.jl:90
┌ LogLevel(-2): 20%, Active workers: 40, Completed tasks: 82.
└ @ Main /work/vemundlu/FiberBundle/dataGenerator.jl:90
┌ LogLevel(-2): 21%, Active workers: 40, Completed tasks: 86.
└ @ Main /work/vemundlu/FiberBundle/dataGenerator.jl:90
┌ LogLevel(-2): 22%, Active workers: 40, Completed tasks: 91.
└ @ Main /work/vemundlu/FiberBundle/dataGenerator.jl:90
┌ LogLevel(-2): 23%, Active workers: 40, Completed tasks: 94.
└ @ Main /work/vemundlu/FiberBundle/dataGenerator.jl:90
┌ LogLevel(-2): 24%, Active workers: 38, Completed tasks: 101.
└ @ Main /work/vemundlu/FiberBundle/dataGenerator.jl:90
┌ LogLevel(-2): 25%, Active workers: 35, Completed tasks: 108.
└ @ Main /work/vemundlu/FiberBundle/dataGenerator.jl:90
┌ LogLevel(-2): 26%, Active workers: 32, Completed tasks: 114.
└ @ Main /work/vemundlu/FiberBundle/dataGenerator.jl:90
┌ LogLevel(-2): 27%, Active workers: 27, Completed tasks: 124.
└ @ Main /work/vemundlu/FiberBundle/dataGenerator.jl:90
┌ LogLevel(-2): 28%, Active workers: 26, Completed tasks: 129.
└ @ Main /work/vemundlu/FiberBundle/dataGenerator.jl:90
┌ LogLevel(-2): 29%, Active workers: 22, Completed tasks: 136.
└ @ Main /work/vemundlu/FiberBundle/dataGenerator.jl:90
┌ LogLevel(-2): 30%, Active workers: 14, Completed tasks: 144.
└ @ Main /work/vemundlu/FiberBundle/dataGenerator.jl:90
┌ LogLevel(-2): 31%, Active workers: 6, Completed tasks: 154.
└ @ Main /work/vemundlu/FiberBundle/dataGenerator.jl:90
┌ LogLevel(-2): 100%, Active workers: 0, Completed tasks: 160.
└ @ Main /work/vemundlu/FiberBundle/dataGenerator.jl:93
┌ LogLevel(-2): Done!
└ @ Main /work/vemundlu/FiberBundle/dataGenerator.jl:139
┌ LogLevel(-2): Calculating averages... 
└ @ Main /work/vemundlu/FiberBundle/dataGenerator.jl:142
┌ LogLevel(-2): Done!
└ @ Main /work/vemundlu/FiberBundle/dataGenerator.jl:144
┌ LogLevel(-2): Starting a=0.0 dist=Uniform L=512 nr=UNR t=0.4
└ @ Main /work/vemundlu/FiberBundle/dataGenerator.jl:152
┌ LogLevel(-2): Searching for loose files... 
└ @ Main /work/vemundlu/FiberBundle/support/dataManager.jl:237
┌ LogLevel(-2): Done!
└ @ Main /work/vemundlu/FiberBundle/support/dataManager.jl:257
┌ LogLevel(-2): 40 files were found and skipped.
└ @ Main /work/vemundlu/FiberBundle/support/dataManager.jl:216
┌ LogLevel(-2): Running workers...
└ @ Main /work/vemundlu/FiberBundle/dataGenerator.jl:137
┌ LogLevel(-2): Starting work on a=0.0 dist=Uniform L=512 nr=UNR t=0.4
└ @ Main /work/vemundlu/FiberBundle/dataGenerator.jl:78
┌ LogLevel(-2): 0%, Active workers: 40, Completed tasks: 0.
└ @ Main /work/vemundlu/FiberBundle/dataGenerator.jl:90
┌ LogLevel(-2): 1%, Active workers: 40, Completed tasks: 0.
└ @ Main /work/vemundlu/FiberBundle/dataGenerator.jl:90
┌ LogLevel(-2): 2%, Active workers: 40, Completed tasks: 1.
└ @ Main /work/vemundlu/FiberBundle/dataGenerator.jl:90
┌ LogLevel(-2): 3%, Active workers: 40, Completed tasks: 13.
└ @ Main /work/vemundlu/FiberBundle/dataGenerator.jl:90
┌ LogLevel(-2): 4%, Active workers: 40, Completed tasks: 26.
└ @ Main /work/vemundlu/FiberBundle/dataGenerator.jl:90
┌ LogLevel(-2): 5%, Active workers: 40, Completed tasks: 34.
└ @ Main /work/vemundlu/FiberBundle/dataGenerator.jl:90
┌ LogLevel(-2): 6%, Active workers: 40, Completed tasks: 47.
└ @ Main /work/vemundlu/FiberBundle/dataGenerator.jl:90
┌ LogLevel(-2): 7%, Active workers: 40, Completed tasks: 59.
└ @ Main /work/vemundlu/FiberBundle/dataGenerator.jl:90
┌ LogLevel(-2): 8%, Active workers: 40, Completed tasks: 73.
└ @ Main /work/vemundlu/FiberBundle/dataGenerator.jl:90
┌ LogLevel(-2): 9%, Active workers: 38, Completed tasks: 82.
└ @ Main /work/vemundlu/FiberBundle/dataGenerator.jl:90
┌ LogLevel(-2): 10%, Active workers: 38, Completed tasks: 93.
└ @ Main /work/vemundlu/FiberBundle/dataGenerator.jl:90
┌ LogLevel(-2): 11%, Active workers: 33, Completed tasks: 108.
└ @ Main /work/vemundlu/FiberBundle/dataGenerator.jl:90
┌ LogLevel(-2): 12%, Active workers: 27, Completed tasks: 126.
└ @ Main /work/vemundlu/FiberBundle/dataGenerator.jl:90
┌ LogLevel(-2): 13%, Active workers: 18, Completed tasks: 141.
└ @ Main /work/vemundlu/FiberBundle/dataGenerator.jl:90
┌ LogLevel(-2): 100%, Active workers: 0, Completed tasks: 160.
└ @ Main /work/vemundlu/FiberBundle/dataGenerator.jl:93
┌ LogLevel(-2): Done!
└ @ Main /work/vemundlu/FiberBundle/dataGenerator.jl:139
┌ LogLevel(-2): Calculating averages... 
└ @ Main /work/vemundlu/FiberBundle/dataGenerator.jl:142
┌ LogLevel(-2): Done!
└ @ Main /work/vemundlu/FiberBundle/dataGenerator.jl:144
┌ LogLevel(-2): Starting a=2.0 dist=Uniform L=512 nr=SNR t=0.5
└ @ Main /work/vemundlu/FiberBundle/dataGenerator.jl:152
┌ LogLevel(-2): Searching for loose files... 
└ @ Main /work/vemundlu/FiberBundle/support/dataManager.jl:237
┌ LogLevel(-2): Done!
└ @ Main /work/vemundlu/FiberBundle/support/dataManager.jl:257
┌ LogLevel(-2): 40 files were found and skipped.
└ @ Main /work/vemundlu/FiberBundle/support/dataManager.jl:216
┌ LogLevel(-2): Running workers...
└ @ Main /work/vemundlu/FiberBundle/dataGenerator.jl:137
┌ LogLevel(-2): Starting work on a=2.0 dist=Uniform L=512 nr=SNR t=0.5
└ @ Main /work/vemundlu/FiberBundle/dataGenerator.jl:78
┌ LogLevel(-2): 0%, Active workers: 40, Completed tasks: 0.
└ @ Main /work/vemundlu/FiberBundle/dataGenerator.jl:90
┌ LogLevel(-2): 1%, Active workers: 40, Completed tasks: 0.
└ @ Main /work/vemundlu/FiberBundle/dataGenerator.jl:90
┌ LogLevel(-2): 2%, Active workers: 40, Completed tasks: 0.
└ @ Main /work/vemundlu/FiberBundle/dataGenerator.jl:90
┌ LogLevel(-2): 3%, Active workers: 40, Completed tasks: 0.
└ @ Main /work/vemundlu/FiberBundle/dataGenerator.jl:90
┌ LogLevel(-2): 4%, Active workers: 40, Completed tasks: 0.
└ @ Main /work/vemundlu/FiberBundle/dataGenerator.jl:90
┌ LogLevel(-2): 5%, Active workers: 40, Completed tasks: 0.
└ @ Main /work/vemundlu/FiberBundle/dataGenerator.jl:90
┌ LogLevel(-2): 6%, Active workers: 40, Completed tasks: 2.
└ @ Main /work/vemundlu/FiberBundle/dataGenerator.jl:90
┌ LogLevel(-2): 7%, Active workers: 40, Completed tasks: 8.
└ @ Main /work/vemundlu/FiberBundle/dataGenerator.jl:90
┌ LogLevel(-2): 8%, Active workers: 40, Completed tasks: 14.
└ @ Main /work/vemundlu/FiberBundle/dataGenerator.jl:90
┌ LogLevel(-2): 9%, Active workers: 40, Completed tasks: 20.
└ @ Main /work/vemundlu/FiberBundle/dataGenerator.jl:90
┌ LogLevel(-2): 10%, Active workers: 40, Completed tasks: 27.
└ @ Main /work/vemundlu/FiberBundle/dataGenerator.jl:90
┌ LogLevel(-2): 11%, Active workers: 40, Completed tasks: 27.
└ @ Main /work/vemundlu/FiberBundle/dataGenerator.jl:90
┌ LogLevel(-2): 12%, Active workers: 40, Completed tasks: 32.
└ @ Main /work/vemundlu/FiberBundle/dataGenerator.jl:90
┌ LogLevel(-2): 13%, Active workers: 40, Completed tasks: 40.
└ @ Main /work/vemundlu/FiberBundle/dataGenerator.jl:90
┌ LogLevel(-2): 14%, Active workers: 40, Completed tasks: 45.
└ @ Main /work/vemundlu/FiberBundle/dataGenerator.jl:90
┌ LogLevel(-2): 15%, Active workers: 40, Completed tasks: 46.
└ @ Main /work/vemundlu/FiberBundle/dataGenerator.jl:90
┌ LogLevel(-2): 16%, Active workers: 40, Completed tasks: 50.
└ @ Main /work/vemundlu/FiberBundle/dataGenerator.jl:90
┌ LogLevel(-2): 17%, Active workers: 40, Completed tasks: 55.
└ @ Main /work/vemundlu/FiberBundle/dataGenerator.jl:90
┌ LogLevel(-2): 18%, Active workers: 40, Completed tasks: 63.
└ @ Main /work/vemundlu/FiberBundle/dataGenerator.jl:90
┌ LogLevel(-2): 19%, Active workers: 40, Completed tasks: 66.
└ @ Main /work/vemundlu/FiberBundle/dataGenerator.jl:90
┌ LogLevel(-2): 20%, Active workers: 40, Completed tasks: 70.
└ @ Main /work/vemundlu/FiberBundle/dataGenerator.jl:90
┌ LogLevel(-2): 21%, Active workers: 40, Completed tasks: 76.
└ @ Main /work/vemundlu/FiberBundle/dataGenerator.jl:90
┌ LogLevel(-2): 22%, Active workers: 40, Completed tasks: 78.
└ @ Main /work/vemundlu/FiberBundle/dataGenerator.jl:90
┌ LogLevel(-2): 23%, Active workers: 40, Completed tasks: 83.
└ @ Main /work/vemundlu/FiberBundle/dataGenerator.jl:90
┌ LogLevel(-2): 24%, Active workers: 40, Completed tasks: 86.
└ @ Main /work/vemundlu/FiberBundle/dataGenerator.jl:90
┌ LogLevel(-2): 25%, Active workers: 40, Completed tasks: 91.
└ @ Main /work/vemundlu/FiberBundle/dataGenerator.jl:90
┌ LogLevel(-2): 26%, Active workers: 40, Completed tasks: 97.
└ @ Main /work/vemundlu/FiberBundle/dataGenerator.jl:90
┌ LogLevel(-2): 27%, Active workers: 40, Completed tasks: 100.
└ @ Main /work/vemundlu/FiberBundle/dataGenerator.jl:90
┌ LogLevel(-2): 28%, Active workers: 39, Completed tasks: 108.
└ @ Main /work/vemundlu/FiberBundle/dataGenerator.jl:90
┌ LogLevel(-2): 29%, Active workers: 35, Completed tasks: 114.
└ @ Main /work/vemundlu/FiberBundle/dataGenerator.jl:90
┌ LogLevel(-2): 30%, Active workers: 33, Completed tasks: 119.
└ @ Main /work/vemundlu/FiberBundle/dataGenerator.jl:90
┌ LogLevel(-2): 31%, Active workers: 28, Completed tasks: 127.
└ @ Main /work/vemundlu/FiberBundle/dataGenerator.jl:90
┌ LogLevel(-2): 32%, Active workers: 23, Completed tasks: 132.
└ @ Main /work/vemundlu/FiberBundle/dataGenerator.jl:90
┌ LogLevel(-2): 33%, Active workers: 18, Completed tasks: 141.
└ @ Main /work/vemundlu/FiberBundle/dataGenerator.jl:90
┌ LogLevel(-2): 34%, Active workers: 5, Completed tasks: 155.
└ @ Main /work/vemundlu/FiberBundle/dataGenerator.jl:90
┌ LogLevel(-2): 100%, Active workers: 0, Completed tasks: 160.
└ @ Main /work/vemundlu/FiberBundle/dataGenerator.jl:93
┌ LogLevel(-2): Done!
└ @ Main /work/vemundlu/FiberBundle/dataGenerator.jl:139
┌ LogLevel(-2): Calculating averages... 
└ @ Main /work/vemundlu/FiberBundle/dataGenerator.jl:142
┌ LogLevel(-2): Done!
└ @ Main /work/vemundlu/FiberBundle/dataGenerator.jl:144
┌ LogLevel(-2): Starting a=0.0 dist=Uniform L=512 nr=UNR t=0.5
└ @ Main /work/vemundlu/FiberBundle/dataGenerator.jl:152
┌ LogLevel(-2): Searching for loose files... 
└ @ Main /work/vemundlu/FiberBundle/support/dataManager.jl:237
┌ LogLevel(-2): Done!
└ @ Main /work/vemundlu/FiberBundle/support/dataManager.jl:257
┌ LogLevel(-2): 40 files were found and skipped.
└ @ Main /work/vemundlu/FiberBundle/support/dataManager.jl:216
┌ LogLevel(-2): Running workers...
└ @ Main /work/vemundlu/FiberBundle/dataGenerator.jl:137
┌ LogLevel(-2): Starting work on a=0.0 dist=Uniform L=512 nr=UNR t=0.5
└ @ Main /work/vemundlu/FiberBundle/dataGenerator.jl:78
┌ LogLevel(-2): 0%, Active workers: 40, Completed tasks: 0.
└ @ Main /work/vemundlu/FiberBundle/dataGenerator.jl:90
┌ LogLevel(-2): 1%, Active workers: 40, Completed tasks: 0.
└ @ Main /work/vemundlu/FiberBundle/dataGenerator.jl:90
┌ LogLevel(-2): 2%, Active workers: 40, Completed tasks: 0.
└ @ Main /work/vemundlu/FiberBundle/dataGenerator.jl:90
┌ LogLevel(-2): 3%, Active workers: 40, Completed tasks: 10.
└ @ Main /work/vemundlu/FiberBundle/dataGenerator.jl:90
┌ LogLevel(-2): 4%, Active workers: 40, Completed tasks: 22.
└ @ Main /work/vemundlu/FiberBundle/dataGenerator.jl:90
┌ LogLevel(-2): 5%, Active workers: 40, Completed tasks: 33.
└ @ Main /work/vemundlu/FiberBundle/dataGenerator.jl:90
┌ LogLevel(-2): 6%, Active workers: 40, Completed tasks: 46.
└ @ Main /work/vemundlu/FiberBundle/dataGenerator.jl:90
┌ LogLevel(-2): 7%, Active workers: 40, Completed tasks: 55.
└ @ Main /work/vemundlu/FiberBundle/dataGenerator.jl:90
┌ LogLevel(-2): 8%, Active workers: 39, Completed tasks: 68.
└ @ Main /work/vemundlu/FiberBundle/dataGenerator.jl:90
┌ LogLevel(-2): 9%, Active workers: 39, Completed tasks: 80.
└ @ Main /work/vemundlu/FiberBundle/dataGenerator.jl:90
┌ LogLevel(-2): 10%, Active workers: 36, Completed tasks: 97.
└ @ Main /work/vemundlu/FiberBundle/dataGenerator.jl:90
┌ LogLevel(-2): 11%, Active workers: 33, Completed tasks: 106.
└ @ Main /work/vemundlu/FiberBundle/dataGenerator.jl:90
┌ LogLevel(-2): 12%, Active workers: 27, Completed tasks: 122.
└ @ Main /work/vemundlu/FiberBundle/dataGenerator.jl:90
┌ LogLevel(-2): 13%, Active workers: 22, Completed tasks: 134.
└ @ Main /work/vemundlu/FiberBundle/dataGenerator.jl:90
┌ LogLevel(-2): 100%, Active workers: 0, Completed tasks: 160.
└ @ Main /work/vemundlu/FiberBundle/dataGenerator.jl:93
┌ LogLevel(-2): Done!
└ @ Main /work/vemundlu/FiberBundle/dataGenerator.jl:139
┌ LogLevel(-2): Calculating averages... 
└ @ Main /work/vemundlu/FiberBundle/dataGenerator.jl:142
┌ LogLevel(-2): Done!
└ @ Main /work/vemundlu/FiberBundle/dataGenerator.jl:144
┌ LogLevel(-2): Starting a=2.0 dist=Uniform L=512 nr=SNR t=0.6
└ @ Main /work/vemundlu/FiberBundle/dataGenerator.jl:152
┌ LogLevel(-2): Searching for loose files... 
└ @ Main /work/vemundlu/FiberBundle/support/dataManager.jl:237
┌ LogLevel(-2): Done!
└ @ Main /work/vemundlu/FiberBundle/support/dataManager.jl:257
┌ LogLevel(-2): 40 files were found and skipped.
└ @ Main /work/vemundlu/FiberBundle/support/dataManager.jl:216
┌ LogLevel(-2): Running workers...
└ @ Main /work/vemundlu/FiberBundle/dataGenerator.jl:137
┌ LogLevel(-2): Starting work on a=2.0 dist=Uniform L=512 nr=SNR t=0.6
└ @ Main /work/vemundlu/FiberBundle/dataGenerator.jl:78
┌ LogLevel(-2): 0%, Active workers: 40, Completed tasks: 0.
└ @ Main /work/vemundlu/FiberBundle/dataGenerator.jl:90
┌ LogLevel(-2): 1%, Active workers: 40, Completed tasks: 0.
└ @ Main /work/vemundlu/FiberBundle/dataGenerator.jl:90
┌ LogLevel(-2): 2%, Active workers: 40, Completed tasks: 0.
└ @ Main /work/vemundlu/FiberBundle/dataGenerator.jl:90
┌ LogLevel(-2): 3%, Active workers: 40, Completed tasks: 0.
└ @ Main /work/vemundlu/FiberBundle/dataGenerator.jl:90
┌ LogLevel(-2): 4%, Active workers: 40, Completed tasks: 0.
└ @ Main /work/vemundlu/FiberBundle/dataGenerator.jl:90
┌ LogLevel(-2): 5%, Active workers: 40, Completed tasks: 0.
└ @ Main /work/vemundlu/FiberBundle/dataGenerator.jl:90
┌ LogLevel(-2): 6%, Active workers: 40, Completed tasks: 0.
└ @ Main /work/vemundlu/FiberBundle/dataGenerator.jl:90
┌ LogLevel(-2): 7%, Active workers: 40, Completed tasks: 1.
└ @ Main /work/vemundlu/FiberBundle/dataGenerator.jl:90
┌ LogLevel(-2): 8%, Active workers: 40, Completed tasks: 9.
└ @ Main /work/vemundlu/FiberBundle/dataGenerator.jl:90
┌ LogLevel(-2): 9%, Active workers: 40, Completed tasks: 14.
└ @ Main /work/vemundlu/FiberBundle/dataGenerator.jl:90
┌ LogLevel(-2): 10%, Active workers: 40, Completed tasks: 19.
└ @ Main /work/vemundlu/FiberBundle/dataGenerator.jl:90
┌ LogLevel(-2): 11%, Active workers: 40, Completed tasks: 20.
└ @ Main /work/vemundlu/FiberBundle/dataGenerator.jl:90
┌ LogLevel(-2): 12%, Active workers: 40, Completed tasks: 25.
└ @ Main /work/vemundlu/FiberBundle/dataGenerator.jl:90
┌ LogLevel(-2): 13%, Active workers: 40, Completed tasks: 33.
└ @ Main /work/vemundlu/FiberBundle/dataGenerator.jl:90
┌ LogLevel(-2): 14%, Active workers: 40, Completed tasks: 36.
└ @ Main /work/vemundlu/FiberBundle/dataGenerator.jl:90
┌ LogLevel(-2): 15%, Active workers: 40, Completed tasks: 40.
└ @ Main /work/vemundlu/FiberBundle/dataGenerator.jl:90
┌ LogLevel(-2): 16%, Active workers: 40, Completed tasks: 45.
└ @ Main /work/vemundlu/FiberBundle/dataGenerator.jl:90
┌ LogLevel(-2): 17%, Active workers: 40, Completed tasks: 48.
└ @ Main /work/vemundlu/FiberBundle/dataGenerator.jl:90
┌ LogLevel(-2): 18%, Active workers: 40, Completed tasks: 53.
└ @ Main /work/vemundlu/FiberBundle/dataGenerator.jl:90
┌ LogLevel(-2): 19%, Active workers: 40, Completed tasks: 55.
└ @ Main /work/vemundlu/FiberBundle/dataGenerator.jl:90
┌ LogLevel(-2): 20%, Active workers: 40, Completed tasks: 59.
└ @ Main /work/vemundlu/FiberBundle/dataGenerator.jl:90
┌ LogLevel(-2): 21%, Active workers: 40, Completed tasks: 66.
└ @ Main /work/vemundlu/FiberBundle/dataGenerator.jl:90
┌ LogLevel(-2): 22%, Active workers: 40, Completed tasks: 69.
└ @ Main /work/vemundlu/FiberBundle/dataGenerator.jl:90
┌ LogLevel(-2): 23%, Active workers: 40, Completed tasks: 74.
└ @ Main /work/vemundlu/FiberBundle/dataGenerator.jl:90
┌ LogLevel(-2): 24%, Active workers: 40, Completed tasks: 78.
└ @ Main /work/vemundlu/FiberBundle/dataGenerator.jl:90
┌ LogLevel(-2): 25%, Active workers: 40, Completed tasks: 83.
└ @ Main /work/vemundlu/FiberBundle/dataGenerator.jl:90
┌ LogLevel(-2): 26%, Active workers: 40, Completed tasks: 86.
└ @ Main /work/vemundlu/FiberBundle/dataGenerator.jl:90
┌ LogLevel(-2): 27%, Active workers: 39, Completed tasks: 92.
└ @ Main /work/vemundlu/FiberBundle/dataGenerator.jl:90
┌ LogLevel(-2): 28%, Active workers: 35, Completed tasks: 97.
└ @ Main /work/vemundlu/FiberBundle/dataGenerator.jl:90
┌ LogLevel(-2): 29%, Active workers: 34, Completed tasks: 98.
└ @ Main /work/vemundlu/FiberBundle/dataGenerator.jl:90
┌ LogLevel(-2): 30%, Active workers: 34, Completed tasks: 101.
└ @ Main /work/vemundlu/FiberBundle/dataGenerator.jl:90
┌ LogLevel(-2): 31%, Active workers: 32, Completed tasks: 105.
└ @ Main /work/vemundlu/FiberBundle/dataGenerator.jl:90
┌ LogLevel(-2): 32%, Active workers: 30, Completed tasks: 111.
└ @ Main /work/vemundlu/FiberBundle/dataGenerator.jl:90
┌ LogLevel(-2): 33%, Active workers: 28, Completed tasks: 120.
└ @ Main /work/vemundlu/FiberBundle/dataGenerator.jl:90
┌ LogLevel(-2): 34%, Active workers: 27, Completed tasks: 126.
└ @ Main /work/vemundlu/FiberBundle/dataGenerator.jl:90
┌ LogLevel(-2): 35%, Active workers: 27, Completed tasks: 130.
└ @ Main /work/vemundlu/FiberBundle/dataGenerator.jl:90
┌ LogLevel(-2): 36%, Active workers: 26, Completed tasks: 132.
└ @ Main /work/vemundlu/FiberBundle/dataGenerator.jl:90
┌ LogLevel(-2): 37%, Active workers: 20, Completed tasks: 140.
└ @ Main /work/vemundlu/FiberBundle/dataGenerator.jl:90
┌ LogLevel(-2): 38%, Active workers: 12, Completed tasks: 148.
└ @ Main /work/vemundlu/FiberBundle/dataGenerator.jl:90
┌ LogLevel(-2): 100%, Active workers: 0, Completed tasks: 160.
└ @ Main /work/vemundlu/FiberBundle/dataGenerator.jl:93
┌ LogLevel(-2): Done!
└ @ Main /work/vemundlu/FiberBundle/dataGenerator.jl:139
┌ LogLevel(-2): Calculating averages... 
└ @ Main /work/vemundlu/FiberBundle/dataGenerator.jl:142
┌ LogLevel(-2): Done!
└ @ Main /work/vemundlu/FiberBundle/dataGenerator.jl:144
┌ LogLevel(-2): Starting a=0.0 dist=Uniform L=512 nr=UNR t=0.6
└ @ Main /work/vemundlu/FiberBundle/dataGenerator.jl:152
┌ LogLevel(-2): Searching for loose files... 
└ @ Main /work/vemundlu/FiberBundle/support/dataManager.jl:237
┌ LogLevel(-2): Done!
└ @ Main /work/vemundlu/FiberBundle/support/dataManager.jl:257
┌ LogLevel(-2): 40 files were found and skipped.
└ @ Main /work/vemundlu/FiberBundle/support/dataManager.jl:216
┌ LogLevel(-2): Running workers...
└ @ Main /work/vemundlu/FiberBundle/dataGenerator.jl:137
┌ LogLevel(-2): Starting work on a=0.0 dist=Uniform L=512 nr=UNR t=0.6
└ @ Main /work/vemundlu/FiberBundle/dataGenerator.jl:78
┌ LogLevel(-2): 0%, Active workers: 40, Completed tasks: 0.
└ @ Main /work/vemundlu/FiberBundle/dataGenerator.jl:90
┌ LogLevel(-2): 1%, Active workers: 40, Completed tasks: 0.
└ @ Main /work/vemundlu/FiberBundle/dataGenerator.jl:90
┌ LogLevel(-2): 2%, Active workers: 40, Completed tasks: 0.
└ @ Main /work/vemundlu/FiberBundle/dataGenerator.jl:90
┌ LogLevel(-2): 3%, Active workers: 40, Completed tasks: 10.
└ @ Main /work/vemundlu/FiberBundle/dataGenerator.jl:90
┌ LogLevel(-2): 4%, Active workers: 40, Completed tasks: 20.
└ @ Main /work/vemundlu/FiberBundle/dataGenerator.jl:90
┌ LogLevel(-2): 5%, Active workers: 40, Completed tasks: 33.
└ @ Main /work/vemundlu/FiberBundle/dataGenerator.jl:90
┌ LogLevel(-2): 6%, Active workers: 40, Completed tasks: 45.
└ @ Main /work/vemundlu/FiberBundle/dataGenerator.jl:90
┌ LogLevel(-2): 7%, Active workers: 40, Completed tasks: 54.
└ @ Main /work/vemundlu/FiberBundle/dataGenerator.jl:90
┌ LogLevel(-2): 8%, Active workers: 40, Completed tasks: 69.
└ @ Main /work/vemundlu/FiberBundle/dataGenerator.jl:90
┌ LogLevel(-2): 9%, Active workers: 39, Completed tasks: 81.
└ @ Main /work/vemundlu/FiberBundle/dataGenerator.jl:90
┌ LogLevel(-2): 10%, Active workers: 37, Completed tasks: 95.
└ @ Main /work/vemundlu/FiberBundle/dataGenerator.jl:90
┌ LogLevel(-2): 11%, Active workers: 34, Completed tasks: 108.
└ @ Main /work/vemundlu/FiberBundle/dataGenerator.jl:90
┌ LogLevel(-2): 12%, Active workers: 29, Completed tasks: 121.
└ @ Main /work/vemundlu/FiberBundle/dataGenerator.jl:90
┌ LogLevel(-2): 13%, Active workers: 14, Completed tasks: 143.
└ @ Main /work/vemundlu/FiberBundle/dataGenerator.jl:90
┌ LogLevel(-2): 100%, Active workers: 0, Completed tasks: 160.
└ @ Main /work/vemundlu/FiberBundle/dataGenerator.jl:93
┌ LogLevel(-2): Done!
└ @ Main /work/vemundlu/FiberBundle/dataGenerator.jl:139
┌ LogLevel(-2): Calculating averages... 
└ @ Main /work/vemundlu/FiberBundle/dataGenerator.jl:142
┌ LogLevel(-2): Done!
└ @ Main /work/vemundlu/FiberBundle/dataGenerator.jl:144
┌ LogLevel(-2): Starting a=2.0 dist=Uniform L=512 nr=SNR t=0.7
└ @ Main /work/vemundlu/FiberBundle/dataGenerator.jl:152
┌ LogLevel(-2): Searching for loose files... 
└ @ Main /work/vemundlu/FiberBundle/support/dataManager.jl:237
┌ LogLevel(-2): Done!
└ @ Main /work/vemundlu/FiberBundle/support/dataManager.jl:257
┌ LogLevel(-2): 40 files were found and skipped.
└ @ Main /work/vemundlu/FiberBundle/support/dataManager.jl:216
┌ LogLevel(-2): Running workers...
└ @ Main /work/vemundlu/FiberBundle/dataGenerator.jl:137
┌ LogLevel(-2): Starting work on a=2.0 dist=Uniform L=512 nr=SNR t=0.7
└ @ Main /work/vemundlu/FiberBundle/dataGenerator.jl:78
┌ LogLevel(-2): 0%, Active workers: 40, Completed tasks: 0.
└ @ Main /work/vemundlu/FiberBundle/dataGenerator.jl:90
┌ LogLevel(-2): 1%, Active workers: 40, Completed tasks: 0.
└ @ Main /work/vemundlu/FiberBundle/dataGenerator.jl:90
slurmstepd-compute-14: error: *** JOB 761407 ON compute-14 CANCELLED AT 2022-12-05T00:40:55 DUE TO TIME LIMIT ***

signal (15): Terminated
in expression starting at /work/vemundlu/FiberBundle/generateData.jl:50
pthread_cond_wait at /lib/x86_64-linux-gnu/libpthread.so.0 (unknown line)
uv_cond_wait at /workspace/srcdir/libuv/src/unix/thread.c:847
jl_task_get_next at /buildworker/worker/package_linux64/build/src/partr.c:517
