┌ Warning: rmprocs: process 1 not removed
└ @ Distributed /buildworker/worker/package_linux64/build/usr/share/julia/stdlib/v1.7/Distributed/src/cluster.jl:1045
┌ LogLevel(-1): Starting 2 workers... 
└ @ Main /work/vemundlu/FiberBundle/generateData.jl:62
┌ LogLevel(-1): Running settings: 
│  Any[512], 
│  Any[0.05], 
│  Any[2.0]
└ @ Main /work/vemundlu/FiberBundle/generateData.jl:66
┌ LogLevel(-2): 2023-05-19T23:13:04.370: Starting a=0.0 dist=ConstantAverageUniform L=512 nr=LLS t=0.05
└ @ Main /work/vemundlu/FiberBundle/dataGenerator.jl:155
┌ LogLevel(-2): Searching for loose files... 
└ @ Main /work/vemundlu/FiberBundle/support/dataManager.jl:278
┌ LogLevel(-2): All seeds already exist
└ @ Main /work/vemundlu/FiberBundle/support/dataManager.jl:263
┌ LogLevel(-2): 2023-05-19T23:13:09.168: Starting a=2.0 dist=ConstantAverageUniform L=512 nr=CLS t=0.05
└ @ Main /work/vemundlu/FiberBundle/dataGenerator.jl:155
┌ LogLevel(-2): Searching for loose files... 
└ @ Main /work/vemundlu/FiberBundle/support/dataManager.jl:278
┌ LogLevel(-2): All seeds already exist
└ @ Main /work/vemundlu/FiberBundle/support/dataManager.jl:263
  9.249746 seconds (14.97 M allocations: 794.920 MiB, 3.74% gc time, 86.58% compilation time)
┌ LogLevel(-1): Removing workers
└ @ Main /work/vemundlu/FiberBundle/generateData.jl:68
