┌ Warning: rmprocs: process 1 not removed
└ @ Distributed /buildworker/worker/package_linux64/build/usr/share/julia/stdlib/v1.7/Distributed/src/cluster.jl:1045
┌ LogLevel(-1): Starting 40 workers... 
└ @ Main /work/vemundlu/FiberBundle/generateData.jl:56
┌ LogLevel(-1): Running settings: 
│  Any[64], 
│  Any[0.0, 0.1, 0.2, 0.22, 0.24, 0.26, 0.28, 0.3, 0.32, 0.34, 0.36, 0.38, 0.4, 0.5, 0.6, 0.7, 0.8, 0.9], 
│  Any[2.0]
└ @ Main /work/vemundlu/FiberBundle/generateData.jl:60
┌ LogLevel(-2): Starting a=2.0 dist=Uniform L=64 nr=CLS t=0.0
└ @ Main /work/vemundlu/FiberBundle/dataGenerator.jl:152
┌ LogLevel(-2): Searching for loose files... 
└ @ Main /work/vemundlu/FiberBundle/support/dataManager.jl:238
┌ LogLevel(-2): Done!
└ @ Main /work/vemundlu/FiberBundle/support/dataManager.jl:258
┌ LogLevel(-2): All seeds already exist
└ @ Main /work/vemundlu/FiberBundle/support/dataManager.jl:223
┌ LogLevel(-2): Starting a=0.0 dist=Uniform L=64 nr=LLS t=0.0
└ @ Main /work/vemundlu/FiberBundle/dataGenerator.jl:152
┌ LogLevel(-2): Searching for loose files... 
└ @ Main /work/vemundlu/FiberBundle/support/dataManager.jl:238
┌ LogLevel(-2): Done!
└ @ Main /work/vemundlu/FiberBundle/support/dataManager.jl:258
┌ LogLevel(-2): All seeds already exist
└ @ Main /work/vemundlu/FiberBundle/support/dataManager.jl:223
┌ LogLevel(-2): Starting a=2.0 dist=Uniform L=64 nr=CLS t=0.1
└ @ Main /work/vemundlu/FiberBundle/dataGenerator.jl:152
┌ LogLevel(-2): Searching for loose files... 
└ @ Main /work/vemundlu/FiberBundle/support/dataManager.jl:238
┌ LogLevel(-2): Done!
└ @ Main /work/vemundlu/FiberBundle/support/dataManager.jl:258
┌ LogLevel(-2): All seeds already exist
└ @ Main /work/vemundlu/FiberBundle/support/dataManager.jl:223
┌ LogLevel(-2): Starting a=0.0 dist=Uniform L=64 nr=LLS t=0.1
└ @ Main /work/vemundlu/FiberBundle/dataGenerator.jl:152
┌ LogLevel(-2): Searching for loose files... 
└ @ Main /work/vemundlu/FiberBundle/support/dataManager.jl:238
┌ LogLevel(-2): Done!
└ @ Main /work/vemundlu/FiberBundle/support/dataManager.jl:258
┌ LogLevel(-2): All seeds already exist
└ @ Main /work/vemundlu/FiberBundle/support/dataManager.jl:223
┌ LogLevel(-2): Starting a=2.0 dist=Uniform L=64 nr=CLS t=0.2
└ @ Main /work/vemundlu/FiberBundle/dataGenerator.jl:152
┌ LogLevel(-2): Searching for loose files... 
└ @ Main /work/vemundlu/FiberBundle/support/dataManager.jl:238
┌ LogLevel(-2): Done!
└ @ Main /work/vemundlu/FiberBundle/support/dataManager.jl:258
┌ LogLevel(-2): All seeds already exist
└ @ Main /work/vemundlu/FiberBundle/support/dataManager.jl:223
┌ LogLevel(-2): Starting a=0.0 dist=Uniform L=64 nr=LLS t=0.2
└ @ Main /work/vemundlu/FiberBundle/dataGenerator.jl:152
┌ LogLevel(-2): Searching for loose files... 
└ @ Main /work/vemundlu/FiberBundle/support/dataManager.jl:238
┌ LogLevel(-2): Done!
└ @ Main /work/vemundlu/FiberBundle/support/dataManager.jl:258
┌ LogLevel(-2): All seeds already exist
└ @ Main /work/vemundlu/FiberBundle/support/dataManager.jl:223
┌ LogLevel(-2): Starting a=2.0 dist=Uniform L=64 nr=CLS t=0.22
└ @ Main /work/vemundlu/FiberBundle/dataGenerator.jl:152
┌ LogLevel(-2): Searching for loose files... 
└ @ Main /work/vemundlu/FiberBundle/support/dataManager.jl:238
┌ LogLevel(-2): Done!
└ @ Main /work/vemundlu/FiberBundle/support/dataManager.jl:258
┌ LogLevel(-2): 1000 files were found and skipped.
└ @ Main /work/vemundlu/FiberBundle/support/dataManager.jl:217
┌ LogLevel(-2): Running workers...
└ @ Main /work/vemundlu/FiberBundle/dataGenerator.jl:137
┌ LogLevel(-2): Starting work on a=2.0 dist=Uniform L=64 nr=CLS t=0.22
└ @ Main /work/vemundlu/FiberBundle/dataGenerator.jl:78
┌ LogLevel(-2): 0%, Active workers: 24, Completed tasks: 0.
└ @ Main /work/vemundlu/FiberBundle/dataGenerator.jl:90
┌ LogLevel(-2): 1%, Active workers: 40, Completed tasks: 68.
└ @ Main /work/vemundlu/FiberBundle/dataGenerator.jl:90
┌ LogLevel(-2): 2%, Active workers: 40, Completed tasks: 150.
└ @ Main /work/vemundlu/FiberBundle/dataGenerator.jl:90
┌ LogLevel(-2): 3%, Active workers: 40, Completed tasks: 236.
└ @ Main /work/vemundlu/FiberBundle/dataGenerator.jl:90
┌ LogLevel(-2): 4%, Active workers: 40, Completed tasks: 327.
└ @ Main /work/vemundlu/FiberBundle/dataGenerator.jl:90
┌ LogLevel(-2): 5%, Active workers: 40, Completed tasks: 416.
└ @ Main /work/vemundlu/FiberBundle/dataGenerator.jl:90
┌ LogLevel(-2): 6%, Active workers: 40, Completed tasks: 502.
└ @ Main /work/vemundlu/FiberBundle/dataGenerator.jl:90
┌ LogLevel(-2): 7%, Active workers: 40, Completed tasks: 585.
└ @ Main /work/vemundlu/FiberBundle/dataGenerator.jl:90
┌ LogLevel(-2): 8%, Active workers: 40, Completed tasks: 675.
└ @ Main /work/vemundlu/FiberBundle/dataGenerator.jl:90
┌ LogLevel(-2): 9%, Active workers: 40, Completed tasks: 766.
└ @ Main /work/vemundlu/FiberBundle/dataGenerator.jl:90
┌ LogLevel(-2): 10%, Active workers: 40, Completed tasks: 852.
└ @ Main /work/vemundlu/FiberBundle/dataGenerator.jl:90
┌ LogLevel(-2): 11%, Active workers: 40, Completed tasks: 934.
└ @ Main /work/vemundlu/FiberBundle/dataGenerator.jl:90
┌ LogLevel(-2): 12%, Active workers: 40, Completed tasks: 1023.
└ @ Main /work/vemundlu/FiberBundle/dataGenerator.jl:90
┌ LogLevel(-2): 13%, Active workers: 40, Completed tasks: 1104.
└ @ Main /work/vemundlu/FiberBundle/dataGenerator.jl:90
┌ LogLevel(-2): 14%, Active workers: 40, Completed tasks: 1193.
└ @ Main /work/vemundlu/FiberBundle/dataGenerator.jl:90
┌ LogLevel(-2): 15%, Active workers: 40, Completed tasks: 1276.
└ @ Main /work/vemundlu/FiberBundle/dataGenerator.jl:90
┌ LogLevel(-2): 16%, Active workers: 40, Completed tasks: 1364.
└ @ Main /work/vemundlu/FiberBundle/dataGenerator.jl:90
┌ LogLevel(-2): 17%, Active workers: 40, Completed tasks: 1450.
└ @ Main /work/vemundlu/FiberBundle/dataGenerator.jl:90
┌ LogLevel(-2): 18%, Active workers: 40, Completed tasks: 1539.
└ @ Main /work/vemundlu/FiberBundle/dataGenerator.jl:90
┌ LogLevel(-2): 19%, Active workers: 40, Completed tasks: 1624.
└ @ Main /work/vemundlu/FiberBundle/dataGenerator.jl:90
┌ LogLevel(-2): 20%, Active workers: 40, Completed tasks: 1712.
└ @ Main /work/vemundlu/FiberBundle/dataGenerator.jl:90
┌ LogLevel(-2): 21%, Active workers: 40, Completed tasks: 1796.
└ @ Main /work/vemundlu/FiberBundle/dataGenerator.jl:90
┌ LogLevel(-2): 22%, Active workers: 40, Completed tasks: 1883.
└ @ Main /work/vemundlu/FiberBundle/dataGenerator.jl:90
┌ LogLevel(-2): 23%, Active workers: 40, Completed tasks: 1967.
└ @ Main /work/vemundlu/FiberBundle/dataGenerator.jl:90
┌ LogLevel(-2): 24%, Active workers: 40, Completed tasks: 2053.
└ @ Main /work/vemundlu/FiberBundle/dataGenerator.jl:90
┌ LogLevel(-2): 25%, Active workers: 40, Completed tasks: 2139.
└ @ Main /work/vemundlu/FiberBundle/dataGenerator.jl:90
┌ LogLevel(-2): 26%, Active workers: 40, Completed tasks: 2225.
└ @ Main /work/vemundlu/FiberBundle/dataGenerator.jl:90
┌ LogLevel(-2): 27%, Active workers: 40, Completed tasks: 2313.
└ @ Main /work/vemundlu/FiberBundle/dataGenerator.jl:90
┌ LogLevel(-2): 28%, Active workers: 40, Completed tasks: 2407.
└ @ Main /work/vemundlu/FiberBundle/dataGenerator.jl:90
┌ LogLevel(-2): 29%, Active workers: 40, Completed tasks: 2492.
└ @ Main /work/vemundlu/FiberBundle/dataGenerator.jl:90
┌ LogLevel(-2): 30%, Active workers: 40, Completed tasks: 2581.
└ @ Main /work/vemundlu/FiberBundle/dataGenerator.jl:90
┌ LogLevel(-2): 31%, Active workers: 40, Completed tasks: 2665.
└ @ Main /work/vemundlu/FiberBundle/dataGenerator.jl:90
┌ LogLevel(-2): 32%, Active workers: 40, Completed tasks: 2750.
└ @ Main /work/vemundlu/FiberBundle/dataGenerator.jl:90
┌ LogLevel(-2): 33%, Active workers: 38, Completed tasks: 2836.
└ @ Main /work/vemundlu/FiberBundle/dataGenerator.jl:90
┌ LogLevel(-2): 34%, Active workers: 26, Completed tasks: 2926.
└ @ Main /work/vemundlu/FiberBundle/dataGenerator.jl:90
┌ LogLevel(-2): 100%, Active workers: 0, Completed tasks: 3000.
└ @ Main /work/vemundlu/FiberBundle/dataGenerator.jl:93
┌ LogLevel(-2): Done!
└ @ Main /work/vemundlu/FiberBundle/dataGenerator.jl:139
┌ LogLevel(-2): Calculating averages... 
└ @ Main /work/vemundlu/FiberBundle/dataGenerator.jl:142
┌ LogLevel(-2): Done!
└ @ Main /work/vemundlu/FiberBundle/dataGenerator.jl:144
┌ LogLevel(-2): Starting a=0.0 dist=Uniform L=64 nr=LLS t=0.22
└ @ Main /work/vemundlu/FiberBundle/dataGenerator.jl:152
┌ LogLevel(-2): Searching for loose files... 
└ @ Main /work/vemundlu/FiberBundle/support/dataManager.jl:238
┌ LogLevel(-2): Done!
└ @ Main /work/vemundlu/FiberBundle/support/dataManager.jl:258
┌ LogLevel(-2): 1000 files were found and skipped.
└ @ Main /work/vemundlu/FiberBundle/support/dataManager.jl:217
┌ LogLevel(-2): Running workers...
└ @ Main /work/vemundlu/FiberBundle/dataGenerator.jl:137
┌ LogLevel(-2): Starting work on a=0.0 dist=Uniform L=64 nr=LLS t=0.22
└ @ Main /work/vemundlu/FiberBundle/dataGenerator.jl:78
┌ LogLevel(-2): 0%, Active workers: 17, Completed tasks: 0.
└ @ Main /work/vemundlu/FiberBundle/dataGenerator.jl:90
┌ LogLevel(-2): 1%, Active workers: 40, Completed tasks: 86.
└ @ Main /work/vemundlu/FiberBundle/dataGenerator.jl:90
┌ LogLevel(-2): 2%, Active workers: 40, Completed tasks: 201.
└ @ Main /work/vemundlu/FiberBundle/dataGenerator.jl:90
┌ LogLevel(-2): 3%, Active workers: 40, Completed tasks: 313.
└ @ Main /work/vemundlu/FiberBundle/dataGenerator.jl:90
┌ LogLevel(-2): 4%, Active workers: 40, Completed tasks: 426.
└ @ Main /work/vemundlu/FiberBundle/dataGenerator.jl:90
┌ LogLevel(-2): 5%, Active workers: 40, Completed tasks: 531.
└ @ Main /work/vemundlu/FiberBundle/dataGenerator.jl:90
┌ LogLevel(-2): 6%, Active workers: 40, Completed tasks: 641.
└ @ Main /work/vemundlu/FiberBundle/dataGenerator.jl:90
┌ LogLevel(-2): 7%, Active workers: 40, Completed tasks: 751.
└ @ Main /work/vemundlu/FiberBundle/dataGenerator.jl:90
┌ LogLevel(-2): 8%, Active workers: 40, Completed tasks: 864.
└ @ Main /work/vemundlu/FiberBundle/dataGenerator.jl:90
┌ LogLevel(-2): 9%, Active workers: 40, Completed tasks: 974.
└ @ Main /work/vemundlu/FiberBundle/dataGenerator.jl:90
┌ LogLevel(-2): 10%, Active workers: 40, Completed tasks: 1085.
└ @ Main /work/vemundlu/FiberBundle/dataGenerator.jl:90
┌ LogLevel(-2): 11%, Active workers: 40, Completed tasks: 1195.
└ @ Main /work/vemundlu/FiberBundle/dataGenerator.jl:90
┌ LogLevel(-2): 12%, Active workers: 40, Completed tasks: 1302.
└ @ Main /work/vemundlu/FiberBundle/dataGenerator.jl:90
┌ LogLevel(-2): 13%, Active workers: 40, Completed tasks: 1417.
└ @ Main /work/vemundlu/FiberBundle/dataGenerator.jl:90
┌ LogLevel(-2): 14%, Active workers: 40, Completed tasks: 1523.
└ @ Main /work/vemundlu/FiberBundle/dataGenerator.jl:90
┌ LogLevel(-2): 15%, Active workers: 40, Completed tasks: 1636.
└ @ Main /work/vemundlu/FiberBundle/dataGenerator.jl:90
┌ LogLevel(-2): 16%, Active workers: 40, Completed tasks: 1754.
└ @ Main /work/vemundlu/FiberBundle/dataGenerator.jl:90
┌ LogLevel(-2): 17%, Active workers: 40, Completed tasks: 1859.
└ @ Main /work/vemundlu/FiberBundle/dataGenerator.jl:90
┌ LogLevel(-2): 18%, Active workers: 40, Completed tasks: 1967.
└ @ Main /work/vemundlu/FiberBundle/dataGenerator.jl:90
┌ LogLevel(-2): 19%, Active workers: 40, Completed tasks: 2080.
└ @ Main /work/vemundlu/FiberBundle/dataGenerator.jl:90
┌ LogLevel(-2): 20%, Active workers: 40, Completed tasks: 2191.
└ @ Main /work/vemundlu/FiberBundle/dataGenerator.jl:90
┌ LogLevel(-2): 21%, Active workers: 40, Completed tasks: 2308.
└ @ Main /work/vemundlu/FiberBundle/dataGenerator.jl:90
┌ LogLevel(-2): 22%, Active workers: 40, Completed tasks: 2414.
└ @ Main /work/vemundlu/FiberBundle/dataGenerator.jl:90
┌ LogLevel(-2): 23%, Active workers: 40, Completed tasks: 2524.
└ @ Main /work/vemundlu/FiberBundle/dataGenerator.jl:90
┌ LogLevel(-2): 24%, Active workers: 40, Completed tasks: 2640.
└ @ Main /work/vemundlu/FiberBundle/dataGenerator.jl:90
┌ LogLevel(-2): 25%, Active workers: 40, Completed tasks: 2751.
└ @ Main /work/vemundlu/FiberBundle/dataGenerator.jl:90
┌ LogLevel(-2): 26%, Active workers: 40, Completed tasks: 2861.
└ @ Main /work/vemundlu/FiberBundle/dataGenerator.jl:90
┌ LogLevel(-2): 27%, Active workers: 10, Completed tasks: 2989.
└ @ Main /work/vemundlu/FiberBundle/dataGenerator.jl:90
┌ LogLevel(-2): 100%, Active workers: 0, Completed tasks: 3000.
└ @ Main /work/vemundlu/FiberBundle/dataGenerator.jl:93
┌ LogLevel(-2): Done!
└ @ Main /work/vemundlu/FiberBundle/dataGenerator.jl:139
┌ LogLevel(-2): Calculating averages... 
└ @ Main /work/vemundlu/FiberBundle/dataGenerator.jl:142
┌ LogLevel(-2): Done!
└ @ Main /work/vemundlu/FiberBundle/dataGenerator.jl:144
┌ LogLevel(-2): Starting a=2.0 dist=Uniform L=64 nr=CLS t=0.24
└ @ Main /work/vemundlu/FiberBundle/dataGenerator.jl:152
┌ LogLevel(-2): Searching for loose files... 
└ @ Main /work/vemundlu/FiberBundle/support/dataManager.jl:238
┌ LogLevel(-2): Done!
└ @ Main /work/vemundlu/FiberBundle/support/dataManager.jl:258
┌ LogLevel(-2): 1000 files were found and skipped.
└ @ Main /work/vemundlu/FiberBundle/support/dataManager.jl:217
┌ LogLevel(-2): Running workers...
└ @ Main /work/vemundlu/FiberBundle/dataGenerator.jl:137
┌ LogLevel(-2): Starting work on a=2.0 dist=Uniform L=64 nr=CLS t=0.24
└ @ Main /work/vemundlu/FiberBundle/dataGenerator.jl:78
┌ LogLevel(-2): 0%, Active workers: 24, Completed tasks: 0.
└ @ Main /work/vemundlu/FiberBundle/dataGenerator.jl:90
┌ LogLevel(-2): 1%, Active workers: 40, Completed tasks: 67.
└ @ Main /work/vemundlu/FiberBundle/dataGenerator.jl:90
┌ LogLevel(-2): 2%, Active workers: 40, Completed tasks: 153.
└ @ Main /work/vemundlu/FiberBundle/dataGenerator.jl:90
┌ LogLevel(-2): 3%, Active workers: 40, Completed tasks: 242.
└ @ Main /work/vemundlu/FiberBundle/dataGenerator.jl:90
┌ LogLevel(-2): 4%, Active workers: 40, Completed tasks: 326.
└ @ Main /work/vemundlu/FiberBundle/dataGenerator.jl:90
┌ LogLevel(-2): 5%, Active workers: 40, Completed tasks: 413.
└ @ Main /work/vemundlu/FiberBundle/dataGenerator.jl:90
┌ LogLevel(-2): 6%, Active workers: 40, Completed tasks: 499.
└ @ Main /work/vemundlu/FiberBundle/dataGenerator.jl:90
┌ LogLevel(-2): 7%, Active workers: 40, Completed tasks: 586.
└ @ Main /work/vemundlu/FiberBundle/dataGenerator.jl:90
┌ LogLevel(-2): 8%, Active workers: 40, Completed tasks: 680.
└ @ Main /work/vemundlu/FiberBundle/dataGenerator.jl:90
┌ LogLevel(-2): 9%, Active workers: 40, Completed tasks: 760.
└ @ Main /work/vemundlu/FiberBundle/dataGenerator.jl:90
┌ LogLevel(-2): 10%, Active workers: 40, Completed tasks: 848.
└ @ Main /work/vemundlu/FiberBundle/dataGenerator.jl:90
┌ LogLevel(-2): 11%, Active workers: 40, Completed tasks: 932.
└ @ Main /work/vemundlu/FiberBundle/dataGenerator.jl:90
┌ LogLevel(-2): 12%, Active workers: 40, Completed tasks: 1019.
└ @ Main /work/vemundlu/FiberBundle/dataGenerator.jl:90
┌ LogLevel(-2): 13%, Active workers: 40, Completed tasks: 1106.
└ @ Main /work/vemundlu/FiberBundle/dataGenerator.jl:90
┌ LogLevel(-2): 14%, Active workers: 40, Completed tasks: 1192.
└ @ Main /work/vemundlu/FiberBundle/dataGenerator.jl:90
┌ LogLevel(-2): 15%, Active workers: 40, Completed tasks: 1275.
└ @ Main /work/vemundlu/FiberBundle/dataGenerator.jl:90
┌ LogLevel(-2): 16%, Active workers: 40, Completed tasks: 1366.
└ @ Main /work/vemundlu/FiberBundle/dataGenerator.jl:90
┌ LogLevel(-2): 17%, Active workers: 40, Completed tasks: 1458.
└ @ Main /work/vemundlu/FiberBundle/dataGenerator.jl:90
┌ LogLevel(-2): 18%, Active workers: 40, Completed tasks: 1543.
└ @ Main /work/vemundlu/FiberBundle/dataGenerator.jl:90
┌ LogLevel(-2): 19%, Active workers: 40, Completed tasks: 1631.
└ @ Main /work/vemundlu/FiberBundle/dataGenerator.jl:90
┌ LogLevel(-2): 20%, Active workers: 40, Completed tasks: 1718.
└ @ Main /work/vemundlu/FiberBundle/dataGenerator.jl:90
┌ LogLevel(-2): 21%, Active workers: 40, Completed tasks: 1803.
└ @ Main /work/vemundlu/FiberBundle/dataGenerator.jl:90
┌ LogLevel(-2): 22%, Active workers: 40, Completed tasks: 1890.
└ @ Main /work/vemundlu/FiberBundle/dataGenerator.jl:90
┌ LogLevel(-2): 23%, Active workers: 40, Completed tasks: 1973.
└ @ Main /work/vemundlu/FiberBundle/dataGenerator.jl:90
┌ LogLevel(-2): 24%, Active workers: 40, Completed tasks: 2059.
└ @ Main /work/vemundlu/FiberBundle/dataGenerator.jl:90
┌ LogLevel(-2): 25%, Active workers: 40, Completed tasks: 2141.
└ @ Main /work/vemundlu/FiberBundle/dataGenerator.jl:90
┌ LogLevel(-2): 26%, Active workers: 40, Completed tasks: 2230.
└ @ Main /work/vemundlu/FiberBundle/dataGenerator.jl:90
┌ LogLevel(-2): 27%, Active workers: 40, Completed tasks: 2313.
└ @ Main /work/vemundlu/FiberBundle/dataGenerator.jl:90
┌ LogLevel(-2): 28%, Active workers: 40, Completed tasks: 2406.
└ @ Main /work/vemundlu/FiberBundle/dataGenerator.jl:90
┌ LogLevel(-2): 29%, Active workers: 40, Completed tasks: 2493.
└ @ Main /work/vemundlu/FiberBundle/dataGenerator.jl:90
┌ LogLevel(-2): 30%, Active workers: 40, Completed tasks: 2581.
└ @ Main /work/vemundlu/FiberBundle/dataGenerator.jl:90
┌ LogLevel(-2): 31%, Active workers: 40, Completed tasks: 2664.
└ @ Main /work/vemundlu/FiberBundle/dataGenerator.jl:90
┌ LogLevel(-2): 32%, Active workers: 40, Completed tasks: 2755.
└ @ Main /work/vemundlu/FiberBundle/dataGenerator.jl:90
┌ LogLevel(-2): 33%, Active workers: 40, Completed tasks: 2843.
└ @ Main /work/vemundlu/FiberBundle/dataGenerator.jl:90
┌ LogLevel(-2): 34%, Active workers: 30, Completed tasks: 2930.
└ @ Main /work/vemundlu/FiberBundle/dataGenerator.jl:90
┌ LogLevel(-2): 100%, Active workers: 0, Completed tasks: 3000.
└ @ Main /work/vemundlu/FiberBundle/dataGenerator.jl:93
┌ LogLevel(-2): Done!
└ @ Main /work/vemundlu/FiberBundle/dataGenerator.jl:139
┌ LogLevel(-2): Calculating averages... 
└ @ Main /work/vemundlu/FiberBundle/dataGenerator.jl:142
┌ LogLevel(-2): Done!
└ @ Main /work/vemundlu/FiberBundle/dataGenerator.jl:144
┌ LogLevel(-2): Starting a=0.0 dist=Uniform L=64 nr=LLS t=0.24
└ @ Main /work/vemundlu/FiberBundle/dataGenerator.jl:152
┌ LogLevel(-2): Searching for loose files... 
└ @ Main /work/vemundlu/FiberBundle/support/dataManager.jl:238
┌ LogLevel(-2): Done!
└ @ Main /work/vemundlu/FiberBundle/support/dataManager.jl:258
┌ LogLevel(-2): 1000 files were found and skipped.
└ @ Main /work/vemundlu/FiberBundle/support/dataManager.jl:217
┌ LogLevel(-2): Running workers...
└ @ Main /work/vemundlu/FiberBundle/dataGenerator.jl:137
┌ LogLevel(-2): Starting work on a=0.0 dist=Uniform L=64 nr=LLS t=0.24
└ @ Main /work/vemundlu/FiberBundle/dataGenerator.jl:78
┌ LogLevel(-2): 0%, Active workers: 3, Completed tasks: 0.
└ @ Main /work/vemundlu/FiberBundle/dataGenerator.jl:90
┌ LogLevel(-2): 1%, Active workers: 40, Completed tasks: 95.
└ @ Main /work/vemundlu/FiberBundle/dataGenerator.jl:90
┌ LogLevel(-2): 2%, Active workers: 40, Completed tasks: 217.
└ @ Main /work/vemundlu/FiberBundle/dataGenerator.jl:90
┌ LogLevel(-2): 3%, Active workers: 40, Completed tasks: 330.
└ @ Main /work/vemundlu/FiberBundle/dataGenerator.jl:90
┌ LogLevel(-2): 4%, Active workers: 40, Completed tasks: 444.
└ @ Main /work/vemundlu/FiberBundle/dataGenerator.jl:90
┌ LogLevel(-2): 5%, Active workers: 40, Completed tasks: 563.
└ @ Main /work/vemundlu/FiberBundle/dataGenerator.jl:90
┌ LogLevel(-2): 6%, Active workers: 40, Completed tasks: 682.
└ @ Main /work/vemundlu/FiberBundle/dataGenerator.jl:90
┌ LogLevel(-2): 7%, Active workers: 40, Completed tasks: 799.
└ @ Main /work/vemundlu/FiberBundle/dataGenerator.jl:90
┌ LogLevel(-2): 8%, Active workers: 40, Completed tasks: 918.
└ @ Main /work/vemundlu/FiberBundle/dataGenerator.jl:90
┌ LogLevel(-2): 9%, Active workers: 40, Completed tasks: 1034.
└ @ Main /work/vemundlu/FiberBundle/dataGenerator.jl:90
┌ LogLevel(-2): 10%, Active workers: 40, Completed tasks: 1151.
└ @ Main /work/vemundlu/FiberBundle/dataGenerator.jl:90
┌ LogLevel(-2): 11%, Active workers: 40, Completed tasks: 1270.
└ @ Main /work/vemundlu/FiberBundle/dataGenerator.jl:90
┌ LogLevel(-2): 12%, Active workers: 40, Completed tasks: 1388.
└ @ Main /work/vemundlu/FiberBundle/dataGenerator.jl:90
┌ LogLevel(-2): 13%, Active workers: 40, Completed tasks: 1506.
└ @ Main /work/vemundlu/FiberBundle/dataGenerator.jl:90
┌ LogLevel(-2): 14%, Active workers: 40, Completed tasks: 1624.
└ @ Main /work/vemundlu/FiberBundle/dataGenerator.jl:90
┌ LogLevel(-2): 15%, Active workers: 40, Completed tasks: 1737.
└ @ Main /work/vemundlu/FiberBundle/dataGenerator.jl:90
┌ LogLevel(-2): 16%, Active workers: 40, Completed tasks: 1856.
└ @ Main /work/vemundlu/FiberBundle/dataGenerator.jl:90
┌ LogLevel(-2): 17%, Active workers: 40, Completed tasks: 1973.
└ @ Main /work/vemundlu/FiberBundle/dataGenerator.jl:90
┌ LogLevel(-2): 18%, Active workers: 40, Completed tasks: 2087.
└ @ Main /work/vemundlu/FiberBundle/dataGenerator.jl:90
┌ LogLevel(-2): 19%, Active workers: 40, Completed tasks: 2211.
└ @ Main /work/vemundlu/FiberBundle/dataGenerator.jl:90
┌ LogLevel(-2): 20%, Active workers: 40, Completed tasks: 2325.
└ @ Main /work/vemundlu/FiberBundle/dataGenerator.jl:90
┌ LogLevel(-2): 21%, Active workers: 40, Completed tasks: 2442.
└ @ Main /work/vemundlu/FiberBundle/dataGenerator.jl:90
┌ LogLevel(-2): 22%, Active workers: 40, Completed tasks: 2557.
└ @ Main /work/vemundlu/FiberBundle/dataGenerator.jl:90
┌ LogLevel(-2): 23%, Active workers: 40, Completed tasks: 2675.
└ @ Main /work/vemundlu/FiberBundle/dataGenerator.jl:90
┌ LogLevel(-2): 24%, Active workers: 40, Completed tasks: 2791.
└ @ Main /work/vemundlu/FiberBundle/dataGenerator.jl:90
┌ LogLevel(-2): 25%, Active workers: 37, Completed tasks: 2914.
└ @ Main /work/vemundlu/FiberBundle/dataGenerator.jl:90
┌ LogLevel(-2): 100%, Active workers: 0, Completed tasks: 3000.
└ @ Main /work/vemundlu/FiberBundle/dataGenerator.jl:93
┌ LogLevel(-2): Done!
└ @ Main /work/vemundlu/FiberBundle/dataGenerator.jl:139
┌ LogLevel(-2): Calculating averages... 
└ @ Main /work/vemundlu/FiberBundle/dataGenerator.jl:142
┌ LogLevel(-2): Done!
└ @ Main /work/vemundlu/FiberBundle/dataGenerator.jl:144
┌ LogLevel(-2): Starting a=2.0 dist=Uniform L=64 nr=CLS t=0.26
└ @ Main /work/vemundlu/FiberBundle/dataGenerator.jl:152
┌ LogLevel(-2): Searching for loose files... 
└ @ Main /work/vemundlu/FiberBundle/support/dataManager.jl:238
┌ LogLevel(-2): Done!
└ @ Main /work/vemundlu/FiberBundle/support/dataManager.jl:258
┌ LogLevel(-2): 1000 files were found and skipped.
└ @ Main /work/vemundlu/FiberBundle/support/dataManager.jl:217
┌ LogLevel(-2): Running workers...
└ @ Main /work/vemundlu/FiberBundle/dataGenerator.jl:137
┌ LogLevel(-2): Starting work on a=2.0 dist=Uniform L=64 nr=CLS t=0.26
└ @ Main /work/vemundlu/FiberBundle/dataGenerator.jl:78
┌ LogLevel(-2): 0%, Active workers: 21, Completed tasks: 0.
└ @ Main /work/vemundlu/FiberBundle/dataGenerator.jl:90
┌ LogLevel(-2): 1%, Active workers: 40, Completed tasks: 69.
└ @ Main /work/vemundlu/FiberBundle/dataGenerator.jl:90
┌ LogLevel(-2): 2%, Active workers: 40, Completed tasks: 153.
└ @ Main /work/vemundlu/FiberBundle/dataGenerator.jl:90
┌ LogLevel(-2): 3%, Active workers: 40, Completed tasks: 240.
└ @ Main /work/vemundlu/FiberBundle/dataGenerator.jl:90
┌ LogLevel(-2): 4%, Active workers: 40, Completed tasks: 325.
└ @ Main /work/vemundlu/FiberBundle/dataGenerator.jl:90
┌ LogLevel(-2): 5%, Active workers: 40, Completed tasks: 413.
└ @ Main /work/vemundlu/FiberBundle/dataGenerator.jl:90
┌ LogLevel(-2): 6%, Active workers: 40, Completed tasks: 498.
└ @ Main /work/vemundlu/FiberBundle/dataGenerator.jl:90
┌ LogLevel(-2): 7%, Active workers: 40, Completed tasks: 579.
└ @ Main /work/vemundlu/FiberBundle/dataGenerator.jl:90
┌ LogLevel(-2): 8%, Active workers: 40, Completed tasks: 670.
└ @ Main /work/vemundlu/FiberBundle/dataGenerator.jl:90
┌ LogLevel(-2): 9%, Active workers: 40, Completed tasks: 754.
└ @ Main /work/vemundlu/FiberBundle/dataGenerator.jl:90
┌ LogLevel(-2): 10%, Active workers: 40, Completed tasks: 845.
└ @ Main /work/vemundlu/FiberBundle/dataGenerator.jl:90
┌ LogLevel(-2): 11%, Active workers: 40, Completed tasks: 926.
└ @ Main /work/vemundlu/FiberBundle/dataGenerator.jl:90
┌ LogLevel(-2): 12%, Active workers: 40, Completed tasks: 1007.
└ @ Main /work/vemundlu/FiberBundle/dataGenerator.jl:90
┌ LogLevel(-2): 13%, Active workers: 40, Completed tasks: 1098.
└ @ Main /work/vemundlu/FiberBundle/dataGenerator.jl:90
┌ LogLevel(-2): 14%, Active workers: 40, Completed tasks: 1180.
└ @ Main /work/vemundlu/FiberBundle/dataGenerator.jl:90
┌ LogLevel(-2): 15%, Active workers: 40, Completed tasks: 1272.
└ @ Main /work/vemundlu/FiberBundle/dataGenerator.jl:90
┌ LogLevel(-2): 16%, Active workers: 40, Completed tasks: 1358.
└ @ Main /work/vemundlu/FiberBundle/dataGenerator.jl:90
┌ LogLevel(-2): 17%, Active workers: 40, Completed tasks: 1444.
└ @ Main /work/vemundlu/FiberBundle/dataGenerator.jl:90
┌ LogLevel(-2): 18%, Active workers: 40, Completed tasks: 1529.
└ @ Main /work/vemundlu/FiberBundle/dataGenerator.jl:90
┌ LogLevel(-2): 19%, Active workers: 40, Completed tasks: 1615.
└ @ Main /work/vemundlu/FiberBundle/dataGenerator.jl:90
┌ LogLevel(-2): 20%, Active workers: 40, Completed tasks: 1704.
└ @ Main /work/vemundlu/FiberBundle/dataGenerator.jl:90
┌ LogLevel(-2): 21%, Active workers: 40, Completed tasks: 1796.
└ @ Main /work/vemundlu/FiberBundle/dataGenerator.jl:90
┌ LogLevel(-2): 22%, Active workers: 40, Completed tasks: 1883.
└ @ Main /work/vemundlu/FiberBundle/dataGenerator.jl:90
┌ LogLevel(-2): 23%, Active workers: 40, Completed tasks: 1965.
└ @ Main /work/vemundlu/FiberBundle/dataGenerator.jl:90
┌ LogLevel(-2): 24%, Active workers: 40, Completed tasks: 2054.
└ @ Main /work/vemundlu/FiberBundle/dataGenerator.jl:90
┌ LogLevel(-2): 25%, Active workers: 40, Completed tasks: 2143.
└ @ Main /work/vemundlu/FiberBundle/dataGenerator.jl:90
┌ LogLevel(-2): 26%, Active workers: 40, Completed tasks: 2227.
└ @ Main /work/vemundlu/FiberBundle/dataGenerator.jl:90
┌ LogLevel(-2): 27%, Active workers: 40, Completed tasks: 2314.
└ @ Main /work/vemundlu/FiberBundle/dataGenerator.jl:90
┌ LogLevel(-2): 28%, Active workers: 40, Completed tasks: 2397.
└ @ Main /work/vemundlu/FiberBundle/dataGenerator.jl:90
┌ LogLevel(-2): 29%, Active workers: 40, Completed tasks: 2487.
└ @ Main /work/vemundlu/FiberBundle/dataGenerator.jl:90
┌ LogLevel(-2): 30%, Active workers: 40, Completed tasks: 2570.
└ @ Main /work/vemundlu/FiberBundle/dataGenerator.jl:90
┌ LogLevel(-2): 31%, Active workers: 40, Completed tasks: 2660.
└ @ Main /work/vemundlu/FiberBundle/dataGenerator.jl:90
┌ LogLevel(-2): 32%, Active workers: 40, Completed tasks: 2746.
└ @ Main /work/vemundlu/FiberBundle/dataGenerator.jl:90
┌ LogLevel(-2): 33%, Active workers: 37, Completed tasks: 2833.
└ @ Main /work/vemundlu/FiberBundle/dataGenerator.jl:90
┌ LogLevel(-2): 34%, Active workers: 30, Completed tasks: 2920.
└ @ Main /work/vemundlu/FiberBundle/dataGenerator.jl:90
┌ LogLevel(-2): 100%, Active workers: 0, Completed tasks: 3000.
└ @ Main /work/vemundlu/FiberBundle/dataGenerator.jl:93
┌ LogLevel(-2): Done!
└ @ Main /work/vemundlu/FiberBundle/dataGenerator.jl:139
┌ LogLevel(-2): Calculating averages... 
└ @ Main /work/vemundlu/FiberBundle/dataGenerator.jl:142
┌ LogLevel(-2): Done!
└ @ Main /work/vemundlu/FiberBundle/dataGenerator.jl:144
┌ LogLevel(-2): Starting a=0.0 dist=Uniform L=64 nr=LLS t=0.26
└ @ Main /work/vemundlu/FiberBundle/dataGenerator.jl:152
┌ LogLevel(-2): Searching for loose files... 
└ @ Main /work/vemundlu/FiberBundle/support/dataManager.jl:238
┌ LogLevel(-2): Done!
└ @ Main /work/vemundlu/FiberBundle/support/dataManager.jl:258
┌ LogLevel(-2): 1000 files were found and skipped.
└ @ Main /work/vemundlu/FiberBundle/support/dataManager.jl:217
┌ LogLevel(-2): Running workers...
└ @ Main /work/vemundlu/FiberBundle/dataGenerator.jl:137
┌ LogLevel(-2): Starting work on a=0.0 dist=Uniform L=64 nr=LLS t=0.26
└ @ Main /work/vemundlu/FiberBundle/dataGenerator.jl:78
┌ LogLevel(-2): 0%, Active workers: 24, Completed tasks: 0.
└ @ Main /work/vemundlu/FiberBundle/dataGenerator.jl:90
┌ LogLevel(-2): 1%, Active workers: 40, Completed tasks: 106.
└ @ Main /work/vemundlu/FiberBundle/dataGenerator.jl:90
┌ LogLevel(-2): 2%, Active workers: 40, Completed tasks: 234.
└ @ Main /work/vemundlu/FiberBundle/dataGenerator.jl:90
┌ LogLevel(-2): 3%, Active workers: 40, Completed tasks: 354.
└ @ Main /work/vemundlu/FiberBundle/dataGenerator.jl:90
┌ LogLevel(-2): 4%, Active workers: 40, Completed tasks: 477.
└ @ Main /work/vemundlu/FiberBundle/dataGenerator.jl:90
┌ LogLevel(-2): 5%, Active workers: 40, Completed tasks: 605.
└ @ Main /work/vemundlu/FiberBundle/dataGenerator.jl:90
┌ LogLevel(-2): 6%, Active workers: 40, Completed tasks: 728.
└ @ Main /work/vemundlu/FiberBundle/dataGenerator.jl:90
┌ LogLevel(-2): 7%, Active workers: 40, Completed tasks: 853.
└ @ Main /work/vemundlu/FiberBundle/dataGenerator.jl:90
┌ LogLevel(-2): 8%, Active workers: 40, Completed tasks: 976.
└ @ Main /work/vemundlu/FiberBundle/dataGenerator.jl:90
┌ LogLevel(-2): 9%, Active workers: 40, Completed tasks: 1097.
└ @ Main /work/vemundlu/FiberBundle/dataGenerator.jl:90
┌ LogLevel(-2): 10%, Active workers: 40, Completed tasks: 1224.
└ @ Main /work/vemundlu/FiberBundle/dataGenerator.jl:90
┌ LogLevel(-2): 11%, Active workers: 40, Completed tasks: 1349.
└ @ Main /work/vemundlu/FiberBundle/dataGenerator.jl:90
┌ LogLevel(-2): 12%, Active workers: 40, Completed tasks: 1476.
└ @ Main /work/vemundlu/FiberBundle/dataGenerator.jl:90
┌ LogLevel(-2): 13%, Active workers: 40, Completed tasks: 1601.
└ @ Main /work/vemundlu/FiberBundle/dataGenerator.jl:90
┌ LogLevel(-2): 14%, Active workers: 40, Completed tasks: 1725.
└ @ Main /work/vemundlu/FiberBundle/dataGenerator.jl:90
┌ LogLevel(-2): 15%, Active workers: 40, Completed tasks: 1847.
└ @ Main /work/vemundlu/FiberBundle/dataGenerator.jl:90
┌ LogLevel(-2): 16%, Active workers: 40, Completed tasks: 1972.
└ @ Main /work/vemundlu/FiberBundle/dataGenerator.jl:90
┌ LogLevel(-2): 17%, Active workers: 40, Completed tasks: 2091.
└ @ Main /work/vemundlu/FiberBundle/dataGenerator.jl:90
┌ LogLevel(-2): 18%, Active workers: 40, Completed tasks: 2219.
└ @ Main /work/vemundlu/FiberBundle/dataGenerator.jl:90
┌ LogLevel(-2): 19%, Active workers: 40, Completed tasks: 2343.
└ @ Main /work/vemundlu/FiberBundle/dataGenerator.jl:90
┌ LogLevel(-2): 20%, Active workers: 40, Completed tasks: 2468.
└ @ Main /work/vemundlu/FiberBundle/dataGenerator.jl:90
┌ LogLevel(-2): 21%, Active workers: 40, Completed tasks: 2596.
└ @ Main /work/vemundlu/FiberBundle/dataGenerator.jl:90
┌ LogLevel(-2): 22%, Active workers: 40, Completed tasks: 2720.
└ @ Main /work/vemundlu/FiberBundle/dataGenerator.jl:90
┌ LogLevel(-2): 23%, Active workers: 40, Completed tasks: 2848.
└ @ Main /work/vemundlu/FiberBundle/dataGenerator.jl:90
┌ LogLevel(-2): 24%, Active workers: 13, Completed tasks: 2986.
└ @ Main /work/vemundlu/FiberBundle/dataGenerator.jl:90
┌ LogLevel(-2): 100%, Active workers: 0, Completed tasks: 3000.
└ @ Main /work/vemundlu/FiberBundle/dataGenerator.jl:93
┌ LogLevel(-2): Done!
└ @ Main /work/vemundlu/FiberBundle/dataGenerator.jl:139
┌ LogLevel(-2): Calculating averages... 
└ @ Main /work/vemundlu/FiberBundle/dataGenerator.jl:142
┌ LogLevel(-2): Done!
└ @ Main /work/vemundlu/FiberBundle/dataGenerator.jl:144
┌ LogLevel(-2): Starting a=2.0 dist=Uniform L=64 nr=CLS t=0.28
└ @ Main /work/vemundlu/FiberBundle/dataGenerator.jl:152
┌ LogLevel(-2): Searching for loose files... 
└ @ Main /work/vemundlu/FiberBundle/support/dataManager.jl:238
┌ LogLevel(-2): Done!
└ @ Main /work/vemundlu/FiberBundle/support/dataManager.jl:258
┌ LogLevel(-2): 1000 files were found and skipped.
└ @ Main /work/vemundlu/FiberBundle/support/dataManager.jl:217
┌ LogLevel(-2): Running workers...
└ @ Main /work/vemundlu/FiberBundle/dataGenerator.jl:137
┌ LogLevel(-2): Starting work on a=2.0 dist=Uniform L=64 nr=CLS t=0.28
└ @ Main /work/vemundlu/FiberBundle/dataGenerator.jl:78
┌ LogLevel(-2): 0%, Active workers: 26, Completed tasks: 0.
└ @ Main /work/vemundlu/FiberBundle/dataGenerator.jl:90
┌ LogLevel(-2): 1%, Active workers: 40, Completed tasks: 59.
└ @ Main /work/vemundlu/FiberBundle/dataGenerator.jl:90
┌ LogLevel(-2): 2%, Active workers: 40, Completed tasks: 146.
└ @ Main /work/vemundlu/FiberBundle/dataGenerator.jl:90
┌ LogLevel(-2): 3%, Active workers: 40, Completed tasks: 239.
└ @ Main /work/vemundlu/FiberBundle/dataGenerator.jl:90
┌ LogLevel(-2): 4%, Active workers: 40, Completed tasks: 323.
└ @ Main /work/vemundlu/FiberBundle/dataGenerator.jl:90
┌ LogLevel(-2): 5%, Active workers: 40, Completed tasks: 401.
└ @ Main /work/vemundlu/FiberBundle/dataGenerator.jl:90
┌ LogLevel(-2): 6%, Active workers: 40, Completed tasks: 488.
└ @ Main /work/vemundlu/FiberBundle/dataGenerator.jl:90
┌ LogLevel(-2): 7%, Active workers: 40, Completed tasks: 571.
└ @ Main /work/vemundlu/FiberBundle/dataGenerator.jl:90
┌ LogLevel(-2): 8%, Active workers: 40, Completed tasks: 653.
└ @ Main /work/vemundlu/FiberBundle/dataGenerator.jl:90
┌ LogLevel(-2): 9%, Active workers: 40, Completed tasks: 742.
└ @ Main /work/vemundlu/FiberBundle/dataGenerator.jl:90
┌ LogLevel(-2): 10%, Active workers: 40, Completed tasks: 828.
└ @ Main /work/vemundlu/FiberBundle/dataGenerator.jl:90
┌ LogLevel(-2): 11%, Active workers: 40, Completed tasks: 915.
└ @ Main /work/vemundlu/FiberBundle/dataGenerator.jl:90
┌ LogLevel(-2): 12%, Active workers: 40, Completed tasks: 995.
└ @ Main /work/vemundlu/FiberBundle/dataGenerator.jl:90
┌ LogLevel(-2): 13%, Active workers: 40, Completed tasks: 1080.
└ @ Main /work/vemundlu/FiberBundle/dataGenerator.jl:90
┌ LogLevel(-2): 14%, Active workers: 40, Completed tasks: 1170.
└ @ Main /work/vemundlu/FiberBundle/dataGenerator.jl:90
┌ LogLevel(-2): 15%, Active workers: 40, Completed tasks: 1259.
└ @ Main /work/vemundlu/FiberBundle/dataGenerator.jl:90
┌ LogLevel(-2): 16%, Active workers: 40, Completed tasks: 1349.
└ @ Main /work/vemundlu/FiberBundle/dataGenerator.jl:90
┌ LogLevel(-2): 17%, Active workers: 40, Completed tasks: 1427.
└ @ Main /work/vemundlu/FiberBundle/dataGenerator.jl:90
┌ LogLevel(-2): 18%, Active workers: 40, Completed tasks: 1511.
└ @ Main /work/vemundlu/FiberBundle/dataGenerator.jl:90
┌ LogLevel(-2): 19%, Active workers: 40, Completed tasks: 1600.
└ @ Main /work/vemundlu/FiberBundle/dataGenerator.jl:90
┌ LogLevel(-2): 20%, Active workers: 40, Completed tasks: 1687.
└ @ Main /work/vemundlu/FiberBundle/dataGenerator.jl:90
┌ LogLevel(-2): 21%, Active workers: 40, Completed tasks: 1765.
└ @ Main /work/vemundlu/FiberBundle/dataGenerator.jl:90
┌ LogLevel(-2): 22%, Active workers: 40, Completed tasks: 1856.
└ @ Main /work/vemundlu/FiberBundle/dataGenerator.jl:90
┌ LogLevel(-2): 23%, Active workers: 40, Completed tasks: 1935.
└ @ Main /work/vemundlu/FiberBundle/dataGenerator.jl:90
┌ LogLevel(-2): 24%, Active workers: 40, Completed tasks: 2020.
└ @ Main /work/vemundlu/FiberBundle/dataGenerator.jl:90
┌ LogLevel(-2): 25%, Active workers: 40, Completed tasks: 2103.
└ @ Main /work/vemundlu/FiberBundle/dataGenerator.jl:90
┌ LogLevel(-2): 26%, Active workers: 40, Completed tasks: 2192.
└ @ Main /work/vemundlu/FiberBundle/dataGenerator.jl:90
┌ LogLevel(-2): 27%, Active workers: 40, Completed tasks: 2274.
└ @ Main /work/vemundlu/FiberBundle/dataGenerator.jl:90
┌ LogLevel(-2): 28%, Active workers: 40, Completed tasks: 2358.
└ @ Main /work/vemundlu/FiberBundle/dataGenerator.jl:90
┌ LogLevel(-2): 29%, Active workers: 40, Completed tasks: 2441.
└ @ Main /work/vemundlu/FiberBundle/dataGenerator.jl:90
┌ LogLevel(-2): 30%, Active workers: 40, Completed tasks: 2525.
└ @ Main /work/vemundlu/FiberBundle/dataGenerator.jl:90
┌ LogLevel(-2): 31%, Active workers: 40, Completed tasks: 2613.
└ @ Main /work/vemundlu/FiberBundle/dataGenerator.jl:90
┌ LogLevel(-2): 32%, Active workers: 40, Completed tasks: 2696.
└ @ Main /work/vemundlu/FiberBundle/dataGenerator.jl:90
┌ LogLevel(-2): 33%, Active workers: 40, Completed tasks: 2783.
└ @ Main /work/vemundlu/FiberBundle/dataGenerator.jl:90
┌ LogLevel(-2): 34%, Active workers: 38, Completed tasks: 2864.
└ @ Main /work/vemundlu/FiberBundle/dataGenerator.jl:90
┌ LogLevel(-2): 35%, Active workers: 22, Completed tasks: 2958.
└ @ Main /work/vemundlu/FiberBundle/dataGenerator.jl:90
┌ LogLevel(-2): 100%, Active workers: 0, Completed tasks: 3000.
└ @ Main /work/vemundlu/FiberBundle/dataGenerator.jl:93
┌ LogLevel(-2): Done!
└ @ Main /work/vemundlu/FiberBundle/dataGenerator.jl:139
┌ LogLevel(-2): Calculating averages... 
└ @ Main /work/vemundlu/FiberBundle/dataGenerator.jl:142
┌ LogLevel(-2): Done!
└ @ Main /work/vemundlu/FiberBundle/dataGenerator.jl:144
┌ LogLevel(-2): Starting a=0.0 dist=Uniform L=64 nr=LLS t=0.28
└ @ Main /work/vemundlu/FiberBundle/dataGenerator.jl:152
┌ LogLevel(-2): Searching for loose files... 
└ @ Main /work/vemundlu/FiberBundle/support/dataManager.jl:238
┌ LogLevel(-2): Done!
└ @ Main /work/vemundlu/FiberBundle/support/dataManager.jl:258
┌ LogLevel(-2): 1000 files were found and skipped.
└ @ Main /work/vemundlu/FiberBundle/support/dataManager.jl:217
┌ LogLevel(-2): Running workers...
└ @ Main /work/vemundlu/FiberBundle/dataGenerator.jl:137
┌ LogLevel(-2): Starting work on a=0.0 dist=Uniform L=64 nr=LLS t=0.28
└ @ Main /work/vemundlu/FiberBundle/dataGenerator.jl:78
┌ LogLevel(-2): 0%, Active workers: 14, Completed tasks: 0.
└ @ Main /work/vemundlu/FiberBundle/dataGenerator.jl:90
┌ LogLevel(-2): 1%, Active workers: 40, Completed tasks: 117.
└ @ Main /work/vemundlu/FiberBundle/dataGenerator.jl:90
┌ LogLevel(-2): 2%, Active workers: 40, Completed tasks: 248.
└ @ Main /work/vemundlu/FiberBundle/dataGenerator.jl:90
┌ LogLevel(-2): 3%, Active workers: 40, Completed tasks: 384.
└ @ Main /work/vemundlu/FiberBundle/dataGenerator.jl:90
┌ LogLevel(-2): 4%, Active workers: 40, Completed tasks: 517.
└ @ Main /work/vemundlu/FiberBundle/dataGenerator.jl:90
┌ LogLevel(-2): 5%, Active workers: 40, Completed tasks: 651.
└ @ Main /work/vemundlu/FiberBundle/dataGenerator.jl:90
┌ LogLevel(-2): 6%, Active workers: 40, Completed tasks: 786.
└ @ Main /work/vemundlu/FiberBundle/dataGenerator.jl:90
┌ LogLevel(-2): 7%, Active workers: 40, Completed tasks: 916.
└ @ Main /work/vemundlu/FiberBundle/dataGenerator.jl:90
┌ LogLevel(-2): 8%, Active workers: 40, Completed tasks: 1056.
└ @ Main /work/vemundlu/FiberBundle/dataGenerator.jl:90
┌ LogLevel(-2): 9%, Active workers: 40, Completed tasks: 1185.
└ @ Main /work/vemundlu/FiberBundle/dataGenerator.jl:90
┌ LogLevel(-2): 10%, Active workers: 40, Completed tasks: 1314.
└ @ Main /work/vemundlu/FiberBundle/dataGenerator.jl:90
┌ LogLevel(-2): 11%, Active workers: 40, Completed tasks: 1451.
└ @ Main /work/vemundlu/FiberBundle/dataGenerator.jl:90
┌ LogLevel(-2): 12%, Active workers: 40, Completed tasks: 1590.
└ @ Main /work/vemundlu/FiberBundle/dataGenerator.jl:90
┌ LogLevel(-2): 13%, Active workers: 40, Completed tasks: 1721.
└ @ Main /work/vemundlu/FiberBundle/dataGenerator.jl:90
┌ LogLevel(-2): 14%, Active workers: 40, Completed tasks: 1854.
└ @ Main /work/vemundlu/FiberBundle/dataGenerator.jl:90
┌ LogLevel(-2): 15%, Active workers: 40, Completed tasks: 1987.
└ @ Main /work/vemundlu/FiberBundle/dataGenerator.jl:90
┌ LogLevel(-2): 16%, Active workers: 40, Completed tasks: 2118.
└ @ Main /work/vemundlu/FiberBundle/dataGenerator.jl:90
┌ LogLevel(-2): 17%, Active workers: 40, Completed tasks: 2252.
└ @ Main /work/vemundlu/FiberBundle/dataGenerator.jl:90
┌ LogLevel(-2): 18%, Active workers: 40, Completed tasks: 2387.
└ @ Main /work/vemundlu/FiberBundle/dataGenerator.jl:90
┌ LogLevel(-2): 19%, Active workers: 40, Completed tasks: 2522.
└ @ Main /work/vemundlu/FiberBundle/dataGenerator.jl:90
┌ LogLevel(-2): 20%, Active workers: 40, Completed tasks: 2654.
└ @ Main /work/vemundlu/FiberBundle/dataGenerator.jl:90
┌ LogLevel(-2): 21%, Active workers: 40, Completed tasks: 2793.
└ @ Main /work/vemundlu/FiberBundle/dataGenerator.jl:90
┌ LogLevel(-2): 22%, Active workers: 34, Completed tasks: 2930.
└ @ Main /work/vemundlu/FiberBundle/dataGenerator.jl:90
┌ LogLevel(-2): 100%, Active workers: 0, Completed tasks: 3000.
└ @ Main /work/vemundlu/FiberBundle/dataGenerator.jl:93
┌ LogLevel(-2): Done!
└ @ Main /work/vemundlu/FiberBundle/dataGenerator.jl:139
┌ LogLevel(-2): Calculating averages... 
└ @ Main /work/vemundlu/FiberBundle/dataGenerator.jl:142
┌ LogLevel(-2): Done!
└ @ Main /work/vemundlu/FiberBundle/dataGenerator.jl:144
┌ LogLevel(-2): Starting a=2.0 dist=Uniform L=64 nr=CLS t=0.3
└ @ Main /work/vemundlu/FiberBundle/dataGenerator.jl:152
┌ LogLevel(-2): Searching for loose files... 
└ @ Main /work/vemundlu/FiberBundle/support/dataManager.jl:238
┌ LogLevel(-2): Done!
└ @ Main /work/vemundlu/FiberBundle/support/dataManager.jl:258
┌ LogLevel(-2): All seeds already exist
└ @ Main /work/vemundlu/FiberBundle/support/dataManager.jl:223
┌ LogLevel(-2): Starting a=0.0 dist=Uniform L=64 nr=LLS t=0.3
└ @ Main /work/vemundlu/FiberBundle/dataGenerator.jl:152
┌ LogLevel(-2): Searching for loose files... 
└ @ Main /work/vemundlu/FiberBundle/support/dataManager.jl:238
┌ LogLevel(-2): Done!
└ @ Main /work/vemundlu/FiberBundle/support/dataManager.jl:258
┌ LogLevel(-2): All seeds already exist
└ @ Main /work/vemundlu/FiberBundle/support/dataManager.jl:223
┌ LogLevel(-2): Starting a=2.0 dist=Uniform L=64 nr=CLS t=0.32
└ @ Main /work/vemundlu/FiberBundle/dataGenerator.jl:152
┌ LogLevel(-2): Searching for loose files... 
└ @ Main /work/vemundlu/FiberBundle/support/dataManager.jl:238
┌ LogLevel(-2): Done!
└ @ Main /work/vemundlu/FiberBundle/support/dataManager.jl:258
┌ LogLevel(-2): 1000 files were found and skipped.
└ @ Main /work/vemundlu/FiberBundle/support/dataManager.jl:217
┌ LogLevel(-2): Running workers...
└ @ Main /work/vemundlu/FiberBundle/dataGenerator.jl:137
┌ LogLevel(-2): Starting work on a=2.0 dist=Uniform L=64 nr=CLS t=0.32
└ @ Main /work/vemundlu/FiberBundle/dataGenerator.jl:78
┌ LogLevel(-2): 0%, Active workers: 15, Completed tasks: 0.
└ @ Main /work/vemundlu/FiberBundle/dataGenerator.jl:90
┌ LogLevel(-2): 1%, Active workers: 40, Completed tasks: 58.
└ @ Main /work/vemundlu/FiberBundle/dataGenerator.jl:90
┌ LogLevel(-2): 2%, Active workers: 40, Completed tasks: 137.
└ @ Main /work/vemundlu/FiberBundle/dataGenerator.jl:90
┌ LogLevel(-2): 3%, Active workers: 40, Completed tasks: 218.
└ @ Main /work/vemundlu/FiberBundle/dataGenerator.jl:90
┌ LogLevel(-2): 4%, Active workers: 40, Completed tasks: 300.
└ @ Main /work/vemundlu/FiberBundle/dataGenerator.jl:90
┌ LogLevel(-2): 5%, Active workers: 40, Completed tasks: 380.
└ @ Main /work/vemundlu/FiberBundle/dataGenerator.jl:90
┌ LogLevel(-2): 6%, Active workers: 40, Completed tasks: 461.
└ @ Main /work/vemundlu/FiberBundle/dataGenerator.jl:90
┌ LogLevel(-2): 7%, Active workers: 40, Completed tasks: 538.
└ @ Main /work/vemundlu/FiberBundle/dataGenerator.jl:90
┌ LogLevel(-2): 8%, Active workers: 40, Completed tasks: 614.
└ @ Main /work/vemundlu/FiberBundle/dataGenerator.jl:90
┌ LogLevel(-2): 9%, Active workers: 40, Completed tasks: 699.
└ @ Main /work/vemundlu/FiberBundle/dataGenerator.jl:90
┌ LogLevel(-2): 10%, Active workers: 40, Completed tasks: 777.
└ @ Main /work/vemundlu/FiberBundle/dataGenerator.jl:90
┌ LogLevel(-2): 11%, Active workers: 40, Completed tasks: 856.
└ @ Main /work/vemundlu/FiberBundle/dataGenerator.jl:90
┌ LogLevel(-2): 12%, Active workers: 40, Completed tasks: 939.
└ @ Main /work/vemundlu/FiberBundle/dataGenerator.jl:90
┌ LogLevel(-2): 13%, Active workers: 40, Completed tasks: 1018.
└ @ Main /work/vemundlu/FiberBundle/dataGenerator.jl:90
┌ LogLevel(-2): 14%, Active workers: 40, Completed tasks: 1100.
└ @ Main /work/vemundlu/FiberBundle/dataGenerator.jl:90
┌ LogLevel(-2): 15%, Active workers: 40, Completed tasks: 1182.
└ @ Main /work/vemundlu/FiberBundle/dataGenerator.jl:90
┌ LogLevel(-2): 16%, Active workers: 40, Completed tasks: 1266.
└ @ Main /work/vemundlu/FiberBundle/dataGenerator.jl:90
┌ LogLevel(-2): 17%, Active workers: 40, Completed tasks: 1355.
└ @ Main /work/vemundlu/FiberBundle/dataGenerator.jl:90
┌ LogLevel(-2): 18%, Active workers: 40, Completed tasks: 1438.
└ @ Main /work/vemundlu/FiberBundle/dataGenerator.jl:90
┌ LogLevel(-2): 19%, Active workers: 40, Completed tasks: 1516.
└ @ Main /work/vemundlu/FiberBundle/dataGenerator.jl:90
┌ LogLevel(-2): 20%, Active workers: 40, Completed tasks: 1603.
└ @ Main /work/vemundlu/FiberBundle/dataGenerator.jl:90
┌ LogLevel(-2): 21%, Active workers: 40, Completed tasks: 1686.
└ @ Main /work/vemundlu/FiberBundle/dataGenerator.jl:90
┌ LogLevel(-2): 22%, Active workers: 40, Completed tasks: 1762.
└ @ Main /work/vemundlu/FiberBundle/dataGenerator.jl:90
┌ LogLevel(-2): 23%, Active workers: 40, Completed tasks: 1849.
└ @ Main /work/vemundlu/FiberBundle/dataGenerator.jl:90
┌ LogLevel(-2): 24%, Active workers: 40, Completed tasks: 1932.
└ @ Main /work/vemundlu/FiberBundle/dataGenerator.jl:90
┌ LogLevel(-2): 25%, Active workers: 40, Completed tasks: 2021.
└ @ Main /work/vemundlu/FiberBundle/dataGenerator.jl:90
┌ LogLevel(-2): 26%, Active workers: 40, Completed tasks: 2103.
└ @ Main /work/vemundlu/FiberBundle/dataGenerator.jl:90
┌ LogLevel(-2): 27%, Active workers: 40, Completed tasks: 2179.
└ @ Main /work/vemundlu/FiberBundle/dataGenerator.jl:90
┌ LogLevel(-2): 28%, Active workers: 40, Completed tasks: 2264.
└ @ Main /work/vemundlu/FiberBundle/dataGenerator.jl:90
┌ LogLevel(-2): 29%, Active workers: 40, Completed tasks: 2339.
└ @ Main /work/vemundlu/FiberBundle/dataGenerator.jl:90
┌ LogLevel(-2): 30%, Active workers: 40, Completed tasks: 2425.
└ @ Main /work/vemundlu/FiberBundle/dataGenerator.jl:90
┌ LogLevel(-2): 31%, Active workers: 40, Completed tasks: 2507.
└ @ Main /work/vemundlu/FiberBundle/dataGenerator.jl:90
┌ LogLevel(-2): 32%, Active workers: 40, Completed tasks: 2596.
└ @ Main /work/vemundlu/FiberBundle/dataGenerator.jl:90
┌ LogLevel(-2): 33%, Active workers: 40, Completed tasks: 2677.
└ @ Main /work/vemundlu/FiberBundle/dataGenerator.jl:90
┌ LogLevel(-2): 34%, Active workers: 40, Completed tasks: 2759.
└ @ Main /work/vemundlu/FiberBundle/dataGenerator.jl:90
┌ LogLevel(-2): 35%, Active workers: 39, Completed tasks: 2840.
└ @ Main /work/vemundlu/FiberBundle/dataGenerator.jl:90
┌ LogLevel(-2): 36%, Active workers: 28, Completed tasks: 2925.
└ @ Main /work/vemundlu/FiberBundle/dataGenerator.jl:90
┌ LogLevel(-2): 100%, Active workers: 0, Completed tasks: 3000.
└ @ Main /work/vemundlu/FiberBundle/dataGenerator.jl:93
┌ LogLevel(-2): Done!
└ @ Main /work/vemundlu/FiberBundle/dataGenerator.jl:139
┌ LogLevel(-2): Calculating averages... 
└ @ Main /work/vemundlu/FiberBundle/dataGenerator.jl:142
┌ LogLevel(-2): Done!
└ @ Main /work/vemundlu/FiberBundle/dataGenerator.jl:144
┌ LogLevel(-2): Starting a=0.0 dist=Uniform L=64 nr=LLS t=0.32
└ @ Main /work/vemundlu/FiberBundle/dataGenerator.jl:152
┌ LogLevel(-2): Searching for loose files... 
└ @ Main /work/vemundlu/FiberBundle/support/dataManager.jl:238
┌ LogLevel(-2): Done!
└ @ Main /work/vemundlu/FiberBundle/support/dataManager.jl:258
┌ LogLevel(-2): 1000 files were found and skipped.
└ @ Main /work/vemundlu/FiberBundle/support/dataManager.jl:217
┌ LogLevel(-2): Running workers...
└ @ Main /work/vemundlu/FiberBundle/dataGenerator.jl:137
┌ LogLevel(-2): Starting work on a=0.0 dist=Uniform L=64 nr=LLS t=0.32
└ @ Main /work/vemundlu/FiberBundle/dataGenerator.jl:78
┌ LogLevel(-2): 0%, Active workers: 25, Completed tasks: 0.
└ @ Main /work/vemundlu/FiberBundle/dataGenerator.jl:90
┌ LogLevel(-2): 1%, Active workers: 40, Completed tasks: 131.
└ @ Main /work/vemundlu/FiberBundle/dataGenerator.jl:90
┌ LogLevel(-2): 2%, Active workers: 40, Completed tasks: 285.
└ @ Main /work/vemundlu/FiberBundle/dataGenerator.jl:90
┌ LogLevel(-2): 3%, Active workers: 40, Completed tasks: 435.
└ @ Main /work/vemundlu/FiberBundle/dataGenerator.jl:90
┌ LogLevel(-2): 4%, Active workers: 40, Completed tasks: 587.
└ @ Main /work/vemundlu/FiberBundle/dataGenerator.jl:90
┌ LogLevel(-2): 5%, Active workers: 40, Completed tasks: 739.
└ @ Main /work/vemundlu/FiberBundle/dataGenerator.jl:90
┌ LogLevel(-2): 6%, Active workers: 40, Completed tasks: 887.
└ @ Main /work/vemundlu/FiberBundle/dataGenerator.jl:90
┌ LogLevel(-2): 7%, Active workers: 40, Completed tasks: 1036.
└ @ Main /work/vemundlu/FiberBundle/dataGenerator.jl:90
┌ LogLevel(-2): 8%, Active workers: 40, Completed tasks: 1192.
└ @ Main /work/vemundlu/FiberBundle/dataGenerator.jl:90
┌ LogLevel(-2): 9%, Active workers: 40, Completed tasks: 1346.
└ @ Main /work/vemundlu/FiberBundle/dataGenerator.jl:90
┌ LogLevel(-2): 10%, Active workers: 40, Completed tasks: 1496.
└ @ Main /work/vemundlu/FiberBundle/dataGenerator.jl:90
┌ LogLevel(-2): 11%, Active workers: 40, Completed tasks: 1646.
└ @ Main /work/vemundlu/FiberBundle/dataGenerator.jl:90
┌ LogLevel(-2): 12%, Active workers: 40, Completed tasks: 1805.
└ @ Main /work/vemundlu/FiberBundle/dataGenerator.jl:90
┌ LogLevel(-2): 13%, Active workers: 40, Completed tasks: 1958.
└ @ Main /work/vemundlu/FiberBundle/dataGenerator.jl:90
┌ LogLevel(-2): 14%, Active workers: 40, Completed tasks: 2108.
└ @ Main /work/vemundlu/FiberBundle/dataGenerator.jl:90
┌ LogLevel(-2): 15%, Active workers: 40, Completed tasks: 2263.
└ @ Main /work/vemundlu/FiberBundle/dataGenerator.jl:90
┌ LogLevel(-2): 16%, Active workers: 40, Completed tasks: 2412.
└ @ Main /work/vemundlu/FiberBundle/dataGenerator.jl:90
┌ LogLevel(-2): 17%, Active workers: 40, Completed tasks: 2572.
└ @ Main /work/vemundlu/FiberBundle/dataGenerator.jl:90
┌ LogLevel(-2): 18%, Active workers: 39, Completed tasks: 2730.
└ @ Main /work/vemundlu/FiberBundle/dataGenerator.jl:90
┌ LogLevel(-2): 19%, Active workers: 34, Completed tasks: 2888.
└ @ Main /work/vemundlu/FiberBundle/dataGenerator.jl:90
┌ LogLevel(-2): 100%, Active workers: 0, Completed tasks: 3000.
└ @ Main /work/vemundlu/FiberBundle/dataGenerator.jl:93
┌ LogLevel(-2): Done!
└ @ Main /work/vemundlu/FiberBundle/dataGenerator.jl:139
┌ LogLevel(-2): Calculating averages... 
└ @ Main /work/vemundlu/FiberBundle/dataGenerator.jl:142
┌ LogLevel(-2): Done!
└ @ Main /work/vemundlu/FiberBundle/dataGenerator.jl:144
┌ LogLevel(-2): Starting a=2.0 dist=Uniform L=64 nr=CLS t=0.34
└ @ Main /work/vemundlu/FiberBundle/dataGenerator.jl:152
┌ LogLevel(-2): Searching for loose files... 
└ @ Main /work/vemundlu/FiberBundle/support/dataManager.jl:238
┌ LogLevel(-2): Done!
└ @ Main /work/vemundlu/FiberBundle/support/dataManager.jl:258
┌ LogLevel(-2): 1000 files were found and skipped.
└ @ Main /work/vemundlu/FiberBundle/support/dataManager.jl:217
┌ LogLevel(-2): Running workers...
└ @ Main /work/vemundlu/FiberBundle/dataGenerator.jl:137
┌ LogLevel(-2): Starting work on a=2.0 dist=Uniform L=64 nr=CLS t=0.34
└ @ Main /work/vemundlu/FiberBundle/dataGenerator.jl:78
┌ LogLevel(-2): 0%, Active workers: 23, Completed tasks: 0.
└ @ Main /work/vemundlu/FiberBundle/dataGenerator.jl:90
┌ LogLevel(-2): 1%, Active workers: 40, Completed tasks: 58.
└ @ Main /work/vemundlu/FiberBundle/dataGenerator.jl:90
┌ LogLevel(-2): 2%, Active workers: 40, Completed tasks: 137.
└ @ Main /work/vemundlu/FiberBundle/dataGenerator.jl:90
┌ LogLevel(-2): 3%, Active workers: 40, Completed tasks: 216.
└ @ Main /work/vemundlu/FiberBundle/dataGenerator.jl:90
┌ LogLevel(-2): 4%, Active workers: 40, Completed tasks: 300.
└ @ Main /work/vemundlu/FiberBundle/dataGenerator.jl:90
┌ LogLevel(-2): 5%, Active workers: 40, Completed tasks: 383.
└ @ Main /work/vemundlu/FiberBundle/dataGenerator.jl:90
┌ LogLevel(-2): 6%, Active workers: 40, Completed tasks: 459.
└ @ Main /work/vemundlu/FiberBundle/dataGenerator.jl:90
┌ LogLevel(-2): 7%, Active workers: 40, Completed tasks: 539.
└ @ Main /work/vemundlu/FiberBundle/dataGenerator.jl:90
┌ LogLevel(-2): 8%, Active workers: 40, Completed tasks: 619.
└ @ Main /work/vemundlu/FiberBundle/dataGenerator.jl:90
┌ LogLevel(-2): 9%, Active workers: 40, Completed tasks: 695.
└ @ Main /work/vemundlu/FiberBundle/dataGenerator.jl:90
┌ LogLevel(-2): 10%, Active workers: 40, Completed tasks: 780.
└ @ Main /work/vemundlu/FiberBundle/dataGenerator.jl:90
┌ LogLevel(-2): 11%, Active workers: 40, Completed tasks: 858.
└ @ Main /work/vemundlu/FiberBundle/dataGenerator.jl:90
┌ LogLevel(-2): 12%, Active workers: 40, Completed tasks: 936.
└ @ Main /work/vemundlu/FiberBundle/dataGenerator.jl:90
┌ LogLevel(-2): 13%, Active workers: 40, Completed tasks: 1018.
└ @ Main /work/vemundlu/FiberBundle/dataGenerator.jl:90
┌ LogLevel(-2): 14%, Active workers: 40, Completed tasks: 1095.
└ @ Main /work/vemundlu/FiberBundle/dataGenerator.jl:90
┌ LogLevel(-2): 15%, Active workers: 40, Completed tasks: 1176.
└ @ Main /work/vemundlu/FiberBundle/dataGenerator.jl:90
┌ LogLevel(-2): 16%, Active workers: 40, Completed tasks: 1257.
└ @ Main /work/vemundlu/FiberBundle/dataGenerator.jl:90
┌ LogLevel(-2): 17%, Active workers: 40, Completed tasks: 1338.
└ @ Main /work/vemundlu/FiberBundle/dataGenerator.jl:90
┌ LogLevel(-2): 18%, Active workers: 40, Completed tasks: 1418.
└ @ Main /work/vemundlu/FiberBundle/dataGenerator.jl:90
┌ LogLevel(-2): 19%, Active workers: 40, Completed tasks: 1502.
└ @ Main /work/vemundlu/FiberBundle/dataGenerator.jl:90
┌ LogLevel(-2): 20%, Active workers: 40, Completed tasks: 1587.
└ @ Main /work/vemundlu/FiberBundle/dataGenerator.jl:90
┌ LogLevel(-2): 21%, Active workers: 40, Completed tasks: 1665.
└ @ Main /work/vemundlu/FiberBundle/dataGenerator.jl:90
┌ LogLevel(-2): 22%, Active workers: 40, Completed tasks: 1738.
└ @ Main /work/vemundlu/FiberBundle/dataGenerator.jl:90
┌ LogLevel(-2): 23%, Active workers: 40, Completed tasks: 1812.
└ @ Main /work/vemundlu/FiberBundle/dataGenerator.jl:90
┌ LogLevel(-2): 24%, Active workers: 40, Completed tasks: 1899.
└ @ Main /work/vemundlu/FiberBundle/dataGenerator.jl:90
┌ LogLevel(-2): 25%, Active workers: 40, Completed tasks: 1980.
└ @ Main /work/vemundlu/FiberBundle/dataGenerator.jl:90
┌ LogLevel(-2): 26%, Active workers: 40, Completed tasks: 2058.
└ @ Main /work/vemundlu/FiberBundle/dataGenerator.jl:90
┌ LogLevel(-2): 27%, Active workers: 40, Completed tasks: 2140.
└ @ Main /work/vemundlu/FiberBundle/dataGenerator.jl:90
┌ LogLevel(-2): 28%, Active workers: 40, Completed tasks: 2219.
└ @ Main /work/vemundlu/FiberBundle/dataGenerator.jl:90
┌ LogLevel(-2): 29%, Active workers: 40, Completed tasks: 2296.
└ @ Main /work/vemundlu/FiberBundle/dataGenerator.jl:90
┌ LogLevel(-2): 30%, Active workers: 40, Completed tasks: 2376.
└ @ Main /work/vemundlu/FiberBundle/dataGenerator.jl:90
┌ LogLevel(-2): 31%, Active workers: 40, Completed tasks: 2459.
└ @ Main /work/vemundlu/FiberBundle/dataGenerator.jl:90
┌ LogLevel(-2): 32%, Active workers: 40, Completed tasks: 2537.
└ @ Main /work/vemundlu/FiberBundle/dataGenerator.jl:90
┌ LogLevel(-2): 33%, Active workers: 40, Completed tasks: 2616.
└ @ Main /work/vemundlu/FiberBundle/dataGenerator.jl:90
┌ LogLevel(-2): 34%, Active workers: 40, Completed tasks: 2697.
└ @ Main /work/vemundlu/FiberBundle/dataGenerator.jl:90
┌ LogLevel(-2): 35%, Active workers: 40, Completed tasks: 2780.
└ @ Main /work/vemundlu/FiberBundle/dataGenerator.jl:90
┌ LogLevel(-2): 36%, Active workers: 38, Completed tasks: 2860.
└ @ Main /work/vemundlu/FiberBundle/dataGenerator.jl:90
┌ LogLevel(-2): 37%, Active workers: 28, Completed tasks: 2941.
└ @ Main /work/vemundlu/FiberBundle/dataGenerator.jl:90
┌ LogLevel(-2): 100%, Active workers: 0, Completed tasks: 3000.
└ @ Main /work/vemundlu/FiberBundle/dataGenerator.jl:93
┌ LogLevel(-2): Done!
└ @ Main /work/vemundlu/FiberBundle/dataGenerator.jl:139
┌ LogLevel(-2): Calculating averages... 
└ @ Main /work/vemundlu/FiberBundle/dataGenerator.jl:142
┌ LogLevel(-2): Done!
└ @ Main /work/vemundlu/FiberBundle/dataGenerator.jl:144
┌ LogLevel(-2): Starting a=0.0 dist=Uniform L=64 nr=LLS t=0.34
└ @ Main /work/vemundlu/FiberBundle/dataGenerator.jl:152
┌ LogLevel(-2): Searching for loose files... 
└ @ Main /work/vemundlu/FiberBundle/support/dataManager.jl:238
┌ LogLevel(-2): Done!
└ @ Main /work/vemundlu/FiberBundle/support/dataManager.jl:258
┌ LogLevel(-2): 1000 files were found and skipped.
└ @ Main /work/vemundlu/FiberBundle/support/dataManager.jl:217
┌ LogLevel(-2): Running workers...
└ @ Main /work/vemundlu/FiberBundle/dataGenerator.jl:137
┌ LogLevel(-2): Starting work on a=0.0 dist=Uniform L=64 nr=LLS t=0.34
└ @ Main /work/vemundlu/FiberBundle/dataGenerator.jl:78
┌ LogLevel(-2): 0%, Active workers: 20, Completed tasks: 0.
└ @ Main /work/vemundlu/FiberBundle/dataGenerator.jl:90
┌ LogLevel(-2): 1%, Active workers: 40, Completed tasks: 142.
└ @ Main /work/vemundlu/FiberBundle/dataGenerator.jl:90
┌ LogLevel(-2): 2%, Active workers: 40, Completed tasks: 305.
└ @ Main /work/vemundlu/FiberBundle/dataGenerator.jl:90
┌ LogLevel(-2): 3%, Active workers: 40, Completed tasks: 463.
└ @ Main /work/vemundlu/FiberBundle/dataGenerator.jl:90
┌ LogLevel(-2): 4%, Active workers: 40, Completed tasks: 625.
└ @ Main /work/vemundlu/FiberBundle/dataGenerator.jl:90
┌ LogLevel(-2): 5%, Active workers: 40, Completed tasks: 784.
└ @ Main /work/vemundlu/FiberBundle/dataGenerator.jl:90
┌ LogLevel(-2): 6%, Active workers: 40, Completed tasks: 935.
└ @ Main /work/vemundlu/FiberBundle/dataGenerator.jl:90
┌ LogLevel(-2): 7%, Active workers: 40, Completed tasks: 1091.
└ @ Main /work/vemundlu/FiberBundle/dataGenerator.jl:90
┌ LogLevel(-2): 8%, Active workers: 40, Completed tasks: 1259.
└ @ Main /work/vemundlu/FiberBundle/dataGenerator.jl:90
┌ LogLevel(-2): 9%, Active workers: 40, Completed tasks: 1422.
└ @ Main /work/vemundlu/FiberBundle/dataGenerator.jl:90
┌ LogLevel(-2): 10%, Active workers: 40, Completed tasks: 1578.
└ @ Main /work/vemundlu/FiberBundle/dataGenerator.jl:90
┌ LogLevel(-2): 11%, Active workers: 40, Completed tasks: 1738.
└ @ Main /work/vemundlu/FiberBundle/dataGenerator.jl:90
┌ LogLevel(-2): 12%, Active workers: 40, Completed tasks: 1892.
└ @ Main /work/vemundlu/FiberBundle/dataGenerator.jl:90
┌ LogLevel(-2): 13%, Active workers: 40, Completed tasks: 2049.
└ @ Main /work/vemundlu/FiberBundle/dataGenerator.jl:90
┌ LogLevel(-2): 14%, Active workers: 40, Completed tasks: 2208.
└ @ Main /work/vemundlu/FiberBundle/dataGenerator.jl:90
┌ LogLevel(-2): 15%, Active workers: 40, Completed tasks: 2373.
└ @ Main /work/vemundlu/FiberBundle/dataGenerator.jl:90
┌ LogLevel(-2): 16%, Active workers: 40, Completed tasks: 2528.
└ @ Main /work/vemundlu/FiberBundle/dataGenerator.jl:90
┌ LogLevel(-2): 17%, Active workers: 40, Completed tasks: 2699.
└ @ Main /work/vemundlu/FiberBundle/dataGenerator.jl:90
┌ LogLevel(-2): 18%, Active workers: 37, Completed tasks: 2859.
└ @ Main /work/vemundlu/FiberBundle/dataGenerator.jl:90
┌ LogLevel(-2): 100%, Active workers: 0, Completed tasks: 3000.
└ @ Main /work/vemundlu/FiberBundle/dataGenerator.jl:93
┌ LogLevel(-2): Done!
└ @ Main /work/vemundlu/FiberBundle/dataGenerator.jl:139
┌ LogLevel(-2): Calculating averages... 
└ @ Main /work/vemundlu/FiberBundle/dataGenerator.jl:142
┌ LogLevel(-2): Done!
└ @ Main /work/vemundlu/FiberBundle/dataGenerator.jl:144
┌ LogLevel(-2): Starting a=2.0 dist=Uniform L=64 nr=CLS t=0.36
└ @ Main /work/vemundlu/FiberBundle/dataGenerator.jl:152
┌ LogLevel(-2): Searching for loose files... 
└ @ Main /work/vemundlu/FiberBundle/support/dataManager.jl:238
┌ LogLevel(-2): Done!
└ @ Main /work/vemundlu/FiberBundle/support/dataManager.jl:258
┌ LogLevel(-2): 1000 files were found and skipped.
└ @ Main /work/vemundlu/FiberBundle/support/dataManager.jl:217
┌ LogLevel(-2): Running workers...
└ @ Main /work/vemundlu/FiberBundle/dataGenerator.jl:137
┌ LogLevel(-2): Starting work on a=2.0 dist=Uniform L=64 nr=CLS t=0.36
└ @ Main /work/vemundlu/FiberBundle/dataGenerator.jl:78
┌ LogLevel(-2): 0%, Active workers: 21, Completed tasks: 0.
└ @ Main /work/vemundlu/FiberBundle/dataGenerator.jl:90
┌ LogLevel(-2): 1%, Active workers: 40, Completed tasks: 56.
└ @ Main /work/vemundlu/FiberBundle/dataGenerator.jl:90
┌ LogLevel(-2): 2%, Active workers: 40, Completed tasks: 131.
└ @ Main /work/vemundlu/FiberBundle/dataGenerator.jl:90
┌ LogLevel(-2): 3%, Active workers: 40, Completed tasks: 206.
└ @ Main /work/vemundlu/FiberBundle/dataGenerator.jl:90
┌ LogLevel(-2): 4%, Active workers: 40, Completed tasks: 284.
└ @ Main /work/vemundlu/FiberBundle/dataGenerator.jl:90
┌ LogLevel(-2): 5%, Active workers: 40, Completed tasks: 363.
└ @ Main /work/vemundlu/FiberBundle/dataGenerator.jl:90
┌ LogLevel(-2): 6%, Active workers: 40, Completed tasks: 446.
└ @ Main /work/vemundlu/FiberBundle/dataGenerator.jl:90
┌ LogLevel(-2): 7%, Active workers: 40, Completed tasks: 524.
└ @ Main /work/vemundlu/FiberBundle/dataGenerator.jl:90
┌ LogLevel(-2): 8%, Active workers: 40, Completed tasks: 597.
└ @ Main /work/vemundlu/FiberBundle/dataGenerator.jl:90
┌ LogLevel(-2): 9%, Active workers: 40, Completed tasks: 677.
└ @ Main /work/vemundlu/FiberBundle/dataGenerator.jl:90
┌ LogLevel(-2): 10%, Active workers: 40, Completed tasks: 756.
└ @ Main /work/vemundlu/FiberBundle/dataGenerator.jl:90
┌ LogLevel(-2): 11%, Active workers: 40, Completed tasks: 835.
└ @ Main /work/vemundlu/FiberBundle/dataGenerator.jl:90
┌ LogLevel(-2): 12%, Active workers: 40, Completed tasks: 912.
└ @ Main /work/vemundlu/FiberBundle/dataGenerator.jl:90
┌ LogLevel(-2): 13%, Active workers: 40, Completed tasks: 992.
└ @ Main /work/vemundlu/FiberBundle/dataGenerator.jl:90
┌ LogLevel(-2): 14%, Active workers: 40, Completed tasks: 1067.
└ @ Main /work/vemundlu/FiberBundle/dataGenerator.jl:90
┌ LogLevel(-2): 15%, Active workers: 40, Completed tasks: 1149.
└ @ Main /work/vemundlu/FiberBundle/dataGenerator.jl:90
┌ LogLevel(-2): 16%, Active workers: 40, Completed tasks: 1225.
└ @ Main /work/vemundlu/FiberBundle/dataGenerator.jl:90
┌ LogLevel(-2): 17%, Active workers: 40, Completed tasks: 1299.
└ @ Main /work/vemundlu/FiberBundle/dataGenerator.jl:90
┌ LogLevel(-2): 18%, Active workers: 40, Completed tasks: 1385.
└ @ Main /work/vemundlu/FiberBundle/dataGenerator.jl:90
┌ LogLevel(-2): 19%, Active workers: 40, Completed tasks: 1463.
└ @ Main /work/vemundlu/FiberBundle/dataGenerator.jl:90
┌ LogLevel(-2): 20%, Active workers: 40, Completed tasks: 1540.
└ @ Main /work/vemundlu/FiberBundle/dataGenerator.jl:90
┌ LogLevel(-2): 21%, Active workers: 40, Completed tasks: 1624.
└ @ Main /work/vemundlu/FiberBundle/dataGenerator.jl:90
┌ LogLevel(-2): 22%, Active workers: 40, Completed tasks: 1708.
└ @ Main /work/vemundlu/FiberBundle/dataGenerator.jl:90
┌ LogLevel(-2): 23%, Active workers: 40, Completed tasks: 1785.
└ @ Main /work/vemundlu/FiberBundle/dataGenerator.jl:90
┌ LogLevel(-2): 24%, Active workers: 40, Completed tasks: 1867.
└ @ Main /work/vemundlu/FiberBundle/dataGenerator.jl:90
┌ LogLevel(-2): 25%, Active workers: 40, Completed tasks: 1941.
└ @ Main /work/vemundlu/FiberBundle/dataGenerator.jl:90
┌ LogLevel(-2): 26%, Active workers: 40, Completed tasks: 2018.
└ @ Main /work/vemundlu/FiberBundle/dataGenerator.jl:90
┌ LogLevel(-2): 27%, Active workers: 40, Completed tasks: 2096.
└ @ Main /work/vemundlu/FiberBundle/dataGenerator.jl:90
┌ LogLevel(-2): 28%, Active workers: 40, Completed tasks: 2169.
└ @ Main /work/vemundlu/FiberBundle/dataGenerator.jl:90
┌ LogLevel(-2): 29%, Active workers: 40, Completed tasks: 2254.
└ @ Main /work/vemundlu/FiberBundle/dataGenerator.jl:90
┌ LogLevel(-2): 30%, Active workers: 40, Completed tasks: 2325.
└ @ Main /work/vemundlu/FiberBundle/dataGenerator.jl:90
┌ LogLevel(-2): 31%, Active workers: 40, Completed tasks: 2400.
└ @ Main /work/vemundlu/FiberBundle/dataGenerator.jl:90
┌ LogLevel(-2): 32%, Active workers: 40, Completed tasks: 2479.
└ @ Main /work/vemundlu/FiberBundle/dataGenerator.jl:90
┌ LogLevel(-2): 33%, Active workers: 40, Completed tasks: 2561.
└ @ Main /work/vemundlu/FiberBundle/dataGenerator.jl:90
┌ LogLevel(-2): 34%, Active workers: 40, Completed tasks: 2635.
└ @ Main /work/vemundlu/FiberBundle/dataGenerator.jl:90
┌ LogLevel(-2): 35%, Active workers: 40, Completed tasks: 2714.
└ @ Main /work/vemundlu/FiberBundle/dataGenerator.jl:90
┌ LogLevel(-2): 36%, Active workers: 40, Completed tasks: 2790.
└ @ Main /work/vemundlu/FiberBundle/dataGenerator.jl:90
┌ LogLevel(-2): 37%, Active workers: 38, Completed tasks: 2869.
└ @ Main /work/vemundlu/FiberBundle/dataGenerator.jl:90
┌ LogLevel(-2): 38%, Active workers: 19, Completed tasks: 2958.
└ @ Main /work/vemundlu/FiberBundle/dataGenerator.jl:90
┌ LogLevel(-2): 100%, Active workers: 0, Completed tasks: 3000.
└ @ Main /work/vemundlu/FiberBundle/dataGenerator.jl:93
┌ LogLevel(-2): Done!
└ @ Main /work/vemundlu/FiberBundle/dataGenerator.jl:139
┌ LogLevel(-2): Calculating averages... 
└ @ Main /work/vemundlu/FiberBundle/dataGenerator.jl:142
┌ LogLevel(-2): Done!
└ @ Main /work/vemundlu/FiberBundle/dataGenerator.jl:144
┌ LogLevel(-2): Starting a=0.0 dist=Uniform L=64 nr=LLS t=0.36
└ @ Main /work/vemundlu/FiberBundle/dataGenerator.jl:152
┌ LogLevel(-2): Searching for loose files... 
└ @ Main /work/vemundlu/FiberBundle/support/dataManager.jl:238
┌ LogLevel(-2): Done!
└ @ Main /work/vemundlu/FiberBundle/support/dataManager.jl:258
┌ LogLevel(-2): 1000 files were found and skipped.
└ @ Main /work/vemundlu/FiberBundle/support/dataManager.jl:217
┌ LogLevel(-2): Running workers...
└ @ Main /work/vemundlu/FiberBundle/dataGenerator.jl:137
┌ LogLevel(-2): Starting work on a=0.0 dist=Uniform L=64 nr=LLS t=0.36
└ @ Main /work/vemundlu/FiberBundle/dataGenerator.jl:78
┌ LogLevel(-2): 0%, Active workers: 24, Completed tasks: 0.
└ @ Main /work/vemundlu/FiberBundle/dataGenerator.jl:90
┌ LogLevel(-2): 1%, Active workers: 40, Completed tasks: 144.
└ @ Main /work/vemundlu/FiberBundle/dataGenerator.jl:90
┌ LogLevel(-2): 2%, Active workers: 40, Completed tasks: 313.
└ @ Main /work/vemundlu/FiberBundle/dataGenerator.jl:90
┌ LogLevel(-2): 3%, Active workers: 40, Completed tasks: 476.
└ @ Main /work/vemundlu/FiberBundle/dataGenerator.jl:90
┌ LogLevel(-2): 4%, Active workers: 40, Completed tasks: 640.
└ @ Main /work/vemundlu/FiberBundle/dataGenerator.jl:90
┌ LogLevel(-2): 5%, Active workers: 40, Completed tasks: 807.
└ @ Main /work/vemundlu/FiberBundle/dataGenerator.jl:90
┌ LogLevel(-2): 6%, Active workers: 40, Completed tasks: 959.
└ @ Main /work/vemundlu/FiberBundle/dataGenerator.jl:90
┌ LogLevel(-2): 7%, Active workers: 40, Completed tasks: 1128.
└ @ Main /work/vemundlu/FiberBundle/dataGenerator.jl:90
┌ LogLevel(-2): 8%, Active workers: 40, Completed tasks: 1293.
└ @ Main /work/vemundlu/FiberBundle/dataGenerator.jl:90
┌ LogLevel(-2): 9%, Active workers: 40, Completed tasks: 1460.
└ @ Main /work/vemundlu/FiberBundle/dataGenerator.jl:90
┌ LogLevel(-2): 10%, Active workers: 40, Completed tasks: 1621.
└ @ Main /work/vemundlu/FiberBundle/dataGenerator.jl:90
┌ LogLevel(-2): 11%, Active workers: 40, Completed tasks: 1782.
└ @ Main /work/vemundlu/FiberBundle/dataGenerator.jl:90
┌ LogLevel(-2): 12%, Active workers: 40, Completed tasks: 1944.
└ @ Main /work/vemundlu/FiberBundle/dataGenerator.jl:90
┌ LogLevel(-2): 13%, Active workers: 40, Completed tasks: 2106.
└ @ Main /work/vemundlu/FiberBundle/dataGenerator.jl:90
┌ LogLevel(-2): 14%, Active workers: 40, Completed tasks: 2264.
└ @ Main /work/vemundlu/FiberBundle/dataGenerator.jl:90
┌ LogLevel(-2): 15%, Active workers: 40, Completed tasks: 2437.
└ @ Main /work/vemundlu/FiberBundle/dataGenerator.jl:90
┌ LogLevel(-2): 16%, Active workers: 40, Completed tasks: 2608.
└ @ Main /work/vemundlu/FiberBundle/dataGenerator.jl:90
┌ LogLevel(-2): 17%, Active workers: 39, Completed tasks: 2772.
└ @ Main /work/vemundlu/FiberBundle/dataGenerator.jl:90
┌ LogLevel(-2): 18%, Active workers: 23, Completed tasks: 2942.
└ @ Main /work/vemundlu/FiberBundle/dataGenerator.jl:90
┌ LogLevel(-2): 100%, Active workers: 0, Completed tasks: 3000.
└ @ Main /work/vemundlu/FiberBundle/dataGenerator.jl:93
┌ LogLevel(-2): Done!
└ @ Main /work/vemundlu/FiberBundle/dataGenerator.jl:139
┌ LogLevel(-2): Calculating averages... 
└ @ Main /work/vemundlu/FiberBundle/dataGenerator.jl:142
┌ LogLevel(-2): Done!
└ @ Main /work/vemundlu/FiberBundle/dataGenerator.jl:144
┌ LogLevel(-2): Starting a=2.0 dist=Uniform L=64 nr=CLS t=0.38
└ @ Main /work/vemundlu/FiberBundle/dataGenerator.jl:152
┌ LogLevel(-2): Searching for loose files... 
└ @ Main /work/vemundlu/FiberBundle/support/dataManager.jl:238
┌ LogLevel(-2): Done!
└ @ Main /work/vemundlu/FiberBundle/support/dataManager.jl:258
┌ LogLevel(-2): 1000 files were found and skipped.
└ @ Main /work/vemundlu/FiberBundle/support/dataManager.jl:217
┌ LogLevel(-2): Running workers...
└ @ Main /work/vemundlu/FiberBundle/dataGenerator.jl:137
┌ LogLevel(-2): Starting work on a=2.0 dist=Uniform L=64 nr=CLS t=0.38
└ @ Main /work/vemundlu/FiberBundle/dataGenerator.jl:78
┌ LogLevel(-2): 0%, Active workers: 17, Completed tasks: 0.
└ @ Main /work/vemundlu/FiberBundle/dataGenerator.jl:90
┌ LogLevel(-2): 1%, Active workers: 40, Completed tasks: 60.
└ @ Main /work/vemundlu/FiberBundle/dataGenerator.jl:90
┌ LogLevel(-2): 2%, Active workers: 40, Completed tasks: 136.
└ @ Main /work/vemundlu/FiberBundle/dataGenerator.jl:90
┌ LogLevel(-2): 3%, Active workers: 40, Completed tasks: 208.
└ @ Main /work/vemundlu/FiberBundle/dataGenerator.jl:90
┌ LogLevel(-2): 4%, Active workers: 40, Completed tasks: 283.
└ @ Main /work/vemundlu/FiberBundle/dataGenerator.jl:90
┌ LogLevel(-2): 5%, Active workers: 40, Completed tasks: 363.
└ @ Main /work/vemundlu/FiberBundle/dataGenerator.jl:90
┌ LogLevel(-2): 6%, Active workers: 40, Completed tasks: 439.
└ @ Main /work/vemundlu/FiberBundle/dataGenerator.jl:90
┌ LogLevel(-2): 7%, Active workers: 40, Completed tasks: 519.
└ @ Main /work/vemundlu/FiberBundle/dataGenerator.jl:90
┌ LogLevel(-2): 8%, Active workers: 40, Completed tasks: 592.
└ @ Main /work/vemundlu/FiberBundle/dataGenerator.jl:90
┌ LogLevel(-2): 9%, Active workers: 40, Completed tasks: 668.
└ @ Main /work/vemundlu/FiberBundle/dataGenerator.jl:90
┌ LogLevel(-2): 10%, Active workers: 40, Completed tasks: 746.
└ @ Main /work/vemundlu/FiberBundle/dataGenerator.jl:90
┌ LogLevel(-2): 11%, Active workers: 40, Completed tasks: 824.
└ @ Main /work/vemundlu/FiberBundle/dataGenerator.jl:90
┌ LogLevel(-2): 12%, Active workers: 40, Completed tasks: 900.
└ @ Main /work/vemundlu/FiberBundle/dataGenerator.jl:90
┌ LogLevel(-2): 13%, Active workers: 40, Completed tasks: 975.
└ @ Main /work/vemundlu/FiberBundle/dataGenerator.jl:90
┌ LogLevel(-2): 14%, Active workers: 40, Completed tasks: 1051.
└ @ Main /work/vemundlu/FiberBundle/dataGenerator.jl:90
┌ LogLevel(-2): 15%, Active workers: 40, Completed tasks: 1129.
└ @ Main /work/vemundlu/FiberBundle/dataGenerator.jl:90
┌ LogLevel(-2): 16%, Active workers: 40, Completed tasks: 1209.
└ @ Main /work/vemundlu/FiberBundle/dataGenerator.jl:90
┌ LogLevel(-2): 17%, Active workers: 40, Completed tasks: 1284.
└ @ Main /work/vemundlu/FiberBundle/dataGenerator.jl:90
┌ LogLevel(-2): 18%, Active workers: 40, Completed tasks: 1365.
└ @ Main /work/vemundlu/FiberBundle/dataGenerator.jl:90
┌ LogLevel(-2): 19%, Active workers: 40, Completed tasks: 1442.
└ @ Main /work/vemundlu/FiberBundle/dataGenerator.jl:90
┌ LogLevel(-2): 20%, Active workers: 40, Completed tasks: 1519.
└ @ Main /work/vemundlu/FiberBundle/dataGenerator.jl:90
┌ LogLevel(-2): 21%, Active workers: 40, Completed tasks: 1597.
└ @ Main /work/vemundlu/FiberBundle/dataGenerator.jl:90
┌ LogLevel(-2): 22%, Active workers: 40, Completed tasks: 1674.
└ @ Main /work/vemundlu/FiberBundle/dataGenerator.jl:90
┌ LogLevel(-2): 23%, Active workers: 40, Completed tasks: 1751.
└ @ Main /work/vemundlu/FiberBundle/dataGenerator.jl:90
┌ LogLevel(-2): 24%, Active workers: 40, Completed tasks: 1826.
└ @ Main /work/vemundlu/FiberBundle/dataGenerator.jl:90
┌ LogLevel(-2): 25%, Active workers: 40, Completed tasks: 1907.
└ @ Main /work/vemundlu/FiberBundle/dataGenerator.jl:90
┌ LogLevel(-2): 26%, Active workers: 40, Completed tasks: 1982.
└ @ Main /work/vemundlu/FiberBundle/dataGenerator.jl:90
┌ LogLevel(-2): 27%, Active workers: 40, Completed tasks: 2060.
└ @ Main /work/vemundlu/FiberBundle/dataGenerator.jl:90
┌ LogLevel(-2): 28%, Active workers: 40, Completed tasks: 2136.
└ @ Main /work/vemundlu/FiberBundle/dataGenerator.jl:90
┌ LogLevel(-2): 29%, Active workers: 40, Completed tasks: 2212.
└ @ Main /work/vemundlu/FiberBundle/dataGenerator.jl:90
┌ LogLevel(-2): 30%, Active workers: 40, Completed tasks: 2288.
└ @ Main /work/vemundlu/FiberBundle/dataGenerator.jl:90
┌ LogLevel(-2): 31%, Active workers: 40, Completed tasks: 2365.
└ @ Main /work/vemundlu/FiberBundle/dataGenerator.jl:90
┌ LogLevel(-2): 32%, Active workers: 40, Completed tasks: 2445.
└ @ Main /work/vemundlu/FiberBundle/dataGenerator.jl:90
┌ LogLevel(-2): 33%, Active workers: 40, Completed tasks: 2523.
└ @ Main /work/vemundlu/FiberBundle/dataGenerator.jl:90
┌ LogLevel(-2): 34%, Active workers: 40, Completed tasks: 2601.
└ @ Main /work/vemundlu/FiberBundle/dataGenerator.jl:90
┌ LogLevel(-2): 35%, Active workers: 40, Completed tasks: 2679.
└ @ Main /work/vemundlu/FiberBundle/dataGenerator.jl:90
┌ LogLevel(-2): 36%, Active workers: 40, Completed tasks: 2758.
└ @ Main /work/vemundlu/FiberBundle/dataGenerator.jl:90
┌ LogLevel(-2): 37%, Active workers: 39, Completed tasks: 2831.
└ @ Main /work/vemundlu/FiberBundle/dataGenerator.jl:90
┌ LogLevel(-2): 38%, Active workers: 32, Completed tasks: 2916.
└ @ Main /work/vemundlu/FiberBundle/dataGenerator.jl:90
┌ LogLevel(-2): 100%, Active workers: 0, Completed tasks: 3000.
└ @ Main /work/vemundlu/FiberBundle/dataGenerator.jl:93
┌ LogLevel(-2): Done!
└ @ Main /work/vemundlu/FiberBundle/dataGenerator.jl:139
┌ LogLevel(-2): Calculating averages... 
└ @ Main /work/vemundlu/FiberBundle/dataGenerator.jl:142
┌ LogLevel(-2): Done!
└ @ Main /work/vemundlu/FiberBundle/dataGenerator.jl:144
┌ LogLevel(-2): Starting a=0.0 dist=Uniform L=64 nr=LLS t=0.38
└ @ Main /work/vemundlu/FiberBundle/dataGenerator.jl:152
┌ LogLevel(-2): Searching for loose files... 
└ @ Main /work/vemundlu/FiberBundle/support/dataManager.jl:238
┌ LogLevel(-2): Done!
└ @ Main /work/vemundlu/FiberBundle/support/dataManager.jl:258
┌ LogLevel(-2): 1000 files were found and skipped.
└ @ Main /work/vemundlu/FiberBundle/support/dataManager.jl:217
┌ LogLevel(-2): Running workers...
└ @ Main /work/vemundlu/FiberBundle/dataGenerator.jl:137
┌ LogLevel(-2): Starting work on a=0.0 dist=Uniform L=64 nr=LLS t=0.38
└ @ Main /work/vemundlu/FiberBundle/dataGenerator.jl:78
┌ LogLevel(-2): 0%, Active workers: 23, Completed tasks: 0.
└ @ Main /work/vemundlu/FiberBundle/dataGenerator.jl:90
┌ LogLevel(-2): 1%, Active workers: 40, Completed tasks: 149.
└ @ Main /work/vemundlu/FiberBundle/dataGenerator.jl:90
┌ LogLevel(-2): 2%, Active workers: 40, Completed tasks: 321.
└ @ Main /work/vemundlu/FiberBundle/dataGenerator.jl:90
┌ LogLevel(-2): 3%, Active workers: 40, Completed tasks: 488.
└ @ Main /work/vemundlu/FiberBundle/dataGenerator.jl:90
┌ LogLevel(-2): 4%, Active workers: 40, Completed tasks: 654.
└ @ Main /work/vemundlu/FiberBundle/dataGenerator.jl:90
┌ LogLevel(-2): 5%, Active workers: 40, Completed tasks: 819.
└ @ Main /work/vemundlu/FiberBundle/dataGenerator.jl:90
┌ LogLevel(-2): 6%, Active workers: 40, Completed tasks: 978.
└ @ Main /work/vemundlu/FiberBundle/dataGenerator.jl:90
┌ LogLevel(-2): 7%, Active workers: 40, Completed tasks: 1152.
└ @ Main /work/vemundlu/FiberBundle/dataGenerator.jl:90
┌ LogLevel(-2): 8%, Active workers: 40, Completed tasks: 1315.
└ @ Main /work/vemundlu/FiberBundle/dataGenerator.jl:90
┌ LogLevel(-2): 9%, Active workers: 40, Completed tasks: 1481.
└ @ Main /work/vemundlu/FiberBundle/dataGenerator.jl:90
┌ LogLevel(-2): 10%, Active workers: 40, Completed tasks: 1650.
└ @ Main /work/vemundlu/FiberBundle/dataGenerator.jl:90
┌ LogLevel(-2): 11%, Active workers: 40, Completed tasks: 1809.
└ @ Main /work/vemundlu/FiberBundle/dataGenerator.jl:90
┌ LogLevel(-2): 12%, Active workers: 40, Completed tasks: 1974.
└ @ Main /work/vemundlu/FiberBundle/dataGenerator.jl:90
┌ LogLevel(-2): 13%, Active workers: 40, Completed tasks: 2135.
└ @ Main /work/vemundlu/FiberBundle/dataGenerator.jl:90
┌ LogLevel(-2): 14%, Active workers: 40, Completed tasks: 2305.
└ @ Main /work/vemundlu/FiberBundle/dataGenerator.jl:90
┌ LogLevel(-2): 15%, Active workers: 40, Completed tasks: 2475.
└ @ Main /work/vemundlu/FiberBundle/dataGenerator.jl:90
┌ LogLevel(-2): 16%, Active workers: 40, Completed tasks: 2643.
└ @ Main /work/vemundlu/FiberBundle/dataGenerator.jl:90
┌ LogLevel(-2): 17%, Active workers: 37, Completed tasks: 2808.
└ @ Main /work/vemundlu/FiberBundle/dataGenerator.jl:90
┌ LogLevel(-2): 18%, Active workers: 2, Completed tasks: 2997.
└ @ Main /work/vemundlu/FiberBundle/dataGenerator.jl:90
┌ LogLevel(-2): 100%, Active workers: 0, Completed tasks: 3000.
└ @ Main /work/vemundlu/FiberBundle/dataGenerator.jl:93
┌ LogLevel(-2): Done!
└ @ Main /work/vemundlu/FiberBundle/dataGenerator.jl:139
┌ LogLevel(-2): Calculating averages... 
└ @ Main /work/vemundlu/FiberBundle/dataGenerator.jl:142
┌ LogLevel(-2): Done!
└ @ Main /work/vemundlu/FiberBundle/dataGenerator.jl:144
┌ LogLevel(-2): Starting a=2.0 dist=Uniform L=64 nr=CLS t=0.4
└ @ Main /work/vemundlu/FiberBundle/dataGenerator.jl:152
┌ LogLevel(-2): Searching for loose files... 
└ @ Main /work/vemundlu/FiberBundle/support/dataManager.jl:238
┌ LogLevel(-2): Done!
└ @ Main /work/vemundlu/FiberBundle/support/dataManager.jl:258
┌ LogLevel(-2): All seeds already exist
└ @ Main /work/vemundlu/FiberBundle/support/dataManager.jl:223
┌ LogLevel(-2): Starting a=0.0 dist=Uniform L=64 nr=LLS t=0.4
└ @ Main /work/vemundlu/FiberBundle/dataGenerator.jl:152
┌ LogLevel(-2): Searching for loose files... 
└ @ Main /work/vemundlu/FiberBundle/support/dataManager.jl:238
┌ LogLevel(-2): Done!
└ @ Main /work/vemundlu/FiberBundle/support/dataManager.jl:258
┌ LogLevel(-2): All seeds already exist
└ @ Main /work/vemundlu/FiberBundle/support/dataManager.jl:223
┌ LogLevel(-2): Starting a=2.0 dist=Uniform L=64 nr=CLS t=0.5
└ @ Main /work/vemundlu/FiberBundle/dataGenerator.jl:152
┌ LogLevel(-2): Searching for loose files... 
└ @ Main /work/vemundlu/FiberBundle/support/dataManager.jl:238
┌ LogLevel(-2): Done!
└ @ Main /work/vemundlu/FiberBundle/support/dataManager.jl:258
┌ LogLevel(-2): All seeds already exist
└ @ Main /work/vemundlu/FiberBundle/support/dataManager.jl:223
┌ LogLevel(-2): Starting a=0.0 dist=Uniform L=64 nr=LLS t=0.5
└ @ Main /work/vemundlu/FiberBundle/dataGenerator.jl:152
┌ LogLevel(-2): Searching for loose files... 
└ @ Main /work/vemundlu/FiberBundle/support/dataManager.jl:238
┌ LogLevel(-2): Done!
└ @ Main /work/vemundlu/FiberBundle/support/dataManager.jl:258
┌ LogLevel(-2): All seeds already exist
└ @ Main /work/vemundlu/FiberBundle/support/dataManager.jl:223
┌ LogLevel(-2): Starting a=2.0 dist=Uniform L=64 nr=CLS t=0.6
└ @ Main /work/vemundlu/FiberBundle/dataGenerator.jl:152
┌ LogLevel(-2): Searching for loose files... 
└ @ Main /work/vemundlu/FiberBundle/support/dataManager.jl:238
┌ LogLevel(-2): Done!
└ @ Main /work/vemundlu/FiberBundle/support/dataManager.jl:258
┌ LogLevel(-2): All seeds already exist
└ @ Main /work/vemundlu/FiberBundle/support/dataManager.jl:223
┌ LogLevel(-2): Starting a=0.0 dist=Uniform L=64 nr=LLS t=0.6
└ @ Main /work/vemundlu/FiberBundle/dataGenerator.jl:152
┌ LogLevel(-2): Searching for loose files... 
└ @ Main /work/vemundlu/FiberBundle/support/dataManager.jl:238
┌ LogLevel(-2): Done!
└ @ Main /work/vemundlu/FiberBundle/support/dataManager.jl:258
┌ LogLevel(-2): All seeds already exist
└ @ Main /work/vemundlu/FiberBundle/support/dataManager.jl:223
┌ LogLevel(-2): Starting a=2.0 dist=Uniform L=64 nr=CLS t=0.7
└ @ Main /work/vemundlu/FiberBundle/dataGenerator.jl:152
┌ LogLevel(-2): Searching for loose files... 
└ @ Main /work/vemundlu/FiberBundle/support/dataManager.jl:238
┌ LogLevel(-2): Done!
└ @ Main /work/vemundlu/FiberBundle/support/dataManager.jl:258
┌ LogLevel(-2): All seeds already exist
└ @ Main /work/vemundlu/FiberBundle/support/dataManager.jl:223
┌ LogLevel(-2): Starting a=0.0 dist=Uniform L=64 nr=LLS t=0.7
└ @ Main /work/vemundlu/FiberBundle/dataGenerator.jl:152
┌ LogLevel(-2): Searching for loose files... 
└ @ Main /work/vemundlu/FiberBundle/support/dataManager.jl:238
┌ LogLevel(-2): Done!
└ @ Main /work/vemundlu/FiberBundle/support/dataManager.jl:258
┌ LogLevel(-2): All seeds already exist
└ @ Main /work/vemundlu/FiberBundle/support/dataManager.jl:223
┌ LogLevel(-2): Starting a=2.0 dist=Uniform L=64 nr=CLS t=0.8
└ @ Main /work/vemundlu/FiberBundle/dataGenerator.jl:152
┌ LogLevel(-2): Searching for loose files... 
└ @ Main /work/vemundlu/FiberBundle/support/dataManager.jl:238
┌ LogLevel(-2): Done!
└ @ Main /work/vemundlu/FiberBundle/support/dataManager.jl:258
┌ LogLevel(-2): All seeds already exist
└ @ Main /work/vemundlu/FiberBundle/support/dataManager.jl:223
┌ LogLevel(-2): Starting a=0.0 dist=Uniform L=64 nr=LLS t=0.8
└ @ Main /work/vemundlu/FiberBundle/dataGenerator.jl:152
┌ LogLevel(-2): Searching for loose files... 
└ @ Main /work/vemundlu/FiberBundle/support/dataManager.jl:238
┌ LogLevel(-2): Done!
└ @ Main /work/vemundlu/FiberBundle/support/dataManager.jl:258
┌ LogLevel(-2): All seeds already exist
└ @ Main /work/vemundlu/FiberBundle/support/dataManager.jl:223
┌ LogLevel(-2): Starting a=2.0 dist=Uniform L=64 nr=CLS t=0.9
└ @ Main /work/vemundlu/FiberBundle/dataGenerator.jl:152
┌ LogLevel(-2): Searching for loose files... 
└ @ Main /work/vemundlu/FiberBundle/support/dataManager.jl:238
┌ LogLevel(-2): Done!
└ @ Main /work/vemundlu/FiberBundle/support/dataManager.jl:258
┌ LogLevel(-2): All seeds already exist
└ @ Main /work/vemundlu/FiberBundle/support/dataManager.jl:223
┌ LogLevel(-2): Starting a=0.0 dist=Uniform L=64 nr=LLS t=0.9
└ @ Main /work/vemundlu/FiberBundle/dataGenerator.jl:152
┌ LogLevel(-2): Searching for loose files... 
└ @ Main /work/vemundlu/FiberBundle/support/dataManager.jl:238
┌ LogLevel(-2): Done!
└ @ Main /work/vemundlu/FiberBundle/support/dataManager.jl:258
┌ LogLevel(-2): All seeds already exist
└ @ Main /work/vemundlu/FiberBundle/support/dataManager.jl:223
7956.305768 seconds (4.60 G allocations: 296.115 GiB, 0.85% gc time, 0.20% compilation time)
┌ LogLevel(-1): Removing workers
└ @ Main /work/vemundlu/FiberBundle/generateData.jl:62
