┌ Warning: rmprocs: process 1 not removed
└ @ Distributed /buildworker/worker/package_linux64/build/usr/share/julia/stdlib/v1.7/Distributed/src/cluster.jl:1045
┌ LogLevel(-1): Starting 40 workers... 
└ @ Main /work/vemundlu/FiberBundle/generateData.jl:59
┌ LogLevel(-1): Running settings: 
│  Any[256], 
│  Any[0.8, 0.9], 
│  Any[2.0]
└ @ Main /work/vemundlu/FiberBundle/generateData.jl:63
┌ LogLevel(-2): 2023-02-15T13:26:21.291: Starting a=0.0 dist=Uniform L=256 nr=LLS t=0.8
└ @ Main /work/vemundlu/FiberBundle/dataGenerator.jl:156
┌ LogLevel(-2): Searching for loose files... 
└ @ Main /work/vemundlu/FiberBundle/support/dataManager.jl:274
┌ LogLevel(-2): Running workers...
└ @ Main /work/vemundlu/FiberBundle/dataGenerator.jl:141
┌ LogLevel(-2): Starting work on a=0.0 dist=Uniform L=256 nr=LLS t=0.8
└ @ Main /work/vemundlu/FiberBundle/dataGenerator.jl:81
┌ LogLevel(-2): 100%, Active workers: 0, Completed tasks: 1000.
└ @ Main /work/vemundlu/FiberBundle/dataGenerator.jl:97
┌ LogLevel(-2): Done!
└ @ Main /work/vemundlu/FiberBundle/dataGenerator.jl:143
┌ LogLevel(-2): Calculating averages... 
└ @ Main /work/vemundlu/FiberBundle/dataGenerator.jl:146
┌ LogLevel(-2): Done!
└ @ Main /work/vemundlu/FiberBundle/dataGenerator.jl:148
┌ LogLevel(-2): 2023-02-15T13:27:25.600: Starting a=2.0 dist=Uniform L=256 nr=CLS t=0.8
└ @ Main /work/vemundlu/FiberBundle/dataGenerator.jl:156
┌ LogLevel(-2): Searching for loose files... 
└ @ Main /work/vemundlu/FiberBundle/support/dataManager.jl:274
┌ LogLevel(-2): Running workers...
└ @ Main /work/vemundlu/FiberBundle/dataGenerator.jl:141
┌ LogLevel(-2): Starting work on a=2.0 dist=Uniform L=256 nr=CLS t=0.8
└ @ Main /work/vemundlu/FiberBundle/dataGenerator.jl:81
┌ LogLevel(-2): 0%, Active workers: 40, Completed tasks: 0.
└ @ Main /work/vemundlu/FiberBundle/dataGenerator.jl:93
┌ LogLevel(-2): 1%, Active workers: 40, Completed tasks: 0.
└ @ Main /work/vemundlu/FiberBundle/dataGenerator.jl:93
┌ LogLevel(-2): 2%, Active workers: 40, Completed tasks: 30.
└ @ Main /work/vemundlu/FiberBundle/dataGenerator.jl:93
┌ LogLevel(-2): 3%, Active workers: 40, Completed tasks: 46.
└ @ Main /work/vemundlu/FiberBundle/dataGenerator.jl:93
┌ LogLevel(-2): 4%, Active workers: 40, Completed tasks: 70.
└ @ Main /work/vemundlu/FiberBundle/dataGenerator.jl:93
┌ LogLevel(-2): 5%, Active workers: 40, Completed tasks: 94.
└ @ Main /work/vemundlu/FiberBundle/dataGenerator.jl:93
┌ LogLevel(-2): 6%, Active workers: 40, Completed tasks: 113.
└ @ Main /work/vemundlu/FiberBundle/dataGenerator.jl:93
┌ LogLevel(-2): 7%, Active workers: 40, Completed tasks: 137.
└ @ Main /work/vemundlu/FiberBundle/dataGenerator.jl:93
┌ LogLevel(-2): 8%, Active workers: 40, Completed tasks: 159.
└ @ Main /work/vemundlu/FiberBundle/dataGenerator.jl:93
┌ LogLevel(-2): 9%, Active workers: 40, Completed tasks: 181.
└ @ Main /work/vemundlu/FiberBundle/dataGenerator.jl:93
┌ LogLevel(-2): 10%, Active workers: 40, Completed tasks: 207.
└ @ Main /work/vemundlu/FiberBundle/dataGenerator.jl:93
┌ LogLevel(-2): 11%, Active workers: 40, Completed tasks: 224.
└ @ Main /work/vemundlu/FiberBundle/dataGenerator.jl:93
┌ LogLevel(-2): 12%, Active workers: 40, Completed tasks: 251.
└ @ Main /work/vemundlu/FiberBundle/dataGenerator.jl:93
┌ LogLevel(-2): 13%, Active workers: 40, Completed tasks: 275.
└ @ Main /work/vemundlu/FiberBundle/dataGenerator.jl:93
┌ LogLevel(-2): 14%, Active workers: 40, Completed tasks: 297.
└ @ Main /work/vemundlu/FiberBundle/dataGenerator.jl:93
┌ LogLevel(-2): 15%, Active workers: 40, Completed tasks: 318.
└ @ Main /work/vemundlu/FiberBundle/dataGenerator.jl:93
┌ LogLevel(-2): 16%, Active workers: 40, Completed tasks: 346.
└ @ Main /work/vemundlu/FiberBundle/dataGenerator.jl:93
┌ LogLevel(-2): 17%, Active workers: 40, Completed tasks: 363.
└ @ Main /work/vemundlu/FiberBundle/dataGenerator.jl:93
┌ LogLevel(-2): 18%, Active workers: 40, Completed tasks: 389.
└ @ Main /work/vemundlu/FiberBundle/dataGenerator.jl:93
┌ LogLevel(-2): 19%, Active workers: 40, Completed tasks: 408.
└ @ Main /work/vemundlu/FiberBundle/dataGenerator.jl:93
┌ LogLevel(-2): 20%, Active workers: 40, Completed tasks: 432.
└ @ Main /work/vemundlu/FiberBundle/dataGenerator.jl:93
┌ LogLevel(-2): 21%, Active workers: 40, Completed tasks: 456.
└ @ Main /work/vemundlu/FiberBundle/dataGenerator.jl:93
┌ LogLevel(-2): 22%, Active workers: 40, Completed tasks: 476.
└ @ Main /work/vemundlu/FiberBundle/dataGenerator.jl:93
┌ LogLevel(-2): 23%, Active workers: 40, Completed tasks: 500.
└ @ Main /work/vemundlu/FiberBundle/dataGenerator.jl:93
┌ LogLevel(-2): 24%, Active workers: 40, Completed tasks: 524.
└ @ Main /work/vemundlu/FiberBundle/dataGenerator.jl:93
┌ LogLevel(-2): 25%, Active workers: 40, Completed tasks: 543.
└ @ Main /work/vemundlu/FiberBundle/dataGenerator.jl:93
┌ LogLevel(-2): 26%, Active workers: 40, Completed tasks: 569.
└ @ Main /work/vemundlu/FiberBundle/dataGenerator.jl:93
┌ LogLevel(-2): 27%, Active workers: 40, Completed tasks: 590.
└ @ Main /work/vemundlu/FiberBundle/dataGenerator.jl:93
┌ LogLevel(-2): 28%, Active workers: 40, Completed tasks: 616.
└ @ Main /work/vemundlu/FiberBundle/dataGenerator.jl:93
┌ LogLevel(-2): 29%, Active workers: 40, Completed tasks: 638.
└ @ Main /work/vemundlu/FiberBundle/dataGenerator.jl:93
┌ LogLevel(-2): 30%, Active workers: 40, Completed tasks: 659.
└ @ Main /work/vemundlu/FiberBundle/dataGenerator.jl:93
┌ LogLevel(-2): 31%, Active workers: 40, Completed tasks: 683.
└ @ Main /work/vemundlu/FiberBundle/dataGenerator.jl:93
┌ LogLevel(-2): 32%, Active workers: 40, Completed tasks: 706.
└ @ Main /work/vemundlu/FiberBundle/dataGenerator.jl:93
┌ LogLevel(-2): 33%, Active workers: 40, Completed tasks: 730.
└ @ Main /work/vemundlu/FiberBundle/dataGenerator.jl:93
┌ LogLevel(-2): 34%, Active workers: 40, Completed tasks: 752.
└ @ Main /work/vemundlu/FiberBundle/dataGenerator.jl:93
┌ LogLevel(-2): 35%, Active workers: 40, Completed tasks: 776.
└ @ Main /work/vemundlu/FiberBundle/dataGenerator.jl:93
┌ LogLevel(-2): 36%, Active workers: 40, Completed tasks: 796.
└ @ Main /work/vemundlu/FiberBundle/dataGenerator.jl:93
┌ LogLevel(-2): 37%, Active workers: 40, Completed tasks: 820.
└ @ Main /work/vemundlu/FiberBundle/dataGenerator.jl:93
┌ LogLevel(-2): 38%, Active workers: 40, Completed tasks: 842.
└ @ Main /work/vemundlu/FiberBundle/dataGenerator.jl:93
┌ LogLevel(-2): 39%, Active workers: 39, Completed tasks: 867.
└ @ Main /work/vemundlu/FiberBundle/dataGenerator.jl:93
┌ LogLevel(-2): 40%, Active workers: 35, Completed tasks: 888.
└ @ Main /work/vemundlu/FiberBundle/dataGenerator.jl:93
┌ LogLevel(-2): 41%, Active workers: 31, Completed tasks: 916.
└ @ Main /work/vemundlu/FiberBundle/dataGenerator.jl:93
┌ LogLevel(-2): 42%, Active workers: 27, Completed tasks: 941.
└ @ Main /work/vemundlu/FiberBundle/dataGenerator.jl:93
┌ LogLevel(-2): 43%, Active workers: 20, Completed tasks: 966.
└ @ Main /work/vemundlu/FiberBundle/dataGenerator.jl:93
┌ LogLevel(-2): 100%, Active workers: 0, Completed tasks: 1000.
└ @ Main /work/vemundlu/FiberBundle/dataGenerator.jl:97
┌ LogLevel(-2): Done!
└ @ Main /work/vemundlu/FiberBundle/dataGenerator.jl:143
┌ LogLevel(-2): Calculating averages... 
└ @ Main /work/vemundlu/FiberBundle/dataGenerator.jl:146
┌ LogLevel(-2): Done!
└ @ Main /work/vemundlu/FiberBundle/dataGenerator.jl:148
┌ LogLevel(-2): 2023-02-15T15:38:42.326: Starting a=0.0 dist=Uniform L=256 nr=LLS t=0.9
└ @ Main /work/vemundlu/FiberBundle/dataGenerator.jl:156
┌ LogLevel(-2): Searching for loose files... 
└ @ Main /work/vemundlu/FiberBundle/support/dataManager.jl:274
┌ LogLevel(-2): Running workers...
└ @ Main /work/vemundlu/FiberBundle/dataGenerator.jl:141
┌ LogLevel(-2): Starting work on a=0.0 dist=Uniform L=256 nr=LLS t=0.9
└ @ Main /work/vemundlu/FiberBundle/dataGenerator.jl:81
┌ LogLevel(-2): 0%, Active workers: 40, Completed tasks: 0.
└ @ Main /work/vemundlu/FiberBundle/dataGenerator.jl:93
┌ LogLevel(-2): 1%, Active workers: 40, Completed tasks: 0.
└ @ Main /work/vemundlu/FiberBundle/dataGenerator.jl:93
┌ LogLevel(-2): 2%, Active workers: 40, Completed tasks: 0.
└ @ Main /work/vemundlu/FiberBundle/dataGenerator.jl:93
┌ LogLevel(-2): 3%, Active workers: 40, Completed tasks: 0.
└ @ Main /work/vemundlu/FiberBundle/dataGenerator.jl:93
┌ LogLevel(-2): 4%, Active workers: 40, Completed tasks: 39.
└ @ Main /work/vemundlu/FiberBundle/dataGenerator.jl:93
┌ LogLevel(-2): 5%, Active workers: 40, Completed tasks: 40.
└ @ Main /work/vemundlu/FiberBundle/dataGenerator.jl:93
┌ LogLevel(-2): 6%, Active workers: 40, Completed tasks: 40.
└ @ Main /work/vemundlu/FiberBundle/dataGenerator.jl:93
┌ LogLevel(-2): 7%, Active workers: 40, Completed tasks: 60.
└ @ Main /work/vemundlu/FiberBundle/dataGenerator.jl:93
┌ LogLevel(-2): 8%, Active workers: 40, Completed tasks: 80.
└ @ Main /work/vemundlu/FiberBundle/dataGenerator.jl:93
┌ LogLevel(-2): 9%, Active workers: 40, Completed tasks: 80.
└ @ Main /work/vemundlu/FiberBundle/dataGenerator.jl:93
┌ LogLevel(-2): 10%, Active workers: 40, Completed tasks: 91.
└ @ Main /work/vemundlu/FiberBundle/dataGenerator.jl:93
┌ LogLevel(-2): 11%, Active workers: 40, Completed tasks: 116.
└ @ Main /work/vemundlu/FiberBundle/dataGenerator.jl:93
┌ LogLevel(-2): 12%, Active workers: 40, Completed tasks: 120.
└ @ Main /work/vemundlu/FiberBundle/dataGenerator.jl:93
┌ LogLevel(-2): 13%, Active workers: 40, Completed tasks: 129.
└ @ Main /work/vemundlu/FiberBundle/dataGenerator.jl:93
┌ LogLevel(-2): 14%, Active workers: 40, Completed tasks: 137.
└ @ Main /work/vemundlu/FiberBundle/dataGenerator.jl:93
┌ LogLevel(-2): 15%, Active workers: 40, Completed tasks: 160.
└ @ Main /work/vemundlu/FiberBundle/dataGenerator.jl:93
┌ LogLevel(-2): 16%, Active workers: 40, Completed tasks: 168.
└ @ Main /work/vemundlu/FiberBundle/dataGenerator.jl:93
┌ LogLevel(-2): 17%, Active workers: 40, Completed tasks: 175.
└ @ Main /work/vemundlu/FiberBundle/dataGenerator.jl:93
┌ LogLevel(-2): 18%, Active workers: 40, Completed tasks: 192.
└ @ Main /work/vemundlu/FiberBundle/dataGenerator.jl:93
┌ LogLevel(-2): 19%, Active workers: 40, Completed tasks: 202.
└ @ Main /work/vemundlu/FiberBundle/dataGenerator.jl:93
┌ LogLevel(-2): 20%, Active workers: 40, Completed tasks: 213.
└ @ Main /work/vemundlu/FiberBundle/dataGenerator.jl:93
┌ LogLevel(-2): 21%, Active workers: 40, Completed tasks: 217.
└ @ Main /work/vemundlu/FiberBundle/dataGenerator.jl:93
┌ LogLevel(-2): 22%, Active workers: 40, Completed tasks: 240.
└ @ Main /work/vemundlu/FiberBundle/dataGenerator.jl:93
┌ LogLevel(-2): 23%, Active workers: 40, Completed tasks: 251.
└ @ Main /work/vemundlu/FiberBundle/dataGenerator.jl:93
┌ LogLevel(-2): 24%, Active workers: 40, Completed tasks: 256.
└ @ Main /work/vemundlu/FiberBundle/dataGenerator.jl:93
┌ LogLevel(-2): 25%, Active workers: 40, Completed tasks: 268.
└ @ Main /work/vemundlu/FiberBundle/dataGenerator.jl:93
┌ LogLevel(-2): 26%, Active workers: 40, Completed tasks: 290.
└ @ Main /work/vemundlu/FiberBundle/dataGenerator.jl:93
┌ LogLevel(-2): 27%, Active workers: 40, Completed tasks: 295.
└ @ Main /work/vemundlu/FiberBundle/dataGenerator.jl:93
┌ LogLevel(-2): 28%, Active workers: 40, Completed tasks: 298.
└ @ Main /work/vemundlu/FiberBundle/dataGenerator.jl:93
┌ LogLevel(-2): 29%, Active workers: 40, Completed tasks: 324.
└ @ Main /work/vemundlu/FiberBundle/dataGenerator.jl:93
┌ LogLevel(-2): 30%, Active workers: 40, Completed tasks: 333.
└ @ Main /work/vemundlu/FiberBundle/dataGenerator.jl:93
┌ LogLevel(-2): 31%, Active workers: 40, Completed tasks: 337.
└ @ Main /work/vemundlu/FiberBundle/dataGenerator.jl:93
┌ LogLevel(-2): 32%, Active workers: 40, Completed tasks: 352.
└ @ Main /work/vemundlu/FiberBundle/dataGenerator.jl:93
┌ LogLevel(-2): 33%, Active workers: 40, Completed tasks: 370.
└ @ Main /work/vemundlu/FiberBundle/dataGenerator.jl:93
┌ LogLevel(-2): 34%, Active workers: 40, Completed tasks: 376.
└ @ Main /work/vemundlu/FiberBundle/dataGenerator.jl:93
┌ LogLevel(-2): 35%, Active workers: 40, Completed tasks: 387.
└ @ Main /work/vemundlu/FiberBundle/dataGenerator.jl:93
┌ LogLevel(-2): 36%, Active workers: 40, Completed tasks: 400.
└ @ Main /work/vemundlu/FiberBundle/dataGenerator.jl:93
┌ LogLevel(-2): 37%, Active workers: 40, Completed tasks: 416.
└ @ Main /work/vemundlu/FiberBundle/dataGenerator.jl:93
┌ LogLevel(-2): 38%, Active workers: 40, Completed tasks: 423.
└ @ Main /work/vemundlu/FiberBundle/dataGenerator.jl:93
┌ LogLevel(-2): 39%, Active workers: 40, Completed tasks: 432.
└ @ Main /work/vemundlu/FiberBundle/dataGenerator.jl:93
┌ LogLevel(-2): 40%, Active workers: 40, Completed tasks: 450.
└ @ Main /work/vemundlu/FiberBundle/dataGenerator.jl:93
┌ LogLevel(-2): 41%, Active workers: 40, Completed tasks: 462.
└ @ Main /work/vemundlu/FiberBundle/dataGenerator.jl:93
┌ LogLevel(-2): 42%, Active workers: 40, Completed tasks: 470.
└ @ Main /work/vemundlu/FiberBundle/dataGenerator.jl:93
┌ LogLevel(-2): 43%, Active workers: 40, Completed tasks: 478.
└ @ Main /work/vemundlu/FiberBundle/dataGenerator.jl:93
┌ LogLevel(-2): 44%, Active workers: 40, Completed tasks: 499.
└ @ Main /work/vemundlu/FiberBundle/dataGenerator.jl:93
┌ LogLevel(-2): 45%, Active workers: 40, Completed tasks: 507.
└ @ Main /work/vemundlu/FiberBundle/dataGenerator.jl:93
┌ LogLevel(-2): 46%, Active workers: 40, Completed tasks: 514.
└ @ Main /work/vemundlu/FiberBundle/dataGenerator.jl:93
┌ LogLevel(-2): 47%, Active workers: 40, Completed tasks: 529.
└ @ Main /work/vemundlu/FiberBundle/dataGenerator.jl:93
┌ LogLevel(-2): 48%, Active workers: 40, Completed tasks: 546.
└ @ Main /work/vemundlu/FiberBundle/dataGenerator.jl:93
┌ LogLevel(-2): 49%, Active workers: 40, Completed tasks: 551.
└ @ Main /work/vemundlu/FiberBundle/dataGenerator.jl:93
┌ LogLevel(-2): 50%, Active workers: 40, Completed tasks: 563.
└ @ Main /work/vemundlu/FiberBundle/dataGenerator.jl:93
┌ LogLevel(-2): 51%, Active workers: 40, Completed tasks: 579.
└ @ Main /work/vemundlu/FiberBundle/dataGenerator.jl:93
┌ LogLevel(-2): 52%, Active workers: 40, Completed tasks: 589.
└ @ Main /work/vemundlu/FiberBundle/dataGenerator.jl:93
┌ LogLevel(-2): 53%, Active workers: 40, Completed tasks: 598.
└ @ Main /work/vemundlu/FiberBundle/dataGenerator.jl:93
┌ LogLevel(-2): 54%, Active workers: 40, Completed tasks: 611.
└ @ Main /work/vemundlu/FiberBundle/dataGenerator.jl:93
┌ LogLevel(-2): 55%, Active workers: 40, Completed tasks: 626.
└ @ Main /work/vemundlu/FiberBundle/dataGenerator.jl:93
┌ LogLevel(-2): 56%, Active workers: 40, Completed tasks: 635.
└ @ Main /work/vemundlu/FiberBundle/dataGenerator.jl:93
┌ LogLevel(-2): 57%, Active workers: 40, Completed tasks: 647.
└ @ Main /work/vemundlu/FiberBundle/dataGenerator.jl:93
┌ LogLevel(-2): 58%, Active workers: 40, Completed tasks: 654.
└ @ Main /work/vemundlu/FiberBundle/dataGenerator.jl:93
┌ LogLevel(-2): 59%, Active workers: 40, Completed tasks: 675.
└ @ Main /work/vemundlu/FiberBundle/dataGenerator.jl:93
┌ LogLevel(-2): 60%, Active workers: 40, Completed tasks: 683.
└ @ Main /work/vemundlu/FiberBundle/dataGenerator.jl:93
┌ LogLevel(-2): 61%, Active workers: 40, Completed tasks: 690.
└ @ Main /work/vemundlu/FiberBundle/dataGenerator.jl:93
┌ LogLevel(-2): 62%, Active workers: 40, Completed tasks: 707.
└ @ Main /work/vemundlu/FiberBundle/dataGenerator.jl:93
┌ LogLevel(-2): 63%, Active workers: 40, Completed tasks: 722.
└ @ Main /work/vemundlu/FiberBundle/dataGenerator.jl:93
┌ LogLevel(-2): 64%, Active workers: 40, Completed tasks: 728.
└ @ Main /work/vemundlu/FiberBundle/dataGenerator.jl:93
┌ LogLevel(-2): 65%, Active workers: 40, Completed tasks: 739.
└ @ Main /work/vemundlu/FiberBundle/dataGenerator.jl:93
┌ LogLevel(-2): 66%, Active workers: 40, Completed tasks: 756.
└ @ Main /work/vemundlu/FiberBundle/dataGenerator.jl:93
┌ LogLevel(-2): 67%, Active workers: 40, Completed tasks: 766.
└ @ Main /work/vemundlu/FiberBundle/dataGenerator.jl:93
┌ LogLevel(-2): 68%, Active workers: 40, Completed tasks: 776.
└ @ Main /work/vemundlu/FiberBundle/dataGenerator.jl:93
┌ LogLevel(-2): 69%, Active workers: 40, Completed tasks: 789.
└ @ Main /work/vemundlu/FiberBundle/dataGenerator.jl:93
┌ LogLevel(-2): 70%, Active workers: 40, Completed tasks: 802.
└ @ Main /work/vemundlu/FiberBundle/dataGenerator.jl:93
┌ LogLevel(-2): 71%, Active workers: 40, Completed tasks: 814.
└ @ Main /work/vemundlu/FiberBundle/dataGenerator.jl:93
┌ LogLevel(-2): 72%, Active workers: 40, Completed tasks: 824.
└ @ Main /work/vemundlu/FiberBundle/dataGenerator.jl:93
┌ LogLevel(-2): 73%, Active workers: 40, Completed tasks: 834.
└ @ Main /work/vemundlu/FiberBundle/dataGenerator.jl:93
┌ LogLevel(-2): 74%, Active workers: 40, Completed tasks: 851.
└ @ Main /work/vemundlu/FiberBundle/dataGenerator.jl:93
┌ LogLevel(-2): 75%, Active workers: 38, Completed tasks: 863.
└ @ Main /work/vemundlu/FiberBundle/dataGenerator.jl:93
┌ LogLevel(-2): 76%, Active workers: 36, Completed tasks: 869.
└ @ Main /work/vemundlu/FiberBundle/dataGenerator.jl:93
┌ LogLevel(-2): 77%, Active workers: 33, Completed tasks: 888.
└ @ Main /work/vemundlu/FiberBundle/dataGenerator.jl:93
┌ LogLevel(-2): 78%, Active workers: 30, Completed tasks: 902.
└ @ Main /work/vemundlu/FiberBundle/dataGenerator.jl:93
┌ LogLevel(-2): 79%, Active workers: 28, Completed tasks: 911.
└ @ Main /work/vemundlu/FiberBundle/dataGenerator.jl:93
┌ LogLevel(-2): 80%, Active workers: 27, Completed tasks: 928.
└ @ Main /work/vemundlu/FiberBundle/dataGenerator.jl:93
┌ LogLevel(-2): 81%, Active workers: 26, Completed tasks: 936.
└ @ Main /work/vemundlu/FiberBundle/dataGenerator.jl:93
┌ LogLevel(-2): 82%, Active workers: 24, Completed tasks: 954.
└ @ Main /work/vemundlu/FiberBundle/dataGenerator.jl:93
┌ LogLevel(-2): 83%, Active workers: 23, Completed tasks: 962.
└ @ Main /work/vemundlu/FiberBundle/dataGenerator.jl:93
┌ LogLevel(-2): 84%, Active workers: 22, Completed tasks: 977.
└ @ Main /work/vemundlu/FiberBundle/dataGenerator.jl:93
┌ LogLevel(-2): 85%, Active workers: 4, Completed tasks: 996.
└ @ Main /work/vemundlu/FiberBundle/dataGenerator.jl:93
┌ LogLevel(-2): 100%, Active workers: 0, Completed tasks: 1000.
└ @ Main /work/vemundlu/FiberBundle/dataGenerator.jl:97
┌ LogLevel(-2): Done!
└ @ Main /work/vemundlu/FiberBundle/dataGenerator.jl:143
┌ LogLevel(-2): Calculating averages... 
└ @ Main /work/vemundlu/FiberBundle/dataGenerator.jl:146
┌ LogLevel(-2): Done!
└ @ Main /work/vemundlu/FiberBundle/dataGenerator.jl:148
┌ LogLevel(-2): 2023-02-15T19:54:01.613: Starting a=2.0 dist=Uniform L=256 nr=CLS t=0.9
└ @ Main /work/vemundlu/FiberBundle/dataGenerator.jl:156
┌ LogLevel(-2): Searching for loose files... 
└ @ Main /work/vemundlu/FiberBundle/support/dataManager.jl:274
┌ LogLevel(-2): Running workers...
└ @ Main /work/vemundlu/FiberBundle/dataGenerator.jl:141
┌ LogLevel(-2): Starting work on a=2.0 dist=Uniform L=256 nr=CLS t=0.9
└ @ Main /work/vemundlu/FiberBundle/dataGenerator.jl:81
┌ LogLevel(-2): 0%, Active workers: 40, Completed tasks: 0.
└ @ Main /work/vemundlu/FiberBundle/dataGenerator.jl:93
┌ LogLevel(-2): 1%, Active workers: 40, Completed tasks: 3.
└ @ Main /work/vemundlu/FiberBundle/dataGenerator.jl:93
┌ LogLevel(-2): 2%, Active workers: 40, Completed tasks: 40.
└ @ Main /work/vemundlu/FiberBundle/dataGenerator.jl:93
┌ LogLevel(-2): 3%, Active workers: 40, Completed tasks: 80.
└ @ Main /work/vemundlu/FiberBundle/dataGenerator.jl:93
┌ LogLevel(-2): 4%, Active workers: 40, Completed tasks: 112.
└ @ Main /work/vemundlu/FiberBundle/dataGenerator.jl:93
┌ LogLevel(-2): 5%, Active workers: 40, Completed tasks: 144.
└ @ Main /work/vemundlu/FiberBundle/dataGenerator.jl:93
┌ LogLevel(-2): 6%, Active workers: 40, Completed tasks: 176.
└ @ Main /work/vemundlu/FiberBundle/dataGenerator.jl:93
┌ LogLevel(-2): 7%, Active workers: 40, Completed tasks: 207.
└ @ Main /work/vemundlu/FiberBundle/dataGenerator.jl:93
┌ LogLevel(-2): 8%, Active workers: 40, Completed tasks: 242.
└ @ Main /work/vemundlu/FiberBundle/dataGenerator.jl:93
┌ LogLevel(-2): 9%, Active workers: 40, Completed tasks: 274.
└ @ Main /work/vemundlu/FiberBundle/dataGenerator.jl:93
┌ LogLevel(-2): 10%, Active workers: 40, Completed tasks: 301.
└ @ Main /work/vemundlu/FiberBundle/dataGenerator.jl:93
┌ LogLevel(-2): 11%, Active workers: 40, Completed tasks: 338.
└ @ Main /work/vemundlu/FiberBundle/dataGenerator.jl:93
┌ LogLevel(-2): 12%, Active workers: 40, Completed tasks: 372.
└ @ Main /work/vemundlu/FiberBundle/dataGenerator.jl:93
┌ LogLevel(-2): 13%, Active workers: 40, Completed tasks: 401.
└ @ Main /work/vemundlu/FiberBundle/dataGenerator.jl:93
┌ LogLevel(-2): 14%, Active workers: 40, Completed tasks: 433.
└ @ Main /work/vemundlu/FiberBundle/dataGenerator.jl:93
┌ LogLevel(-2): 15%, Active workers: 40, Completed tasks: 466.
└ @ Main /work/vemundlu/FiberBundle/dataGenerator.jl:93
┌ LogLevel(-2): 16%, Active workers: 40, Completed tasks: 501.
└ @ Main /work/vemundlu/FiberBundle/dataGenerator.jl:93
┌ LogLevel(-2): 17%, Active workers: 40, Completed tasks: 532.
└ @ Main /work/vemundlu/FiberBundle/dataGenerator.jl:93
┌ LogLevel(-2): 18%, Active workers: 40, Completed tasks: 564.
└ @ Main /work/vemundlu/FiberBundle/dataGenerator.jl:93
┌ LogLevel(-2): 19%, Active workers: 40, Completed tasks: 595.
└ @ Main /work/vemundlu/FiberBundle/dataGenerator.jl:93
┌ LogLevel(-2): 20%, Active workers: 40, Completed tasks: 631.
└ @ Main /work/vemundlu/FiberBundle/dataGenerator.jl:93
┌ LogLevel(-2): 21%, Active workers: 40, Completed tasks: 665.
└ @ Main /work/vemundlu/FiberBundle/dataGenerator.jl:93
┌ LogLevel(-2): 22%, Active workers: 40, Completed tasks: 692.
└ @ Main /work/vemundlu/FiberBundle/dataGenerator.jl:93
┌ LogLevel(-2): 23%, Active workers: 40, Completed tasks: 727.
└ @ Main /work/vemundlu/FiberBundle/dataGenerator.jl:93
┌ LogLevel(-2): 24%, Active workers: 40, Completed tasks: 761.
└ @ Main /work/vemundlu/FiberBundle/dataGenerator.jl:93
┌ LogLevel(-2): 25%, Active workers: 40, Completed tasks: 793.
└ @ Main /work/vemundlu/FiberBundle/dataGenerator.jl:93
┌ LogLevel(-2): 26%, Active workers: 40, Completed tasks: 822.
└ @ Main /work/vemundlu/FiberBundle/dataGenerator.jl:93
┌ LogLevel(-2): 27%, Active workers: 40, Completed tasks: 853.
└ @ Main /work/vemundlu/FiberBundle/dataGenerator.jl:93
┌ LogLevel(-2): 28%, Active workers: 37, Completed tasks: 891.
└ @ Main /work/vemundlu/FiberBundle/dataGenerator.jl:93
┌ LogLevel(-2): 29%, Active workers: 28, Completed tasks: 925.
└ @ Main /work/vemundlu/FiberBundle/dataGenerator.jl:93
┌ LogLevel(-2): 30%, Active workers: 23, Completed tasks: 962.
└ @ Main /work/vemundlu/FiberBundle/dataGenerator.jl:93
┌ LogLevel(-2): 100%, Active workers: 0, Completed tasks: 1000.
└ @ Main /work/vemundlu/FiberBundle/dataGenerator.jl:97
┌ LogLevel(-2): Done!
└ @ Main /work/vemundlu/FiberBundle/dataGenerator.jl:143
┌ LogLevel(-2): Calculating averages... 
└ @ Main /work/vemundlu/FiberBundle/dataGenerator.jl:146
┌ LogLevel(-2): Done!
└ @ Main /work/vemundlu/FiberBundle/dataGenerator.jl:148
28788.665999 seconds (8.08 G allocations: 386.314 GiB, 0.27% gc time, 0.05% compilation time)
┌ LogLevel(-1): Removing workers
└ @ Main /work/vemundlu/FiberBundle/generateData.jl:65
