┌ Warning: rmprocs: process 1 not removed
└ @ Distributed /buildworker/worker/package_linux64/build/usr/share/julia/stdlib/v1.7/Distributed/src/cluster.jl:1045
┌ LogLevel(-1): Starting 50 workers... 
└ @ Main /work/vemundlu/FiberBundle/generateData.jl:62
┌ LogLevel(-1): Running settings: 
│  Any[128], 
│  Any[0.22], 
│  Any[2.0]
└ @ Main /work/vemundlu/FiberBundle/generateData.jl:66
┌ LogLevel(-2): 2023-03-04T11:01:28.270: Starting a=0.0 dist=ConstantAverageUniform L=128 nr=LLS t=0.22
└ @ Main /work/vemundlu/FiberBundle/dataGenerator.jl:155
┌ LogLevel(-2): Searching for loose files... 
└ @ Main /work/vemundlu/FiberBundle/support/dataManager.jl:277
┌ LogLevel(-2): Running workers...
└ @ Main /work/vemundlu/FiberBundle/dataGenerator.jl:140
┌ LogLevel(-2): Starting work on a=0.0 dist=ConstantAverageUniform L=128 nr=LLS t=0.22
└ @ Main /work/vemundlu/FiberBundle/dataGenerator.jl:80
┌ LogLevel(-2): 0%, Active workers: 48, Completed tasks: 0.
└ @ Main /work/vemundlu/FiberBundle/dataGenerator.jl:92
┌ LogLevel(-2): 1%, Active workers: 50, Completed tasks: 0.
└ @ Main /work/vemundlu/FiberBundle/dataGenerator.jl:92
┌ LogLevel(-2): 2%, Active workers: 50, Completed tasks: 50.
└ @ Main /work/vemundlu/FiberBundle/dataGenerator.jl:92
┌ LogLevel(-2): 3%, Active workers: 50, Completed tasks: 50.
└ @ Main /work/vemundlu/FiberBundle/dataGenerator.jl:92
┌ LogLevel(-2): 4%, Active workers: 50, Completed tasks: 100.
└ @ Main /work/vemundlu/FiberBundle/dataGenerator.jl:92
┌ LogLevel(-2): 5%, Active workers: 50, Completed tasks: 122.
└ @ Main /work/vemundlu/FiberBundle/dataGenerator.jl:92
┌ LogLevel(-2): 6%, Active workers: 50, Completed tasks: 150.
└ @ Main /work/vemundlu/FiberBundle/dataGenerator.jl:92
┌ LogLevel(-2): 7%, Active workers: 50, Completed tasks: 200.
└ @ Main /work/vemundlu/FiberBundle/dataGenerator.jl:92
┌ LogLevel(-2): 8%, Active workers: 50, Completed tasks: 200.
└ @ Main /work/vemundlu/FiberBundle/dataGenerator.jl:92
┌ LogLevel(-2): 9%, Active workers: 50, Completed tasks: 250.
└ @ Main /work/vemundlu/FiberBundle/dataGenerator.jl:92
┌ LogLevel(-2): 10%, Active workers: 50, Completed tasks: 271.
└ @ Main /work/vemundlu/FiberBundle/dataGenerator.jl:92
┌ LogLevel(-2): 11%, Active workers: 50, Completed tasks: 300.
└ @ Main /work/vemundlu/FiberBundle/dataGenerator.jl:92
┌ LogLevel(-2): 12%, Active workers: 50, Completed tasks: 350.
└ @ Main /work/vemundlu/FiberBundle/dataGenerator.jl:92
┌ LogLevel(-2): 13%, Active workers: 50, Completed tasks: 355.
└ @ Main /work/vemundlu/FiberBundle/dataGenerator.jl:92
┌ LogLevel(-2): 14%, Active workers: 50, Completed tasks: 400.
└ @ Main /work/vemundlu/FiberBundle/dataGenerator.jl:92
┌ LogLevel(-2): 15%, Active workers: 50, Completed tasks: 418.
└ @ Main /work/vemundlu/FiberBundle/dataGenerator.jl:92
┌ LogLevel(-2): 16%, Active workers: 50, Completed tasks: 450.
└ @ Main /work/vemundlu/FiberBundle/dataGenerator.jl:92
┌ LogLevel(-2): 17%, Active workers: 50, Completed tasks: 500.
└ @ Main /work/vemundlu/FiberBundle/dataGenerator.jl:92
┌ LogLevel(-2): 18%, Active workers: 50, Completed tasks: 512.
└ @ Main /work/vemundlu/FiberBundle/dataGenerator.jl:92
┌ LogLevel(-2): 19%, Active workers: 50, Completed tasks: 550.
└ @ Main /work/vemundlu/FiberBundle/dataGenerator.jl:92
┌ LogLevel(-2): 20%, Active workers: 50, Completed tasks: 566.
└ @ Main /work/vemundlu/FiberBundle/dataGenerator.jl:92
┌ LogLevel(-2): 21%, Active workers: 50, Completed tasks: 601.
└ @ Main /work/vemundlu/FiberBundle/dataGenerator.jl:92
┌ LogLevel(-2): 22%, Active workers: 50, Completed tasks: 640.
└ @ Main /work/vemundlu/FiberBundle/dataGenerator.jl:92
┌ LogLevel(-2): 23%, Active workers: 50, Completed tasks: 662.
└ @ Main /work/vemundlu/FiberBundle/dataGenerator.jl:92
┌ LogLevel(-2): 24%, Active workers: 50, Completed tasks: 700.
└ @ Main /work/vemundlu/FiberBundle/dataGenerator.jl:92
┌ LogLevel(-2): 25%, Active workers: 50, Completed tasks: 715.
└ @ Main /work/vemundlu/FiberBundle/dataGenerator.jl:92
┌ LogLevel(-2): 26%, Active workers: 50, Completed tasks: 758.
└ @ Main /work/vemundlu/FiberBundle/dataGenerator.jl:92
┌ LogLevel(-2): 27%, Active workers: 50, Completed tasks: 779.
└ @ Main /work/vemundlu/FiberBundle/dataGenerator.jl:92
┌ LogLevel(-2): 28%, Active workers: 50, Completed tasks: 812.
└ @ Main /work/vemundlu/FiberBundle/dataGenerator.jl:92
┌ LogLevel(-2): 29%, Active workers: 50, Completed tasks: 850.
└ @ Main /work/vemundlu/FiberBundle/dataGenerator.jl:92
┌ LogLevel(-2): 30%, Active workers: 50, Completed tasks: 866.
└ @ Main /work/vemundlu/FiberBundle/dataGenerator.jl:92
┌ LogLevel(-2): 31%, Active workers: 50, Completed tasks: 909.
└ @ Main /work/vemundlu/FiberBundle/dataGenerator.jl:92
┌ LogLevel(-2): 32%, Active workers: 50, Completed tasks: 924.
└ @ Main /work/vemundlu/FiberBundle/dataGenerator.jl:92
┌ LogLevel(-2): 33%, Active workers: 50, Completed tasks: 963.
└ @ Main /work/vemundlu/FiberBundle/dataGenerator.jl:92
┌ LogLevel(-2): 34%, Active workers: 50, Completed tasks: 1007.
└ @ Main /work/vemundlu/FiberBundle/dataGenerator.jl:92
┌ LogLevel(-2): 35%, Active workers: 50, Completed tasks: 1016.
└ @ Main /work/vemundlu/FiberBundle/dataGenerator.jl:92
┌ LogLevel(-2): 36%, Active workers: 50, Completed tasks: 1060.
└ @ Main /work/vemundlu/FiberBundle/dataGenerator.jl:92
┌ LogLevel(-2): 37%, Active workers: 50, Completed tasks: 1073.
└ @ Main /work/vemundlu/FiberBundle/dataGenerator.jl:92
┌ LogLevel(-2): 38%, Active workers: 50, Completed tasks: 1113.
└ @ Main /work/vemundlu/FiberBundle/dataGenerator.jl:92
┌ LogLevel(-2): 39%, Active workers: 50, Completed tasks: 1158.
└ @ Main /work/vemundlu/FiberBundle/dataGenerator.jl:92
┌ LogLevel(-2): 40%, Active workers: 50, Completed tasks: 1166.
└ @ Main /work/vemundlu/FiberBundle/dataGenerator.jl:92
┌ LogLevel(-2): 41%, Active workers: 50, Completed tasks: 1210.
└ @ Main /work/vemundlu/FiberBundle/dataGenerator.jl:92
┌ LogLevel(-2): 42%, Active workers: 50, Completed tasks: 1226.
└ @ Main /work/vemundlu/FiberBundle/dataGenerator.jl:92
┌ LogLevel(-2): 43%, Active workers: 50, Completed tasks: 1264.
└ @ Main /work/vemundlu/FiberBundle/dataGenerator.jl:92
┌ LogLevel(-2): 44%, Active workers: 50, Completed tasks: 1308.
└ @ Main /work/vemundlu/FiberBundle/dataGenerator.jl:92
┌ LogLevel(-2): 45%, Active workers: 50, Completed tasks: 1316.
└ @ Main /work/vemundlu/FiberBundle/dataGenerator.jl:92
┌ LogLevel(-2): 46%, Active workers: 50, Completed tasks: 1360.
└ @ Main /work/vemundlu/FiberBundle/dataGenerator.jl:92
┌ LogLevel(-2): 47%, Active workers: 50, Completed tasks: 1377.
└ @ Main /work/vemundlu/FiberBundle/dataGenerator.jl:92
┌ LogLevel(-2): 48%, Active workers: 50, Completed tasks: 1413.
└ @ Main /work/vemundlu/FiberBundle/dataGenerator.jl:92
┌ LogLevel(-2): 49%, Active workers: 50, Completed tasks: 1458.
└ @ Main /work/vemundlu/FiberBundle/dataGenerator.jl:92
┌ LogLevel(-2): 50%, Active workers: 50, Completed tasks: 1469.
└ @ Main /work/vemundlu/FiberBundle/dataGenerator.jl:92
┌ LogLevel(-2): 51%, Active workers: 50, Completed tasks: 1510.
└ @ Main /work/vemundlu/FiberBundle/dataGenerator.jl:92
┌ LogLevel(-2): 52%, Active workers: 50, Completed tasks: 1528.
└ @ Main /work/vemundlu/FiberBundle/dataGenerator.jl:92
┌ LogLevel(-2): 53%, Active workers: 50, Completed tasks: 1563.
└ @ Main /work/vemundlu/FiberBundle/dataGenerator.jl:92
┌ LogLevel(-2): 54%, Active workers: 50, Completed tasks: 1605.
└ @ Main /work/vemundlu/FiberBundle/dataGenerator.jl:92
┌ LogLevel(-2): 55%, Active workers: 50, Completed tasks: 1621.
└ @ Main /work/vemundlu/FiberBundle/dataGenerator.jl:92
┌ LogLevel(-2): 56%, Active workers: 50, Completed tasks: 1661.
└ @ Main /work/vemundlu/FiberBundle/dataGenerator.jl:92
┌ LogLevel(-2): 57%, Active workers: 50, Completed tasks: 1676.
└ @ Main /work/vemundlu/FiberBundle/dataGenerator.jl:92
┌ LogLevel(-2): 58%, Active workers: 50, Completed tasks: 1714.
└ @ Main /work/vemundlu/FiberBundle/dataGenerator.jl:92
┌ LogLevel(-2): 59%, Active workers: 50, Completed tasks: 1747.
└ @ Main /work/vemundlu/FiberBundle/dataGenerator.jl:92
┌ LogLevel(-2): 60%, Active workers: 50, Completed tasks: 1771.
└ @ Main /work/vemundlu/FiberBundle/dataGenerator.jl:92
┌ LogLevel(-2): 61%, Active workers: 50, Completed tasks: 1811.
└ @ Main /work/vemundlu/FiberBundle/dataGenerator.jl:92
┌ LogLevel(-2): 62%, Active workers: 50, Completed tasks: 1829.
└ @ Main /work/vemundlu/FiberBundle/dataGenerator.jl:92
┌ LogLevel(-2): 63%, Active workers: 50, Completed tasks: 1865.
└ @ Main /work/vemundlu/FiberBundle/dataGenerator.jl:92
┌ LogLevel(-2): 64%, Active workers: 50, Completed tasks: 1890.
└ @ Main /work/vemundlu/FiberBundle/dataGenerator.jl:92
┌ LogLevel(-2): 65%, Active workers: 50, Completed tasks: 1920.
└ @ Main /work/vemundlu/FiberBundle/dataGenerator.jl:92
┌ LogLevel(-2): 66%, Active workers: 50, Completed tasks: 1963.
└ @ Main /work/vemundlu/FiberBundle/dataGenerator.jl:92
┌ LogLevel(-2): 67%, Active workers: 50, Completed tasks: 1977.
└ @ Main /work/vemundlu/FiberBundle/dataGenerator.jl:92
┌ LogLevel(-2): 68%, Active workers: 50, Completed tasks: 2016.
└ @ Main /work/vemundlu/FiberBundle/dataGenerator.jl:92
┌ LogLevel(-2): 69%, Active workers: 50, Completed tasks: 2039.
└ @ Main /work/vemundlu/FiberBundle/dataGenerator.jl:92
┌ LogLevel(-2): 70%, Active workers: 50, Completed tasks: 2072.
└ @ Main /work/vemundlu/FiberBundle/dataGenerator.jl:92
┌ LogLevel(-2): 71%, Active workers: 50, Completed tasks: 2115.
└ @ Main /work/vemundlu/FiberBundle/dataGenerator.jl:92
┌ LogLevel(-2): 72%, Active workers: 50, Completed tasks: 2127.
└ @ Main /work/vemundlu/FiberBundle/dataGenerator.jl:92
┌ LogLevel(-2): 73%, Active workers: 50, Completed tasks: 2166.
└ @ Main /work/vemundlu/FiberBundle/dataGenerator.jl:92
┌ LogLevel(-2): 74%, Active workers: 50, Completed tasks: 2188.
└ @ Main /work/vemundlu/FiberBundle/dataGenerator.jl:92
┌ LogLevel(-2): 75%, Active workers: 50, Completed tasks: 2222.
└ @ Main /work/vemundlu/FiberBundle/dataGenerator.jl:92
┌ LogLevel(-2): 76%, Active workers: 50, Completed tasks: 2265.
└ @ Main /work/vemundlu/FiberBundle/dataGenerator.jl:92
┌ LogLevel(-2): 77%, Active workers: 50, Completed tasks: 2277.
└ @ Main /work/vemundlu/FiberBundle/dataGenerator.jl:92
┌ LogLevel(-2): 78%, Active workers: 50, Completed tasks: 2318.
└ @ Main /work/vemundlu/FiberBundle/dataGenerator.jl:92
┌ LogLevel(-2): 79%, Active workers: 50, Completed tasks: 2337.
└ @ Main /work/vemundlu/FiberBundle/dataGenerator.jl:92
┌ LogLevel(-2): 80%, Active workers: 50, Completed tasks: 2373.
└ @ Main /work/vemundlu/FiberBundle/dataGenerator.jl:92
┌ LogLevel(-2): 81%, Active workers: 50, Completed tasks: 2415.
└ @ Main /work/vemundlu/FiberBundle/dataGenerator.jl:92
┌ LogLevel(-2): 82%, Active workers: 50, Completed tasks: 2427.
└ @ Main /work/vemundlu/FiberBundle/dataGenerator.jl:92
┌ LogLevel(-2): 83%, Active workers: 50, Completed tasks: 2469.
└ @ Main /work/vemundlu/FiberBundle/dataGenerator.jl:92
┌ LogLevel(-2): 84%, Active workers: 50, Completed tasks: 2487.
└ @ Main /work/vemundlu/FiberBundle/dataGenerator.jl:92
┌ LogLevel(-2): 85%, Active workers: 50, Completed tasks: 2524.
└ @ Main /work/vemundlu/FiberBundle/dataGenerator.jl:92
┌ LogLevel(-2): 86%, Active workers: 50, Completed tasks: 2566.
└ @ Main /work/vemundlu/FiberBundle/dataGenerator.jl:92
┌ LogLevel(-2): 87%, Active workers: 50, Completed tasks: 2577.
└ @ Main /work/vemundlu/FiberBundle/dataGenerator.jl:92
┌ LogLevel(-2): 88%, Active workers: 50, Completed tasks: 2620.
└ @ Main /work/vemundlu/FiberBundle/dataGenerator.jl:92
┌ LogLevel(-2): 89%, Active workers: 50, Completed tasks: 2638.
└ @ Main /work/vemundlu/FiberBundle/dataGenerator.jl:92
┌ LogLevel(-2): 90%, Active workers: 50, Completed tasks: 2675.
└ @ Main /work/vemundlu/FiberBundle/dataGenerator.jl:92
┌ LogLevel(-2): 91%, Active workers: 50, Completed tasks: 2710.
└ @ Main /work/vemundlu/FiberBundle/dataGenerator.jl:92
┌ LogLevel(-2): 92%, Active workers: 50, Completed tasks: 2727.
└ @ Main /work/vemundlu/FiberBundle/dataGenerator.jl:92
┌ LogLevel(-2): 93%, Active workers: 50, Completed tasks: 2770.
└ @ Main /work/vemundlu/FiberBundle/dataGenerator.jl:92
┌ LogLevel(-2): 94%, Active workers: 50, Completed tasks: 2788.
└ @ Main /work/vemundlu/FiberBundle/dataGenerator.jl:92
┌ LogLevel(-2): 95%, Active workers: 50, Completed tasks: 2824.
└ @ Main /work/vemundlu/FiberBundle/dataGenerator.jl:92
┌ LogLevel(-2): 96%, Active workers: 50, Completed tasks: 2857.
└ @ Main /work/vemundlu/FiberBundle/dataGenerator.jl:92
┌ LogLevel(-2): 97%, Active workers: 46, Completed tasks: 2881.
└ @ Main /work/vemundlu/FiberBundle/dataGenerator.jl:92
┌ LogLevel(-2): 98%, Active workers: 43, Completed tasks: 2922.
└ @ Main /work/vemundlu/FiberBundle/dataGenerator.jl:92
┌ LogLevel(-2): 99%, Active workers: 39, Completed tasks: 2951.
└ @ Main /work/vemundlu/FiberBundle/dataGenerator.jl:92
┌ LogLevel(-2): 100%, Active workers: 0, Completed tasks: 3000.
└ @ Main /work/vemundlu/FiberBundle/dataGenerator.jl:96
┌ LogLevel(-2): Done!
└ @ Main /work/vemundlu/FiberBundle/dataGenerator.jl:142
┌ LogLevel(-2): Calculating averages... 
└ @ Main /work/vemundlu/FiberBundle/dataGenerator.jl:145
┌ LogLevel(-2): Done!
└ @ Main /work/vemundlu/FiberBundle/dataGenerator.jl:147
┌ LogLevel(-2): 2023-03-04T13:17:46.677: Starting a=2.0 dist=ConstantAverageUniform L=128 nr=CLS t=0.22
└ @ Main /work/vemundlu/FiberBundle/dataGenerator.jl:155
┌ LogLevel(-2): Searching for loose files... 
└ @ Main /work/vemundlu/FiberBundle/support/dataManager.jl:277
┌ LogLevel(-2): Running workers...
└ @ Main /work/vemundlu/FiberBundle/dataGenerator.jl:140
┌ LogLevel(-2): Starting work on a=2.0 dist=ConstantAverageUniform L=128 nr=CLS t=0.22
└ @ Main /work/vemundlu/FiberBundle/dataGenerator.jl:80
┌ LogLevel(-2): 0%, Active workers: 15, Completed tasks: 0.
└ @ Main /work/vemundlu/FiberBundle/dataGenerator.jl:92
┌ LogLevel(-2): 1%, Active workers: 50, Completed tasks: 0.
└ @ Main /work/vemundlu/FiberBundle/dataGenerator.jl:92
┌ LogLevel(-2): 2%, Active workers: 50, Completed tasks: 50.
└ @ Main /work/vemundlu/FiberBundle/dataGenerator.jl:92
┌ LogLevel(-2): 3%, Active workers: 50, Completed tasks: 50.
└ @ Main /work/vemundlu/FiberBundle/dataGenerator.jl:92
┌ LogLevel(-2): 4%, Active workers: 50, Completed tasks: 100.
└ @ Main /work/vemundlu/FiberBundle/dataGenerator.jl:92
┌ LogLevel(-2): 5%, Active workers: 50, Completed tasks: 113.
└ @ Main /work/vemundlu/FiberBundle/dataGenerator.jl:92
┌ LogLevel(-2): 6%, Active workers: 50, Completed tasks: 150.
└ @ Main /work/vemundlu/FiberBundle/dataGenerator.jl:92
┌ LogLevel(-2): 7%, Active workers: 50, Completed tasks: 200.
└ @ Main /work/vemundlu/FiberBundle/dataGenerator.jl:92
┌ LogLevel(-2): 8%, Active workers: 50, Completed tasks: 208.
└ @ Main /work/vemundlu/FiberBundle/dataGenerator.jl:92
┌ LogLevel(-2): 9%, Active workers: 50, Completed tasks: 250.
└ @ Main /work/vemundlu/FiberBundle/dataGenerator.jl:92
┌ LogLevel(-2): 10%, Active workers: 50, Completed tasks: 262.
└ @ Main /work/vemundlu/FiberBundle/dataGenerator.jl:92
┌ LogLevel(-2): 11%, Active workers: 50, Completed tasks: 300.
└ @ Main /work/vemundlu/FiberBundle/dataGenerator.jl:92
┌ LogLevel(-2): 12%, Active workers: 50, Completed tasks: 350.
└ @ Main /work/vemundlu/FiberBundle/dataGenerator.jl:92
┌ LogLevel(-2): 13%, Active workers: 50, Completed tasks: 359.
└ @ Main /work/vemundlu/FiberBundle/dataGenerator.jl:92
┌ LogLevel(-2): 14%, Active workers: 50, Completed tasks: 400.
└ @ Main /work/vemundlu/FiberBundle/dataGenerator.jl:92
┌ LogLevel(-2): 15%, Active workers: 50, Completed tasks: 411.
└ @ Main /work/vemundlu/FiberBundle/dataGenerator.jl:92
┌ LogLevel(-2): 16%, Active workers: 50, Completed tasks: 457.
└ @ Main /work/vemundlu/FiberBundle/dataGenerator.jl:92
┌ LogLevel(-2): 17%, Active workers: 50, Completed tasks: 498.
└ @ Main /work/vemundlu/FiberBundle/dataGenerator.jl:92
┌ LogLevel(-2): 18%, Active workers: 50, Completed tasks: 509.
└ @ Main /work/vemundlu/FiberBundle/dataGenerator.jl:92
┌ LogLevel(-2): 19%, Active workers: 50, Completed tasks: 552.
└ @ Main /work/vemundlu/FiberBundle/dataGenerator.jl:92
┌ LogLevel(-2): 20%, Active workers: 50, Completed tasks: 561.
└ @ Main /work/vemundlu/FiberBundle/dataGenerator.jl:92
┌ LogLevel(-2): 21%, Active workers: 50, Completed tasks: 608.
└ @ Main /work/vemundlu/FiberBundle/dataGenerator.jl:92
┌ LogLevel(-2): 22%, Active workers: 50, Completed tasks: 640.
└ @ Main /work/vemundlu/FiberBundle/dataGenerator.jl:92
┌ LogLevel(-2): 23%, Active workers: 50, Completed tasks: 659.
└ @ Main /work/vemundlu/FiberBundle/dataGenerator.jl:92
┌ LogLevel(-2): 24%, Active workers: 50, Completed tasks: 707.
└ @ Main /work/vemundlu/FiberBundle/dataGenerator.jl:92
┌ LogLevel(-2): 25%, Active workers: 50, Completed tasks: 711.
└ @ Main /work/vemundlu/FiberBundle/dataGenerator.jl:92
┌ LogLevel(-2): 26%, Active workers: 50, Completed tasks: 759.
└ @ Main /work/vemundlu/FiberBundle/dataGenerator.jl:92
┌ LogLevel(-2): 27%, Active workers: 50, Completed tasks: 783.
└ @ Main /work/vemundlu/FiberBundle/dataGenerator.jl:92
┌ LogLevel(-2): 28%, Active workers: 50, Completed tasks: 809.
└ @ Main /work/vemundlu/FiberBundle/dataGenerator.jl:92
┌ LogLevel(-2): 29%, Active workers: 50, Completed tasks: 858.
└ @ Main /work/vemundlu/FiberBundle/dataGenerator.jl:92
┌ LogLevel(-2): 30%, Active workers: 50, Completed tasks: 867.
└ @ Main /work/vemundlu/FiberBundle/dataGenerator.jl:92
┌ LogLevel(-2): 31%, Active workers: 50, Completed tasks: 909.
└ @ Main /work/vemundlu/FiberBundle/dataGenerator.jl:92
┌ LogLevel(-2): 32%, Active workers: 50, Completed tasks: 929.
└ @ Main /work/vemundlu/FiberBundle/dataGenerator.jl:92
┌ LogLevel(-2): 33%, Active workers: 50, Completed tasks: 962.
└ @ Main /work/vemundlu/FiberBundle/dataGenerator.jl:92
┌ LogLevel(-2): 34%, Active workers: 50, Completed tasks: 1005.
└ @ Main /work/vemundlu/FiberBundle/dataGenerator.jl:92
┌ LogLevel(-2): 35%, Active workers: 50, Completed tasks: 1020.
└ @ Main /work/vemundlu/FiberBundle/dataGenerator.jl:92
┌ LogLevel(-2): 36%, Active workers: 50, Completed tasks: 1060.
└ @ Main /work/vemundlu/FiberBundle/dataGenerator.jl:92
┌ LogLevel(-2): 37%, Active workers: 50, Completed tasks: 1078.
└ @ Main /work/vemundlu/FiberBundle/dataGenerator.jl:92
┌ LogLevel(-2): 38%, Active workers: 50, Completed tasks: 1119.
└ @ Main /work/vemundlu/FiberBundle/dataGenerator.jl:92
┌ LogLevel(-2): 39%, Active workers: 50, Completed tasks: 1142.
└ @ Main /work/vemundlu/FiberBundle/dataGenerator.jl:92
┌ LogLevel(-2): 40%, Active workers: 50, Completed tasks: 1171.
└ @ Main /work/vemundlu/FiberBundle/dataGenerator.jl:92
┌ LogLevel(-2): 41%, Active workers: 50, Completed tasks: 1217.
└ @ Main /work/vemundlu/FiberBundle/dataGenerator.jl:92
┌ LogLevel(-2): 42%, Active workers: 50, Completed tasks: 1225.
└ @ Main /work/vemundlu/FiberBundle/dataGenerator.jl:92
┌ LogLevel(-2): 43%, Active workers: 50, Completed tasks: 1269.
└ @ Main /work/vemundlu/FiberBundle/dataGenerator.jl:92
┌ LogLevel(-2): 44%, Active workers: 50, Completed tasks: 1290.
└ @ Main /work/vemundlu/FiberBundle/dataGenerator.jl:92
┌ LogLevel(-2): 45%, Active workers: 50, Completed tasks: 1322.
└ @ Main /work/vemundlu/FiberBundle/dataGenerator.jl:92
┌ LogLevel(-2): 46%, Active workers: 50, Completed tasks: 1365.
└ @ Main /work/vemundlu/FiberBundle/dataGenerator.jl:92
┌ LogLevel(-2): 47%, Active workers: 50, Completed tasks: 1377.
└ @ Main /work/vemundlu/FiberBundle/dataGenerator.jl:92
┌ LogLevel(-2): 48%, Active workers: 50, Completed tasks: 1421.
└ @ Main /work/vemundlu/FiberBundle/dataGenerator.jl:92
┌ LogLevel(-2): 49%, Active workers: 50, Completed tasks: 1443.
└ @ Main /work/vemundlu/FiberBundle/dataGenerator.jl:92
┌ LogLevel(-2): 50%, Active workers: 50, Completed tasks: 1473.
└ @ Main /work/vemundlu/FiberBundle/dataGenerator.jl:92
┌ LogLevel(-2): 51%, Active workers: 50, Completed tasks: 1509.
└ @ Main /work/vemundlu/FiberBundle/dataGenerator.jl:92
┌ LogLevel(-2): 52%, Active workers: 50, Completed tasks: 1531.
└ @ Main /work/vemundlu/FiberBundle/dataGenerator.jl:92
┌ LogLevel(-2): 53%, Active workers: 50, Completed tasks: 1571.
└ @ Main /work/vemundlu/FiberBundle/dataGenerator.jl:92
┌ LogLevel(-2): 54%, Active workers: 50, Completed tasks: 1590.
└ @ Main /work/vemundlu/FiberBundle/dataGenerator.jl:92
┌ LogLevel(-2): 55%, Active workers: 50, Completed tasks: 1625.
└ @ Main /work/vemundlu/FiberBundle/dataGenerator.jl:92
┌ LogLevel(-2): 56%, Active workers: 50, Completed tasks: 1650.
└ @ Main /work/vemundlu/FiberBundle/dataGenerator.jl:92
┌ LogLevel(-2): 57%, Active workers: 50, Completed tasks: 1682.
└ @ Main /work/vemundlu/FiberBundle/dataGenerator.jl:92
┌ LogLevel(-2): 58%, Active workers: 50, Completed tasks: 1724.
└ @ Main /work/vemundlu/FiberBundle/dataGenerator.jl:92
┌ LogLevel(-2): 59%, Active workers: 50, Completed tasks: 1740.
└ @ Main /work/vemundlu/FiberBundle/dataGenerator.jl:92
┌ LogLevel(-2): 60%, Active workers: 50, Completed tasks: 1780.
└ @ Main /work/vemundlu/FiberBundle/dataGenerator.jl:92
┌ LogLevel(-2): 61%, Active workers: 50, Completed tasks: 1799.
└ @ Main /work/vemundlu/FiberBundle/dataGenerator.jl:92
┌ LogLevel(-2): 62%, Active workers: 50, Completed tasks: 1832.
└ @ Main /work/vemundlu/FiberBundle/dataGenerator.jl:92
┌ LogLevel(-2): 63%, Active workers: 50, Completed tasks: 1874.
└ @ Main /work/vemundlu/FiberBundle/dataGenerator.jl:92
┌ LogLevel(-2): 64%, Active workers: 50, Completed tasks: 1889.
└ @ Main /work/vemundlu/FiberBundle/dataGenerator.jl:92
┌ LogLevel(-2): 65%, Active workers: 50, Completed tasks: 1931.
└ @ Main /work/vemundlu/FiberBundle/dataGenerator.jl:92
┌ LogLevel(-2): 66%, Active workers: 50, Completed tasks: 1949.
└ @ Main /work/vemundlu/FiberBundle/dataGenerator.jl:92
┌ LogLevel(-2): 67%, Active workers: 50, Completed tasks: 1983.
└ @ Main /work/vemundlu/FiberBundle/dataGenerator.jl:92
┌ LogLevel(-2): 68%, Active workers: 50, Completed tasks: 2016.
└ @ Main /work/vemundlu/FiberBundle/dataGenerator.jl:92
┌ LogLevel(-2): 69%, Active workers: 50, Completed tasks: 2039.
└ @ Main /work/vemundlu/FiberBundle/dataGenerator.jl:92
┌ LogLevel(-2): 70%, Active workers: 50, Completed tasks: 2082.
└ @ Main /work/vemundlu/FiberBundle/dataGenerator.jl:92
┌ LogLevel(-2): 71%, Active workers: 50, Completed tasks: 2103.
└ @ Main /work/vemundlu/FiberBundle/dataGenerator.jl:92
┌ LogLevel(-2): 72%, Active workers: 50, Completed tasks: 2133.
└ @ Main /work/vemundlu/FiberBundle/dataGenerator.jl:92
┌ LogLevel(-2): 73%, Active workers: 50, Completed tasks: 2163.
└ @ Main /work/vemundlu/FiberBundle/dataGenerator.jl:92
┌ LogLevel(-2): 74%, Active workers: 50, Completed tasks: 2193.
└ @ Main /work/vemundlu/FiberBundle/dataGenerator.jl:92
┌ LogLevel(-2): 75%, Active workers: 50, Completed tasks: 2232.
└ @ Main /work/vemundlu/FiberBundle/dataGenerator.jl:92
┌ LogLevel(-2): 76%, Active workers: 50, Completed tasks: 2250.
└ @ Main /work/vemundlu/FiberBundle/dataGenerator.jl:92
┌ LogLevel(-2): 77%, Active workers: 50, Completed tasks: 2285.
└ @ Main /work/vemundlu/FiberBundle/dataGenerator.jl:92
┌ LogLevel(-2): 78%, Active workers: 50, Completed tasks: 2313.
└ @ Main /work/vemundlu/FiberBundle/dataGenerator.jl:92
┌ LogLevel(-2): 79%, Active workers: 50, Completed tasks: 2345.
└ @ Main /work/vemundlu/FiberBundle/dataGenerator.jl:92
┌ LogLevel(-2): 80%, Active workers: 50, Completed tasks: 2379.
└ @ Main /work/vemundlu/FiberBundle/dataGenerator.jl:92
┌ LogLevel(-2): 81%, Active workers: 50, Completed tasks: 2399.
└ @ Main /work/vemundlu/FiberBundle/dataGenerator.jl:92
┌ LogLevel(-2): 82%, Active workers: 50, Completed tasks: 2440.
└ @ Main /work/vemundlu/FiberBundle/dataGenerator.jl:92
┌ LogLevel(-2): 83%, Active workers: 50, Completed tasks: 2459.
└ @ Main /work/vemundlu/FiberBundle/dataGenerator.jl:92
┌ LogLevel(-2): 84%, Active workers: 50, Completed tasks: 2495.
└ @ Main /work/vemundlu/FiberBundle/dataGenerator.jl:92
┌ LogLevel(-2): 85%, Active workers: 50, Completed tasks: 2526.
└ @ Main /work/vemundlu/FiberBundle/dataGenerator.jl:92
┌ LogLevel(-2): 86%, Active workers: 50, Completed tasks: 2550.
└ @ Main /work/vemundlu/FiberBundle/dataGenerator.jl:92
┌ LogLevel(-2): 87%, Active workers: 50, Completed tasks: 2590.
└ @ Main /work/vemundlu/FiberBundle/dataGenerator.jl:92
┌ LogLevel(-2): 88%, Active workers: 50, Completed tasks: 2611.
└ @ Main /work/vemundlu/FiberBundle/dataGenerator.jl:92
┌ LogLevel(-2): 89%, Active workers: 50, Completed tasks: 2645.
└ @ Main /work/vemundlu/FiberBundle/dataGenerator.jl:92
┌ LogLevel(-2): 90%, Active workers: 50, Completed tasks: 2674.
└ @ Main /work/vemundlu/FiberBundle/dataGenerator.jl:92
┌ LogLevel(-2): 91%, Active workers: 50, Completed tasks: 2701.
└ @ Main /work/vemundlu/FiberBundle/dataGenerator.jl:92
┌ LogLevel(-2): 92%, Active workers: 50, Completed tasks: 2737.
└ @ Main /work/vemundlu/FiberBundle/dataGenerator.jl:92
┌ LogLevel(-2): 93%, Active workers: 50, Completed tasks: 2765.
└ @ Main /work/vemundlu/FiberBundle/dataGenerator.jl:92
┌ LogLevel(-2): 94%, Active workers: 50, Completed tasks: 2795.
└ @ Main /work/vemundlu/FiberBundle/dataGenerator.jl:92
┌ LogLevel(-2): 95%, Active workers: 48, Completed tasks: 2825.
└ @ Main /work/vemundlu/FiberBundle/dataGenerator.jl:92
┌ LogLevel(-2): 96%, Active workers: 46, Completed tasks: 2854.
└ @ Main /work/vemundlu/FiberBundle/dataGenerator.jl:92
┌ LogLevel(-2): 97%, Active workers: 43, Completed tasks: 2890.
└ @ Main /work/vemundlu/FiberBundle/dataGenerator.jl:92
┌ LogLevel(-2): 98%, Active workers: 37, Completed tasks: 2919.
└ @ Main /work/vemundlu/FiberBundle/dataGenerator.jl:92
┌ LogLevel(-2): 99%, Active workers: 32, Completed tasks: 2949.
└ @ Main /work/vemundlu/FiberBundle/dataGenerator.jl:92
┌ LogLevel(-2): 100%, Active workers: 0, Completed tasks: 3000.
└ @ Main /work/vemundlu/FiberBundle/dataGenerator.jl:96
┌ LogLevel(-2): Done!
└ @ Main /work/vemundlu/FiberBundle/dataGenerator.jl:142
┌ LogLevel(-2): Calculating averages... 
└ @ Main /work/vemundlu/FiberBundle/dataGenerator.jl:145
┌ LogLevel(-2): Done!
└ @ Main /work/vemundlu/FiberBundle/dataGenerator.jl:147
16555.726763 seconds (7.54 G allocations: 334.660 GiB, 0.42% gc time, 0.08% compilation time)
┌ LogLevel(-1): Removing workers
└ @ Main /work/vemundlu/FiberBundle/generateData.jl:68
