┌ Warning: rmprocs: process 1 not removed
└ @ Distributed /buildworker/worker/package_linux64/build/usr/share/julia/stdlib/v1.7/Distributed/src/cluster.jl:1045
┌ LogLevel(-1): Starting 40 workers... 
└ @ Main /work/vemundlu/FiberBundle/generateData.jl:59
┌ LogLevel(-1): Running settings: 
│  Any[8], 
│  Any[0.0], 
│  Any[2.0]
└ @ Main /work/vemundlu/FiberBundle/generateData.jl:63
┌ LogLevel(-2): 2023-02-03T15:16:05.982: Starting a=2.0 dist=Uniform L=8 nr=CLS t=0.0
└ @ Main /work/vemundlu/FiberBundle/dataGenerator.jl:156
┌ LogLevel(-2): Searching for loose files... 
└ @ Main /work/vemundlu/FiberBundle/support/dataManager.jl:274
┌ LogLevel(-2): Running workers...
└ @ Main /work/vemundlu/FiberBundle/dataGenerator.jl:141
┌ LogLevel(-2): Starting work on a=2.0 dist=Uniform L=8 nr=CLS t=0.0
└ @ Main /work/vemundlu/FiberBundle/dataGenerator.jl:81
┌ LogLevel(-2): 0%, Active workers: 40, Completed tasks: 0.
└ @ Main /work/vemundlu/FiberBundle/dataGenerator.jl:93
┌ LogLevel(-2): 1%, Active workers: 40, Completed tasks: 161.
└ @ Main /work/vemundlu/FiberBundle/dataGenerator.jl:93
┌ LogLevel(-2): 2%, Active workers: 40, Completed tasks: 333.
└ @ Main /work/vemundlu/FiberBundle/dataGenerator.jl:93
┌ LogLevel(-2): 3%, Active workers: 40, Completed tasks: 497.
└ @ Main /work/vemundlu/FiberBundle/dataGenerator.jl:93
┌ LogLevel(-2): 4%, Active workers: 40, Completed tasks: 660.
└ @ Main /work/vemundlu/FiberBundle/dataGenerator.jl:93
┌ LogLevel(-2): 5%, Active workers: 40, Completed tasks: 820.
└ @ Main /work/vemundlu/FiberBundle/dataGenerator.jl:93
┌ LogLevel(-2): 6%, Active workers: 40, Completed tasks: 985.
└ @ Main /work/vemundlu/FiberBundle/dataGenerator.jl:93
┌ LogLevel(-2): 7%, Active workers: 40, Completed tasks: 1149.
└ @ Main /work/vemundlu/FiberBundle/dataGenerator.jl:93
┌ LogLevel(-2): 8%, Active workers: 40, Completed tasks: 1311.
└ @ Main /work/vemundlu/FiberBundle/dataGenerator.jl:93
┌ LogLevel(-2): 9%, Active workers: 40, Completed tasks: 1474.
└ @ Main /work/vemundlu/FiberBundle/dataGenerator.jl:93
┌ LogLevel(-2): 10%, Active workers: 40, Completed tasks: 1640.
└ @ Main /work/vemundlu/FiberBundle/dataGenerator.jl:93
┌ LogLevel(-2): 11%, Active workers: 40, Completed tasks: 1800.
└ @ Main /work/vemundlu/FiberBundle/dataGenerator.jl:93
┌ LogLevel(-2): 12%, Active workers: 40, Completed tasks: 1961.
└ @ Main /work/vemundlu/FiberBundle/dataGenerator.jl:93
┌ LogLevel(-2): 13%, Active workers: 40, Completed tasks: 2125.
└ @ Main /work/vemundlu/FiberBundle/dataGenerator.jl:93
┌ LogLevel(-2): 14%, Active workers: 40, Completed tasks: 2288.
└ @ Main /work/vemundlu/FiberBundle/dataGenerator.jl:93
┌ LogLevel(-2): 15%, Active workers: 40, Completed tasks: 2449.
└ @ Main /work/vemundlu/FiberBundle/dataGenerator.jl:93
┌ LogLevel(-2): 16%, Active workers: 40, Completed tasks: 2612.
└ @ Main /work/vemundlu/FiberBundle/dataGenerator.jl:93
┌ LogLevel(-2): 17%, Active workers: 40, Completed tasks: 2773.
└ @ Main /work/vemundlu/FiberBundle/dataGenerator.jl:93
┌ LogLevel(-2): 18%, Active workers: 40, Completed tasks: 2939.
└ @ Main /work/vemundlu/FiberBundle/dataGenerator.jl:93
┌ LogLevel(-2): 19%, Active workers: 40, Completed tasks: 3099.
└ @ Main /work/vemundlu/FiberBundle/dataGenerator.jl:93
┌ LogLevel(-2): 20%, Active workers: 40, Completed tasks: 3260.
└ @ Main /work/vemundlu/FiberBundle/dataGenerator.jl:93
┌ LogLevel(-2): 21%, Active workers: 40, Completed tasks: 3424.
└ @ Main /work/vemundlu/FiberBundle/dataGenerator.jl:93
┌ LogLevel(-2): 22%, Active workers: 40, Completed tasks: 3587.
└ @ Main /work/vemundlu/FiberBundle/dataGenerator.jl:93
┌ LogLevel(-2): 23%, Active workers: 40, Completed tasks: 3747.
└ @ Main /work/vemundlu/FiberBundle/dataGenerator.jl:93
┌ LogLevel(-2): 24%, Active workers: 39, Completed tasks: 3911.
└ @ Main /work/vemundlu/FiberBundle/dataGenerator.jl:93
┌ LogLevel(-2): 25%, Active workers: 40, Completed tasks: 4071.
└ @ Main /work/vemundlu/FiberBundle/dataGenerator.jl:93
┌ LogLevel(-2): 26%, Active workers: 40, Completed tasks: 4233.
└ @ Main /work/vemundlu/FiberBundle/dataGenerator.jl:93
┌ LogLevel(-2): 27%, Active workers: 40, Completed tasks: 4396.
└ @ Main /work/vemundlu/FiberBundle/dataGenerator.jl:93
┌ LogLevel(-2): 28%, Active workers: 40, Completed tasks: 4559.
└ @ Main /work/vemundlu/FiberBundle/dataGenerator.jl:93
┌ LogLevel(-2): 29%, Active workers: 40, Completed tasks: 4720.
└ @ Main /work/vemundlu/FiberBundle/dataGenerator.jl:93
┌ LogLevel(-2): 30%, Active workers: 40, Completed tasks: 4884.
└ @ Main /work/vemundlu/FiberBundle/dataGenerator.jl:93
┌ LogLevel(-2): 31%, Active workers: 40, Completed tasks: 5046.
└ @ Main /work/vemundlu/FiberBundle/dataGenerator.jl:93
┌ LogLevel(-2): 32%, Active workers: 40, Completed tasks: 5208.
└ @ Main /work/vemundlu/FiberBundle/dataGenerator.jl:93
┌ LogLevel(-2): 33%, Active workers: 40, Completed tasks: 5369.
└ @ Main /work/vemundlu/FiberBundle/dataGenerator.jl:93
┌ LogLevel(-2): 34%, Active workers: 40, Completed tasks: 5533.
└ @ Main /work/vemundlu/FiberBundle/dataGenerator.jl:93
┌ LogLevel(-2): 35%, Active workers: 40, Completed tasks: 5695.
└ @ Main /work/vemundlu/FiberBundle/dataGenerator.jl:93
┌ LogLevel(-2): 36%, Active workers: 40, Completed tasks: 5863.
└ @ Main /work/vemundlu/FiberBundle/dataGenerator.jl:93
┌ LogLevel(-2): 37%, Active workers: 40, Completed tasks: 6025.
└ @ Main /work/vemundlu/FiberBundle/dataGenerator.jl:93
┌ LogLevel(-2): 38%, Active workers: 40, Completed tasks: 6189.
└ @ Main /work/vemundlu/FiberBundle/dataGenerator.jl:93
┌ LogLevel(-2): 39%, Active workers: 40, Completed tasks: 6351.
└ @ Main /work/vemundlu/FiberBundle/dataGenerator.jl:93
┌ LogLevel(-2): 40%, Active workers: 40, Completed tasks: 6514.
└ @ Main /work/vemundlu/FiberBundle/dataGenerator.jl:93
┌ LogLevel(-2): 41%, Active workers: 40, Completed tasks: 6676.
└ @ Main /work/vemundlu/FiberBundle/dataGenerator.jl:93
┌ LogLevel(-2): 42%, Active workers: 40, Completed tasks: 6838.
└ @ Main /work/vemundlu/FiberBundle/dataGenerator.jl:93
┌ LogLevel(-2): 43%, Active workers: 40, Completed tasks: 7001.
└ @ Main /work/vemundlu/FiberBundle/dataGenerator.jl:93
┌ LogLevel(-2): 44%, Active workers: 40, Completed tasks: 7162.
└ @ Main /work/vemundlu/FiberBundle/dataGenerator.jl:93
┌ LogLevel(-2): 45%, Active workers: 40, Completed tasks: 7324.
└ @ Main /work/vemundlu/FiberBundle/dataGenerator.jl:93
┌ LogLevel(-2): 46%, Active workers: 40, Completed tasks: 7488.
└ @ Main /work/vemundlu/FiberBundle/dataGenerator.jl:93
┌ LogLevel(-2): 47%, Active workers: 40, Completed tasks: 7649.
└ @ Main /work/vemundlu/FiberBundle/dataGenerator.jl:93
┌ LogLevel(-2): 48%, Active workers: 40, Completed tasks: 7810.
└ @ Main /work/vemundlu/FiberBundle/dataGenerator.jl:93
┌ LogLevel(-2): 49%, Active workers: 40, Completed tasks: 7975.
└ @ Main /work/vemundlu/FiberBundle/dataGenerator.jl:93
┌ LogLevel(-2): 50%, Active workers: 40, Completed tasks: 8140.
└ @ Main /work/vemundlu/FiberBundle/dataGenerator.jl:93
┌ LogLevel(-2): 51%, Active workers: 40, Completed tasks: 8302.
└ @ Main /work/vemundlu/FiberBundle/dataGenerator.jl:93
┌ LogLevel(-2): 52%, Active workers: 40, Completed tasks: 8467.
└ @ Main /work/vemundlu/FiberBundle/dataGenerator.jl:93
┌ LogLevel(-2): 53%, Active workers: 40, Completed tasks: 8630.
└ @ Main /work/vemundlu/FiberBundle/dataGenerator.jl:93
┌ LogLevel(-2): 54%, Active workers: 40, Completed tasks: 8794.
└ @ Main /work/vemundlu/FiberBundle/dataGenerator.jl:93
┌ LogLevel(-2): 55%, Active workers: 40, Completed tasks: 8955.
└ @ Main /work/vemundlu/FiberBundle/dataGenerator.jl:93
┌ LogLevel(-2): 56%, Active workers: 40, Completed tasks: 9118.
└ @ Main /work/vemundlu/FiberBundle/dataGenerator.jl:93
┌ LogLevel(-2): 57%, Active workers: 40, Completed tasks: 9284.
└ @ Main /work/vemundlu/FiberBundle/dataGenerator.jl:93
┌ LogLevel(-2): 58%, Active workers: 39, Completed tasks: 9446.
└ @ Main /work/vemundlu/FiberBundle/dataGenerator.jl:93
┌ LogLevel(-2): 59%, Active workers: 35, Completed tasks: 9606.
└ @ Main /work/vemundlu/FiberBundle/dataGenerator.jl:93
┌ LogLevel(-2): 60%, Active workers: 28, Completed tasks: 9770.
└ @ Main /work/vemundlu/FiberBundle/dataGenerator.jl:93
┌ LogLevel(-2): 61%, Active workers: 14, Completed tasks: 9931.
└ @ Main /work/vemundlu/FiberBundle/dataGenerator.jl:93
┌ LogLevel(-2): 100%, Active workers: 0, Completed tasks: 10000.
└ @ Main /work/vemundlu/FiberBundle/dataGenerator.jl:97
┌ LogLevel(-2): Done!
└ @ Main /work/vemundlu/FiberBundle/dataGenerator.jl:143
┌ LogLevel(-2): Calculating averages... 
└ @ Main /work/vemundlu/FiberBundle/dataGenerator.jl:146
┌ LogLevel(-2): Done!
└ @ Main /work/vemundlu/FiberBundle/dataGenerator.jl:148
┌ LogLevel(-2): 2023-02-03T15:19:47.860: Starting a=0.0 dist=Uniform L=8 nr=LLS t=0.0
└ @ Main /work/vemundlu/FiberBundle/dataGenerator.jl:156
┌ LogLevel(-2): Searching for loose files... 
└ @ Main /work/vemundlu/FiberBundle/support/dataManager.jl:274
┌ LogLevel(-2): Running workers...
└ @ Main /work/vemundlu/FiberBundle/dataGenerator.jl:141
┌ LogLevel(-2): Starting work on a=0.0 dist=Uniform L=8 nr=LLS t=0.0
└ @ Main /work/vemundlu/FiberBundle/dataGenerator.jl:81
┌ LogLevel(-2): 0%, Active workers: 40, Completed tasks: 0.
└ @ Main /work/vemundlu/FiberBundle/dataGenerator.jl:93
┌ LogLevel(-2): 1%, Active workers: 40, Completed tasks: 163.
└ @ Main /work/vemundlu/FiberBundle/dataGenerator.jl:93
┌ LogLevel(-2): 2%, Active workers: 40, Completed tasks: 330.
└ @ Main /work/vemundlu/FiberBundle/dataGenerator.jl:93
┌ LogLevel(-2): 3%, Active workers: 40, Completed tasks: 493.
└ @ Main /work/vemundlu/FiberBundle/dataGenerator.jl:93
┌ LogLevel(-2): 4%, Active workers: 40, Completed tasks: 653.
└ @ Main /work/vemundlu/FiberBundle/dataGenerator.jl:93
┌ LogLevel(-2): 5%, Active workers: 40, Completed tasks: 817.
└ @ Main /work/vemundlu/FiberBundle/dataGenerator.jl:93
┌ LogLevel(-2): 6%, Active workers: 40, Completed tasks: 975.
└ @ Main /work/vemundlu/FiberBundle/dataGenerator.jl:93
┌ LogLevel(-2): 7%, Active workers: 40, Completed tasks: 1139.
└ @ Main /work/vemundlu/FiberBundle/dataGenerator.jl:93
┌ LogLevel(-2): 8%, Active workers: 40, Completed tasks: 1299.
└ @ Main /work/vemundlu/FiberBundle/dataGenerator.jl:93
┌ LogLevel(-2): 9%, Active workers: 40, Completed tasks: 1461.
└ @ Main /work/vemundlu/FiberBundle/dataGenerator.jl:93
┌ LogLevel(-2): 10%, Active workers: 40, Completed tasks: 1622.
└ @ Main /work/vemundlu/FiberBundle/dataGenerator.jl:93
┌ LogLevel(-2): 11%, Active workers: 40, Completed tasks: 1783.
└ @ Main /work/vemundlu/FiberBundle/dataGenerator.jl:93
┌ LogLevel(-2): 12%, Active workers: 40, Completed tasks: 1943.
└ @ Main /work/vemundlu/FiberBundle/dataGenerator.jl:93
┌ LogLevel(-2): 13%, Active workers: 40, Completed tasks: 2104.
└ @ Main /work/vemundlu/FiberBundle/dataGenerator.jl:93
┌ LogLevel(-2): 14%, Active workers: 40, Completed tasks: 2264.
└ @ Main /work/vemundlu/FiberBundle/dataGenerator.jl:93
┌ LogLevel(-2): 15%, Active workers: 40, Completed tasks: 2427.
└ @ Main /work/vemundlu/FiberBundle/dataGenerator.jl:93
┌ LogLevel(-2): 16%, Active workers: 40, Completed tasks: 2591.
└ @ Main /work/vemundlu/FiberBundle/dataGenerator.jl:93
┌ LogLevel(-2): 17%, Active workers: 40, Completed tasks: 2753.
└ @ Main /work/vemundlu/FiberBundle/dataGenerator.jl:93
┌ LogLevel(-2): 18%, Active workers: 40, Completed tasks: 2914.
└ @ Main /work/vemundlu/FiberBundle/dataGenerator.jl:93
┌ LogLevel(-2): 19%, Active workers: 40, Completed tasks: 3073.
└ @ Main /work/vemundlu/FiberBundle/dataGenerator.jl:93
┌ LogLevel(-2): 20%, Active workers: 40, Completed tasks: 3235.
└ @ Main /work/vemundlu/FiberBundle/dataGenerator.jl:93
┌ LogLevel(-2): 21%, Active workers: 40, Completed tasks: 3400.
└ @ Main /work/vemundlu/FiberBundle/dataGenerator.jl:93
┌ LogLevel(-2): 22%, Active workers: 40, Completed tasks: 3561.
└ @ Main /work/vemundlu/FiberBundle/dataGenerator.jl:93
┌ LogLevel(-2): 23%, Active workers: 40, Completed tasks: 3722.
└ @ Main /work/vemundlu/FiberBundle/dataGenerator.jl:93
┌ LogLevel(-2): 24%, Active workers: 40, Completed tasks: 3881.
└ @ Main /work/vemundlu/FiberBundle/dataGenerator.jl:93
┌ LogLevel(-2): 25%, Active workers: 40, Completed tasks: 4040.
└ @ Main /work/vemundlu/FiberBundle/dataGenerator.jl:93
┌ LogLevel(-2): 26%, Active workers: 40, Completed tasks: 4202.
└ @ Main /work/vemundlu/FiberBundle/dataGenerator.jl:93
┌ LogLevel(-2): 27%, Active workers: 40, Completed tasks: 4362.
└ @ Main /work/vemundlu/FiberBundle/dataGenerator.jl:93
┌ LogLevel(-2): 28%, Active workers: 40, Completed tasks: 4523.
└ @ Main /work/vemundlu/FiberBundle/dataGenerator.jl:93
┌ LogLevel(-2): 29%, Active workers: 40, Completed tasks: 4683.
└ @ Main /work/vemundlu/FiberBundle/dataGenerator.jl:93
┌ LogLevel(-2): 30%, Active workers: 40, Completed tasks: 4847.
└ @ Main /work/vemundlu/FiberBundle/dataGenerator.jl:93
┌ LogLevel(-2): 31%, Active workers: 40, Completed tasks: 5007.
└ @ Main /work/vemundlu/FiberBundle/dataGenerator.jl:93
┌ LogLevel(-2): 32%, Active workers: 40, Completed tasks: 5167.
└ @ Main /work/vemundlu/FiberBundle/dataGenerator.jl:93
┌ LogLevel(-2): 33%, Active workers: 40, Completed tasks: 5330.
└ @ Main /work/vemundlu/FiberBundle/dataGenerator.jl:93
┌ LogLevel(-2): 34%, Active workers: 40, Completed tasks: 5490.
└ @ Main /work/vemundlu/FiberBundle/dataGenerator.jl:93
┌ LogLevel(-2): 35%, Active workers: 40, Completed tasks: 5653.
└ @ Main /work/vemundlu/FiberBundle/dataGenerator.jl:93
┌ LogLevel(-2): 36%, Active workers: 40, Completed tasks: 5816.
└ @ Main /work/vemundlu/FiberBundle/dataGenerator.jl:93
┌ LogLevel(-2): 37%, Active workers: 40, Completed tasks: 5976.
└ @ Main /work/vemundlu/FiberBundle/dataGenerator.jl:93
┌ LogLevel(-2): 38%, Active workers: 40, Completed tasks: 6138.
└ @ Main /work/vemundlu/FiberBundle/dataGenerator.jl:93
┌ LogLevel(-2): 39%, Active workers: 40, Completed tasks: 6299.
└ @ Main /work/vemundlu/FiberBundle/dataGenerator.jl:93
┌ LogLevel(-2): 40%, Active workers: 40, Completed tasks: 6463.
└ @ Main /work/vemundlu/FiberBundle/dataGenerator.jl:93
┌ LogLevel(-2): 41%, Active workers: 40, Completed tasks: 6626.
└ @ Main /work/vemundlu/FiberBundle/dataGenerator.jl:93
┌ LogLevel(-2): 42%, Active workers: 40, Completed tasks: 6787.
└ @ Main /work/vemundlu/FiberBundle/dataGenerator.jl:93
┌ LogLevel(-2): 43%, Active workers: 40, Completed tasks: 6950.
└ @ Main /work/vemundlu/FiberBundle/dataGenerator.jl:93
┌ LogLevel(-2): 44%, Active workers: 40, Completed tasks: 7111.
└ @ Main /work/vemundlu/FiberBundle/dataGenerator.jl:93
┌ LogLevel(-2): 45%, Active workers: 40, Completed tasks: 7273.
└ @ Main /work/vemundlu/FiberBundle/dataGenerator.jl:93
┌ LogLevel(-2): 46%, Active workers: 40, Completed tasks: 7434.
└ @ Main /work/vemundlu/FiberBundle/dataGenerator.jl:93
┌ LogLevel(-2): 47%, Active workers: 40, Completed tasks: 7595.
└ @ Main /work/vemundlu/FiberBundle/dataGenerator.jl:93
┌ LogLevel(-2): 48%, Active workers: 39, Completed tasks: 7756.
└ @ Main /work/vemundlu/FiberBundle/dataGenerator.jl:93
┌ LogLevel(-2): 49%, Active workers: 40, Completed tasks: 7919.
└ @ Main /work/vemundlu/FiberBundle/dataGenerator.jl:93
┌ LogLevel(-2): 50%, Active workers: 40, Completed tasks: 8079.
└ @ Main /work/vemundlu/FiberBundle/dataGenerator.jl:93
┌ LogLevel(-2): 51%, Active workers: 40, Completed tasks: 8243.
└ @ Main /work/vemundlu/FiberBundle/dataGenerator.jl:93
┌ LogLevel(-2): 52%, Active workers: 40, Completed tasks: 8405.
└ @ Main /work/vemundlu/FiberBundle/dataGenerator.jl:93
┌ LogLevel(-2): 53%, Active workers: 40, Completed tasks: 8565.
└ @ Main /work/vemundlu/FiberBundle/dataGenerator.jl:93
┌ LogLevel(-2): 54%, Active workers: 40, Completed tasks: 8725.
└ @ Main /work/vemundlu/FiberBundle/dataGenerator.jl:93
┌ LogLevel(-2): 55%, Active workers: 40, Completed tasks: 8886.
└ @ Main /work/vemundlu/FiberBundle/dataGenerator.jl:93
┌ LogLevel(-2): 56%, Active workers: 39, Completed tasks: 9050.
└ @ Main /work/vemundlu/FiberBundle/dataGenerator.jl:93
┌ LogLevel(-2): 57%, Active workers: 40, Completed tasks: 9209.
└ @ Main /work/vemundlu/FiberBundle/dataGenerator.jl:93
┌ LogLevel(-2): 58%, Active workers: 34, Completed tasks: 9373.
└ @ Main /work/vemundlu/FiberBundle/dataGenerator.jl:93
┌ LogLevel(-2): 59%, Active workers: 25, Completed tasks: 9533.
└ @ Main /work/vemundlu/FiberBundle/dataGenerator.jl:93
┌ LogLevel(-2): 60%, Active workers: 23, Completed tasks: 9697.
└ @ Main /work/vemundlu/FiberBundle/dataGenerator.jl:93
┌ LogLevel(-2): 61%, Active workers: 18, Completed tasks: 9859.
└ @ Main /work/vemundlu/FiberBundle/dataGenerator.jl:93
┌ LogLevel(-2): 100%, Active workers: 0, Completed tasks: 10000.
└ @ Main /work/vemundlu/FiberBundle/dataGenerator.jl:97
┌ LogLevel(-2): Done!
└ @ Main /work/vemundlu/FiberBundle/dataGenerator.jl:143
┌ LogLevel(-2): Calculating averages... 
└ @ Main /work/vemundlu/FiberBundle/dataGenerator.jl:146
┌ LogLevel(-2): Done!
└ @ Main /work/vemundlu/FiberBundle/dataGenerator.jl:148
431.262992 seconds (100.84 M allocations: 4.871 GiB, 0.67% gc time, 2.97% compilation time)
┌ LogLevel(-1): Removing workers
└ @ Main /work/vemundlu/FiberBundle/generateData.jl:65
