┌ Warning: rmprocs: process 1 not removed
└ @ Distributed /buildworker/worker/package_linux64/build/usr/share/julia/stdlib/v1.7/Distributed/src/cluster.jl:1045
┌ LogLevel(-1): Starting 2 workers... 
└ @ Main /work/vemundlu/FiberBundle/generateData.jl:62
┌ LogLevel(-1): Running settings: 
│  Any[512], 
│  Any[0.0, 0.01, 0.02, 0.03, 0.04, 0.05, 0.06, 0.07, 0.08, 0.09, 0.1, 0.11, 0.12, 0.13, 0.14, 0.15, 0.16, 0.17, 0.18, 0.19, 0.2, 0.21, 0.22, 0.23, 0.24, 0.25], 
│  Any[2.0]
└ @ Main /work/vemundlu/FiberBundle/generateData.jl:66
┌ LogLevel(-2): 2023-05-12T10:26:17.613: Starting a=0.0 dist=ConstantAverageUniform L=512 nr=LLS t=0.0
└ @ Main /work/vemundlu/FiberBundle/dataGenerator.jl:155
┌ LogLevel(-2): Searching for loose files... 
└ @ Main /work/vemundlu/FiberBundle/support/dataManager.jl:278
┌ LogLevel(-2): Running workers...
└ @ Main /work/vemundlu/FiberBundle/dataGenerator.jl:140
┌ LogLevel(-2): Starting work on a=0.0 dist=ConstantAverageUniform L=512 nr=LLS t=0.0
└ @ Main /work/vemundlu/FiberBundle/dataGenerator.jl:80
┌ LogLevel(-2): 0%, Active workers: 2, Completed tasks: 0.
└ @ Main /work/vemundlu/FiberBundle/dataGenerator.jl:92
slurmstepd-compute-12: error: *** JOB 1248328 ON compute-12 CANCELLED AT 2023-05-12T10:29:30 ***

signal (15): Terminated
in expression starting at /work/vemundlu/FiberBundle/generateData.jl:57
pthread_cond_wait at /lib/x86_64-linux-gnu/libpthread.so.0 (unknown line)
uv_cond_wait at /workspace/srcdir/libuv/src/unix/thread.c:847
jl_task_get_next at /buildworker/worker/package_linux64/build/src/partr.c:517
poptask at ./task.jl:827
wait at ./task.jl:836
task_done_hook at ./task.jl:544
_jl_invoke at /buildworker/worker/package_linux64/build/src/gf.c:2247 [inlined]
jl_apply_generic at /buildworker/worker/package_linux64/build/src/gf.c:2429
jl_apply at /buildworker/worker/package_linux64/build/src/julia.h:1788 [inlined]
jl_finish_task at /buildworker/worker/package_linux64/build/src/task.c:218
start_task at /buildworker/worker/package_linux64/build/src/task.c:888
unknown function (ip: (nil))
epoll_wait at /lib/x86_64-linux-gnu/libc.so.6 (unknown line)
uv__io_poll at /workspace/srcdir/libuv/src/unix/epoll.c:240
uv_run at /workspace/srcdir/libuv/src/unix/core.c:383
jl_task_get_next at /buildworker/worker/package_linux64/build/src/partr.c:481
poptask at ./task.jl:827
wait at ./task.jl:836
task_done_hook at ./task.jl:544
_jl_invoke at /buildworker/worker/package_linux64/build/src/gf.c:2247 [inlined]
jl_apply_generic at /buildworker/worker/package_linux64/build/src/gf.c:2429
jl_apply at /buildworker/worker/package_linux64/build/src/julia.h:1788 [inlined]
jl_finish_task at /buildworker/worker/package_linux64/build/src/task.c:218
start_task at /buildworker/worker/package_linux64/build/src/task.c:888
unknown function (ip: (nil))
Allocations: 31618327 (Pool: 31606950; Big: 11377); GC: 37
