┌ Warning: rmprocs: process 1 not removed
└ @ Distributed /buildworker/worker/package_linux64/build/usr/share/julia/stdlib/v1.7/Distributed/src/cluster.jl:1045
┌ LogLevel(-1): Starting 40 workers... 
└ @ Main /work/vemundlu/FiberBundle/generateData.jl:59
┌ LogLevel(-1): Running settings: 
│  Any[64], 
│  Any[0.0, 0.02, 0.04, 0.06, 0.08, 0.1, 0.12, 0.14, 0.16, 0.18, 0.2, 0.22, 0.24, 0.26, 0.28, 0.3, 0.32, 0.34, 0.36, 0.38, 0.4, 0.5, 0.6, 0.7, 0.8, 0.9], 
│  Any[2.0]
└ @ Main /work/vemundlu/FiberBundle/generateData.jl:63
┌ LogLevel(-2): 2023-01-04T15:38:43.902: Starting a=2.0 dist=Uniform L=64 nr=CLS t=0.0
└ @ Main /work/vemundlu/FiberBundle/dataGenerator.jl:161
┌ LogLevel(-2): Searching for loose files... 
└ @ Main /work/vemundlu/FiberBundle/support/dataManager.jl:273
┌ LogLevel(-2): Running workers...
└ @ Main /work/vemundlu/FiberBundle/dataGenerator.jl:146
┌ LogLevel(-2): Starting work on a=2.0 dist=Uniform L=64 nr=CLS t=0.0
└ @ Main /work/vemundlu/FiberBundle/dataGenerator.jl:86
┌ LogLevel(-2): 0%, Active workers: 38, Completed tasks: 0.
└ @ Main /work/vemundlu/FiberBundle/dataGenerator.jl:98
┌ LogLevel(-2): 1%, Active workers: 40, Completed tasks: 131.
└ @ Main /work/vemundlu/FiberBundle/dataGenerator.jl:98
┌ LogLevel(-2): 2%, Active workers: 40, Completed tasks: 290.
└ @ Main /work/vemundlu/FiberBundle/dataGenerator.jl:98
┌ LogLevel(-2): 3%, Active workers: 40, Completed tasks: 448.
└ @ Main /work/vemundlu/FiberBundle/dataGenerator.jl:98
┌ LogLevel(-2): 4%, Active workers: 40, Completed tasks: 602.
└ @ Main /work/vemundlu/FiberBundle/dataGenerator.jl:98
┌ LogLevel(-2): 5%, Active workers: 40, Completed tasks: 758.
└ @ Main /work/vemundlu/FiberBundle/dataGenerator.jl:98
┌ LogLevel(-2): 6%, Active workers: 40, Completed tasks: 915.
└ @ Main /work/vemundlu/FiberBundle/dataGenerator.jl:98
┌ LogLevel(-2): 7%, Active workers: 40, Completed tasks: 1071.
└ @ Main /work/vemundlu/FiberBundle/dataGenerator.jl:98
┌ LogLevel(-2): 8%, Active workers: 40, Completed tasks: 1228.
└ @ Main /work/vemundlu/FiberBundle/dataGenerator.jl:98
┌ LogLevel(-2): 9%, Active workers: 40, Completed tasks: 1384.
└ @ Main /work/vemundlu/FiberBundle/dataGenerator.jl:98
┌ LogLevel(-2): 10%, Active workers: 40, Completed tasks: 1541.
└ @ Main /work/vemundlu/FiberBundle/dataGenerator.jl:98
┌ LogLevel(-2): 11%, Active workers: 40, Completed tasks: 1699.
└ @ Main /work/vemundlu/FiberBundle/dataGenerator.jl:98
