┌ Warning: rmprocs: process 1 not removed
└ @ Distributed /buildworker/worker/package_linux64/build/usr/share/julia/stdlib/v1.7/Distributed/src/cluster.jl:1045
┌ LogLevel(-1): Starting 40 workers... 
└ @ Main /work/vemundlu/FiberBundle/generateData.jl:59
┌ LogLevel(-1): Running settings: 
│  Any[256], 
│  Any[0.5, 0.6, 0.7, 0.8, 0.9], 
│  Any[2.0]
└ @ Main /work/vemundlu/FiberBundle/generateData.jl:63
┌ LogLevel(-2): 2023-01-04T09:25:26.818: Starting a=2.0 dist=Uniform L=256 nr=CLS t=0.5
└ @ Main /work/vemundlu/FiberBundle/dataGenerator.jl:161
┌ LogLevel(-2): Searching for loose files... 
└ @ Main /work/vemundlu/FiberBundle/support/dataManager.jl:267
┌ LogLevel(-2): Running workers...
└ @ Main /work/vemundlu/FiberBundle/dataGenerator.jl:146
┌ LogLevel(-2): Starting work on a=2.0 dist=Uniform L=256 nr=CLS t=0.5
└ @ Main /work/vemundlu/FiberBundle/dataGenerator.jl:86
┌ LogLevel(-2): 0%, Active workers: 40, Completed tasks: 0.
└ @ Main /work/vemundlu/FiberBundle/dataGenerator.jl:98
┌ LogLevel(-2): 1%, Active workers: 40, Completed tasks: 0.
└ @ Main /work/vemundlu/FiberBundle/dataGenerator.jl:98
┌ LogLevel(-2): 2%, Active workers: 40, Completed tasks: 2.
└ @ Main /work/vemundlu/FiberBundle/dataGenerator.jl:98
┌ LogLevel(-2): 3%, Active workers: 40, Completed tasks: 39.
└ @ Main /work/vemundlu/FiberBundle/dataGenerator.jl:98
┌ LogLevel(-2): 4%, Active workers: 40, Completed tasks: 45.
└ @ Main /work/vemundlu/FiberBundle/dataGenerator.jl:98
┌ LogLevel(-2): 5%, Active workers: 40, Completed tasks: 67.
└ @ Main /work/vemundlu/FiberBundle/dataGenerator.jl:98
┌ LogLevel(-2): 6%, Active workers: 40, Completed tasks: 80.
└ @ Main /work/vemundlu/FiberBundle/dataGenerator.jl:98
┌ LogLevel(-2): 7%, Active workers: 40, Completed tasks: 107.
└ @ Main /work/vemundlu/FiberBundle/dataGenerator.jl:98
┌ LogLevel(-2): 8%, Active workers: 40, Completed tasks: 119.
└ @ Main /work/vemundlu/FiberBundle/dataGenerator.jl:98
┌ LogLevel(-2): 9%, Active workers: 40, Completed tasks: 135.
└ @ Main /work/vemundlu/FiberBundle/dataGenerator.jl:98
┌ LogLevel(-2): 10%, Active workers: 40, Completed tasks: 155.
└ @ Main /work/vemundlu/FiberBundle/dataGenerator.jl:98
┌ LogLevel(-2): 11%, Active workers: 40, Completed tasks: 169.
└ @ Main /work/vemundlu/FiberBundle/dataGenerator.jl:98
┌ LogLevel(-2): 12%, Active workers: 40, Completed tasks: 184.
└ @ Main /work/vemundlu/FiberBundle/dataGenerator.jl:98
┌ Error: Fatal error on process 1
│   exception = (ErrorException("attempt to send to unknown socket"), Union{Ptr{Nothing}, Base.InterpreterIP}[Ptr{Nothing} @0x00007fc3f2dbc12e, Ptr{Nothing} @0x00007fc37c09774f, Ptr{Nothing} @0x00007fc37c0979b6, Ptr{Nothing} @0x00007fc37c112117, Ptr{Nothing} @0x00007fc37c112858, Ptr{Nothing} @0x00007fc409218e09, Ptr{Nothing} @0x00007fc37c1111d2, Ptr{Nothing} @0x00007fc37c11138f, Ptr{Nothing} @0x00007fc409218e09, Ptr{Nothing} @0x00007fc40923d24e])
└ @ Distributed /buildworker/worker/package_linux64/build/usr/share/julia/stdlib/v1.7/Distributed/src/process_messages.jl:99
┌ LogLevel(-2): 13%, Active workers: 40, Completed tasks: 199.
└ @ Main /work/vemundlu/FiberBundle/dataGenerator.jl:98
┌ LogLevel(-2): 14%, Active workers: 40, Completed tasks: 220.
└ @ Main /work/vemundlu/FiberBundle/dataGenerator.jl:98
┌ LogLevel(-2): 15%, Active workers: 40, Completed tasks: 228.
└ @ Main /work/vemundlu/FiberBundle/dataGenerator.jl:98
┌ LogLevel(-2): 16%, Active workers: 40, Completed tasks: 252.
└ @ Main /work/vemundlu/FiberBundle/dataGenerator.jl:98
┌ LogLevel(-2): 17%, Active workers: 40, Completed tasks: 264.
└ @ Main /work/vemundlu/FiberBundle/dataGenerator.jl:98
┌ LogLevel(-2): 18%, Active workers: 40, Completed tasks: 278.
└ @ Main /work/vemundlu/FiberBundle/dataGenerator.jl:98
┌ LogLevel(-2): 19%, Active workers: 40, Completed tasks: 297.
└ @ Main /work/vemundlu/FiberBundle/dataGenerator.jl:98
┌ LogLevel(-2): 20%, Active workers: 40, Completed tasks: 308.
└ @ Main /work/vemundlu/FiberBundle/dataGenerator.jl:98
┌ LogLevel(-2): 21%, Active workers: 40, Completed tasks: 329.
└ @ Main /work/vemundlu/FiberBundle/dataGenerator.jl:98
┌ LogLevel(-2): 22%, Active workers: 40, Completed tasks: 339.
└ @ Main /work/vemundlu/FiberBundle/dataGenerator.jl:98
