┌ Warning: rmprocs: process 1 not removed
└ @ Distributed /buildworker/worker/package_linux64/build/usr/share/julia/stdlib/v1.7/Distributed/src/cluster.jl:1045
┌ LogLevel(-1): Starting 2 workers... 
└ @ Main /work/vemundlu/FiberBundle/generateData.jl:62
┌ LogLevel(-1): Running settings: 
│  Any[256], 
│  Any[0.03], 
│  Any[2.0]
└ @ Main /work/vemundlu/FiberBundle/generateData.jl:66
┌ LogLevel(-2): 2023-05-16T00:25:22.234: Starting a=0.0 dist=ConstantAverageUniform L=256 nr=LLS t=0.03
└ @ Main /work/vemundlu/FiberBundle/dataGenerator.jl:155
┌ LogLevel(-2): Searching for loose files... 
└ @ Main /work/vemundlu/FiberBundle/support/dataManager.jl:278
┌ LogLevel(-2): Running workers...
└ @ Main /work/vemundlu/FiberBundle/dataGenerator.jl:140
┌ LogLevel(-2): Starting work on a=0.0 dist=ConstantAverageUniform L=256 nr=LLS t=0.03
└ @ Main /work/vemundlu/FiberBundle/dataGenerator.jl:80
┌ LogLevel(-2): 0%, Active workers: 2, Completed tasks: 0.
└ @ Main /work/vemundlu/FiberBundle/dataGenerator.jl:92
┌ LogLevel(-2): 1%, Active workers: 2, Completed tasks: 9.
└ @ Main /work/vemundlu/FiberBundle/dataGenerator.jl:92
┌ LogLevel(-2): 2%, Active workers: 2, Completed tasks: 19.
└ @ Main /work/vemundlu/FiberBundle/dataGenerator.jl:92
┌ LogLevel(-2): 3%, Active workers: 2, Completed tasks: 29.
└ @ Main /work/vemundlu/FiberBundle/dataGenerator.jl:92
┌ LogLevel(-2): 4%, Active workers: 2, Completed tasks: 39.
└ @ Main /work/vemundlu/FiberBundle/dataGenerator.jl:92
┌ LogLevel(-2): 5%, Active workers: 2, Completed tasks: 49.
└ @ Main /work/vemundlu/FiberBundle/dataGenerator.jl:92
┌ LogLevel(-2): 6%, Active workers: 2, Completed tasks: 59.
└ @ Main /work/vemundlu/FiberBundle/dataGenerator.jl:92
┌ LogLevel(-2): 7%, Active workers: 2, Completed tasks: 69.
└ @ Main /work/vemundlu/FiberBundle/dataGenerator.jl:92
┌ LogLevel(-2): 8%, Active workers: 2, Completed tasks: 79.
└ @ Main /work/vemundlu/FiberBundle/dataGenerator.jl:92
┌ LogLevel(-2): 9%, Active workers: 2, Completed tasks: 89.
└ @ Main /work/vemundlu/FiberBundle/dataGenerator.jl:92
┌ LogLevel(-2): 10%, Active workers: 2, Completed tasks: 99.
└ @ Main /work/vemundlu/FiberBundle/dataGenerator.jl:92
┌ LogLevel(-2): 11%, Active workers: 2, Completed tasks: 109.
└ @ Main /work/vemundlu/FiberBundle/dataGenerator.jl:92
┌ LogLevel(-2): 12%, Active workers: 2, Completed tasks: 119.
└ @ Main /work/vemundlu/FiberBundle/dataGenerator.jl:92
┌ LogLevel(-2): 13%, Active workers: 2, Completed tasks: 129.
└ @ Main /work/vemundlu/FiberBundle/dataGenerator.jl:92
┌ LogLevel(-2): 14%, Active workers: 2, Completed tasks: 139.
└ @ Main /work/vemundlu/FiberBundle/dataGenerator.jl:92
┌ LogLevel(-2): 15%, Active workers: 2, Completed tasks: 149.
└ @ Main /work/vemundlu/FiberBundle/dataGenerator.jl:92
┌ LogLevel(-2): 16%, Active workers: 2, Completed tasks: 159.
└ @ Main /work/vemundlu/FiberBundle/dataGenerator.jl:92
┌ LogLevel(-2): 17%, Active workers: 2, Completed tasks: 169.
└ @ Main /work/vemundlu/FiberBundle/dataGenerator.jl:92
┌ LogLevel(-2): 18%, Active workers: 2, Completed tasks: 179.
└ @ Main /work/vemundlu/FiberBundle/dataGenerator.jl:92
┌ LogLevel(-2): 19%, Active workers: 2, Completed tasks: 189.
└ @ Main /work/vemundlu/FiberBundle/dataGenerator.jl:92
┌ LogLevel(-2): 20%, Active workers: 2, Completed tasks: 199.
└ @ Main /work/vemundlu/FiberBundle/dataGenerator.jl:92
┌ LogLevel(-2): 21%, Active workers: 2, Completed tasks: 209.
└ @ Main /work/vemundlu/FiberBundle/dataGenerator.jl:92
┌ LogLevel(-2): 22%, Active workers: 2, Completed tasks: 219.
└ @ Main /work/vemundlu/FiberBundle/dataGenerator.jl:92
┌ LogLevel(-2): 23%, Active workers: 2, Completed tasks: 229.
└ @ Main /work/vemundlu/FiberBundle/dataGenerator.jl:92
┌ LogLevel(-2): 24%, Active workers: 2, Completed tasks: 239.
└ @ Main /work/vemundlu/FiberBundle/dataGenerator.jl:92
┌ LogLevel(-2): 25%, Active workers: 2, Completed tasks: 249.
└ @ Main /work/vemundlu/FiberBundle/dataGenerator.jl:92
┌ LogLevel(-2): 26%, Active workers: 2, Completed tasks: 259.
└ @ Main /work/vemundlu/FiberBundle/dataGenerator.jl:92
┌ LogLevel(-2): 27%, Active workers: 2, Completed tasks: 269.
└ @ Main /work/vemundlu/FiberBundle/dataGenerator.jl:92
┌ LogLevel(-2): 28%, Active workers: 2, Completed tasks: 279.
└ @ Main /work/vemundlu/FiberBundle/dataGenerator.jl:92
┌ LogLevel(-2): 29%, Active workers: 2, Completed tasks: 289.
└ @ Main /work/vemundlu/FiberBundle/dataGenerator.jl:92
┌ LogLevel(-2): 30%, Active workers: 2, Completed tasks: 299.
└ @ Main /work/vemundlu/FiberBundle/dataGenerator.jl:92
┌ LogLevel(-2): 31%, Active workers: 2, Completed tasks: 309.
└ @ Main /work/vemundlu/FiberBundle/dataGenerator.jl:92
┌ LogLevel(-2): 32%, Active workers: 2, Completed tasks: 319.
└ @ Main /work/vemundlu/FiberBundle/dataGenerator.jl:92
┌ LogLevel(-2): 33%, Active workers: 2, Completed tasks: 329.
└ @ Main /work/vemundlu/FiberBundle/dataGenerator.jl:92
┌ LogLevel(-2): 34%, Active workers: 2, Completed tasks: 339.
└ @ Main /work/vemundlu/FiberBundle/dataGenerator.jl:92
┌ LogLevel(-2): 35%, Active workers: 2, Completed tasks: 349.
└ @ Main /work/vemundlu/FiberBundle/dataGenerator.jl:92
┌ LogLevel(-2): 36%, Active workers: 2, Completed tasks: 359.
└ @ Main /work/vemundlu/FiberBundle/dataGenerator.jl:92
┌ LogLevel(-2): 37%, Active workers: 2, Completed tasks: 369.
└ @ Main /work/vemundlu/FiberBundle/dataGenerator.jl:92
┌ LogLevel(-2): 38%, Active workers: 2, Completed tasks: 379.
└ @ Main /work/vemundlu/FiberBundle/dataGenerator.jl:92
┌ LogLevel(-2): 39%, Active workers: 2, Completed tasks: 389.
└ @ Main /work/vemundlu/FiberBundle/dataGenerator.jl:92
┌ LogLevel(-2): 40%, Active workers: 2, Completed tasks: 399.
└ @ Main /work/vemundlu/FiberBundle/dataGenerator.jl:92
┌ LogLevel(-2): 41%, Active workers: 2, Completed tasks: 409.
└ @ Main /work/vemundlu/FiberBundle/dataGenerator.jl:92
┌ LogLevel(-2): 42%, Active workers: 2, Completed tasks: 419.
└ @ Main /work/vemundlu/FiberBundle/dataGenerator.jl:92
┌ LogLevel(-2): 43%, Active workers: 2, Completed tasks: 429.
└ @ Main /work/vemundlu/FiberBundle/dataGenerator.jl:92
┌ LogLevel(-2): 44%, Active workers: 2, Completed tasks: 439.
└ @ Main /work/vemundlu/FiberBundle/dataGenerator.jl:92
┌ LogLevel(-2): 45%, Active workers: 2, Completed tasks: 449.
└ @ Main /work/vemundlu/FiberBundle/dataGenerator.jl:92
