┌ Warning: rmprocs: process 1 not removed
└ @ Distributed /buildworker/worker/package_linux64/build/usr/share/julia/stdlib/v1.7/Distributed/src/cluster.jl:1045
┌ LogLevel(-1): Starting 40 workers... 
└ @ Main /home/vemundlu/FiberBundle/generateData.jl:29
┌ LogLevel(-1): Preparing workers...
└ @ Main /home/vemundlu/FiberBundle/dataGenerator.jl:7
┌ LogLevel(-1): Done!
└ @ Main /home/vemundlu/FiberBundle/dataGenerator.jl:72
┌ LogLevel(-1): Running settings: 
│  [512], 
│  0.0:0.1:1.0, 
│  [2.0]
└ @ Main /home/vemundlu/FiberBundle/generateData.jl:33
┌ LogLevel(-2): Starting a=2.0 dist=Uniform L=512 nr=SNR t=0.0
└ @ Main /home/vemundlu/FiberBundle/dataGenerator.jl:168
┌ LogLevel(-2): Searching for loose files... 
└ @ Main /home/vemundlu/FiberBundle/support/dataManager.jl:248
┌ LogLevel(-2): Done!
└ @ Main /home/vemundlu/FiberBundle/support/dataManager.jl:267
┌ LogLevel(-2): Running workers...
└ @ Main /home/vemundlu/FiberBundle/dataGenerator.jl:150
┌ LogLevel(-2): Starting work on a=2.0 dist=Uniform L=512 nr=SNR t=0.0
└ @ Main /home/vemundlu/FiberBundle/dataGenerator.jl:91
┌ LogLevel(-2): 0%, Active workers: 24, Completed tasks: 0.
└ @ Main /home/vemundlu/FiberBundle/dataGenerator.jl:103
┌ LogLevel(-2): 1%, Active workers: 40, Completed tasks: 0.
└ @ Main /home/vemundlu/FiberBundle/dataGenerator.jl:103
┌ LogLevel(-2): 2%, Active workers: 40, Completed tasks: 0.
└ @ Main /home/vemundlu/FiberBundle/dataGenerator.jl:103
┌ LogLevel(-2): 3%, Active workers: 40, Completed tasks: 0.
└ @ Main /home/vemundlu/FiberBundle/dataGenerator.jl:103
┌ LogLevel(-2): 4%, Active workers: 40, Completed tasks: 0.
└ @ Main /home/vemundlu/FiberBundle/dataGenerator.jl:103
┌ LogLevel(-2): 5%, Active workers: 40, Completed tasks: 0.
└ @ Main /home/vemundlu/FiberBundle/dataGenerator.jl:103
┌ LogLevel(-2): 6%, Active workers: 40, Completed tasks: 0.
└ @ Main /home/vemundlu/FiberBundle/dataGenerator.jl:103
      From worker 35:	4745.480775 seconds (3.85 M allocations: 150.732 MiB, 0.00% gc time, 0.00% compilation time)
      From worker 3:	4974.170912 seconds (3.74 M allocations: 148.451 MiB, 0.00% gc time, 0.00% compilation time)
      From worker 26:	5143.789667 seconds (3.91 M allocations: 155.058 MiB, 0.00% gc time, 0.00% compilation time)
      From worker 8:	5208.442355 seconds (3.98 M allocations: 157.490 MiB, 0.00% gc time, 0.00% compilation time)
      From worker 6:	5243.235861 seconds (3.95 M allocations: 156.593 MiB, 0.00% gc time, 0.00% compilation time)
      From worker 37:	5248.946786 seconds (4.03 M allocations: 157.484 MiB, 0.00% gc time, 0.00% compilation time)
      From worker 10:	5452.332304 seconds (4.11 M allocations: 162.656 MiB, 0.00% gc time, 0.00% compilation time)
      From worker 32:	5461.310189 seconds (4.15 M allocations: 164.136 MiB, 0.00% gc time, 0.00% compilation time)
┌ LogLevel(-2): 7%, Active workers: 40, Completed tasks: 8.
└ @ Main /home/vemundlu/FiberBundle/dataGenerator.jl:103
      From worker 38:	5578.801604 seconds (4.22 M allocations: 164.891 MiB, 0.00% gc time, 0.00% compilation time)
      From worker 12:	5756.422411 seconds (4.25 M allocations: 168.073 MiB, 0.00% gc time, 0.00% compilation time)
      From worker 5:	5768.555681 seconds (4.27 M allocations: 168.815 MiB, 0.00% gc time, 0.00% compilation time)
      From worker 14:	5809.364242 seconds (4.27 M allocations: 168.970 MiB, 0.00% gc time, 0.00% compilation time)
      From worker 7:	5826.959566 seconds (4.30 M allocations: 170.302 MiB, 0.00% gc time, 0.00% compilation time)
      From worker 20:	5830.332413 seconds (4.24 M allocations: 167.948 MiB, 0.00% gc time, 0.00% compilation time)
      From worker 34:	5834.969491 seconds (4.47 M allocations: 174.391 MiB, 0.00% gc time, 0.00% compilation time)
      From worker 16:	5835.488561 seconds (4.33 M allocations: 171.471 MiB, 0.00% gc time, 0.00% compilation time)
      From worker 17:	5842.745195 seconds (4.26 M allocations: 168.442 MiB, 0.00% gc time, 0.00% compilation time)
      From worker 21:	5870.324495 seconds (4.29 M allocations: 169.853 MiB, 0.00% gc time, 0.00% compilation time)
      From worker 31:	5923.555527 seconds (4.32 M allocations: 171.051 MiB, 0.00% gc time, 0.00% compilation time)
      From worker 24:	5940.375633 seconds (4.34 M allocations: 171.630 MiB, 0.00% gc time, 0.00% compilation time)
      From worker 33:	6054.487561 seconds (4.54 M allocations: 177.286 MiB, 0.00% gc time, 0.00% compilation time)
      From worker 15:	6082.933576 seconds (4.38 M allocations: 173.293 MiB, 0.00% gc time, 0.00% compilation time)
      From worker 28:	6084.262493 seconds (4.32 M allocations: 171.001 MiB, 0.00% gc time, 0.00% compilation time)
      From worker 22:	6088.310075 seconds (4.39 M allocations: 173.824 MiB, 0.00% gc time, 0.00% compilation time)
      From worker 41:	6125.784901 seconds (4.55 M allocations: 177.768 MiB, 0.00% gc time, 0.00% compilation time)
      From worker 30:	6175.223187 seconds (4.41 M allocations: 174.631 MiB, 0.00% gc time, 0.00% compilation time)
      From worker 27:	6214.434503 seconds (4.36 M allocations: 172.530 MiB, 0.00% gc time, 0.00% compilation time)
┌ LogLevel(-2): 8%, Active workers: 40, Completed tasks: 27.
└ @ Main /home/vemundlu/FiberBundle/dataGenerator.jl:103
      From worker 9:	6253.417733 seconds (4.56 M allocations: 180.203 MiB, 0.00% gc time, 0.00% compilation time)
      From worker 11:	6415.061993 seconds (4.63 M allocations: 182.963 MiB, 0.00% gc time, 0.00% compilation time)
      From worker 2:	6425.986655 seconds (4.59 M allocations: 181.480 MiB, 0.00% gc time, 0.01% compilation time)
      From worker 19:	6459.362500 seconds (4.60 M allocations: 181.814 MiB, 0.00% gc time, 0.00% compilation time)
      From worker 25:	6594.258697 seconds (4.67 M allocations: 184.654 MiB, 0.01% gc time, 0.01% compilation time)
      From worker 4:	6609.828680 seconds (4.67 M allocations: 184.677 MiB, 0.00% gc time, 0.01% compilation time)
      From worker 29:	6753.343290 seconds (4.79 M allocations: 189.429 MiB, 0.00% gc time, 0.00% compilation time)
      From worker 13:	6780.330236 seconds (4.72 M allocations: 186.666 MiB, 0.00% gc time, 0.00% compilation time)
┌ LogLevel(-2): 9%, Active workers: 40, Completed tasks: 35.
└ @ Main /home/vemundlu/FiberBundle/dataGenerator.jl:103
      From worker 23:	7038.069343 seconds (4.91 M allocations: 193.884 MiB, 0.00% gc time, 0.00% compilation time)
      From worker 40:	7083.907759 seconds (5.14 M allocations: 200.503 MiB, 0.00% gc time, 0.00% compilation time)
      From worker 36:	7120.212360 seconds (5.09 M allocations: 198.346 MiB, 0.00% gc time, 0.00% compilation time)
      From worker 18:	7131.546226 seconds (4.92 M allocations: 194.474 MiB, 0.01% gc time, 0.00% compilation time)
      From worker 39:	7609.664243 seconds (5.37 M allocations: 209.407 MiB, 0.00% gc time, 0.00% compilation time)
┌ LogLevel(-2): 10%, Active workers: 40, Completed tasks: 40.
└ @ Main /home/vemundlu/FiberBundle/dataGenerator.jl:103
┌ LogLevel(-2): 11%, Active workers: 40, Completed tasks: 40.
└ @ Main /home/vemundlu/FiberBundle/dataGenerator.jl:103
┌ LogLevel(-2): 12%, Active workers: 40, Completed tasks: 40.
└ @ Main /home/vemundlu/FiberBundle/dataGenerator.jl:103
      From worker 10:	4384.321893 seconds (3.34 M allocations: 130.680 MiB, 0.00% gc time)
┌ LogLevel(-2): 13%, Active workers: 40, Completed tasks: 41.
└ @ Main /home/vemundlu/FiberBundle/dataGenerator.jl:103
      From worker 35:	5864.258584 seconds (4.08 M allocations: 157.495 MiB, 0.00% gc time)
      From worker 6:	5427.367844 seconds (3.92 M allocations: 153.390 MiB, 0.00% gc time)
      From worker 38:	5238.963299 seconds (3.92 M allocations: 151.295 MiB, 0.00% gc time)
      From worker 32:	5529.726334 seconds (4.04 M allocations: 158.040 MiB, 0.00% gc time)
      From worker 8:	5906.330571 seconds (4.29 M allocations: 167.657 MiB, 0.00% gc time)
      From worker 12:	5398.146917 seconds (4.03 M allocations: 157.669 MiB, 0.00% gc time)
      From worker 5:	5389.226272 seconds (3.92 M allocations: 153.399 MiB, 0.00% gc time)
      From worker 7:	5367.837385 seconds (3.90 M allocations: 152.653 MiB, 0.00% gc time)
┌ LogLevel(-2): 14%, Active workers: 40, Completed tasks: 49.
└ @ Main /home/vemundlu/FiberBundle/dataGenerator.jl:103
      From worker 37:	5992.242363 seconds (4.43 M allocations: 171.151 MiB, 0.00% gc time)
      From worker 16:	5418.913690 seconds (3.96 M allocations: 154.815 MiB, 0.00% gc time)
      From worker 3:	6415.892989 seconds (4.54 M allocations: 177.429 MiB, 0.00% gc time)
      From worker 20:	5669.457408 seconds (4.15 M allocations: 162.225 MiB, 0.00% gc time)
      From worker 15:	5499.104456 seconds (4.06 M allocations: 158.795 MiB, 0.00% gc time)
      From worker 33:	5531.355603 seconds (4.22 M allocations: 163.057 MiB, 0.00% gc time)
      From worker 34:	5799.103788 seconds (4.27 M allocations: 164.924 MiB, 0.00% gc time)
      From worker 31:	5979.182216 seconds (4.14 M allocations: 161.897 MiB, 0.00% gc time)
      From worker 24:	5970.068194 seconds (4.22 M allocations: 165.064 MiB, 0.00% gc time)
      From worker 41:	5790.157509 seconds (4.16 M allocations: 160.443 MiB, 0.00% gc time)
┌ LogLevel(-2): 15%, Active workers: 40, Completed tasks: 59.
└ @ Main /home/vemundlu/FiberBundle/dataGenerator.jl:103
      From worker 21:	6212.810231 seconds (4.33 M allocations: 169.562 MiB, 0.00% gc time)
      From worker 9:	5840.444064 seconds (4.08 M allocations: 159.500 MiB, 0.00% gc time)
      From worker 11:	5734.748858 seconds (4.05 M allocations: 158.600 MiB, 0.00% gc time)
      From worker 26:	7077.952776 seconds (4.75 M allocations: 185.864 MiB, 0.00% gc time)
      From worker 14:	6482.430889 seconds (4.48 M allocations: 175.377 MiB, 0.00% gc time)
      From worker 4:	5691.615218 seconds (4.07 M allocations: 159.235 MiB, 0.00% gc time)
      From worker 19:	5852.114882 seconds (4.17 M allocations: 163.312 MiB, 0.00% gc time)
      From worker 17:	6531.232145 seconds (4.66 M allocations: 182.405 MiB, 0.00% gc time)
      From worker 27:	6303.117826 seconds (4.34 M allocations: 169.624 MiB, 0.00% gc time)
      From worker 30:	6361.584457 seconds (4.56 M allocations: 178.439 MiB, 0.00% gc time)
      From worker 25:	5986.767558 seconds (4.17 M allocations: 162.982 MiB, 0.00% gc time)
      From worker 22:	6503.922961 seconds (4.67 M allocations: 182.588 MiB, 0.00% gc time)
┌ LogLevel(-2): 16%, Active workers: 40, Completed tasks: 71.
└ @ Main /home/vemundlu/FiberBundle/dataGenerator.jl:103
      From worker 13:	5984.267358 seconds (4.22 M allocations: 164.998 MiB, 0.00% gc time)
      From worker 18:	5683.173130 seconds (4.09 M allocations: 160.132 MiB, 0.00% gc time)
      From worker 29:	6211.680483 seconds (4.47 M allocations: 174.895 MiB, 0.00% gc time)
      From worker 2:	6600.978455 seconds (4.51 M allocations: 176.612 MiB, 0.00% gc time)
      From worker 28:	7013.053217 seconds (4.77 M allocations: 186.431 MiB, 0.00% gc time)
      From worker 23:	6100.868340 seconds (4.31 M allocations: 168.575 MiB, 0.00% gc time)
      From worker 36:	6189.506089 seconds (4.46 M allocations: 172.105 MiB, 0.00% gc time)
┌ LogLevel(-2): 17%, Active workers: 40, Completed tasks: 78.
└ @ Main /home/vemundlu/FiberBundle/dataGenerator.jl:103
      From worker 39:	5805.507264 seconds (4.21 M allocations: 162.534 MiB, 0.00% gc time)
      From worker 40:	6434.377464 seconds (4.71 M allocations: 181.845 MiB, 0.00% gc time)
┌ LogLevel(-2): 18%, Active workers: 40, Completed tasks: 80.
└ @ Main /home/vemundlu/FiberBundle/dataGenerator.jl:103
┌ LogLevel(-2): 19%, Active workers: 40, Completed tasks: 80.
└ @ Main /home/vemundlu/FiberBundle/dataGenerator.jl:103
      From worker 38:	5176.275461 seconds (3.94 M allocations: 152.070 MiB, 0.00% gc time)
┌ LogLevel(-2): 20%, Active workers: 40, Completed tasks: 81.
└ @ Main /home/vemundlu/FiberBundle/dataGenerator.jl:103
      From worker 16:	4962.920236 seconds (3.64 M allocations: 142.373 MiB, 0.00% gc time)
      From worker 12:	5196.063540 seconds (3.84 M allocations: 150.126 MiB, 0.00% gc time)
      From worker 5:	5316.566041 seconds (3.86 M allocations: 151.037 MiB, 0.00% gc time)
      From worker 10:	6641.788033 seconds (4.64 M allocations: 181.579 MiB, 0.00% gc time)
      From worker 15:	5090.287718 seconds (3.77 M allocations: 147.382 MiB, 0.00% gc time)
      From worker 35:	6062.045648 seconds (4.28 M allocations: 165.373 MiB, 0.00% gc time)
      From worker 3:	5345.527907 seconds (3.88 M allocations: 151.913 MiB, 0.00% gc time)
      From worker 8:	5648.151004 seconds (4.05 M allocations: 158.266 MiB, 0.00% gc time)
      From worker 6:	6148.524597 seconds (4.34 M allocations: 169.735 MiB, 0.00% gc time)
      From worker 20:	5360.970837 seconds (3.90 M allocations: 152.407 MiB, 0.00% gc time)
┌ LogLevel(-2): 21%, Active workers: 40, Completed tasks: 91.
└ @ Main /home/vemundlu/FiberBundle/dataGenerator.jl:103
      From worker 32:	5901.062833 seconds (4.16 M allocations: 162.627 MiB, 0.00% gc time)
      From worker 7:	5893.056095 seconds (4.24 M allocations: 166.048 MiB, 0.00% gc time)
      From worker 37:	6005.425679 seconds (4.28 M allocations: 165.058 MiB, 0.00% gc time)
      From worker 21:	5178.439551 seconds (3.84 M allocations: 150.322 MiB, 0.00% gc time)
      From worker 24:	5450.187725 seconds (4.01 M allocations: 156.708 MiB, 0.00% gc time)
      From worker 34:	5977.294786 seconds (4.46 M allocations: 172.166 MiB, 0.00% gc time)
┌ LogLevel(-2): 22%, Active workers: 40, Completed tasks: 97.
└ @ Main /home/vemundlu/FiberBundle/dataGenerator.jl:103
      From worker 41:	5767.215395 seconds (4.27 M allocations: 164.785 MiB, 0.00% gc time)
      From worker 31:	5817.646303 seconds (4.10 M allocations: 160.239 MiB, 0.00% gc time)
      From worker 26:	5530.589477 seconds (4.00 M allocations: 156.420 MiB, 0.00% gc time)
      From worker 19:	5723.937254 seconds (4.10 M allocations: 160.368 MiB, 0.00% gc time)
      From worker 30:	5670.087434 seconds (4.22 M allocations: 165.273 MiB, 0.00% gc time)
      From worker 17:	5849.663001 seconds (4.23 M allocations: 165.507 MiB, 0.00% gc time)
      From worker 28:	5171.062806 seconds (3.77 M allocations: 147.491 MiB, 0.00% gc time)
      From worker 22:	5783.557548 seconds (4.10 M allocations: 160.376 MiB, 0.00% gc time)
┌ LogLevel(-2): 23%, Active workers: 40, Completed tasks: 105.
└ @ Main /home/vemundlu/FiberBundle/dataGenerator.jl:103
      From worker 13:	5837.224787 seconds (4.19 M allocations: 163.868 MiB, 0.00% gc time)
      From worker 14:	6373.113967 seconds (4.45 M allocations: 173.946 MiB, 0.00% gc time)
      From worker 4:	6377.588775 seconds (4.53 M allocations: 177.344 MiB, 0.00% gc time)
      From worker 33:	7153.955997 seconds (4.94 M allocations: 190.668 MiB, 0.00% gc time)
      From worker 9:	6679.865318 seconds (4.70 M allocations: 184.004 MiB, 0.00% gc time)
      From worker 18:	5983.777782 seconds (4.20 M allocations: 164.374 MiB, 0.00% gc time)
      From worker 27:	6340.679148 seconds (4.48 M allocations: 175.127 MiB, 0.00% gc time)
      From worker 25:	6442.022531 seconds (4.61 M allocations: 180.171 MiB, 0.00% gc time)
┌ LogLevel(-2): 24%, Active workers: 40, Completed tasks: 113.
└ @ Main /home/vemundlu/FiberBundle/dataGenerator.jl:103
      From worker 11:	7105.468583 seconds (4.87 M allocations: 190.401 MiB, 0.00% gc time)
      From worker 36:	6101.453861 seconds (4.48 M allocations: 172.861 MiB, 0.00% gc time)
      From worker 23:	6600.501604 seconds (4.64 M allocations: 181.503 MiB, 0.00% gc time)
      From worker 40:	6238.152009 seconds (4.45 M allocations: 171.669 MiB, 0.00% gc time)
┌ LogLevel(-2): 25%, Active workers: 40, Completed tasks: 117.
└ @ Main /home/vemundlu/FiberBundle/dataGenerator.jl:103
      From worker 2:	6932.921838 seconds (4.88 M allocations: 190.850 MiB, 0.00% gc time)
      From worker 29:	7330.287568 seconds (5.02 M allocations: 196.301 MiB, 0.00% gc time)
      From worker 39:	7094.097188 seconds (5.10 M allocations: 196.761 MiB, 0.00% gc time)
┌ LogLevel(-2): 26%, Active workers: 40, Completed tasks: 120.
└ @ Main /home/vemundlu/FiberBundle/dataGenerator.jl:103
      From worker 15:	4531.230112 seconds (3.38 M allocations: 132.111 MiB, 0.00% gc time)
┌ LogLevel(-2): 27%, Active workers: 40, Completed tasks: 121.
└ @ Main /home/vemundlu/FiberBundle/dataGenerator.jl:103
      From worker 7:	4620.653480 seconds (3.48 M allocations: 136.107 MiB, 0.00% gc time)
      From worker 38:	5725.856222 seconds (4.29 M allocations: 165.684 MiB, 0.00% gc time)
      From worker 35:	5487.638879 seconds (4.12 M allocations: 159.180 MiB, 0.00% gc time)
      From worker 5:	5752.043056 seconds (4.13 M allocations: 161.534 MiB, 0.00% gc time)
      From worker 3:	5542.237846 seconds (4.11 M allocations: 160.744 MiB, 0.00% gc time)
      From worker 8:	5629.204991 seconds (4.16 M allocations: 162.650 MiB, 0.00% gc time)
      From worker 16:	6198.796669 seconds (4.41 M allocations: 172.453 MiB, 0.00% gc time)
┌ LogLevel(-2): 28%, Active workers: 40, Completed tasks: 128.
└ @ Main /home/vemundlu/FiberBundle/dataGenerator.jl:103
      From worker 21:	5254.795006 seconds (3.90 M allocations: 152.573 MiB, 0.00% gc time)
      From worker 12:	6304.174410 seconds (4.47 M allocations: 174.975 MiB, 0.00% gc time)
      From worker 20:	5792.956233 seconds (4.13 M allocations: 161.495 MiB, 0.00% gc time)
      From worker 31:	5199.296040 seconds (3.83 M allocations: 149.895 MiB, 0.00% gc time)
      From worker 10:	6477.580646 seconds (4.52 M allocations: 176.725 MiB, 0.00% gc time)
      From worker 26:	5431.512964 seconds (4.04 M allocations: 158.201 MiB, 0.00% gc time)
      From worker 41:	5590.313875 seconds (4.13 M allocations: 159.390 MiB, 0.00% gc time)
┌ LogLevel(-2): 29%, Active workers: 40, Completed tasks: 135.
└ @ Main /home/vemundlu/FiberBundle/dataGenerator.jl:103
      From worker 6:	6524.967268 seconds (4.49 M allocations: 175.684 MiB, 0.00% gc time)
      From worker 37:	6101.733054 seconds (4.43 M allocations: 171.139 MiB, 0.00% gc time)
      From worker 32:	6588.163185 seconds (4.57 M allocations: 178.894 MiB, 0.00% gc time)
      From worker 17:	5511.285308 seconds (4.09 M allocations: 159.992 MiB, 0.00% gc time)
      From worker 34:	6191.952015 seconds (4.37 M allocations: 168.828 MiB, 0.00% gc time)
      From worker 30:	5755.710052 seconds (4.18 M allocations: 163.531 MiB, 0.00% gc time)
┌ LogLevel(-2): 30%, Active workers: 40, Completed tasks: 141.
└ @ Main /home/vemundlu/FiberBundle/dataGenerator.jl:103
      From worker 24:	6863.482847 seconds (4.72 M allocations: 184.512 MiB, 0.00% gc time)
      From worker 4:	5612.659295 seconds (4.08 M allocations: 159.563 MiB, 0.00% gc time)
      From worker 25:	5329.122629 seconds (3.97 M allocations: 155.440 MiB, 0.00% gc time)
      From worker 13:	5806.981670 seconds (4.22 M allocations: 165.146 MiB, 0.00% gc time)
      From worker 22:	6070.271702 seconds (4.30 M allocations: 168.246 MiB, 0.00% gc time)
      From worker 14:	5790.528367 seconds (4.16 M allocations: 162.931 MiB, 0.00% gc time)
      From worker 19:	6462.772346 seconds (4.53 M allocations: 177.372 MiB, 0.00% gc time)
      From worker 33:	5915.757760 seconds (4.27 M allocations: 164.706 MiB, 0.00% gc time)
      From worker 9:	5951.890133 seconds (4.29 M allocations: 167.893 MiB, 0.00% gc time)
┌ LogLevel(-2): 31%, Active workers: 40, Completed tasks: 150.
└ @ Main /home/vemundlu/FiberBundle/dataGenerator.jl:103
      From worker 18:	6212.633034 seconds (4.34 M allocations: 169.921 MiB, 0.00% gc time)
      From worker 27:	6250.842328 seconds (4.45 M allocations: 174.238 MiB, 0.00% gc time)
      From worker 2:	5538.804389 seconds (4.02 M allocations: 157.119 MiB, 0.00% gc time)
      From worker 36:	6139.668828 seconds (4.48 M allocations: 172.812 MiB, 0.00% gc time)
┌ LogLevel(-2): 32%, Active workers: 40, Completed tasks: 154.
└ @ Main /home/vemundlu/FiberBundle/dataGenerator.jl:103
      From worker 28:	7422.885528 seconds (5.12 M allocations: 200.443 MiB, 0.00% gc time)
      From worker 29:	5694.980136 seconds (4.14 M allocations: 161.932 MiB, 0.00% gc time)
      From worker 23:	6547.923741 seconds (4.73 M allocations: 184.975 MiB, 0.00% gc time)
      From worker 39:	5806.496607 seconds (4.20 M allocations: 162.206 MiB, 0.00% gc time)
      From worker 40:	6659.495080 seconds (4.88 M allocations: 188.284 MiB, 0.00% gc time)
┌ LogLevel(-2): 33%, Active workers: 40, Completed tasks: 159.
└ @ Main /home/vemundlu/FiberBundle/dataGenerator.jl:103
      From worker 7:	5395.946712 seconds (3.94 M allocations: 154.119 MiB, 0.00% gc time)
      From worker 11:	7863.784980 seconds (5.36 M allocations: 209.771 MiB, 0.00% gc time)
      From worker 38:	5561.708890 seconds (4.15 M allocations: 160.280 MiB, 0.00% gc time)
┌ LogLevel(-2): 34%, Active workers: 38, Completed tasks: 162.
└ @ Main /home/vemundlu/FiberBundle/dataGenerator.jl:103
      From worker 15:	6237.106232 seconds (4.25 M allocations: 166.129 MiB, 0.00% gc time)
      From worker 31:	5124.757718 seconds (3.83 M allocations: 149.704 MiB, 0.00% gc time)
      From worker 41:	4841.284819 seconds (3.77 M allocations: 145.529 MiB, 0.00% gc time)
      From worker 8:	5728.083572 seconds (4.17 M allocations: 163.016 MiB, 0.00% gc time)
┌ LogLevel(-2): 35%, Active workers: 34, Completed tasks: 166.
└ @ Main /home/vemundlu/FiberBundle/dataGenerator.jl:103
      From worker 5:	6110.030823 seconds (4.36 M allocations: 170.753 MiB, 0.00% gc time)
      From worker 16:	5936.095141 seconds (4.36 M allocations: 170.611 MiB, 0.00% gc time)
      From worker 26:	5226.758625 seconds (3.93 M allocations: 153.638 MiB, 0.00% gc time)
      From worker 20:	5859.284426 seconds (4.32 M allocations: 168.835 MiB, 0.00% gc time)
      From worker 12:	5877.505182 seconds (4.16 M allocations: 162.838 MiB, 0.00% gc time)
      From worker 35:	6424.940649 seconds (4.71 M allocations: 181.716 MiB, 0.00% gc time)
      From worker 21:	6260.623087 seconds (4.58 M allocations: 179.232 MiB, 0.00% gc time)
      From worker 10:	5894.108760 seconds (4.35 M allocations: 170.051 MiB, 0.00% gc time)
      From worker 34:	5131.453567 seconds (3.87 M allocations: 149.366 MiB, 0.00% gc time)
      From worker 13:	4555.556325 seconds (3.62 M allocations: 141.766 MiB, 0.00% gc time)
      From worker 17:	5304.472647 seconds (3.99 M allocations: 155.969 MiB, 0.00% gc time)
      From worker 30:	5100.421783 seconds (3.99 M allocations: 156.261 MiB, 0.00% gc time)
      From worker 3:	6825.751930 seconds (4.97 M allocations: 194.402 MiB, 0.00% gc time)
      From worker 37:	5823.706975 seconds (4.46 M allocations: 172.186 MiB, 0.00% gc time)
      From worker 33:	4551.567990 seconds (3.78 M allocations: 146.040 MiB, 0.00% gc time)
      From worker 4:	5123.225137 seconds (4.04 M allocations: 158.115 MiB, 0.00% gc time)
      From worker 32:	6015.045948 seconds (4.54 M allocations: 177.700 MiB, 0.00% gc time)
┌ LogLevel(-2): 36%, Active workers: 17, Completed tasks: 183.
└ @ Main /home/vemundlu/FiberBundle/dataGenerator.jl:103
      From worker 25:	5177.958422 seconds (4.06 M allocations: 159.009 MiB, 0.00% gc time)
      From worker 14:	5119.346058 seconds (4.08 M allocations: 159.696 MiB, 0.00% gc time)
      From worker 9:	4895.690317 seconds (3.98 M allocations: 155.824 MiB, 0.00% gc time)
      From worker 6:	6287.369100 seconds (4.81 M allocations: 188.195 MiB, 0.00% gc time)
      From worker 18:	4675.714738 seconds (3.86 M allocations: 151.180 MiB, 0.00% gc time)
      From worker 24:	5493.844463 seconds (4.34 M allocations: 169.600 MiB, 0.00% gc time)
      From worker 19:	5842.955310 seconds (4.70 M allocations: 183.751 MiB, 0.00% gc time)
      From worker 2:	5088.764053 seconds (4.36 M allocations: 170.636 MiB, 0.00% gc time)
      From worker 27:	5551.644812 seconds (4.60 M allocations: 179.823 MiB, 0.00% gc time)
      From worker 40:	4250.467230 seconds (3.93 M allocations: 151.825 MiB, 0.00% gc time)
      From worker 22:	6462.163990 seconds (5.30 M allocations: 207.257 MiB, 0.00% gc time)
      From worker 36:	5385.706437 seconds (4.70 M allocations: 181.251 MiB, 0.00% gc time)
      From worker 39:	4886.327894 seconds (4.37 M allocations: 168.716 MiB, 0.00% gc time)
      From worker 23:	4997.651528 seconds (4.47 M allocations: 174.710 MiB, 0.00% gc time)
      From worker 29:	5365.092039 seconds (4.74 M allocations: 185.251 MiB, 0.00% gc time)
      From worker 11:	4263.784792 seconds (4.12 M allocations: 161.259 MiB, 0.01% gc time)
      From worker 28:	6086.087559 seconds (5.26 M allocations: 205.624 MiB, 0.00% gc time)
┌ LogLevel(-2): 100%, Active workers: 0, Completed tasks: 200.
└ @ Main /home/vemundlu/FiberBundle/dataGenerator.jl:106
┌ LogLevel(-2): Done!
└ @ Main /home/vemundlu/FiberBundle/dataGenerator.jl:152
┌ LogLevel(-2): Calculating averages... 
└ @ Main /home/vemundlu/FiberBundle/dataGenerator.jl:155
┌ LogLevel(-2): Done!
└ @ Main /home/vemundlu/FiberBundle/dataGenerator.jl:157
┌ LogLevel(-2): Starting a=0.0 dist=Uniform L=512 nr=UNR t=0.0
└ @ Main /home/vemundlu/FiberBundle/dataGenerator.jl:168
┌ LogLevel(-2): Searching for loose files... 
└ @ Main /home/vemundlu/FiberBundle/support/dataManager.jl:248
┌ LogLevel(-2): Done!
└ @ Main /home/vemundlu/FiberBundle/support/dataManager.jl:267
┌ LogLevel(-2): Running workers...
└ @ Main /home/vemundlu/FiberBundle/dataGenerator.jl:150
┌ LogLevel(-2): Starting work on a=0.0 dist=Uniform L=512 nr=UNR t=0.0
└ @ Main /home/vemundlu/FiberBundle/dataGenerator.jl:91
┌ LogLevel(-2): 0%, Active workers: 40, Completed tasks: 0.
└ @ Main /home/vemundlu/FiberBundle/dataGenerator.jl:103
┌ LogLevel(-2): 1%, Active workers: 40, Completed tasks: 0.
└ @ Main /home/vemundlu/FiberBundle/dataGenerator.jl:103
┌ LogLevel(-2): 2%, Active workers: 40, Completed tasks: 0.
└ @ Main /home/vemundlu/FiberBundle/dataGenerator.jl:103
┌ LogLevel(-2): 3%, Active workers: 40, Completed tasks: 0.
└ @ Main /home/vemundlu/FiberBundle/dataGenerator.jl:103
┌ LogLevel(-2): 4%, Active workers: 40, Completed tasks: 0.
└ @ Main /home/vemundlu/FiberBundle/dataGenerator.jl:103
┌ LogLevel(-2): 5%, Active workers: 40, Completed tasks: 0.
└ @ Main /home/vemundlu/FiberBundle/dataGenerator.jl:103
┌ LogLevel(-2): 6%, Active workers: 40, Completed tasks: 0.
└ @ Main /home/vemundlu/FiberBundle/dataGenerator.jl:103
┌ LogLevel(-2): 7%, Active workers: 40, Completed tasks: 0.
└ @ Main /home/vemundlu/FiberBundle/dataGenerator.jl:103
      From worker 25:	3378.345034 seconds (4.52 M allocations: 176.670 MiB, 0.00% gc time)
      From worker 34:	3420.853566 seconds (4.62 M allocations: 178.148 MiB, 0.00% gc time)
      From worker 8:	3456.872783 seconds (4.59 M allocations: 179.688 MiB, 0.00% gc time)
      From worker 32:	3465.896318 seconds (4.68 M allocations: 184.990 MiB, 0.02% gc time, 0.01% compilation time)
      From worker 22:	3507.892552 seconds (4.57 M allocations: 178.624 MiB, 0.00% gc time)
      From worker 13:	3550.391486 seconds (4.70 M allocations: 183.923 MiB, 0.00% gc time)
      From worker 27:	3566.174806 seconds (4.62 M allocations: 180.795 MiB, 0.00% gc time)
      From worker 4:	3576.154297 seconds (4.75 M allocations: 187.703 MiB, 0.01% gc time, 0.01% compilation time)
      From worker 19:	3576.826877 seconds (4.68 M allocations: 185.269 MiB, 0.01% gc time, 0.01% compilation time)
      From worker 31:	3579.713817 seconds (4.60 M allocations: 180.143 MiB, 0.00% gc time)
┌ LogLevel(-2): 8%, Active workers: 40, Completed tasks: 9.
└ @ Main /home/vemundlu/FiberBundle/dataGenerator.jl:103
      From worker 15:	3593.569180 seconds (4.74 M allocations: 187.421 MiB, 0.01% gc time, 0.01% compilation time)
      From worker 33:	3593.914612 seconds (4.85 M allocations: 189.082 MiB, 0.01% gc time, 0.01% compilation time)
      From worker 36:	3599.796593 seconds (4.82 M allocations: 187.995 MiB, 0.01% gc time, 0.01% compilation time)
      From worker 17:	3601.954732 seconds (4.66 M allocations: 182.422 MiB, 0.00% gc time)
      From worker 11:	3605.876574 seconds (4.64 M allocations: 181.588 MiB, 0.00% gc time)
      From worker 28:	3614.755868 seconds (4.69 M allocations: 183.541 MiB, 0.00% gc time)
      From worker 37:	3617.922545 seconds (4.73 M allocations: 182.501 MiB, 0.00% gc time)
      From worker 39:	3621.550728 seconds (4.83 M allocations: 187.997 MiB, 0.01% gc time, 0.01% compilation time)
      From worker 16:	3628.625566 seconds (4.69 M allocations: 184.915 MiB, 0.01% gc time, 0.00% compilation time)
      From worker 21:	3637.264677 seconds (4.77 M allocations: 188.246 MiB, 0.00% gc time, 0.01% compilation time)
      From worker 20:	3648.880294 seconds (4.76 M allocations: 187.876 MiB, 0.01% gc time, 0.00% compilation time)
      From worker 14:	3657.761845 seconds (4.63 M allocations: 181.047 MiB, 0.00% gc time)
      From worker 29:	3666.790350 seconds (4.75 M allocations: 187.824 MiB, 0.01% gc time, 0.01% compilation time)
      From worker 2:	3677.305449 seconds (4.81 M allocations: 190.130 MiB, 0.01% gc time, 0.01% compilation time)
      From worker 24:	3688.434415 seconds (4.85 M allocations: 191.933 MiB, 0.01% gc time, 0.01% compilation time)
      From worker 38:	3729.670203 seconds (4.82 M allocations: 187.758 MiB, 0.01% gc time, 0.01% compilation time)
      From worker 41:	3737.424300 seconds (4.86 M allocations: 187.529 MiB, 0.00% gc time)
      From worker 10:	3764.702264 seconds (4.87 M allocations: 191.958 MiB, 0.00% gc time, 0.01% compilation time)
      From worker 30:	3769.588132 seconds (4.85 M allocations: 191.862 MiB, 0.01% gc time, 0.01% compilation time)
      From worker 9:	3778.581634 seconds (4.74 M allocations: 185.564 MiB, 0.00% gc time)
      From worker 3:	3815.669109 seconds (4.70 M allocations: 184.033 MiB, 0.00% gc time)
      From worker 35:	3820.994905 seconds (5.03 M allocations: 195.569 MiB, 0.00% gc time, 0.01% compilation time)
      From worker 23:	3822.575819 seconds (4.83 M allocations: 191.123 MiB, 0.01% gc time, 0.01% compilation time)
      From worker 40:	3836.221543 seconds (4.95 M allocations: 192.954 MiB, 0.01% gc time, 0.01% compilation time)
      From worker 5:	3845.998214 seconds (4.79 M allocations: 188.859 MiB, 0.00% gc time, 0.00% compilation time)
      From worker 18:	3907.766162 seconds (4.74 M allocations: 185.453 MiB, 0.00% gc time)
┌ LogLevel(-2): 9%, Active workers: 40, Completed tasks: 36.
└ @ Main /home/vemundlu/FiberBundle/dataGenerator.jl:103
      From worker 7:	3932.020718 seconds (4.84 M allocations: 191.222 MiB, 0.01% gc time, 0.01% compilation time)
      From worker 6:	3986.138393 seconds (4.74 M allocations: 185.583 MiB, 0.00% gc time)
      From worker 26:	4023.206557 seconds (4.89 M allocations: 192.939 MiB, 0.00% gc time, 0.01% compilation time)
      From worker 12:	4027.250915 seconds (4.89 M allocations: 192.797 MiB, 0.01% gc time, 0.00% compilation time)
┌ LogLevel(-2): 10%, Active workers: 40, Completed tasks: 40.
└ @ Main /home/vemundlu/FiberBundle/dataGenerator.jl:103
┌ LogLevel(-2): 11%, Active workers: 40, Completed tasks: 40.
└ @ Main /home/vemundlu/FiberBundle/dataGenerator.jl:103
┌ LogLevel(-2): 12%, Active workers: 40, Completed tasks: 40.
└ @ Main /home/vemundlu/FiberBundle/dataGenerator.jl:103
┌ LogLevel(-2): 13%, Active workers: 40, Completed tasks: 40.
└ @ Main /home/vemundlu/FiberBundle/dataGenerator.jl:103
┌ LogLevel(-2): 14%, Active workers: 40, Completed tasks: 40.
└ @ Main /home/vemundlu/FiberBundle/dataGenerator.jl:103
┌ LogLevel(-2): 15%, Active workers: 40, Completed tasks: 40.
└ @ Main /home/vemundlu/FiberBundle/dataGenerator.jl:103
      From worker 37:	3339.806000 seconds (4.57 M allocations: 176.558 MiB, 0.00% gc time)
      From worker 34:	3606.452515 seconds (4.79 M allocations: 186.523 MiB, 0.01% gc time, 0.01% compilation time)
      From worker 25:	3655.391468 seconds (4.79 M allocations: 189.554 MiB, 0.01% gc time, 0.01% compilation time)
      From worker 8:	3582.242911 seconds (4.63 M allocations: 180.974 MiB, 0.00% gc time)
      From worker 14:	3406.873373 seconds (4.61 M allocations: 181.807 MiB, 0.01% gc time, 0.01% compilation time)
      From worker 36:	3469.705568 seconds (4.68 M allocations: 180.560 MiB, 0.00% gc time)
      From worker 15:	3511.345639 seconds (4.62 M allocations: 180.772 MiB, 0.00% gc time)
      From worker 31:	3529.087265 seconds (4.72 M allocations: 186.216 MiB, 0.01% gc time, 0.01% compilation time)
      From worker 32:	3665.568388 seconds (4.71 M allocations: 184.171 MiB, 0.00% gc time)
      From worker 40:	3314.102701 seconds (4.62 M allocations: 178.385 MiB, 0.00% gc time)
┌ LogLevel(-2): 16%, Active workers: 40, Completed tasks: 50.
└ @ Main /home/vemundlu/FiberBundle/dataGenerator.jl:103
      From worker 18:	3265.037659 seconds (4.57 M allocations: 180.914 MiB, 0.01% gc time, 0.01% compilation time)
      From worker 11:	3575.834450 seconds (4.76 M allocations: 187.933 MiB, 0.00% gc time, 0.01% compilation time)
      From worker 27:	3642.478030 seconds (4.74 M allocations: 186.898 MiB, 0.01% gc time, 0.01% compilation time)
      From worker 22:	3703.601727 seconds (4.81 M allocations: 189.803 MiB, 0.02% gc time, 0.01% compilation time)
      From worker 2:	3535.481357 seconds (4.58 M allocations: 179.238 MiB, 0.00% gc time)
      From worker 16:	3600.045856 seconds (4.61 M allocations: 180.239 MiB, 0.01% gc time)
      From worker 13:	3688.104153 seconds (4.86 M allocations: 191.972 MiB, 0.01% gc time, 0.01% compilation time)
      From worker 19:	3683.967366 seconds (4.72 M allocations: 184.838 MiB, 0.01% gc time)
      From worker 33:	3679.468380 seconds (4.86 M allocations: 187.413 MiB, 0.00% gc time)
      From worker 38:	3543.401960 seconds (4.71 M allocations: 181.670 MiB, 0.01% gc time)
      From worker 10:	3531.557671 seconds (4.62 M allocations: 180.580 MiB, 0.01% gc time)
      From worker 39:	3704.350759 seconds (4.80 M allocations: 185.177 MiB, 0.00% gc time)
      From worker 17:	3735.980861 seconds (4.84 M allocations: 190.890 MiB, 0.01% gc time, 0.01% compilation time)
      From worker 41:	3627.006802 seconds (4.86 M allocations: 189.005 MiB, 0.01% gc time, 0.00% compilation time)
      From worker 4:	3808.301380 seconds (4.87 M allocations: 190.453 MiB, 0.00% gc time)
      From worker 30:	3617.839464 seconds (4.66 M allocations: 182.283 MiB, 0.00% gc time)
      From worker 28:	3779.107159 seconds (4.86 M allocations: 191.830 MiB, 0.00% gc time, 0.01% compilation time)
      From worker 9:	3621.767513 seconds (4.79 M allocations: 189.071 MiB, 0.00% gc time, 0.01% compilation time)
      From worker 7:	3483.827404 seconds (4.58 M allocations: 179.304 MiB)
      From worker 12:	3391.908369 seconds (4.62 M allocations: 180.793 MiB, 0.01% gc time)
      From worker 24:	3739.144822 seconds (4.74 M allocations: 185.612 MiB, 0.00% gc time)
      From worker 5:	3599.733842 seconds (4.66 M allocations: 182.294 MiB, 0.02% gc time)
      From worker 29:	3785.518248 seconds (4.71 M allocations: 184.388 MiB, 0.00% gc time)
      From worker 21:	3827.273548 seconds (4.74 M allocations: 185.322 MiB, 0.01% gc time)
      From worker 20:	3831.634245 seconds (4.74 M allocations: 185.317 MiB, 0.01% gc time)
      From worker 23:	3703.520686 seconds (4.72 M allocations: 184.540 MiB, 0.00% gc time)
┌ LogLevel(-2): 17%, Active workers: 40, Completed tasks: 76.
└ @ Main /home/vemundlu/FiberBundle/dataGenerator.jl:103
      From worker 6:	3580.412390 seconds (4.66 M allocations: 182.200 MiB, 0.00% gc time)
      From worker 35:	3795.833733 seconds (4.86 M allocations: 187.645 MiB, 0.01% gc time)
      From worker 3:	3865.139609 seconds (4.77 M allocations: 186.441 MiB, 0.00% gc time)
┌ LogLevel(-2): 18%, Active workers: 40, Completed tasks: 79.
└ @ Main /home/vemundlu/FiberBundle/dataGenerator.jl:103
      From worker 26:	3942.157524 seconds (4.69 M allocations: 183.576 MiB, 0.01% gc time)
┌ LogLevel(-2): 19%, Active workers: 40, Completed tasks: 80.
└ @ Main /home/vemundlu/FiberBundle/dataGenerator.jl:103
┌ LogLevel(-2): 20%, Active workers: 40, Completed tasks: 80.
└ @ Main /home/vemundlu/FiberBundle/dataGenerator.jl:103
┌ LogLevel(-2): 21%, Active workers: 40, Completed tasks: 80.
└ @ Main /home/vemundlu/FiberBundle/dataGenerator.jl:103
┌ LogLevel(-2): 22%, Active workers: 40, Completed tasks: 80.
└ @ Main /home/vemundlu/FiberBundle/dataGenerator.jl:103
┌ LogLevel(-2): 23%, Active workers: 40, Completed tasks: 80.
└ @ Main /home/vemundlu/FiberBundle/dataGenerator.jl:103
      From worker 14:	3415.242582 seconds (4.53 M allocations: 177.382 MiB, 0.01% gc time)
      From worker 15:	3386.650591 seconds (4.49 M allocations: 175.557 MiB, 0.00% gc time)
      From worker 37:	3671.515902 seconds (4.79 M allocations: 184.860 MiB, 0.00% gc time)
      From worker 25:	3618.752593 seconds (4.74 M allocations: 185.247 MiB, 0.01% gc time)
      From worker 36:	3591.470709 seconds (4.72 M allocations: 182.262 MiB, 0.00% gc time)
      From worker 38:	3404.792564 seconds (4.60 M allocations: 177.407 MiB, 0.01% gc time)
      From worker 31:	3583.223073 seconds (4.56 M allocations: 178.555 MiB, 0.00% gc time)
      From worker 32:	3566.499152 seconds (4.68 M allocations: 183.122 MiB, 0.00% gc time)
      From worker 2:	3501.211846 seconds (4.61 M allocations: 180.465 MiB, 0.00% gc time)
      From worker 34:	3689.425483 seconds (4.78 M allocations: 184.357 MiB, 0.01% gc time)
      From worker 8:	3694.465671 seconds (4.77 M allocations: 188.769 MiB, 0.01% gc time, 0.01% compilation time)
┌ LogLevel(-2): 24%, Active workers: 40, Completed tasks: 91.
└ @ Main /home/vemundlu/FiberBundle/dataGenerator.jl:103
      From worker 18:	3667.365883 seconds (4.71 M allocations: 184.332 MiB, 0.01% gc time)
      From worker 40:	3705.300728 seconds (4.88 M allocations: 188.407 MiB, 0.00% gc time)
      From worker 20:	3379.300281 seconds (4.58 M allocations: 179.217 MiB, 0.00% gc time)
      From worker 13:	3636.115891 seconds (4.63 M allocations: 181.073 MiB, 0.01% gc time)
      From worker 21:	3431.708677 seconds (4.57 M allocations: 178.963 MiB, 0.00% gc time)
      From worker 39:	3579.566032 seconds (4.76 M allocations: 183.777 MiB, 0.01% gc time)
      From worker 29:	3454.298675 seconds (4.64 M allocations: 181.468 MiB, 0.00% gc time)
      From worker 27:	3739.208907 seconds (4.75 M allocations: 185.641 MiB, 0.00% gc time)
      From worker 11:	3776.238168 seconds (4.75 M allocations: 185.973 MiB, 0.01% gc time)
      From worker 12:	3541.074676 seconds (4.63 M allocations: 181.315 MiB, 0.01% gc time)
      From worker 41:	3596.796282 seconds (4.80 M allocations: 185.371 MiB, 0.01% gc time)
      From worker 23:	3436.410829 seconds (4.62 M allocations: 180.936 MiB, 0.00% gc time)
      From worker 9:	3562.148751 seconds (4.63 M allocations: 181.224 MiB, 0.01% gc time)
      From worker 19:	3706.486651 seconds (4.75 M allocations: 185.809 MiB, 0.00% gc time)
      From worker 5:	3522.390589 seconds (4.59 M allocations: 179.467 MiB, 0.00% gc time)
      From worker 28:	3581.980389 seconds (4.57 M allocations: 178.723 MiB, 0.01% gc time)
      From worker 22:	3772.179946 seconds (4.80 M allocations: 187.927 MiB, 0.00% gc time)
      From worker 16:	3757.679276 seconds (4.79 M allocations: 187.310 MiB, 0.01% gc time)
      From worker 33:	3719.130848 seconds (4.82 M allocations: 185.949 MiB, 0.00% gc time)
      From worker 4:	3624.676152 seconds (4.72 M allocations: 184.744 MiB, 0.00% gc time)
      From worker 24:	3589.155436 seconds (4.68 M allocations: 183.159 MiB, 0.00% gc time)
      From worker 10:	3723.334511 seconds (4.74 M allocations: 185.336 MiB)
      From worker 35:	3484.432406 seconds (4.80 M allocations: 185.346 MiB, 0.00% gc time)
┌ LogLevel(-2): 25%, Active workers: 40, Completed tasks: 114.
└ @ Main /home/vemundlu/FiberBundle/dataGenerator.jl:103
      From worker 6:	3600.460989 seconds (4.77 M allocations: 188.555 MiB, 0.01% gc time, 0.01% compilation time)
      From worker 30:	3812.592824 seconds (4.73 M allocations: 185.091 MiB, 0.00% gc time)
      From worker 17:	3882.555607 seconds (4.82 M allocations: 188.385 MiB, 0.01% gc time)
      From worker 7:	3892.591069 seconds (4.77 M allocations: 186.802 MiB, 0.01% gc time)
      From worker 3:	3699.324859 seconds (4.85 M allocations: 191.688 MiB, 0.01% gc time, 0.01% compilation time)
      From worker 26:	3493.447820 seconds (4.64 M allocations: 181.524 MiB)
┌ LogLevel(-2): 26%, Active workers: 40, Completed tasks: 120.
└ @ Main /home/vemundlu/FiberBundle/dataGenerator.jl:103
┌ LogLevel(-2): 27%, Active workers: 40, Completed tasks: 120.
└ @ Main /home/vemundlu/FiberBundle/dataGenerator.jl:103
┌ LogLevel(-2): 28%, Active workers: 40, Completed tasks: 120.
└ @ Main /home/vemundlu/FiberBundle/dataGenerator.jl:103
┌ LogLevel(-2): 29%, Active workers: 40, Completed tasks: 120.
└ @ Main /home/vemundlu/FiberBundle/dataGenerator.jl:103
┌ LogLevel(-2): 30%, Active workers: 40, Completed tasks: 120.
└ @ Main /home/vemundlu/FiberBundle/dataGenerator.jl:103
┌ LogLevel(-2): 31%, Active workers: 40, Completed tasks: 120.
└ @ Main /home/vemundlu/FiberBundle/dataGenerator.jl:103
      From worker 15:	3547.273654 seconds (4.61 M allocations: 180.494 MiB, 0.01% gc time)
      From worker 14:	3602.340522 seconds (4.61 M allocations: 180.462 MiB, 0.01% gc time)
      From worker 18:	3354.830213 seconds (4.53 M allocations: 177.083 MiB, 0.00% gc time)
      From worker 37:	3581.719879 seconds (4.77 M allocations: 184.155 MiB, 0.00% gc time)
      From worker 32:	3524.704885 seconds (4.56 M allocations: 178.553 MiB, 0.00% gc time)
      From worker 38:	3567.388421 seconds (4.78 M allocations: 184.368 MiB, 0.01% gc time)
      From worker 8:	3516.336997 seconds (4.59 M allocations: 179.630 MiB, 0.00% gc time)
      From worker 31:	3558.794950 seconds (4.66 M allocations: 182.122 MiB, 0.01% gc time)
      From worker 2:	3561.337550 seconds (4.60 M allocations: 180.152 MiB, 0.01% gc time)
      From worker 25:	3633.884410 seconds (4.72 M allocations: 184.534 MiB, 0.00% gc time)
      From worker 34:	3583.638656 seconds (4.72 M allocations: 182.236 MiB, 0.01% gc time)
┌ LogLevel(-2): 32%, Active workers: 40, Completed tasks: 131.
└ @ Main /home/vemundlu/FiberBundle/dataGenerator.jl:103
      From worker 33:	3388.348749 seconds (4.63 M allocations: 178.830 MiB, 0.01% gc time)
      From worker 40:	3527.433640 seconds (4.75 M allocations: 183.514 MiB, 0.00% gc time)
      From worker 29:	3489.429570 seconds (4.58 M allocations: 179.086 MiB, 0.00% gc time)
      From worker 36:	3740.226617 seconds (4.86 M allocations: 187.408 MiB, 0.00% gc time)
      From worker 39:	3552.270960 seconds (4.81 M allocations: 185.471 MiB, 0.00% gc time)
      From worker 27:	3563.131817 seconds (4.60 M allocations: 180.105 MiB, 0.00% gc time)
      From worker 19:	3565.153769 seconds (4.66 M allocations: 182.254 MiB, 0.01% gc time)
      From worker 5:	3583.158674 seconds (4.62 M allocations: 180.747 MiB, 0.00% gc time)
      From worker 12:	3591.848600 seconds (4.65 M allocations: 181.947 MiB, 0.01% gc time)
      From worker 4:	3557.935489 seconds (4.65 M allocations: 182.027 MiB, 0.00% gc time)
      From worker 21:	3671.926260 seconds (4.75 M allocations: 185.962 MiB, 0.01% gc time)
      From worker 13:	3698.251115 seconds (4.73 M allocations: 184.857 MiB, 0.01% gc time)
      From worker 11:	3616.542026 seconds (4.67 M allocations: 182.885 MiB, 0.00% gc time)
      From worker 23:	3651.615308 seconds (4.67 M allocations: 182.546 MiB, 0.00% gc time)
      From worker 22:	3642.889740 seconds (4.65 M allocations: 181.979 MiB, 0.00% gc time)
      From worker 20:	3778.616993 seconds (4.71 M allocations: 184.132 MiB, 0.01% gc time)
      From worker 9:	3707.736607 seconds (4.67 M allocations: 182.637 MiB, 0.01% gc time)
      From worker 10:	3662.989097 seconds (4.72 M allocations: 184.701 MiB, 0.00% gc time)
      From worker 28:	3723.743861 seconds (4.72 M allocations: 184.481 MiB, 0.01% gc time)
      From worker 41:	3742.129370 seconds (4.88 M allocations: 188.201 MiB, 0.01% gc time)
      From worker 24:	3691.734990 seconds (4.73 M allocations: 184.878 MiB, 0.01% gc time)
┌ LogLevel(-2): 33%, Active workers: 40, Completed tasks: 152.
└ @ Main /home/vemundlu/FiberBundle/dataGenerator.jl:103
      From worker 7:	3417.038490 seconds (4.60 M allocations: 179.773 MiB, 0.01% gc time)
      From worker 16:	3742.139657 seconds (4.81 M allocations: 188.247 MiB, 0.00% gc time)
      From worker 3:	3439.828192 seconds (4.60 M allocations: 180.033 MiB, 0.00% gc time)
      From worker 17:	3623.695233 seconds (4.71 M allocations: 184.098 MiB, 0.01% gc time)
      From worker 6:	3707.320184 seconds (4.70 M allocations: 183.704 MiB, 0.01% gc time)
      From worker 30:	3732.614404 seconds (4.66 M allocations: 182.192 MiB, 0.01% gc time)
      From worker 26:	3475.110205 seconds (4.57 M allocations: 178.685 MiB, 0.00% gc time)
      From worker 35:	3835.775912 seconds (4.86 M allocations: 187.516 MiB, 0.01% gc time)
┌ LogLevel(-2): 34%, Active workers: 40, Completed tasks: 160.
└ @ Main /home/vemundlu/FiberBundle/dataGenerator.jl:103
┌ LogLevel(-2): 35%, Active workers: 40, Completed tasks: 160.
└ @ Main /home/vemundlu/FiberBundle/dataGenerator.jl:103
┌ LogLevel(-2): 36%, Active workers: 40, Completed tasks: 160.
└ @ Main /home/vemundlu/FiberBundle/dataGenerator.jl:103
┌ LogLevel(-2): 37%, Active workers: 40, Completed tasks: 160.
└ @ Main /home/vemundlu/FiberBundle/dataGenerator.jl:103
┌ LogLevel(-2): 38%, Active workers: 40, Completed tasks: 160.
└ @ Main /home/vemundlu/FiberBundle/dataGenerator.jl:103
┌ LogLevel(-2): 39%, Active workers: 40, Completed tasks: 160.
└ @ Main /home/vemundlu/FiberBundle/dataGenerator.jl:103
      From worker 15:	3637.916047 seconds (4.71 M allocations: 184.350 MiB, 0.00% gc time)
      From worker 14:	3605.883659 seconds (4.69 M allocations: 183.327 MiB, 0.01% gc time)
      From worker 38:	3503.934738 seconds (4.67 M allocations: 180.187 MiB, 0.00% gc time)
      From worker 8:	3507.903203 seconds (4.63 M allocations: 181.054 MiB, 0.00% gc time)
      From worker 25:	3481.442083 seconds (4.62 M allocations: 180.878 MiB, 0.00% gc time)
      From worker 19:	3297.715453 seconds (4.47 M allocations: 174.985 MiB, 0.00% gc time)
      From worker 29:	3445.005089 seconds (4.60 M allocations: 180.076 MiB, 0.00% gc time)
      From worker 32:	3621.318534 seconds (4.69 M allocations: 183.337 MiB, 0.01% gc time)
      From worker 39:	3391.437553 seconds (4.70 M allocations: 181.292 MiB, 0.01% gc time)
      From worker 37:	3641.791171 seconds (4.96 M allocations: 193.659 MiB, 0.01% gc time, 0.01% compilation time)
      From worker 31:	3602.996539 seconds (4.69 M allocations: 183.300 MiB, 0.00% gc time)
      From worker 21:	3324.706989 seconds (4.52 M allocations: 176.999 MiB, 0.01% gc time)
      From worker 2:	3633.180978 seconds (4.76 M allocations: 186.257 MiB, 0.00% gc time)
      From worker 34:	3634.413322 seconds (4.86 M allocations: 187.477 MiB, 0.01% gc time)
      From worker 33:	3554.945068 seconds (4.77 M allocations: 184.255 MiB, 0.00% gc time)
      From worker 13:	3371.911440 seconds (4.55 M allocations: 177.934 MiB, 0.00% gc time)
      From worker 18:	3759.884301 seconds (4.88 M allocations: 190.937 MiB, 0.00% gc time)
┌ LogLevel(-2): 40%, Active workers: 23, Completed tasks: 177.
└ @ Main /home/vemundlu/FiberBundle/dataGenerator.jl:103
      From worker 23:	3373.690666 seconds (4.58 M allocations: 179.200 MiB, 0.01% gc time)
      From worker 36:	3593.629494 seconds (4.85 M allocations: 187.035 MiB, 0.00% gc time)
      From worker 12:	3454.014680 seconds (4.66 M allocations: 182.412 MiB, 0.01% gc time)
      From worker 40:	3624.788848 seconds (4.88 M allocations: 188.288 MiB, 0.00% gc time)
      From worker 11:	3434.613136 seconds (4.69 M allocations: 183.417 MiB, 0.01% gc time)
      From worker 27:	3526.456286 seconds (4.72 M allocations: 184.698 MiB, 0.00% gc time)
      From worker 20:	3399.773294 seconds (4.67 M allocations: 182.681 MiB, 0.01% gc time)
      From worker 24:	3337.619415 seconds (4.65 M allocations: 181.862 MiB, 0.01% gc time)
      From worker 28:	3357.131981 seconds (4.59 M allocations: 179.509 MiB, 0.00% gc time)
      From worker 4:	3492.329068 seconds (4.68 M allocations: 183.064 MiB, 0.00% gc time)
      From worker 16:	3343.678944 seconds (4.64 M allocations: 181.449 MiB, 0.01% gc time)
      From worker 9:	3405.211098 seconds (4.70 M allocations: 183.825 MiB, 0.00% gc time)
      From worker 17:	3230.729026 seconds (4.62 M allocations: 180.887 MiB, 0.01% gc time)
      From worker 6:	3204.793008 seconds (4.56 M allocations: 178.535 MiB, 0.00% gc time)
      From worker 22:	3463.222631 seconds (4.77 M allocations: 186.475 MiB, 0.00% gc time)
      From worker 35:	3157.023939 seconds (4.76 M allocations: 183.586 MiB, 0.00% gc time)
      From worker 30:	3172.310269 seconds (4.62 M allocations: 180.664 MiB, 0.00% gc time)
      From worker 7:	3379.451760 seconds (4.68 M allocations: 183.283 MiB, 0.01% gc time)
      From worker 41:	3401.255670 seconds (4.81 M allocations: 185.796 MiB, 0.01% gc time)
      From worker 10:	3421.259578 seconds (4.72 M allocations: 184.486 MiB, 0.01% gc time)
      From worker 3:	3301.062833 seconds (4.71 M allocations: 184.193 MiB, 0.00% gc time)
      From worker 26:	3195.525545 seconds (4.75 M allocations: 186.006 MiB, 0.01% gc time)
      From worker 5:	3582.437790 seconds (4.80 M allocations: 187.605 MiB, 0.00% gc time)
┌ LogLevel(-2): 100%, Active workers: 0, Completed tasks: 200.
└ @ Main /home/vemundlu/FiberBundle/dataGenerator.jl:106
┌ LogLevel(-2): Done!
└ @ Main /home/vemundlu/FiberBundle/dataGenerator.jl:152
┌ LogLevel(-2): Calculating averages... 
└ @ Main /home/vemundlu/FiberBundle/dataGenerator.jl:155
┌ LogLevel(-2): Done!
└ @ Main /home/vemundlu/FiberBundle/dataGenerator.jl:157
┌ LogLevel(-2): Starting a=2.0 dist=Uniform L=512 nr=SNR t=0.1
└ @ Main /home/vemundlu/FiberBundle/dataGenerator.jl:168
┌ LogLevel(-2): Searching for loose files... 
└ @ Main /home/vemundlu/FiberBundle/support/dataManager.jl:248
┌ LogLevel(-2): Done!
└ @ Main /home/vemundlu/FiberBundle/support/dataManager.jl:267
┌ LogLevel(-2): Running workers...
└ @ Main /home/vemundlu/FiberBundle/dataGenerator.jl:150
┌ LogLevel(-2): Starting work on a=2.0 dist=Uniform L=512 nr=SNR t=0.1
└ @ Main /home/vemundlu/FiberBundle/dataGenerator.jl:91
┌ LogLevel(-2): 0%, Active workers: 40, Completed tasks: 0.
└ @ Main /home/vemundlu/FiberBundle/dataGenerator.jl:103
┌ LogLevel(-2): 1%, Active workers: 40, Completed tasks: 0.
└ @ Main /home/vemundlu/FiberBundle/dataGenerator.jl:103
┌ LogLevel(-2): 2%, Active workers: 40, Completed tasks: 0.
└ @ Main /home/vemundlu/FiberBundle/dataGenerator.jl:103
┌ LogLevel(-2): 3%, Active workers: 40, Completed tasks: 0.
└ @ Main /home/vemundlu/FiberBundle/dataGenerator.jl:103
┌ LogLevel(-2): 4%, Active workers: 40, Completed tasks: 0.
└ @ Main /home/vemundlu/FiberBundle/dataGenerator.jl:103
      From worker 33:	3508.514843 seconds (2.97 M allocations: 114.472 MiB, 0.00% gc time)
┌ LogLevel(-2): 5%, Active workers: 40, Completed tasks: 1.
└ @ Main /home/vemundlu/FiberBundle/dataGenerator.jl:103
      From worker 28:	3696.329323 seconds (2.96 M allocations: 115.686 MiB)
      From worker 39:	3962.461744 seconds (3.23 M allocations: 124.851 MiB, 0.00% gc time)
      From worker 22:	4014.791478 seconds (3.29 M allocations: 128.858 MiB, 0.00% gc time)
      From worker 13:	4042.591952 seconds (3.24 M allocations: 126.815 MiB, 0.00% gc time)
      From worker 23:	4054.536496 seconds (3.32 M allocations: 129.932 MiB, 0.00% gc time)
      From worker 4:	4095.817513 seconds (3.27 M allocations: 128.015 MiB, 0.01% gc time)
      From worker 18:	4144.781272 seconds (3.41 M allocations: 133.503 MiB, 0.01% gc time)
      From worker 29:	4266.637527 seconds (3.45 M allocations: 134.812 MiB, 0.00% gc time)
      From worker 38:	4271.755273 seconds (3.48 M allocations: 134.420 MiB)
┌ LogLevel(-2): 6%, Active workers: 40, Completed tasks: 10.
└ @ Main /home/vemundlu/FiberBundle/dataGenerator.jl:103
      From worker 34:	4503.732652 seconds (3.66 M allocations: 141.411 MiB, 0.00% gc time)
      From worker 11:	4650.607540 seconds (3.62 M allocations: 141.808 MiB, 0.00% gc time)
      From worker 10:	4758.671407 seconds (3.83 M allocations: 149.770 MiB, 0.00% gc time)
      From worker 19:	4768.686129 seconds (3.78 M allocations: 147.789 MiB, 0.00% gc time)
      From worker 17:	4770.369333 seconds (3.70 M allocations: 144.738 MiB, 0.00% gc time)
      From worker 37:	4796.646825 seconds (3.80 M allocations: 146.505 MiB, 0.01% gc time)
      From worker 21:	4814.726729 seconds (3.66 M allocations: 143.351 MiB, 0.00% gc time)
      From worker 36:	4897.907287 seconds (3.98 M allocations: 153.493 MiB, 0.00% gc time)
      From worker 3:	4982.697384 seconds (3.99 M allocations: 155.981 MiB)
      From worker 26:	4988.671972 seconds (3.80 M allocations: 148.546 MiB, 0.00% gc time)
┌ LogLevel(-2): 7%, Active workers: 40, Completed tasks: 20.
└ @ Main /home/vemundlu/FiberBundle/dataGenerator.jl:103
      From worker 40:	5009.347177 seconds (3.94 M allocations: 152.039 MiB)
      From worker 27:	5063.225132 seconds (3.93 M allocations: 153.794 MiB, 0.00% gc time)
      From worker 14:	5154.540104 seconds (3.95 M allocations: 154.645 MiB, 0.00% gc time)
      From worker 12:	5256.884291 seconds (4.00 M allocations: 156.563 MiB, 0.00% gc time)
      From worker 7:	5267.118234 seconds (4.12 M allocations: 161.033 MiB, 0.00% gc time)
      From worker 30:	5295.539173 seconds (4.01 M allocations: 156.780 MiB, 0.00% gc time)
      From worker 20:	5389.509827 seconds (4.11 M allocations: 160.934 MiB, 0.01% gc time)
      From worker 25:	5493.271482 seconds (4.23 M allocations: 165.488 MiB, 0.00% gc time)
      From worker 24:	5524.629608 seconds (4.23 M allocations: 165.586 MiB, 0.00% gc time)
      From worker 5:	5537.057188 seconds (4.38 M allocations: 171.425 MiB, 0.00% gc time)
      From worker 15:	5548.318221 seconds (4.31 M allocations: 168.564 MiB, 0.01% gc time)
      From worker 32:	5599.317371 seconds (4.29 M allocations: 167.862 MiB, 0.00% gc time)
      From worker 41:	5627.819256 seconds (4.37 M allocations: 168.764 MiB, 0.01% gc time)
┌ LogLevel(-2): 8%, Active workers: 40, Completed tasks: 33.
└ @ Main /home/vemundlu/FiberBundle/dataGenerator.jl:103
      From worker 35:	5709.198055 seconds (4.44 M allocations: 171.266 MiB, 0.01% gc time)
      From worker 9:	6144.151668 seconds (4.74 M allocations: 185.570 MiB)
      From worker 2:	6181.596770 seconds (4.73 M allocations: 185.045 MiB, 0.00% gc time)
      From worker 8:	6315.069945 seconds (4.71 M allocations: 184.381 MiB, 0.00% gc time)
┌ LogLevel(-2): 9%, Active workers: 40, Completed tasks: 37.
└ @ Main /home/vemundlu/FiberBundle/dataGenerator.jl:103
      From worker 31:	6539.650430 seconds (4.83 M allocations: 189.085 MiB, 0.00% gc time)
┌ LogLevel(-2): 10%, Active workers: 40, Completed tasks: 38.
└ @ Main /home/vemundlu/FiberBundle/dataGenerator.jl:103
      From worker 16:	7250.696590 seconds (5.31 M allocations: 207.918 MiB, 0.00% gc time)
      From worker 13:	3485.446943 seconds (3.01 M allocations: 117.699 MiB, 0.01% gc time)
      From worker 6:	7882.049935 seconds (5.68 M allocations: 222.090 MiB, 0.00% gc time)
      From worker 38:	3616.695779 seconds (3.02 M allocations: 116.538 MiB, 0.00% gc time)
┌ LogLevel(-2): 11%, Active workers: 40, Completed tasks: 42.
└ @ Main /home/vemundlu/FiberBundle/dataGenerator.jl:103
      From worker 23:	4115.406033 seconds (3.35 M allocations: 131.150 MiB)
      From worker 14:	3369.764051 seconds (2.84 M allocations: 110.919 MiB)
      From worker 39:	4658.684596 seconds (3.72 M allocations: 143.397 MiB)
┌ LogLevel(-2): 12%, Active workers: 40, Completed tasks: 45.
└ @ Main /home/vemundlu/FiberBundle/dataGenerator.jl:103
      From worker 33:	5177.068074 seconds (4.23 M allocations: 163.128 MiB, 0.01% gc time)
      From worker 28:	5357.244374 seconds (4.06 M allocations: 158.878 MiB, 0.01% gc time)
      From worker 22:	5180.821181 seconds (4.03 M allocations: 157.498 MiB, 0.00% gc time)
      From worker 40:	4414.718956 seconds (3.58 M allocations: 138.228 MiB, 0.01% gc time)
      From worker 3:	4445.345841 seconds (3.56 M allocations: 139.312 MiB, 0.01% gc time)
┌ LogLevel(-2): 13%, Active workers: 40, Completed tasks: 50.
└ @ Main /home/vemundlu/FiberBundle/dataGenerator.jl:103
      From worker 29:	5317.665619 seconds (4.36 M allocations: 170.674 MiB, 0.00% gc time)
      From worker 7:	4553.487262 seconds (3.61 M allocations: 141.405 MiB)
      From worker 15:	4426.396085 seconds (3.51 M allocations: 137.234 MiB, 0.01% gc time)
      From worker 10:	5233.240254 seconds (4.35 M allocations: 170.010 MiB, 0.00% gc time)
      From worker 18:	5897.861984 seconds (4.50 M allocations: 175.889 MiB, 0.00% gc time)
      From worker 17:	5351.258503 seconds (4.17 M allocations: 163.179 MiB, 0.00% gc time)
      From worker 37:	5362.894742 seconds (4.47 M allocations: 172.668 MiB, 0.00% gc time)
┌ LogLevel(-2): 14%, Active workers: 40, Completed tasks: 57.
└ @ Main /home/vemundlu/FiberBundle/dataGenerator.jl:103
      From worker 32:	4600.923660 seconds (3.69 M allocations: 144.519 MiB, 0.01% gc time)
      From worker 26:	5224.889590 seconds (4.21 M allocations: 164.552 MiB, 0.00% gc time)
      From worker 4:	6145.183295 seconds (4.92 M allocations: 192.440 MiB, 0.00% gc time)
      From worker 24:	4749.022409 seconds (3.72 M allocations: 145.375 MiB, 0.00% gc time)
      From worker 27:	5303.399925 seconds (4.22 M allocations: 165.076 MiB, 0.00% gc time)
      From worker 12:	5116.399881 seconds (3.98 M allocations: 155.731 MiB, 0.01% gc time)
      From worker 19:	5605.860628 seconds (4.36 M allocations: 170.767 MiB, 0.00% gc time)
      From worker 9:	4400.272563 seconds (3.53 M allocations: 137.989 MiB, 0.00% gc time)
      From worker 8:	4361.121924 seconds (3.56 M allocations: 139.426 MiB)
      From worker 20:	5291.423456 seconds (4.08 M allocations: 159.511 MiB, 0.00% gc time)
      From worker 21:	5914.945076 seconds (4.59 M allocations: 179.521 MiB, 0.00% gc time)
      From worker 35:	5055.462478 seconds (4.16 M allocations: 160.440 MiB, 0.00% gc time)
┌ LogLevel(-2): 15%, Active workers: 40, Completed tasks: 69.
└ @ Main /home/vemundlu/FiberBundle/dataGenerator.jl:103
      From worker 36:	5960.936168 seconds (4.64 M allocations: 179.069 MiB, 0.00% gc time)
      From worker 2:	4822.123934 seconds (3.76 M allocations: 146.909 MiB)
      From worker 25:	5529.093663 seconds (4.32 M allocations: 169.178 MiB, 0.00% gc time)
      From worker 5:	5530.919832 seconds (4.40 M allocations: 172.278 MiB, 0.00% gc time)
      From worker 34:	6592.456256 seconds (4.88 M allocations: 188.531 MiB, 0.00% gc time)
      From worker 41:	5587.477043 seconds (4.37 M allocations: 168.595 MiB, 0.01% gc time)
      From worker 16:	3983.685065 seconds (3.27 M allocations: 127.769 MiB, 0.00% gc time)
      From worker 30:	6081.277638 seconds (4.66 M allocations: 182.462 MiB, 0.00% gc time)
      From worker 31:	4870.714359 seconds (3.97 M allocations: 155.216 MiB, 0.01% gc time)
      From worker 11:	6834.826757 seconds (4.99 M allocations: 195.135 MiB, 0.00% gc time)
┌ LogLevel(-2): 16%, Active workers: 40, Completed tasks: 79.
└ @ Main /home/vemundlu/FiberBundle/dataGenerator.jl:103
┌ LogLevel(-2): 17%, Active workers: 40, Completed tasks: 79.
└ @ Main /home/vemundlu/FiberBundle/dataGenerator.jl:103
      From worker 39:	4227.313354 seconds (3.52 M allocations: 136.008 MiB, 0.01% gc time)
┌ LogLevel(-2): 18%, Active workers: 40, Completed tasks: 80.
└ @ Main /home/vemundlu/FiberBundle/dataGenerator.jl:103
      From worker 6:	5236.396410 seconds (4.09 M allocations: 159.814 MiB, 0.00% gc time)
      From worker 15:	3201.935150 seconds (2.76 M allocations: 107.884 MiB, 0.00% gc time)
      From worker 23:	5082.948344 seconds (3.95 M allocations: 154.350 MiB, 0.00% gc time)
      From worker 14:	5005.341926 seconds (4.06 M allocations: 158.815 MiB, 0.00% gc time)
      From worker 29:	3999.172205 seconds (3.26 M allocations: 127.693 MiB, 0.01% gc time)
      From worker 27:	3352.543722 seconds (2.80 M allocations: 109.367 MiB, 0.00% gc time)
      From worker 3:	4391.109088 seconds (3.57 M allocations: 139.524 MiB, 0.00% gc time)
┌ LogLevel(-2): 19%, Active workers: 40, Completed tasks: 87.
└ @ Main /home/vemundlu/FiberBundle/dataGenerator.jl:103
      From worker 33:	5375.030877 seconds (4.18 M allocations: 161.301 MiB, 0.01% gc time)
      From worker 38:	6184.029342 seconds (4.84 M allocations: 186.708 MiB, 0.00% gc time)
      From worker 12:	3717.325470 seconds (3.09 M allocations: 120.790 MiB)
      From worker 13:	6698.278977 seconds (5.06 M allocations: 197.961 MiB, 0.00% gc time)
      From worker 7:	4559.046013 seconds (3.58 M allocations: 140.217 MiB, 0.00% gc time)
      From worker 40:	4959.320428 seconds (3.89 M allocations: 150.229 MiB, 0.01% gc time)
      From worker 21:	3804.509704 seconds (3.18 M allocations: 124.458 MiB)
┌ LogLevel(-2): 20%, Active workers: 40, Completed tasks: 94.
└ @ Main /home/vemundlu/FiberBundle/dataGenerator.jl:103
      From worker 22:	5372.789231 seconds (4.15 M allocations: 162.321 MiB)
      From worker 9:	4169.529218 seconds (3.28 M allocations: 128.504 MiB, 0.01% gc time)
      From worker 10:	4763.990532 seconds (3.75 M allocations: 146.539 MiB)
      From worker 26:	4648.462485 seconds (3.71 M allocations: 145.112 MiB, 0.00% gc time)
      From worker 25:	3851.318954 seconds (3.22 M allocations: 126.137 MiB, 0.00% gc time)
      From worker 32:	4694.069098 seconds (3.73 M allocations: 145.795 MiB, 0.00% gc time)
      From worker 41:	3838.593357 seconds (3.27 M allocations: 126.136 MiB, 0.00% gc time)
      From worker 35:	4373.723461 seconds (3.63 M allocations: 139.983 MiB, 0.00% gc time)
      From worker 28:	6206.434579 seconds (4.79 M allocations: 187.251 MiB, 0.00% gc time)
┌ LogLevel(-2): 21%, Active workers: 40, Completed tasks: 103.
└ @ Main /home/vemundlu/FiberBundle/dataGenerator.jl:103
      From worker 17:	5401.629825 seconds (4.07 M allocations: 159.261 MiB)
      From worker 20:	4849.906866 seconds (3.76 M allocations: 146.967 MiB, 0.00% gc time)
      From worker 34:	4569.172406 seconds (3.92 M allocations: 151.172 MiB, 0.00% gc time)
      From worker 24:	5396.490836 seconds (4.13 M allocations: 161.420 MiB, 0.00% gc time)
      From worker 8:	5196.374427 seconds (4.07 M allocations: 159.235 MiB, 0.01% gc time)
┌ LogLevel(-2): 22%, Active workers: 40, Completed tasks: 108.
└ @ Main /home/vemundlu/FiberBundle/dataGenerator.jl:103
      From worker 11:	4546.150362 seconds (3.69 M allocations: 144.453 MiB, 0.00% gc time)
      From worker 4:	5821.752328 seconds (4.42 M allocations: 173.034 MiB, 0.00% gc time)
      From worker 15:	2921.813163 seconds (2.56 M allocations: 100.324 MiB, 0.00% gc time)
      From worker 19:	5814.368068 seconds (4.46 M allocations: 174.592 MiB)
      From worker 16:	5012.738339 seconds (4.01 M allocations: 156.850 MiB, 0.00% gc time)
      From worker 30:	5199.972610 seconds (4.03 M allocations: 157.769 MiB, 0.00% gc time)
      From worker 31:	5168.942105 seconds (4.07 M allocations: 159.313 MiB, 0.00% gc time)
      From worker 5:	5561.092177 seconds (4.34 M allocations: 169.617 MiB, 0.00% gc time)
      From worker 2:	5624.177089 seconds (4.43 M allocations: 173.506 MiB, 0.00% gc time)
┌ LogLevel(-2): 23%, Active workers: 40, Completed tasks: 117.
└ @ Main /home/vemundlu/FiberBundle/dataGenerator.jl:103
      From worker 37:	6584.215671 seconds (5.17 M allocations: 199.489 MiB, 0.00% gc time)
      From worker 18:	6878.544755 seconds (5.14 M allocations: 201.135 MiB, 0.00% gc time)
      From worker 39:	4471.354222 seconds (3.63 M allocations: 140.133 MiB, 0.00% gc time)
      From worker 6:	4248.415711 seconds (3.55 M allocations: 138.818 MiB, 0.00% gc time)
┌ LogLevel(-2): 24%, Active workers: 40, Completed tasks: 121.
└ @ Main /home/vemundlu/FiberBundle/dataGenerator.jl:103
      From worker 36:	6965.107287 seconds (5.33 M allocations: 205.552 MiB, 0.00% gc time)
┌ LogLevel(-2): 25%, Active workers: 40, Completed tasks: 122.
└ @ Main /home/vemundlu/FiberBundle/dataGenerator.jl:103
      From worker 7:	4138.724693 seconds (3.30 M allocations: 129.235 MiB, 0.00% gc time)
      From worker 38:	4769.930112 seconds (3.78 M allocations: 146.068 MiB)
      From worker 3:	5131.018210 seconds (4.06 M allocations: 158.640 MiB, 0.00% gc time)
      From worker 40:	4574.406279 seconds (3.69 M allocations: 142.511 MiB, 0.00% gc time)
      From worker 23:	5712.543343 seconds (4.44 M allocations: 173.755 MiB, 0.01% gc time)
      From worker 27:	5284.029069 seconds (4.08 M allocations: 159.615 MiB, 0.00% gc time)
┌ LogLevel(-2): 26%, Active workers: 40, Completed tasks: 128.
└ @ Main /home/vemundlu/FiberBundle/dataGenerator.jl:103
      From worker 14:	5594.101250 seconds (4.29 M allocations: 167.987 MiB, 0.00% gc time)
      From worker 10:	4455.574161 seconds (3.60 M allocations: 141.034 MiB, 0.01% gc time)
      From worker 12:	5157.282141 seconds (4.12 M allocations: 161.132 MiB, 0.01% gc time)
      From worker 29:	5665.948544 seconds (4.50 M allocations: 175.922 MiB, 0.00% gc time)
      From worker 28:	4164.225340 seconds (3.43 M allocations: 134.180 MiB, 0.00% gc time)
      From worker 21:	4946.574443 seconds (3.96 M allocations: 155.079 MiB, 0.00% gc time)
      From worker 9:	4810.544031 seconds (3.76 M allocations: 147.143 MiB, 0.00% gc time)
      From worker 22:	5085.328331 seconds (4.04 M allocations: 157.993 MiB, 0.01% gc time)
      From worker 13:	5441.321517 seconds (4.30 M allocations: 168.158 MiB, 0.00% gc time)
┌ LogLevel(-2): 27%, Active workers: 40, Completed tasks: 137.
└ @ Main /home/vemundlu/FiberBundle/dataGenerator.jl:103
      From worker 32:	4952.379523 seconds (3.91 M allocations: 152.861 MiB, 0.00% gc time)
      From worker 20:	4470.564259 seconds (3.64 M allocations: 142.510 MiB, 0.00% gc time)
      From worker 19:	4084.303767 seconds (3.38 M allocations: 132.240 MiB, 0.00% gc time)
      From worker 33:	6283.064746 seconds (4.73 M allocations: 182.489 MiB, 0.01% gc time)
┌ LogLevel(-2): 28%, Active workers: 40, Completed tasks: 141.
└ @ Main /home/vemundlu/FiberBundle/dataGenerator.jl:103
      From worker 5:	4038.106071 seconds (3.26 M allocations: 127.561 MiB, 0.01% gc time)
      From worker 25:	5894.797669 seconds (4.51 M allocations: 176.411 MiB, 0.00% gc time)
      From worker 11:	4746.224972 seconds (3.87 M allocations: 151.355 MiB, 0.00% gc time)
      From worker 26:	5976.211621 seconds (4.51 M allocations: 176.442 MiB, 0.00% gc time)
      From worker 6:	3479.656703 seconds (2.93 M allocations: 114.549 MiB, 0.00% gc time)
      From worker 16:	4634.188292 seconds (3.70 M allocations: 144.798 MiB, 0.00% gc time)
      From worker 15:	4811.020199 seconds (3.84 M allocations: 150.145 MiB, 0.00% gc time)
      From worker 35:	5798.468925 seconds (4.47 M allocations: 172.695 MiB, 0.00% gc time)
      From worker 17:	5442.660971 seconds (4.20 M allocations: 164.320 MiB, 0.00% gc time)
      From worker 34:	5383.332274 seconds (4.24 M allocations: 163.810 MiB, 0.00% gc time)
      From worker 31:	4475.102683 seconds (3.51 M allocations: 137.347 MiB)
      From worker 8:	5283.493312 seconds (4.32 M allocations: 168.931 MiB, 0.00% gc time)
┌ LogLevel(-2): 29%, Active workers: 39, Completed tasks: 153.
└ @ Main /home/vemundlu/FiberBundle/dataGenerator.jl:103
      From worker 2:	4562.052843 seconds (3.71 M allocations: 145.156 MiB, 0.00% gc time)
      From worker 41:	6163.370112 seconds (4.81 M allocations: 185.646 MiB, 0.00% gc time)
      From worker 24:	6087.886850 seconds (4.70 M allocations: 183.697 MiB, 0.00% gc time)
┌ LogLevel(-2): 30%, Active workers: 39, Completed tasks: 156.
└ @ Main /home/vemundlu/FiberBundle/dataGenerator.jl:103
      From worker 37:	5245.803887 seconds (4.22 M allocations: 162.802 MiB, 0.00% gc time)
      From worker 18:	5148.600003 seconds (4.03 M allocations: 157.833 MiB, 0.00% gc time)
      From worker 30:	5722.184935 seconds (4.46 M allocations: 174.489 MiB, 0.00% gc time)
      From worker 40:	3562.848998 seconds (3.04 M allocations: 117.272 MiB)
      From worker 36:	4782.226681 seconds (3.83 M allocations: 147.867 MiB, 0.00% gc time)
┌ LogLevel(-2): 31%, Active workers: 38, Completed tasks: 161.
└ @ Main /home/vemundlu/FiberBundle/dataGenerator.jl:103
      From worker 4:	6779.531544 seconds (5.06 M allocations: 197.968 MiB, 0.00% gc time)
      From worker 39:	5910.013252 seconds (4.49 M allocations: 173.413 MiB, 0.00% gc time)
      From worker 7:	4801.003158 seconds (3.83 M allocations: 149.704 MiB, 0.00% gc time)
      From worker 12:	4119.857972 seconds (3.36 M allocations: 131.559 MiB, 0.00% gc time)
      From worker 20:	3466.180134 seconds (3.04 M allocations: 119.059 MiB)
┌ LogLevel(-2): 32%, Active workers: 34, Completed tasks: 166.
└ @ Main /home/vemundlu/FiberBundle/dataGenerator.jl:103
      From worker 22:	3926.170909 seconds (3.32 M allocations: 129.930 MiB, 0.00% gc time)
      From worker 14:	4512.955731 seconds (3.80 M allocations: 148.485 MiB, 0.00% gc time)
      From worker 38:	4842.544071 seconds (3.96 M allocations: 152.743 MiB, 0.01% gc time)
      From worker 3:	4784.106702 seconds (3.90 M allocations: 152.613 MiB, 0.00% gc time)
      From worker 9:	4233.644004 seconds (3.36 M allocations: 131.387 MiB, 0.00% gc time)
      From worker 33:	3551.330822 seconds (3.14 M allocations: 121.107 MiB, 0.00% gc time)
      From worker 27:	4984.913247 seconds (3.97 M allocations: 155.506 MiB, 0.01% gc time)
      From worker 21:	4508.127628 seconds (3.84 M allocations: 150.303 MiB, 0.00% gc time)
      From worker 29:	4755.956533 seconds (3.85 M allocations: 150.677 MiB, 0.00% gc time)
      From worker 10:	4862.988724 seconds (3.99 M allocations: 156.243 MiB, 0.00% gc time)
      From worker 5:	3471.521834 seconds (3.08 M allocations: 120.507 MiB, 0.00% gc time)
      From worker 28:	4752.762213 seconds (3.99 M allocations: 156.004 MiB, 0.00% gc time)
      From worker 23:	5315.212981 seconds (4.46 M allocations: 174.487 MiB)
      From worker 6:	3571.948722 seconds (3.20 M allocations: 125.067 MiB, 0.00% gc time)
┌ LogLevel(-2): 33%, Active workers: 20, Completed tasks: 180.
└ @ Main /home/vemundlu/FiberBundle/dataGenerator.jl:103
      From worker 35:	3592.913441 seconds (3.31 M allocations: 127.817 MiB, 0.00% gc time)
      From worker 26:	3821.453099 seconds (3.41 M allocations: 133.453 MiB, 0.00% gc time)
      From worker 11:	3906.375874 seconds (3.50 M allocations: 136.866 MiB, 0.00% gc time)
      From worker 19:	4420.270671 seconds (3.82 M allocations: 149.338 MiB, 0.01% gc time)
      From worker 13:	5064.804557 seconds (4.26 M allocations: 166.513 MiB, 0.00% gc time)
      From worker 31:	3811.015545 seconds (3.44 M allocations: 134.507 MiB, 0.00% gc time)
      From worker 16:	4046.478223 seconds (3.74 M allocations: 146.282 MiB, 0.00% gc time)
      From worker 8:	3863.608457 seconds (3.63 M allocations: 141.820 MiB)
      From worker 32:	5337.990263 seconds (4.78 M allocations: 186.999 MiB, 0.00% gc time)
      From worker 34:	4308.146604 seconds (4.03 M allocations: 155.397 MiB, 0.00% gc time)
      From worker 17:	4484.377879 seconds (4.14 M allocations: 162.034 MiB, 0.00% gc time)
      From worker 25:	4707.313976 seconds (4.29 M allocations: 168.011 MiB, 0.00% gc time)
      From worker 18:	3597.414092 seconds (3.61 M allocations: 141.195 MiB)
      From worker 30:	3432.713423 seconds (3.58 M allocations: 140.148 MiB, 0.00% gc time)
      From worker 2:	4575.510976 seconds (4.28 M allocations: 167.625 MiB, 0.00% gc time)
      From worker 41:	4746.663081 seconds (4.65 M allocations: 179.297 MiB, 0.00% gc time)
      From worker 24:	4256.401663 seconds (4.24 M allocations: 165.683 MiB, 0.00% gc time)
      From worker 37:	4355.926901 seconds (4.65 M allocations: 179.484 MiB, 0.00% gc time)
      From worker 36:	3987.148973 seconds (4.45 M allocations: 171.900 MiB, 0.00% gc time)
      From worker 4:	4456.449791 seconds (5.10 M allocations: 199.425 MiB, 0.00% gc time)
┌ LogLevel(-2): 100%, Active workers: 0, Completed tasks: 200.
└ @ Main /home/vemundlu/FiberBundle/dataGenerator.jl:106
┌ LogLevel(-2): Done!
└ @ Main /home/vemundlu/FiberBundle/dataGenerator.jl:152
┌ LogLevel(-2): Calculating averages... 
└ @ Main /home/vemundlu/FiberBundle/dataGenerator.jl:155
┌ LogLevel(-2): Done!
└ @ Main /home/vemundlu/FiberBundle/dataGenerator.jl:157
┌ LogLevel(-2): Starting a=0.0 dist=Uniform L=512 nr=UNR t=0.1
└ @ Main /home/vemundlu/FiberBundle/dataGenerator.jl:168
┌ LogLevel(-2): Searching for loose files... 
└ @ Main /home/vemundlu/FiberBundle/support/dataManager.jl:248
┌ LogLevel(-2): Done!
└ @ Main /home/vemundlu/FiberBundle/support/dataManager.jl:267
┌ LogLevel(-2): Running workers...
└ @ Main /home/vemundlu/FiberBundle/dataGenerator.jl:150
┌ LogLevel(-2): Starting work on a=0.0 dist=Uniform L=512 nr=UNR t=0.1
└ @ Main /home/vemundlu/FiberBundle/dataGenerator.jl:91
┌ LogLevel(-2): 0%, Active workers: 40, Completed tasks: 0.
└ @ Main /home/vemundlu/FiberBundle/dataGenerator.jl:103
┌ LogLevel(-2): 1%, Active workers: 40, Completed tasks: 0.
└ @ Main /home/vemundlu/FiberBundle/dataGenerator.jl:103
┌ LogLevel(-2): 2%, Active workers: 40, Completed tasks: 0.
└ @ Main /home/vemundlu/FiberBundle/dataGenerator.jl:103
┌ LogLevel(-2): 3%, Active workers: 40, Completed tasks: 0.
└ @ Main /home/vemundlu/FiberBundle/dataGenerator.jl:103
┌ LogLevel(-2): 4%, Active workers: 40, Completed tasks: 0.
└ @ Main /home/vemundlu/FiberBundle/dataGenerator.jl:103
┌ LogLevel(-2): 5%, Active workers: 40, Completed tasks: 0.
└ @ Main /home/vemundlu/FiberBundle/dataGenerator.jl:103
┌ LogLevel(-2): 6%, Active workers: 40, Completed tasks: 0.
└ @ Main /home/vemundlu/FiberBundle/dataGenerator.jl:103
      From worker 17:	3003.296695 seconds (4.01 M allocations: 156.916 MiB, 0.01% gc time)
      From worker 2:	3026.241832 seconds (4.13 M allocations: 161.762 MiB, 0.00% gc time)
      From worker 23:	3026.431270 seconds (4.08 M allocations: 159.465 MiB, 0.02% gc time)
      From worker 13:	3027.963446 seconds (4.08 M allocations: 159.556 MiB, 0.00% gc time)
┌ LogLevel(-2): 7%, Active workers: 40, Completed tasks: 4.
└ @ Main /home/vemundlu/FiberBundle/dataGenerator.jl:103
      From worker 9:	3050.267476 seconds (4.11 M allocations: 160.725 MiB, 0.00% gc time)
      From worker 4:	3062.256410 seconds (4.11 M allocations: 160.908 MiB, 0.01% gc time)
      From worker 39:	3071.215798 seconds (4.20 M allocations: 162.133 MiB, 0.01% gc time)
      From worker 30:	3069.625479 seconds (4.11 M allocations: 160.784 MiB)
      From worker 32:	3073.089276 seconds (4.09 M allocations: 160.173 MiB, 0.00% gc time)
      From worker 15:	3077.605915 seconds (4.12 M allocations: 161.141 MiB, 0.00% gc time)
      From worker 37:	3087.419093 seconds (4.18 M allocations: 161.450 MiB, 0.01% gc time)
      From worker 26:	3097.396322 seconds (4.05 M allocations: 158.441 MiB, 0.00% gc time)
      From worker 18:	3096.880920 seconds (4.20 M allocations: 164.430 MiB, 0.00% gc time)
      From worker 25:	3106.747542 seconds (4.13 M allocations: 161.493 MiB)
      From worker 14:	3112.095806 seconds (4.13 M allocations: 161.708 MiB, 0.01% gc time)
      From worker 28:	3119.545060 seconds (4.12 M allocations: 161.139 MiB, 0.00% gc time)
      From worker 11:	3119.923168 seconds (4.18 M allocations: 163.552 MiB, 0.00% gc time)
      From worker 41:	3121.849253 seconds (4.28 M allocations: 165.243 MiB, 0.00% gc time)
      From worker 38:	3141.554973 seconds (4.20 M allocations: 162.174 MiB, 0.00% gc time)
      From worker 27:	3149.192696 seconds (4.17 M allocations: 163.025 MiB, 0.00% gc time)
      From worker 10:	3176.082423 seconds (4.21 M allocations: 164.611 MiB, 0.00% gc time)
      From worker 22:	3191.029712 seconds (4.09 M allocations: 159.839 MiB, 0.01% gc time)
      From worker 29:	3193.051240 seconds (4.19 M allocations: 164.075 MiB, 0.01% gc time)
      From worker 35:	3212.168607 seconds (4.32 M allocations: 166.644 MiB)
      From worker 20:	3218.646530 seconds (4.21 M allocations: 164.611 MiB, 0.00% gc time)
      From worker 7:	3278.518417 seconds (4.22 M allocations: 164.934 MiB, 0.00% gc time)
      From worker 19:	3282.390298 seconds (4.17 M allocations: 163.191 MiB, 0.02% gc time)
      From worker 24:	3318.810462 seconds (4.30 M allocations: 168.238 MiB, 0.01% gc time)
      From worker 31:	3318.383225 seconds (4.24 M allocations: 165.773 MiB, 0.01% gc time)
      From worker 33:	3335.896138 seconds (4.40 M allocations: 169.918 MiB, 0.01% gc time)
      From worker 16:	3354.913455 seconds (4.31 M allocations: 168.684 MiB, 0.00% gc time)
      From worker 5:	3355.421946 seconds (4.28 M allocations: 167.587 MiB, 0.00% gc time)
      From worker 21:	3380.431357 seconds (4.29 M allocations: 167.727 MiB, 0.01% gc time)
┌ LogLevel(-2): 8%, Active workers: 40, Completed tasks: 33.
└ @ Main /home/vemundlu/FiberBundle/dataGenerator.jl:103
      From worker 3:	3391.459498 seconds (4.33 M allocations: 169.426 MiB, 0.01% gc time)
      From worker 12:	3405.373285 seconds (4.33 M allocations: 169.255 MiB, 0.00% gc time)
      From worker 36:	3414.166961 seconds (4.46 M allocations: 172.081 MiB)
      From worker 40:	3426.744568 seconds (4.41 M allocations: 170.118 MiB, 0.02% gc time)
      From worker 8:	3509.502289 seconds (4.35 M allocations: 170.329 MiB, 0.01% gc time)
      From worker 6:	3518.109670 seconds (4.40 M allocations: 171.942 MiB, 0.00% gc time)
      From worker 34:	3574.283053 seconds (4.47 M allocations: 172.332 MiB, 0.00% gc time)
┌ LogLevel(-2): 9%, Active workers: 40, Completed tasks: 40.
└ @ Main /home/vemundlu/FiberBundle/dataGenerator.jl:103
┌ LogLevel(-2): 10%, Active workers: 40, Completed tasks: 40.
└ @ Main /home/vemundlu/FiberBundle/dataGenerator.jl:103
┌ LogLevel(-2): 11%, Active workers: 40, Completed tasks: 40.
└ @ Main /home/vemundlu/FiberBundle/dataGenerator.jl:103
┌ LogLevel(-2): 12%, Active workers: 40, Completed tasks: 40.
└ @ Main /home/vemundlu/FiberBundle/dataGenerator.jl:103
┌ LogLevel(-2): 13%, Active workers: 40, Completed tasks: 40.
└ @ Main /home/vemundlu/FiberBundle/dataGenerator.jl:103
      From worker 26:	2962.683497 seconds (4.10 M allocations: 160.576 MiB, 0.00% gc time)
┌ LogLevel(-2): 14%, Active workers: 40, Completed tasks: 41.
└ @ Main /home/vemundlu/FiberBundle/dataGenerator.jl:103
      From worker 20:	2854.596949 seconds (3.94 M allocations: 154.317 MiB, 0.01% gc time)
      From worker 17:	3070.781877 seconds (4.12 M allocations: 161.222 MiB, 0.00% gc time)
      From worker 4:	3012.968099 seconds (4.08 M allocations: 159.589 MiB, 0.01% gc time)
      From worker 2:	3066.026391 seconds (4.17 M allocations: 163.129 MiB, 0.01% gc time)
      From worker 37:	3041.321777 seconds (4.22 M allocations: 162.858 MiB, 0.00% gc time)
      From worker 23:	3110.394273 seconds (4.12 M allocations: 161.044 MiB, 0.00% gc time)
      From worker 18:	3048.048642 seconds (4.09 M allocations: 160.201 MiB, 0.00% gc time)
      From worker 13:	3141.714945 seconds (4.17 M allocations: 163.071 MiB, 0.01% gc time)
      From worker 15:	3094.370828 seconds (4.11 M allocations: 160.662 MiB, 0.01% gc time)
      From worker 11:	3078.333311 seconds (4.13 M allocations: 161.631 MiB, 0.00% gc time)
      From worker 27:	3050.859115 seconds (4.13 M allocations: 161.665 MiB, 0.00% gc time)
      From worker 9:	3167.165266 seconds (4.19 M allocations: 163.921 MiB, 0.00% gc time)
      From worker 38:	3075.815849 seconds (4.21 M allocations: 162.312 MiB, 0.00% gc time)
      From worker 32:	3180.507289 seconds (4.23 M allocations: 165.516 MiB, 0.00% gc time)
      From worker 24:	2935.684473 seconds (4.05 M allocations: 158.595 MiB)
      From worker 19:	2973.451236 seconds (4.07 M allocations: 159.384 MiB, 0.00% gc time)
      From worker 12:	2859.566439 seconds (4.04 M allocations: 157.918 MiB, 0.00% gc time)
      From worker 41:	3146.472849 seconds (4.29 M allocations: 165.714 MiB, 0.00% gc time)
      From worker 28:	3152.342482 seconds (4.20 M allocations: 164.214 MiB, 0.01% gc time)
      From worker 25:	3178.736184 seconds (4.23 M allocations: 165.369 MiB, 0.00% gc time)
      From worker 14:	3183.650050 seconds (4.17 M allocations: 163.208 MiB, 0.01% gc time)
      From worker 36:	2895.415549 seconds (4.09 M allocations: 157.704 MiB, 0.00% gc time)
      From worker 30:	3274.691519 seconds (4.27 M allocations: 167.074 MiB, 0.01% gc time)
      From worker 10:	3196.825347 seconds (4.20 M allocations: 164.219 MiB, 0.02% gc time)
      From worker 29:	3185.406181 seconds (4.18 M allocations: 163.366 MiB, 0.00% gc time)
      From worker 22:	3188.308259 seconds (4.08 M allocations: 159.493 MiB, 0.00% gc time)
      From worker 33:	3051.576822 seconds (4.24 M allocations: 163.682 MiB, 0.00% gc time)
      From worker 16:	3046.960626 seconds (4.08 M allocations: 159.672 MiB, 0.01% gc time)
      From worker 7:	3142.485302 seconds (4.17 M allocations: 163.241 MiB, 0.01% gc time)
      From worker 39:	3368.295719 seconds (4.37 M allocations: 168.814 MiB, 0.00% gc time)
┌ LogLevel(-2): 15%, Active workers: 40, Completed tasks: 71.
└ @ Main /home/vemundlu/FiberBundle/dataGenerator.jl:103
      From worker 35:	3260.714341 seconds (4.36 M allocations: 168.186 MiB, 0.00% gc time)
      From worker 31:	3178.069911 seconds (4.20 M allocations: 164.480 MiB, 0.01% gc time)
      From worker 5:	3164.066035 seconds (4.19 M allocations: 164.034 MiB, 0.01% gc time)
      From worker 3:	3141.684312 seconds (4.18 M allocations: 163.519 MiB, 0.00% gc time)
      From worker 8:	3035.831043 seconds (4.13 M allocations: 161.688 MiB, 0.00% gc time)
      From worker 21:	3218.303061 seconds (4.22 M allocations: 164.971 MiB, 0.01% gc time)
      From worker 6:	3264.334627 seconds (4.23 M allocations: 165.409 MiB, 0.00% gc time)
┌ LogLevel(-2): 16%, Active workers: 40, Completed tasks: 78.
└ @ Main /home/vemundlu/FiberBundle/dataGenerator.jl:103
      From worker 40:	3393.906027 seconds (4.39 M allocations: 169.538 MiB, 0.02% gc time)
      From worker 34:	3331.082745 seconds (4.39 M allocations: 169.496 MiB, 0.00% gc time)
┌ LogLevel(-2): 17%, Active workers: 40, Completed tasks: 80.
└ @ Main /home/vemundlu/FiberBundle/dataGenerator.jl:103
┌ LogLevel(-2): 18%, Active workers: 40, Completed tasks: 80.
└ @ Main /home/vemundlu/FiberBundle/dataGenerator.jl:103
┌ LogLevel(-2): 19%, Active workers: 40, Completed tasks: 80.
└ @ Main /home/vemundlu/FiberBundle/dataGenerator.jl:103
┌ LogLevel(-2): 20%, Active workers: 40, Completed tasks: 80.
└ @ Main /home/vemundlu/FiberBundle/dataGenerator.jl:103
      From worker 4:	2980.478851 seconds (4.04 M allocations: 158.219 MiB, 0.00% gc time)
┌ LogLevel(-2): 21%, Active workers: 40, Completed tasks: 81.
└ @ Main /home/vemundlu/FiberBundle/dataGenerator.jl:103
      From worker 26:	3087.437313 seconds (4.13 M allocations: 161.681 MiB, 0.00% gc time)
      From worker 38:	2982.544498 seconds (4.16 M allocations: 160.504 MiB, 0.00% gc time)
      From worker 33:	2835.266119 seconds (4.05 M allocations: 156.298 MiB)
      From worker 2:	3165.107249 seconds (4.26 M allocations: 166.667 MiB, 0.00% gc time)
      From worker 17:	3189.356348 seconds (4.24 M allocations: 166.038 MiB, 0.01% gc time)
      From worker 14:	2968.534952 seconds (4.08 M allocations: 159.439 MiB, 0.00% gc time)
      From worker 19:	3010.020553 seconds (4.11 M allocations: 160.968 MiB, 0.00% gc time)
      From worker 23:	3131.279017 seconds (4.19 M allocations: 163.939 MiB, 0.00% gc time)
      From worker 24:	3032.886234 seconds (4.14 M allocations: 162.027 MiB, 0.00% gc time)
      From worker 18:	3152.517039 seconds (4.19 M allocations: 163.775 MiB, 0.01% gc time)
      From worker 41:	3038.190854 seconds (4.18 M allocations: 161.169 MiB, 0.00% gc time)
      From worker 36:	2997.040116 seconds (4.18 M allocations: 161.458 MiB)
      From worker 12:	3053.866877 seconds (4.12 M allocations: 161.351 MiB, 0.00% gc time)
      From worker 29:	2941.394264 seconds (4.04 M allocations: 158.125 MiB, 0.00% gc time)
      From worker 30:	2979.393638 seconds (4.10 M allocations: 160.247 MiB, 0.02% gc time)
      From worker 15:	3157.525932 seconds (4.20 M allocations: 164.407 MiB, 0.00% gc time)
      From worker 13:	3178.775002 seconds (4.24 M allocations: 165.753 MiB, 0.00% gc time)
      From worker 32:	3097.833086 seconds (4.18 M allocations: 163.667 MiB, 0.00% gc time)
      From worker 7:	2935.089487 seconds (4.05 M allocations: 158.289 MiB, 0.00% gc time)
      From worker 20:	3298.502985 seconds (4.38 M allocations: 171.211 MiB, 0.00% gc time)
      From worker 37:	3256.453190 seconds (4.28 M allocations: 165.010 MiB, 0.00% gc time)
      From worker 25:	3118.496450 seconds (4.17 M allocations: 163.126 MiB, 0.01% gc time)
      From worker 10:	3039.609449 seconds (4.20 M allocations: 164.464 MiB, 0.00% gc time)
      From worker 27:	3238.496466 seconds (4.32 M allocations: 169.192 MiB, 0.01% gc time)
      From worker 5:	2923.739024 seconds (4.00 M allocations: 156.578 MiB, 0.00% gc time)
      From worker 31:	2952.492522 seconds (4.08 M allocations: 159.512 MiB, 0.00% gc time)
      From worker 8:	2936.296087 seconds (4.03 M allocations: 157.553 MiB, 0.00% gc time)
      From worker 39:	3043.501944 seconds (4.20 M allocations: 162.284 MiB, 0.00% gc time)
┌ LogLevel(-2): 22%, Active workers: 40, Completed tasks: 109.
└ @ Main /home/vemundlu/FiberBundle/dataGenerator.jl:103
      From worker 9:	3273.901517 seconds (4.28 M allocations: 167.323 MiB, 0.01% gc time)
      From worker 11:	3341.048262 seconds (4.26 M allocations: 166.615 MiB, 0.00% gc time)
      From worker 28:	3285.018346 seconds (4.24 M allocations: 165.954 MiB, 0.00% gc time)
      From worker 35:	3194.735983 seconds (4.34 M allocations: 167.405 MiB, 0.01% gc time)
      From worker 16:	3287.160936 seconds (4.20 M allocations: 164.405 MiB, 0.00% gc time)
      From worker 21:	3126.190712 seconds (4.19 M allocations: 163.752 MiB, 0.00% gc time)
      From worker 22:	3461.149653 seconds (4.41 M allocations: 172.335 MiB, 0.00% gc time)
┌ LogLevel(-2): 23%, Active workers: 40, Completed tasks: 116.
└ @ Main /home/vemundlu/FiberBundle/dataGenerator.jl:103
      From worker 3:	3412.326243 seconds (4.26 M allocations: 166.614 MiB, 0.01% gc time)
      From worker 6:	3270.420253 seconds (4.22 M allocations: 165.186 MiB, 0.01% gc time)
      From worker 34:	3203.600467 seconds (4.31 M allocations: 166.360 MiB, 0.01% gc time)
      From worker 40:	3371.387699 seconds (4.39 M allocations: 169.556 MiB, 0.00% gc time)
┌ LogLevel(-2): 24%, Active workers: 40, Completed tasks: 120.
└ @ Main /home/vemundlu/FiberBundle/dataGenerator.jl:103
┌ LogLevel(-2): 25%, Active workers: 40, Completed tasks: 120.
└ @ Main /home/vemundlu/FiberBundle/dataGenerator.jl:103
┌ LogLevel(-2): 26%, Active workers: 40, Completed tasks: 120.
└ @ Main /home/vemundlu/FiberBundle/dataGenerator.jl:103
┌ LogLevel(-2): 27%, Active workers: 40, Completed tasks: 120.
└ @ Main /home/vemundlu/FiberBundle/dataGenerator.jl:103
┌ LogLevel(-2): 28%, Active workers: 40, Completed tasks: 120.
└ @ Main /home/vemundlu/FiberBundle/dataGenerator.jl:103
      From worker 4:	3136.064881 seconds (4.19 M allocations: 164.003 MiB, 0.00% gc time)
      From worker 26:	3045.294212 seconds (4.17 M allocations: 162.977 MiB, 0.00% gc time)
      From worker 33:	2988.668013 seconds (4.17 M allocations: 160.886 MiB, 0.01% gc time)
      From worker 19:	3020.121716 seconds (4.06 M allocations: 158.994 MiB, 0.00% gc time)
      From worker 2:	3036.272288 seconds (4.18 M allocations: 163.630 MiB, 0.01% gc time)
      From worker 13:	2953.030385 seconds (4.02 M allocations: 157.312 MiB, 0.02% gc time)
      From worker 41:	3008.382663 seconds (4.18 M allocations: 161.322 MiB, 0.00% gc time)
      From worker 15:	2987.590360 seconds (4.03 M allocations: 157.687 MiB, 0.00% gc time)
      From worker 14:	3100.826158 seconds (4.17 M allocations: 163.134 MiB, 0.00% gc time)
      From worker 36:	3084.365225 seconds (4.27 M allocations: 164.855 MiB, 0.01% gc time)
      From worker 29:	3092.462933 seconds (4.14 M allocations: 161.887 MiB)
      From worker 20:	3085.021696 seconds (4.16 M allocations: 162.713 MiB)
      From worker 12:	3167.911985 seconds (4.24 M allocations: 165.958 MiB, 0.01% gc time)
      From worker 30:	3177.768892 seconds (4.21 M allocations: 164.740 MiB, 0.00% gc time)
      From worker 23:	3245.785725 seconds (4.29 M allocations: 167.980 MiB, 0.00% gc time)
      From worker 18:	3217.966064 seconds (4.29 M allocations: 167.703 MiB, 0.00% gc time)
      From worker 7:	3163.393370 seconds (4.20 M allocations: 164.388 MiB)
      From worker 31:	3081.914089 seconds (4.19 M allocations: 163.819 MiB, 0.00% gc time)
      From worker 5:	3093.357523 seconds (4.13 M allocations: 161.502 MiB)
┌ LogLevel(-2): 29%, Active workers: 40, Completed tasks: 139.
└ @ Main /home/vemundlu/FiberBundle/dataGenerator.jl:103
      From worker 37:	3185.781083 seconds (4.38 M allocations: 168.999 MiB, 0.00% gc time)
      From worker 32:	3220.906741 seconds (4.23 M allocations: 165.372 MiB, 0.01% gc time)
      From worker 39:	3099.551745 seconds (4.24 M allocations: 163.731 MiB, 0.01% gc time)
      From worker 24:	3307.522400 seconds (4.19 M allocations: 164.053 MiB, 0.00% gc time)
      From worker 17:	3336.258666 seconds (4.36 M allocations: 170.583 MiB, 0.00% gc time)
      From worker 28:	3046.778587 seconds (4.10 M allocations: 160.367 MiB, 0.00% gc time)
      From worker 10:	3197.967629 seconds (4.19 M allocations: 163.777 MiB, 0.00% gc time)
      From worker 38:	3448.984857 seconds (4.55 M allocations: 175.515 MiB, 0.00% gc time)
      From worker 8:	3183.010052 seconds (4.25 M allocations: 166.173 MiB, 0.00% gc time)
      From worker 25:	3295.738258 seconds (4.31 M allocations: 168.523 MiB, 0.00% gc time)
      From worker 35:	3032.592906 seconds (4.21 M allocations: 162.406 MiB)
      From worker 21:	2984.495172 seconds (4.13 M allocations: 161.669 MiB, 0.00% gc time)
      From worker 27:	3328.599930 seconds (4.26 M allocations: 166.466 MiB, 0.00% gc time)
      From worker 9:	3327.596129 seconds (4.37 M allocations: 170.910 MiB, 0.00% gc time)
      From worker 16:	3182.934651 seconds (4.22 M allocations: 165.214 MiB, 0.01% gc time)
┌ LogLevel(-2): 30%, Active workers: 40, Completed tasks: 154.
└ @ Main /home/vemundlu/FiberBundle/dataGenerator.jl:103
      From worker 22:	3124.115698 seconds (4.18 M allocations: 163.625 MiB, 0.01% gc time)
      From worker 11:	3450.145397 seconds (4.42 M allocations: 172.812 MiB, 0.00% gc time)
      From worker 3:	3191.221143 seconds (4.32 M allocations: 168.997 MiB, 0.02% gc time)
      From worker 6:	3138.605968 seconds (4.22 M allocations: 165.260 MiB, 0.00% gc time)
      From worker 40:	3034.304061 seconds (4.21 M allocations: 162.527 MiB, 0.00% gc time)
┌ LogLevel(-2): 31%, Active workers: 40, Completed tasks: 159.
└ @ Main /home/vemundlu/FiberBundle/dataGenerator.jl:103
      From worker 34:	3283.381753 seconds (4.29 M allocations: 165.582 MiB, 0.00% gc time)
┌ LogLevel(-2): 32%, Active workers: 40, Completed tasks: 160.
└ @ Main /home/vemundlu/FiberBundle/dataGenerator.jl:103
┌ LogLevel(-2): 33%, Active workers: 40, Completed tasks: 160.
└ @ Main /home/vemundlu/FiberBundle/dataGenerator.jl:103
┌ LogLevel(-2): 34%, Active workers: 40, Completed tasks: 160.
└ @ Main /home/vemundlu/FiberBundle/dataGenerator.jl:103
┌ LogLevel(-2): 35%, Active workers: 40, Completed tasks: 160.
└ @ Main /home/vemundlu/FiberBundle/dataGenerator.jl:103
      From worker 41:	2902.550426 seconds (4.10 M allocations: 158.324 MiB, 0.00% gc time)
      From worker 33:	3077.792930 seconds (4.32 M allocations: 166.691 MiB, 0.00% gc time)
      From worker 2:	2997.345445 seconds (4.14 M allocations: 162.066 MiB, 0.00% gc time)
      From worker 26:	3128.791550 seconds (4.19 M allocations: 163.921 MiB, 0.01% gc time)
      From worker 4:	3179.995951 seconds (4.24 M allocations: 165.963 MiB, 0.00% gc time)
      From worker 15:	3057.349166 seconds (4.13 M allocations: 161.604 MiB, 0.00% gc time)
      From worker 19:	3104.045382 seconds (4.21 M allocations: 164.620 MiB, 0.00% gc time)
      From worker 20:	2946.692794 seconds (4.01 M allocations: 157.031 MiB, 0.00% gc time)
      From worker 8:	2802.027579 seconds (4.03 M allocations: 157.853 MiB, 0.00% gc time)
      From worker 14:	3125.523233 seconds (4.23 M allocations: 165.406 MiB, 0.00% gc time)
      From worker 31:	2965.612375 seconds (4.12 M allocations: 161.339 MiB, 0.00% gc time)
      From worker 13:	3217.936536 seconds (4.34 M allocations: 169.829 MiB, 0.00% gc time)
      From worker 23:	3019.350437 seconds (4.25 M allocations: 166.206 MiB, 0.00% gc time)
      From worker 30:	3032.058841 seconds (4.19 M allocations: 163.975 MiB, 0.00% gc time)
      From worker 17:	2944.341312 seconds (4.10 M allocations: 160.316 MiB, 0.00% gc time)
      From worker 37:	2979.240906 seconds (4.24 M allocations: 163.644 MiB, 0.00% gc time)
      From worker 7:	3043.585895 seconds (4.19 M allocations: 163.864 MiB, 0.01% gc time)
      From worker 36:	3175.776617 seconds (4.35 M allocations: 167.934 MiB, 0.00% gc time)
      From worker 12:	3085.785093 seconds (4.24 M allocations: 166.058 MiB)
      From worker 28:	2968.298335 seconds (4.16 M allocations: 162.648 MiB, 0.01% gc time)
      From worker 5:	3051.675001 seconds (4.22 M allocations: 164.935 MiB, 0.00% gc time)
      From worker 27:	2830.440859 seconds (4.09 M allocations: 159.830 MiB, 0.01% gc time)
      From worker 35:	2903.135435 seconds (4.23 M allocations: 163.190 MiB, 0.00% gc time)
      From worker 32:	3036.688100 seconds (4.31 M allocations: 168.804 MiB, 0.00% gc time)
      From worker 10:	3000.508229 seconds (4.17 M allocations: 163.051 MiB, 0.01% gc time)
      From worker 21:	2907.315157 seconds (4.18 M allocations: 163.510 MiB, 0.00% gc time)
      From worker 29:	3205.004113 seconds (4.34 M allocations: 169.630 MiB, 0.01% gc time)
      From worker 18:	3105.486094 seconds (4.27 M allocations: 167.172 MiB, 0.01% gc time)
      From worker 38:	2986.073638 seconds (4.35 M allocations: 167.741 MiB, 0.00% gc time)
      From worker 39:	3087.969640 seconds (4.44 M allocations: 171.358 MiB, 0.00% gc time)
      From worker 25:	2980.786412 seconds (4.23 M allocations: 165.659 MiB, 0.00% gc time)
      From worker 9:	2874.363657 seconds (4.21 M allocations: 164.653 MiB, 0.00% gc time)
      From worker 24:	3101.080346 seconds (4.39 M allocations: 171.754 MiB, 0.01% gc time)
      From worker 22:	2732.536998 seconds (4.16 M allocations: 162.564 MiB, 0.00% gc time)
      From worker 16:	2828.001577 seconds (4.19 M allocations: 163.961 MiB, 0.00% gc time)
      From worker 6:	2565.076265 seconds (4.14 M allocations: 161.878 MiB, 0.00% gc time)
      From worker 11:	2774.708104 seconds (4.18 M allocations: 163.545 MiB, 0.01% gc time)
      From worker 3:	2642.279235 seconds (4.25 M allocations: 166.395 MiB, 0.00% gc time)
      From worker 34:	2405.157614 seconds (4.15 M allocations: 160.145 MiB, 0.01% gc time)
      From worker 40:	2601.894299 seconds (4.41 M allocations: 170.380 MiB, 0.00% gc time)
┌ LogLevel(-2): 100%, Active workers: 0, Completed tasks: 200.
└ @ Main /home/vemundlu/FiberBundle/dataGenerator.jl:106
┌ LogLevel(-2): Done!
└ @ Main /home/vemundlu/FiberBundle/dataGenerator.jl:152
┌ LogLevel(-2): Calculating averages... 
└ @ Main /home/vemundlu/FiberBundle/dataGenerator.jl:155
┌ LogLevel(-2): Done!
└ @ Main /home/vemundlu/FiberBundle/dataGenerator.jl:157
┌ LogLevel(-2): Starting a=2.0 dist=Uniform L=512 nr=SNR t=0.2
└ @ Main /home/vemundlu/FiberBundle/dataGenerator.jl:168
┌ LogLevel(-2): Searching for loose files... 
└ @ Main /home/vemundlu/FiberBundle/support/dataManager.jl:248
┌ LogLevel(-2): Done!
└ @ Main /home/vemundlu/FiberBundle/support/dataManager.jl:267
┌ LogLevel(-2): Running workers...
└ @ Main /home/vemundlu/FiberBundle/dataGenerator.jl:150
┌ LogLevel(-2): Starting work on a=2.0 dist=Uniform L=512 nr=SNR t=0.2
└ @ Main /home/vemundlu/FiberBundle/dataGenerator.jl:91
┌ LogLevel(-2): 0%, Active workers: 40, Completed tasks: 0.
└ @ Main /home/vemundlu/FiberBundle/dataGenerator.jl:103
┌ LogLevel(-2): 1%, Active workers: 40, Completed tasks: 0.
└ @ Main /home/vemundlu/FiberBundle/dataGenerator.jl:103
┌ LogLevel(-2): 2%, Active workers: 40, Completed tasks: 0.
└ @ Main /home/vemundlu/FiberBundle/dataGenerator.jl:103
┌ LogLevel(-2): 3%, Active workers: 40, Completed tasks: 0.
└ @ Main /home/vemundlu/FiberBundle/dataGenerator.jl:103
      From worker 2:	2019.865437 seconds (2.62 M allocations: 102.488 MiB)
      From worker 27:	2068.250340 seconds (2.26 M allocations: 88.609 MiB, 0.00% gc time)
┌ LogLevel(-2): 4%, Active workers: 40, Completed tasks: 2.
└ @ Main /home/vemundlu/FiberBundle/dataGenerator.jl:103
      From worker 33:	2143.628645 seconds (2.35 M allocations: 90.615 MiB)
      From worker 16:	2185.384230 seconds (2.25 M allocations: 88.122 MiB)
      From worker 40:	2276.049101 seconds (2.62 M allocations: 100.942 MiB, 0.00% gc time)
      From worker 18:	2556.766531 seconds (3.18 M allocations: 124.236 MiB, 0.00% gc time)
