┌ Warning: rmprocs: process 1 not removed
└ @ Distributed /buildworker/worker/package_linux64/build/usr/share/julia/stdlib/v1.7/Distributed/src/cluster.jl:1045
┌ LogLevel(-1): Starting 40 workers... 
└ @ Main /work/vemundlu/FiberBundle/generateData.jl:59
┌ LogLevel(-1): Running settings: 
│  Any[256], 
│  Any[0.12, 0.14, 0.16, 0.18, 0.2], 
│  Any[2.0]
└ @ Main /work/vemundlu/FiberBundle/generateData.jl:63
┌ LogLevel(-2): 2023-02-13T11:17:09.554: Starting a=0.0 dist=Uniform L=256 nr=LLS t=0.12
└ @ Main /work/vemundlu/FiberBundle/dataGenerator.jl:156
┌ LogLevel(-2): Searching for loose files... 
└ @ Main /work/vemundlu/FiberBundle/support/dataManager.jl:274
┌ LogLevel(-2): Running workers...
└ @ Main /work/vemundlu/FiberBundle/dataGenerator.jl:141
┌ LogLevel(-2): Starting work on a=0.0 dist=Uniform L=256 nr=LLS t=0.12
└ @ Main /work/vemundlu/FiberBundle/dataGenerator.jl:81
┌ LogLevel(-2): 0%, Active workers: 40, Completed tasks: 0.
└ @ Main /work/vemundlu/FiberBundle/dataGenerator.jl:93
┌ LogLevel(-2): 1%, Active workers: 40, Completed tasks: 0.
└ @ Main /work/vemundlu/FiberBundle/dataGenerator.jl:93
┌ LogLevel(-2): 2%, Active workers: 40, Completed tasks: 0.
└ @ Main /work/vemundlu/FiberBundle/dataGenerator.jl:93
┌ LogLevel(-2): 3%, Active workers: 40, Completed tasks: 0.
└ @ Main /work/vemundlu/FiberBundle/dataGenerator.jl:93
┌ LogLevel(-2): 4%, Active workers: 40, Completed tasks: 18.
└ @ Main /work/vemundlu/FiberBundle/dataGenerator.jl:93
┌ LogLevel(-2): 5%, Active workers: 40, Completed tasks: 40.
└ @ Main /work/vemundlu/FiberBundle/dataGenerator.jl:93
┌ LogLevel(-2): 6%, Active workers: 40, Completed tasks: 40.
└ @ Main /work/vemundlu/FiberBundle/dataGenerator.jl:93
┌ LogLevel(-2): 7%, Active workers: 40, Completed tasks: 40.
└ @ Main /work/vemundlu/FiberBundle/dataGenerator.jl:93
┌ LogLevel(-2): 8%, Active workers: 40, Completed tasks: 57.
└ @ Main /work/vemundlu/FiberBundle/dataGenerator.jl:93
┌ LogLevel(-2): 9%, Active workers: 40, Completed tasks: 80.
└ @ Main /work/vemundlu/FiberBundle/dataGenerator.jl:93
┌ LogLevel(-2): 10%, Active workers: 40, Completed tasks: 80.
└ @ Main /work/vemundlu/FiberBundle/dataGenerator.jl:93
┌ LogLevel(-2): 11%, Active workers: 40, Completed tasks: 80.
└ @ Main /work/vemundlu/FiberBundle/dataGenerator.jl:93
┌ LogLevel(-2): 12%, Active workers: 40, Completed tasks: 97.
└ @ Main /work/vemundlu/FiberBundle/dataGenerator.jl:93
┌ LogLevel(-2): 13%, Active workers: 40, Completed tasks: 107.
└ @ Main /work/vemundlu/FiberBundle/dataGenerator.jl:93
┌ LogLevel(-2): 14%, Active workers: 40, Completed tasks: 120.
└ @ Main /work/vemundlu/FiberBundle/dataGenerator.jl:93
┌ LogLevel(-2): 15%, Active workers: 40, Completed tasks: 127.
└ @ Main /work/vemundlu/FiberBundle/dataGenerator.jl:93
┌ LogLevel(-2): 16%, Active workers: 40, Completed tasks: 138.
└ @ Main /work/vemundlu/FiberBundle/dataGenerator.jl:93
┌ LogLevel(-2): 17%, Active workers: 40, Completed tasks: 139.
└ @ Main /work/vemundlu/FiberBundle/dataGenerator.jl:93
┌ LogLevel(-2): 18%, Active workers: 40, Completed tasks: 160.
└ @ Main /work/vemundlu/FiberBundle/dataGenerator.jl:93
┌ LogLevel(-2): 19%, Active workers: 40, Completed tasks: 173.
└ @ Main /work/vemundlu/FiberBundle/dataGenerator.jl:93
┌ LogLevel(-2): 20%, Active workers: 40, Completed tasks: 178.
└ @ Main /work/vemundlu/FiberBundle/dataGenerator.jl:93
┌ LogLevel(-2): 21%, Active workers: 40, Completed tasks: 180.
└ @ Main /work/vemundlu/FiberBundle/dataGenerator.jl:93
┌ LogLevel(-2): 22%, Active workers: 40, Completed tasks: 200.
└ @ Main /work/vemundlu/FiberBundle/dataGenerator.jl:93
┌ LogLevel(-2): 23%, Active workers: 40, Completed tasks: 214.
└ @ Main /work/vemundlu/FiberBundle/dataGenerator.jl:93
┌ LogLevel(-2): 24%, Active workers: 40, Completed tasks: 218.
└ @ Main /work/vemundlu/FiberBundle/dataGenerator.jl:93
┌ LogLevel(-2): 25%, Active workers: 40, Completed tasks: 220.
└ @ Main /work/vemundlu/FiberBundle/dataGenerator.jl:93
┌ LogLevel(-2): 26%, Active workers: 40, Completed tasks: 240.
└ @ Main /work/vemundlu/FiberBundle/dataGenerator.jl:93
┌ LogLevel(-2): 27%, Active workers: 40, Completed tasks: 255.
└ @ Main /work/vemundlu/FiberBundle/dataGenerator.jl:93
┌ LogLevel(-2): 28%, Active workers: 40, Completed tasks: 258.
└ @ Main /work/vemundlu/FiberBundle/dataGenerator.jl:93
┌ LogLevel(-2): 29%, Active workers: 40, Completed tasks: 259.
└ @ Main /work/vemundlu/FiberBundle/dataGenerator.jl:93
┌ LogLevel(-2): 30%, Active workers: 40, Completed tasks: 276.
└ @ Main /work/vemundlu/FiberBundle/dataGenerator.jl:93
┌ LogLevel(-2): 31%, Active workers: 40, Completed tasks: 295.
└ @ Main /work/vemundlu/FiberBundle/dataGenerator.jl:93
┌ LogLevel(-2): 32%, Active workers: 40, Completed tasks: 298.
└ @ Main /work/vemundlu/FiberBundle/dataGenerator.jl:93
┌ LogLevel(-2): 33%, Active workers: 40, Completed tasks: 301.
└ @ Main /work/vemundlu/FiberBundle/dataGenerator.jl:93
┌ LogLevel(-2): 34%, Active workers: 40, Completed tasks: 316.
└ @ Main /work/vemundlu/FiberBundle/dataGenerator.jl:93
┌ LogLevel(-2): 35%, Active workers: 40, Completed tasks: 334.
└ @ Main /work/vemundlu/FiberBundle/dataGenerator.jl:93
┌ LogLevel(-2): 36%, Active workers: 40, Completed tasks: 337.
└ @ Main /work/vemundlu/FiberBundle/dataGenerator.jl:93
┌ LogLevel(-2): 37%, Active workers: 40, Completed tasks: 346.
└ @ Main /work/vemundlu/FiberBundle/dataGenerator.jl:93
┌ LogLevel(-2): 38%, Active workers: 40, Completed tasks: 357.
└ @ Main /work/vemundlu/FiberBundle/dataGenerator.jl:93
┌ LogLevel(-2): 39%, Active workers: 40, Completed tasks: 367.
└ @ Main /work/vemundlu/FiberBundle/dataGenerator.jl:93
┌ LogLevel(-2): 40%, Active workers: 40, Completed tasks: 377.
└ @ Main /work/vemundlu/FiberBundle/dataGenerator.jl:93
┌ LogLevel(-2): 41%, Active workers: 40, Completed tasks: 391.
└ @ Main /work/vemundlu/FiberBundle/dataGenerator.jl:93
┌ LogLevel(-2): 42%, Active workers: 40, Completed tasks: 396.
└ @ Main /work/vemundlu/FiberBundle/dataGenerator.jl:93
┌ LogLevel(-2): 43%, Active workers: 40, Completed tasks: 404.
└ @ Main /work/vemundlu/FiberBundle/dataGenerator.jl:93
┌ LogLevel(-2): 44%, Active workers: 40, Completed tasks: 418.
└ @ Main /work/vemundlu/FiberBundle/dataGenerator.jl:93
┌ LogLevel(-2): 45%, Active workers: 40, Completed tasks: 431.
└ @ Main /work/vemundlu/FiberBundle/dataGenerator.jl:93
┌ LogLevel(-2): 46%, Active workers: 40, Completed tasks: 436.
└ @ Main /work/vemundlu/FiberBundle/dataGenerator.jl:93
┌ LogLevel(-2): 47%, Active workers: 40, Completed tasks: 441.
└ @ Main /work/vemundlu/FiberBundle/dataGenerator.jl:93
┌ LogLevel(-2): 48%, Active workers: 40, Completed tasks: 462.
└ @ Main /work/vemundlu/FiberBundle/dataGenerator.jl:93
┌ LogLevel(-2): 49%, Active workers: 40, Completed tasks: 472.
└ @ Main /work/vemundlu/FiberBundle/dataGenerator.jl:93
┌ LogLevel(-2): 50%, Active workers: 40, Completed tasks: 475.
└ @ Main /work/vemundlu/FiberBundle/dataGenerator.jl:93
┌ LogLevel(-2): 51%, Active workers: 40, Completed tasks: 481.
└ @ Main /work/vemundlu/FiberBundle/dataGenerator.jl:93
┌ LogLevel(-2): 52%, Active workers: 40, Completed tasks: 498.
└ @ Main /work/vemundlu/FiberBundle/dataGenerator.jl:93
┌ LogLevel(-2): 53%, Active workers: 40, Completed tasks: 512.
└ @ Main /work/vemundlu/FiberBundle/dataGenerator.jl:93
┌ LogLevel(-2): 54%, Active workers: 40, Completed tasks: 516.
└ @ Main /work/vemundlu/FiberBundle/dataGenerator.jl:93
┌ LogLevel(-2): 55%, Active workers: 40, Completed tasks: 525.
└ @ Main /work/vemundlu/FiberBundle/dataGenerator.jl:93
┌ LogLevel(-2): 56%, Active workers: 40, Completed tasks: 537.
└ @ Main /work/vemundlu/FiberBundle/dataGenerator.jl:93
┌ LogLevel(-2): 57%, Active workers: 40, Completed tasks: 553.
└ @ Main /work/vemundlu/FiberBundle/dataGenerator.jl:93
┌ LogLevel(-2): 58%, Active workers: 40, Completed tasks: 556.
└ @ Main /work/vemundlu/FiberBundle/dataGenerator.jl:93
┌ LogLevel(-2): 59%, Active workers: 40, Completed tasks: 564.
└ @ Main /work/vemundlu/FiberBundle/dataGenerator.jl:93
┌ LogLevel(-2): 60%, Active workers: 40, Completed tasks: 576.
└ @ Main /work/vemundlu/FiberBundle/dataGenerator.jl:93
┌ LogLevel(-2): 61%, Active workers: 40, Completed tasks: 590.
└ @ Main /work/vemundlu/FiberBundle/dataGenerator.jl:93
┌ LogLevel(-2): 62%, Active workers: 40, Completed tasks: 596.
└ @ Main /work/vemundlu/FiberBundle/dataGenerator.jl:93
┌ LogLevel(-2): 63%, Active workers: 40, Completed tasks: 607.
└ @ Main /work/vemundlu/FiberBundle/dataGenerator.jl:93
┌ LogLevel(-2): 64%, Active workers: 40, Completed tasks: 616.
└ @ Main /work/vemundlu/FiberBundle/dataGenerator.jl:93
┌ LogLevel(-2): 65%, Active workers: 40, Completed tasks: 624.
└ @ Main /work/vemundlu/FiberBundle/dataGenerator.jl:93
┌ LogLevel(-2): 66%, Active workers: 40, Completed tasks: 639.
└ @ Main /work/vemundlu/FiberBundle/dataGenerator.jl:93
┌ LogLevel(-2): 67%, Active workers: 40, Completed tasks: 650.
└ @ Main /work/vemundlu/FiberBundle/dataGenerator.jl:93
┌ LogLevel(-2): 68%, Active workers: 40, Completed tasks: 655.
└ @ Main /work/vemundlu/FiberBundle/dataGenerator.jl:93
┌ LogLevel(-2): 69%, Active workers: 40, Completed tasks: 662.
└ @ Main /work/vemundlu/FiberBundle/dataGenerator.jl:93
┌ LogLevel(-2): 70%, Active workers: 40, Completed tasks: 682.
└ @ Main /work/vemundlu/FiberBundle/dataGenerator.jl:93
┌ LogLevel(-2): 71%, Active workers: 40, Completed tasks: 690.
└ @ Main /work/vemundlu/FiberBundle/dataGenerator.jl:93
┌ LogLevel(-2): 72%, Active workers: 40, Completed tasks: 695.
└ @ Main /work/vemundlu/FiberBundle/dataGenerator.jl:93
┌ LogLevel(-2): 73%, Active workers: 40, Completed tasks: 702.
└ @ Main /work/vemundlu/FiberBundle/dataGenerator.jl:93
┌ LogLevel(-2): 74%, Active workers: 40, Completed tasks: 720.
└ @ Main /work/vemundlu/FiberBundle/dataGenerator.jl:93
┌ LogLevel(-2): 75%, Active workers: 40, Completed tasks: 730.
└ @ Main /work/vemundlu/FiberBundle/dataGenerator.jl:93
┌ LogLevel(-2): 76%, Active workers: 40, Completed tasks: 734.
└ @ Main /work/vemundlu/FiberBundle/dataGenerator.jl:93
┌ LogLevel(-2): 77%, Active workers: 40, Completed tasks: 744.
└ @ Main /work/vemundlu/FiberBundle/dataGenerator.jl:93
┌ LogLevel(-2): 78%, Active workers: 40, Completed tasks: 761.
└ @ Main /work/vemundlu/FiberBundle/dataGenerator.jl:93
┌ LogLevel(-2): 79%, Active workers: 40, Completed tasks: 770.
└ @ Main /work/vemundlu/FiberBundle/dataGenerator.jl:93
┌ LogLevel(-2): 80%, Active workers: 40, Completed tasks: 773.
└ @ Main /work/vemundlu/FiberBundle/dataGenerator.jl:93
┌ LogLevel(-2): 81%, Active workers: 40, Completed tasks: 787.
└ @ Main /work/vemundlu/FiberBundle/dataGenerator.jl:93
┌ LogLevel(-2): 82%, Active workers: 40, Completed tasks: 799.
└ @ Main /work/vemundlu/FiberBundle/dataGenerator.jl:93
┌ LogLevel(-2): 83%, Active workers: 40, Completed tasks: 810.
└ @ Main /work/vemundlu/FiberBundle/dataGenerator.jl:93
┌ LogLevel(-2): 84%, Active workers: 40, Completed tasks: 814.
└ @ Main /work/vemundlu/FiberBundle/dataGenerator.jl:93
┌ LogLevel(-2): 85%, Active workers: 40, Completed tasks: 828.
└ @ Main /work/vemundlu/FiberBundle/dataGenerator.jl:93
┌ LogLevel(-2): 86%, Active workers: 40, Completed tasks: 836.
└ @ Main /work/vemundlu/FiberBundle/dataGenerator.jl:93
┌ LogLevel(-2): 87%, Active workers: 40, Completed tasks: 846.
└ @ Main /work/vemundlu/FiberBundle/dataGenerator.jl:93
┌ LogLevel(-2): 88%, Active workers: 40, Completed tasks: 858.
└ @ Main /work/vemundlu/FiberBundle/dataGenerator.jl:93
┌ LogLevel(-2): 89%, Active workers: 40, Completed tasks: 868.
└ @ Main /work/vemundlu/FiberBundle/dataGenerator.jl:93
┌ LogLevel(-2): 90%, Active workers: 40, Completed tasks: 875.
└ @ Main /work/vemundlu/FiberBundle/dataGenerator.jl:93
┌ LogLevel(-2): 91%, Active workers: 38, Completed tasks: 884.
└ @ Main /work/vemundlu/FiberBundle/dataGenerator.jl:93
┌ LogLevel(-2): 92%, Active workers: 30, Completed tasks: 904.
└ @ Main /work/vemundlu/FiberBundle/dataGenerator.jl:93
┌ LogLevel(-2): 93%, Active workers: 28, Completed tasks: 912.
└ @ Main /work/vemundlu/FiberBundle/dataGenerator.jl:93
┌ LogLevel(-2): 94%, Active workers: 27, Completed tasks: 923.
└ @ Main /work/vemundlu/FiberBundle/dataGenerator.jl:93
┌ LogLevel(-2): 95%, Active workers: 26, Completed tasks: 935.
└ @ Main /work/vemundlu/FiberBundle/dataGenerator.jl:93
┌ LogLevel(-2): 96%, Active workers: 24, Completed tasks: 945.
└ @ Main /work/vemundlu/FiberBundle/dataGenerator.jl:93
┌ LogLevel(-2): 97%, Active workers: 23, Completed tasks: 958.
└ @ Main /work/vemundlu/FiberBundle/dataGenerator.jl:93
┌ LogLevel(-2): 98%, Active workers: 23, Completed tasks: 964.
└ @ Main /work/vemundlu/FiberBundle/dataGenerator.jl:93
┌ LogLevel(-2): 99%, Active workers: 17, Completed tasks: 980.
└ @ Main /work/vemundlu/FiberBundle/dataGenerator.jl:93
┌ LogLevel(-2): 100%, Active workers: 0, Completed tasks: 1000.
└ @ Main /work/vemundlu/FiberBundle/dataGenerator.jl:97
┌ LogLevel(-2): Done!
└ @ Main /work/vemundlu/FiberBundle/dataGenerator.jl:143
┌ LogLevel(-2): Calculating averages... 
└ @ Main /work/vemundlu/FiberBundle/dataGenerator.jl:146
┌ LogLevel(-2): Done!
└ @ Main /work/vemundlu/FiberBundle/dataGenerator.jl:148
┌ LogLevel(-2): 2023-02-13T16:31:43.277: Starting a=2.0 dist=Uniform L=256 nr=CLS t=0.12
└ @ Main /work/vemundlu/FiberBundle/dataGenerator.jl:156
┌ LogLevel(-2): Searching for loose files... 
└ @ Main /work/vemundlu/FiberBundle/support/dataManager.jl:274
┌ LogLevel(-2): Running workers...
└ @ Main /work/vemundlu/FiberBundle/dataGenerator.jl:141
┌ LogLevel(-2): Starting work on a=2.0 dist=Uniform L=256 nr=CLS t=0.12
└ @ Main /work/vemundlu/FiberBundle/dataGenerator.jl:81
┌ LogLevel(-2): 0%, Active workers: 40, Completed tasks: 0.
└ @ Main /work/vemundlu/FiberBundle/dataGenerator.jl:93
┌ LogLevel(-2): 1%, Active workers: 40, Completed tasks: 0.
└ @ Main /work/vemundlu/FiberBundle/dataGenerator.jl:93
┌ LogLevel(-2): 2%, Active workers: 40, Completed tasks: 0.
└ @ Main /work/vemundlu/FiberBundle/dataGenerator.jl:93
┌ LogLevel(-2): 3%, Active workers: 40, Completed tasks: 0.
└ @ Main /work/vemundlu/FiberBundle/dataGenerator.jl:93
┌ LogLevel(-2): 4%, Active workers: 40, Completed tasks: 17.
└ @ Main /work/vemundlu/FiberBundle/dataGenerator.jl:93
┌ LogLevel(-2): 5%, Active workers: 40, Completed tasks: 40.
└ @ Main /work/vemundlu/FiberBundle/dataGenerator.jl:93
┌ LogLevel(-2): 6%, Active workers: 40, Completed tasks: 40.
└ @ Main /work/vemundlu/FiberBundle/dataGenerator.jl:93
┌ LogLevel(-2): 7%, Active workers: 40, Completed tasks: 40.
└ @ Main /work/vemundlu/FiberBundle/dataGenerator.jl:93
┌ LogLevel(-2): 8%, Active workers: 40, Completed tasks: 56.
└ @ Main /work/vemundlu/FiberBundle/dataGenerator.jl:93
┌ LogLevel(-2): 9%, Active workers: 40, Completed tasks: 80.
└ @ Main /work/vemundlu/FiberBundle/dataGenerator.jl:93
┌ LogLevel(-2): 10%, Active workers: 40, Completed tasks: 80.
└ @ Main /work/vemundlu/FiberBundle/dataGenerator.jl:93
┌ LogLevel(-2): 11%, Active workers: 40, Completed tasks: 80.
└ @ Main /work/vemundlu/FiberBundle/dataGenerator.jl:93
┌ LogLevel(-2): 12%, Active workers: 40, Completed tasks: 96.
└ @ Main /work/vemundlu/FiberBundle/dataGenerator.jl:93
┌ LogLevel(-2): 13%, Active workers: 40, Completed tasks: 120.
└ @ Main /work/vemundlu/FiberBundle/dataGenerator.jl:93
┌ LogLevel(-2): 14%, Active workers: 40, Completed tasks: 120.
└ @ Main /work/vemundlu/FiberBundle/dataGenerator.jl:93
┌ LogLevel(-2): 15%, Active workers: 40, Completed tasks: 120.
└ @ Main /work/vemundlu/FiberBundle/dataGenerator.jl:93
┌ LogLevel(-2): 16%, Active workers: 40, Completed tasks: 136.
└ @ Main /work/vemundlu/FiberBundle/dataGenerator.jl:93
┌ LogLevel(-2): 17%, Active workers: 40, Completed tasks: 160.
└ @ Main /work/vemundlu/FiberBundle/dataGenerator.jl:93
┌ LogLevel(-2): 18%, Active workers: 40, Completed tasks: 160.
└ @ Main /work/vemundlu/FiberBundle/dataGenerator.jl:93
┌ LogLevel(-2): 19%, Active workers: 40, Completed tasks: 160.
└ @ Main /work/vemundlu/FiberBundle/dataGenerator.jl:93
┌ LogLevel(-2): 20%, Active workers: 40, Completed tasks: 176.
└ @ Main /work/vemundlu/FiberBundle/dataGenerator.jl:93
┌ LogLevel(-2): 21%, Active workers: 40, Completed tasks: 199.
└ @ Main /work/vemundlu/FiberBundle/dataGenerator.jl:93
┌ LogLevel(-2): 22%, Active workers: 40, Completed tasks: 200.
└ @ Main /work/vemundlu/FiberBundle/dataGenerator.jl:93
┌ LogLevel(-2): 23%, Active workers: 40, Completed tasks: 201.
└ @ Main /work/vemundlu/FiberBundle/dataGenerator.jl:93
┌ LogLevel(-2): 24%, Active workers: 40, Completed tasks: 218.
└ @ Main /work/vemundlu/FiberBundle/dataGenerator.jl:93
┌ LogLevel(-2): 25%, Active workers: 40, Completed tasks: 238.
└ @ Main /work/vemundlu/FiberBundle/dataGenerator.jl:93
┌ LogLevel(-2): 26%, Active workers: 40, Completed tasks: 240.
└ @ Main /work/vemundlu/FiberBundle/dataGenerator.jl:93
┌ LogLevel(-2): 27%, Active workers: 40, Completed tasks: 241.
└ @ Main /work/vemundlu/FiberBundle/dataGenerator.jl:93
┌ LogLevel(-2): 28%, Active workers: 40, Completed tasks: 258.
└ @ Main /work/vemundlu/FiberBundle/dataGenerator.jl:93
┌ LogLevel(-2): 29%, Active workers: 40, Completed tasks: 277.
└ @ Main /work/vemundlu/FiberBundle/dataGenerator.jl:93
┌ LogLevel(-2): 30%, Active workers: 40, Completed tasks: 280.
└ @ Main /work/vemundlu/FiberBundle/dataGenerator.jl:93
┌ LogLevel(-2): 31%, Active workers: 40, Completed tasks: 281.
└ @ Main /work/vemundlu/FiberBundle/dataGenerator.jl:93
┌ LogLevel(-2): 32%, Active workers: 40, Completed tasks: 298.
└ @ Main /work/vemundlu/FiberBundle/dataGenerator.jl:93
┌ LogLevel(-2): 33%, Active workers: 40, Completed tasks: 317.
└ @ Main /work/vemundlu/FiberBundle/dataGenerator.jl:93
┌ LogLevel(-2): 34%, Active workers: 40, Completed tasks: 320.
└ @ Main /work/vemundlu/FiberBundle/dataGenerator.jl:93
┌ LogLevel(-2): 35%, Active workers: 40, Completed tasks: 323.
└ @ Main /work/vemundlu/FiberBundle/dataGenerator.jl:93
┌ LogLevel(-2): 36%, Active workers: 40, Completed tasks: 338.
└ @ Main /work/vemundlu/FiberBundle/dataGenerator.jl:93
┌ LogLevel(-2): 37%, Active workers: 40, Completed tasks: 356.
└ @ Main /work/vemundlu/FiberBundle/dataGenerator.jl:93
┌ LogLevel(-2): 38%, Active workers: 40, Completed tasks: 360.
└ @ Main /work/vemundlu/FiberBundle/dataGenerator.jl:93
┌ LogLevel(-2): 39%, Active workers: 40, Completed tasks: 363.
└ @ Main /work/vemundlu/FiberBundle/dataGenerator.jl:93
┌ LogLevel(-2): 40%, Active workers: 40, Completed tasks: 378.
└ @ Main /work/vemundlu/FiberBundle/dataGenerator.jl:93
┌ LogLevel(-2): 41%, Active workers: 40, Completed tasks: 395.
└ @ Main /work/vemundlu/FiberBundle/dataGenerator.jl:93
┌ LogLevel(-2): 42%, Active workers: 40, Completed tasks: 400.
└ @ Main /work/vemundlu/FiberBundle/dataGenerator.jl:93
┌ LogLevel(-2): 43%, Active workers: 40, Completed tasks: 404.
└ @ Main /work/vemundlu/FiberBundle/dataGenerator.jl:93
┌ LogLevel(-2): 44%, Active workers: 40, Completed tasks: 418.
└ @ Main /work/vemundlu/FiberBundle/dataGenerator.jl:93
┌ LogLevel(-2): 45%, Active workers: 40, Completed tasks: 434.
└ @ Main /work/vemundlu/FiberBundle/dataGenerator.jl:93
┌ LogLevel(-2): 46%, Active workers: 40, Completed tasks: 440.
└ @ Main /work/vemundlu/FiberBundle/dataGenerator.jl:93
┌ LogLevel(-2): 47%, Active workers: 40, Completed tasks: 445.
└ @ Main /work/vemundlu/FiberBundle/dataGenerator.jl:93
┌ LogLevel(-2): 48%, Active workers: 40, Completed tasks: 457.
└ @ Main /work/vemundlu/FiberBundle/dataGenerator.jl:93
┌ LogLevel(-2): 49%, Active workers: 40, Completed tasks: 473.
└ @ Main /work/vemundlu/FiberBundle/dataGenerator.jl:93
┌ LogLevel(-2): 50%, Active workers: 40, Completed tasks: 481.
└ @ Main /work/vemundlu/FiberBundle/dataGenerator.jl:93
┌ LogLevel(-2): 51%, Active workers: 40, Completed tasks: 487.
└ @ Main /work/vemundlu/FiberBundle/dataGenerator.jl:93
┌ LogLevel(-2): 52%, Active workers: 40, Completed tasks: 497.
└ @ Main /work/vemundlu/FiberBundle/dataGenerator.jl:93
┌ LogLevel(-2): 53%, Active workers: 40, Completed tasks: 512.
└ @ Main /work/vemundlu/FiberBundle/dataGenerator.jl:93
┌ LogLevel(-2): 54%, Active workers: 40, Completed tasks: 520.
└ @ Main /work/vemundlu/FiberBundle/dataGenerator.jl:93
┌ LogLevel(-2): 55%, Active workers: 40, Completed tasks: 528.
└ @ Main /work/vemundlu/FiberBundle/dataGenerator.jl:93
┌ LogLevel(-2): 56%, Active workers: 40, Completed tasks: 537.
└ @ Main /work/vemundlu/FiberBundle/dataGenerator.jl:93
┌ LogLevel(-2): 57%, Active workers: 40, Completed tasks: 553.
└ @ Main /work/vemundlu/FiberBundle/dataGenerator.jl:93
┌ LogLevel(-2): 58%, Active workers: 40, Completed tasks: 560.
└ @ Main /work/vemundlu/FiberBundle/dataGenerator.jl:93
┌ LogLevel(-2): 59%, Active workers: 40, Completed tasks: 571.
└ @ Main /work/vemundlu/FiberBundle/dataGenerator.jl:93
┌ LogLevel(-2): 60%, Active workers: 40, Completed tasks: 577.
└ @ Main /work/vemundlu/FiberBundle/dataGenerator.jl:93
┌ LogLevel(-2): 61%, Active workers: 40, Completed tasks: 593.
└ @ Main /work/vemundlu/FiberBundle/dataGenerator.jl:93
┌ LogLevel(-2): 62%, Active workers: 40, Completed tasks: 601.
└ @ Main /work/vemundlu/FiberBundle/dataGenerator.jl:93
┌ LogLevel(-2): 63%, Active workers: 40, Completed tasks: 611.
└ @ Main /work/vemundlu/FiberBundle/dataGenerator.jl:93
┌ LogLevel(-2): 64%, Active workers: 40, Completed tasks: 617.
└ @ Main /work/vemundlu/FiberBundle/dataGenerator.jl:93
┌ LogLevel(-2): 65%, Active workers: 40, Completed tasks: 634.
└ @ Main /work/vemundlu/FiberBundle/dataGenerator.jl:93
┌ LogLevel(-2): 66%, Active workers: 40, Completed tasks: 641.
└ @ Main /work/vemundlu/FiberBundle/dataGenerator.jl:93
┌ LogLevel(-2): 67%, Active workers: 40, Completed tasks: 650.
└ @ Main /work/vemundlu/FiberBundle/dataGenerator.jl:93
┌ LogLevel(-2): 68%, Active workers: 40, Completed tasks: 656.
└ @ Main /work/vemundlu/FiberBundle/dataGenerator.jl:93
┌ LogLevel(-2): 69%, Active workers: 40, Completed tasks: 674.
└ @ Main /work/vemundlu/FiberBundle/dataGenerator.jl:93
┌ LogLevel(-2): 70%, Active workers: 40, Completed tasks: 681.
└ @ Main /work/vemundlu/FiberBundle/dataGenerator.jl:93
┌ LogLevel(-2): 71%, Active workers: 40, Completed tasks: 691.
└ @ Main /work/vemundlu/FiberBundle/dataGenerator.jl:93
┌ LogLevel(-2): 72%, Active workers: 40, Completed tasks: 696.
└ @ Main /work/vemundlu/FiberBundle/dataGenerator.jl:93
┌ LogLevel(-2): 73%, Active workers: 40, Completed tasks: 714.
└ @ Main /work/vemundlu/FiberBundle/dataGenerator.jl:93
┌ LogLevel(-2): 74%, Active workers: 40, Completed tasks: 721.
└ @ Main /work/vemundlu/FiberBundle/dataGenerator.jl:93
┌ LogLevel(-2): 75%, Active workers: 40, Completed tasks: 730.
└ @ Main /work/vemundlu/FiberBundle/dataGenerator.jl:93
┌ LogLevel(-2): 76%, Active workers: 40, Completed tasks: 736.
└ @ Main /work/vemundlu/FiberBundle/dataGenerator.jl:93
┌ LogLevel(-2): 77%, Active workers: 40, Completed tasks: 755.
└ @ Main /work/vemundlu/FiberBundle/dataGenerator.jl:93
┌ LogLevel(-2): 78%, Active workers: 40, Completed tasks: 760.
└ @ Main /work/vemundlu/FiberBundle/dataGenerator.jl:93
┌ LogLevel(-2): 79%, Active workers: 40, Completed tasks: 770.
└ @ Main /work/vemundlu/FiberBundle/dataGenerator.jl:93
┌ LogLevel(-2): 80%, Active workers: 40, Completed tasks: 776.
└ @ Main /work/vemundlu/FiberBundle/dataGenerator.jl:93
┌ LogLevel(-2): 81%, Active workers: 40, Completed tasks: 794.
└ @ Main /work/vemundlu/FiberBundle/dataGenerator.jl:93
┌ LogLevel(-2): 82%, Active workers: 40, Completed tasks: 800.
└ @ Main /work/vemundlu/FiberBundle/dataGenerator.jl:93
┌ LogLevel(-2): 83%, Active workers: 40, Completed tasks: 810.
└ @ Main /work/vemundlu/FiberBundle/dataGenerator.jl:93
┌ LogLevel(-2): 84%, Active workers: 40, Completed tasks: 816.
└ @ Main /work/vemundlu/FiberBundle/dataGenerator.jl:93
┌ LogLevel(-2): 85%, Active workers: 40, Completed tasks: 834.
└ @ Main /work/vemundlu/FiberBundle/dataGenerator.jl:93
┌ LogLevel(-2): 86%, Active workers: 40, Completed tasks: 839.
└ @ Main /work/vemundlu/FiberBundle/dataGenerator.jl:93
┌ LogLevel(-2): 87%, Active workers: 40, Completed tasks: 851.
└ @ Main /work/vemundlu/FiberBundle/dataGenerator.jl:93
┌ LogLevel(-2): 88%, Active workers: 40, Completed tasks: 855.
└ @ Main /work/vemundlu/FiberBundle/dataGenerator.jl:93
┌ LogLevel(-2): 89%, Active workers: 40, Completed tasks: 874.
└ @ Main /work/vemundlu/FiberBundle/dataGenerator.jl:93
┌ LogLevel(-2): 90%, Active workers: 40, Completed tasks: 879.
└ @ Main /work/vemundlu/FiberBundle/dataGenerator.jl:93
┌ LogLevel(-2): 91%, Active workers: 40, Completed tasks: 891.
└ @ Main /work/vemundlu/FiberBundle/dataGenerator.jl:93
┌ LogLevel(-2): 92%, Active workers: 40, Completed tasks: 895.
└ @ Main /work/vemundlu/FiberBundle/dataGenerator.jl:93
┌ LogLevel(-2): 93%, Active workers: 40, Completed tasks: 914.
└ @ Main /work/vemundlu/FiberBundle/dataGenerator.jl:93
┌ LogLevel(-2): 94%, Active workers: 40, Completed tasks: 919.
└ @ Main /work/vemundlu/FiberBundle/dataGenerator.jl:93
┌ LogLevel(-2): 95%, Active workers: 40, Completed tasks: 931.
└ @ Main /work/vemundlu/FiberBundle/dataGenerator.jl:93
┌ LogLevel(-2): 96%, Active workers: 40, Completed tasks: 936.
└ @ Main /work/vemundlu/FiberBundle/dataGenerator.jl:93
┌ LogLevel(-2): 97%, Active workers: 40, Completed tasks: 953.
└ @ Main /work/vemundlu/FiberBundle/dataGenerator.jl:93
┌ LogLevel(-2): 98%, Active workers: 39, Completed tasks: 960.
└ @ Main /work/vemundlu/FiberBundle/dataGenerator.jl:93
┌ LogLevel(-2): 99%, Active workers: 26, Completed tasks: 974.
└ @ Main /work/vemundlu/FiberBundle/dataGenerator.jl:93
┌ LogLevel(-2): 100%, Active workers: 0, Completed tasks: 1000.
└ @ Main /work/vemundlu/FiberBundle/dataGenerator.jl:97
┌ LogLevel(-2): Done!
└ @ Main /work/vemundlu/FiberBundle/dataGenerator.jl:143
┌ LogLevel(-2): Calculating averages... 
└ @ Main /work/vemundlu/FiberBundle/dataGenerator.jl:146
┌ LogLevel(-2): Done!
└ @ Main /work/vemundlu/FiberBundle/dataGenerator.jl:148
┌ LogLevel(-2): 2023-02-13T23:29:57.085: Starting a=0.0 dist=Uniform L=256 nr=LLS t=0.14
└ @ Main /work/vemundlu/FiberBundle/dataGenerator.jl:156
┌ LogLevel(-2): Searching for loose files... 
└ @ Main /work/vemundlu/FiberBundle/support/dataManager.jl:274
┌ LogLevel(-2): Running workers...
└ @ Main /work/vemundlu/FiberBundle/dataGenerator.jl:141
┌ LogLevel(-2): Starting work on a=0.0 dist=Uniform L=256 nr=LLS t=0.14
└ @ Main /work/vemundlu/FiberBundle/dataGenerator.jl:81
┌ LogLevel(-2): 0%, Active workers: 40, Completed tasks: 0.
└ @ Main /work/vemundlu/FiberBundle/dataGenerator.jl:93
┌ LogLevel(-2): 1%, Active workers: 40, Completed tasks: 0.
└ @ Main /work/vemundlu/FiberBundle/dataGenerator.jl:93
┌ LogLevel(-2): 2%, Active workers: 40, Completed tasks: 0.
└ @ Main /work/vemundlu/FiberBundle/dataGenerator.jl:93
┌ LogLevel(-2): 3%, Active workers: 40, Completed tasks: 0.
└ @ Main /work/vemundlu/FiberBundle/dataGenerator.jl:93
┌ LogLevel(-2): 4%, Active workers: 40, Completed tasks: 16.
└ @ Main /work/vemundlu/FiberBundle/dataGenerator.jl:93
┌ LogLevel(-2): 5%, Active workers: 40, Completed tasks: 40.
└ @ Main /work/vemundlu/FiberBundle/dataGenerator.jl:93
┌ LogLevel(-2): 6%, Active workers: 40, Completed tasks: 40.
└ @ Main /work/vemundlu/FiberBundle/dataGenerator.jl:93
┌ LogLevel(-2): 7%, Active workers: 40, Completed tasks: 42.
└ @ Main /work/vemundlu/FiberBundle/dataGenerator.jl:93
┌ LogLevel(-2): 8%, Active workers: 40, Completed tasks: 56.
└ @ Main /work/vemundlu/FiberBundle/dataGenerator.jl:93
┌ LogLevel(-2): 9%, Active workers: 40, Completed tasks: 60.
└ @ Main /work/vemundlu/FiberBundle/dataGenerator.jl:93
┌ LogLevel(-2): 10%, Active workers: 40, Completed tasks: 80.
└ @ Main /work/vemundlu/FiberBundle/dataGenerator.jl:93
┌ LogLevel(-2): 11%, Active workers: 40, Completed tasks: 93.
└ @ Main /work/vemundlu/FiberBundle/dataGenerator.jl:93
┌ LogLevel(-2): 12%, Active workers: 40, Completed tasks: 95.
└ @ Main /work/vemundlu/FiberBundle/dataGenerator.jl:93
┌ LogLevel(-2): 13%, Active workers: 40, Completed tasks: 99.
└ @ Main /work/vemundlu/FiberBundle/dataGenerator.jl:93
┌ LogLevel(-2): 14%, Active workers: 40, Completed tasks: 129.
└ @ Main /work/vemundlu/FiberBundle/dataGenerator.jl:93
┌ LogLevel(-2): 15%, Active workers: 40, Completed tasks: 135.
└ @ Main /work/vemundlu/FiberBundle/dataGenerator.jl:93
┌ LogLevel(-2): 16%, Active workers: 40, Completed tasks: 137.
└ @ Main /work/vemundlu/FiberBundle/dataGenerator.jl:93
┌ LogLevel(-2): 17%, Active workers: 40, Completed tasks: 138.
└ @ Main /work/vemundlu/FiberBundle/dataGenerator.jl:93
┌ LogLevel(-2): 18%, Active workers: 40, Completed tasks: 154.
└ @ Main /work/vemundlu/FiberBundle/dataGenerator.jl:93
┌ LogLevel(-2): 19%, Active workers: 40, Completed tasks: 174.
└ @ Main /work/vemundlu/FiberBundle/dataGenerator.jl:93
┌ LogLevel(-2): 20%, Active workers: 40, Completed tasks: 177.
└ @ Main /work/vemundlu/FiberBundle/dataGenerator.jl:93
┌ LogLevel(-2): 21%, Active workers: 40, Completed tasks: 188.
└ @ Main /work/vemundlu/FiberBundle/dataGenerator.jl:93
┌ LogLevel(-2): 22%, Active workers: 40, Completed tasks: 194.
└ @ Main /work/vemundlu/FiberBundle/dataGenerator.jl:93
┌ LogLevel(-2): 23%, Active workers: 40, Completed tasks: 206.
└ @ Main /work/vemundlu/FiberBundle/dataGenerator.jl:93
┌ LogLevel(-2): 24%, Active workers: 40, Completed tasks: 223.
└ @ Main /work/vemundlu/FiberBundle/dataGenerator.jl:93
┌ LogLevel(-2): 25%, Active workers: 40, Completed tasks: 229.
└ @ Main /work/vemundlu/FiberBundle/dataGenerator.jl:93
┌ LogLevel(-2): 26%, Active workers: 40, Completed tasks: 234.
└ @ Main /work/vemundlu/FiberBundle/dataGenerator.jl:93
┌ LogLevel(-2): 27%, Active workers: 40, Completed tasks: 239.
└ @ Main /work/vemundlu/FiberBundle/dataGenerator.jl:93
┌ LogLevel(-2): 28%, Active workers: 40, Completed tasks: 265.
└ @ Main /work/vemundlu/FiberBundle/dataGenerator.jl:93
┌ LogLevel(-2): 29%, Active workers: 40, Completed tasks: 270.
└ @ Main /work/vemundlu/FiberBundle/dataGenerator.jl:93
┌ LogLevel(-2): 30%, Active workers: 40, Completed tasks: 275.
└ @ Main /work/vemundlu/FiberBundle/dataGenerator.jl:93
┌ LogLevel(-2): 31%, Active workers: 40, Completed tasks: 288.
└ @ Main /work/vemundlu/FiberBundle/dataGenerator.jl:93
┌ LogLevel(-2): 32%, Active workers: 40, Completed tasks: 293.
└ @ Main /work/vemundlu/FiberBundle/dataGenerator.jl:93
┌ LogLevel(-2): 33%, Active workers: 40, Completed tasks: 312.
└ @ Main /work/vemundlu/FiberBundle/dataGenerator.jl:93
┌ LogLevel(-2): 34%, Active workers: 40, Completed tasks: 316.
└ @ Main /work/vemundlu/FiberBundle/dataGenerator.jl:93
┌ LogLevel(-2): 35%, Active workers: 40, Completed tasks: 327.
└ @ Main /work/vemundlu/FiberBundle/dataGenerator.jl:93
┌ LogLevel(-2): 36%, Active workers: 40, Completed tasks: 333.
└ @ Main /work/vemundlu/FiberBundle/dataGenerator.jl:93
┌ LogLevel(-2): 37%, Active workers: 40, Completed tasks: 347.
└ @ Main /work/vemundlu/FiberBundle/dataGenerator.jl:93
┌ LogLevel(-2): 38%, Active workers: 40, Completed tasks: 363.
└ @ Main /work/vemundlu/FiberBundle/dataGenerator.jl:93
┌ LogLevel(-2): 39%, Active workers: 40, Completed tasks: 367.
└ @ Main /work/vemundlu/FiberBundle/dataGenerator.jl:93
┌ LogLevel(-2): 40%, Active workers: 40, Completed tasks: 373.
└ @ Main /work/vemundlu/FiberBundle/dataGenerator.jl:93
┌ LogLevel(-2): 41%, Active workers: 40, Completed tasks: 387.
└ @ Main /work/vemundlu/FiberBundle/dataGenerator.jl:93
┌ LogLevel(-2): 42%, Active workers: 40, Completed tasks: 404.
└ @ Main /work/vemundlu/FiberBundle/dataGenerator.jl:93
┌ LogLevel(-2): 43%, Active workers: 40, Completed tasks: 406.
└ @ Main /work/vemundlu/FiberBundle/dataGenerator.jl:93
┌ LogLevel(-2): 44%, Active workers: 40, Completed tasks: 413.
└ @ Main /work/vemundlu/FiberBundle/dataGenerator.jl:93
┌ LogLevel(-2): 45%, Active workers: 40, Completed tasks: 427.
└ @ Main /work/vemundlu/FiberBundle/dataGenerator.jl:93
┌ LogLevel(-2): 46%, Active workers: 40, Completed tasks: 441.
└ @ Main /work/vemundlu/FiberBundle/dataGenerator.jl:93
┌ LogLevel(-2): 47%, Active workers: 40, Completed tasks: 447.
└ @ Main /work/vemundlu/FiberBundle/dataGenerator.jl:93
┌ LogLevel(-2): 48%, Active workers: 40, Completed tasks: 460.
└ @ Main /work/vemundlu/FiberBundle/dataGenerator.jl:93
┌ LogLevel(-2): 49%, Active workers: 40, Completed tasks: 466.
└ @ Main /work/vemundlu/FiberBundle/dataGenerator.jl:93
┌ LogLevel(-2): 50%, Active workers: 40, Completed tasks: 472.
└ @ Main /work/vemundlu/FiberBundle/dataGenerator.jl:93
┌ LogLevel(-2): 51%, Active workers: 40, Completed tasks: 489.
└ @ Main /work/vemundlu/FiberBundle/dataGenerator.jl:93
┌ LogLevel(-2): 52%, Active workers: 40, Completed tasks: 501.
└ @ Main /work/vemundlu/FiberBundle/dataGenerator.jl:93
┌ LogLevel(-2): 53%, Active workers: 40, Completed tasks: 507.
└ @ Main /work/vemundlu/FiberBundle/dataGenerator.jl:93
┌ LogLevel(-2): 54%, Active workers: 40, Completed tasks: 512.
└ @ Main /work/vemundlu/FiberBundle/dataGenerator.jl:93
┌ LogLevel(-2): 55%, Active workers: 40, Completed tasks: 528.
└ @ Main /work/vemundlu/FiberBundle/dataGenerator.jl:93
┌ LogLevel(-2): 56%, Active workers: 40, Completed tasks: 540.
└ @ Main /work/vemundlu/FiberBundle/dataGenerator.jl:93
┌ LogLevel(-2): 57%, Active workers: 40, Completed tasks: 548.
└ @ Main /work/vemundlu/FiberBundle/dataGenerator.jl:93
┌ LogLevel(-2): 58%, Active workers: 40, Completed tasks: 555.
└ @ Main /work/vemundlu/FiberBundle/dataGenerator.jl:93
┌ LogLevel(-2): 59%, Active workers: 40, Completed tasks: 565.
└ @ Main /work/vemundlu/FiberBundle/dataGenerator.jl:93
┌ LogLevel(-2): 60%, Active workers: 40, Completed tasks: 579.
└ @ Main /work/vemundlu/FiberBundle/dataGenerator.jl:93
┌ LogLevel(-2): 61%, Active workers: 40, Completed tasks: 587.
└ @ Main /work/vemundlu/FiberBundle/dataGenerator.jl:93
┌ LogLevel(-2): 62%, Active workers: 40, Completed tasks: 600.
└ @ Main /work/vemundlu/FiberBundle/dataGenerator.jl:93
┌ LogLevel(-2): 63%, Active workers: 40, Completed tasks: 604.
└ @ Main /work/vemundlu/FiberBundle/dataGenerator.jl:93
┌ LogLevel(-2): 64%, Active workers: 40, Completed tasks: 612.
└ @ Main /work/vemundlu/FiberBundle/dataGenerator.jl:93
┌ LogLevel(-2): 65%, Active workers: 40, Completed tasks: 631.
└ @ Main /work/vemundlu/FiberBundle/dataGenerator.jl:93
┌ LogLevel(-2): 66%, Active workers: 40, Completed tasks: 639.
└ @ Main /work/vemundlu/FiberBundle/dataGenerator.jl:93
┌ LogLevel(-2): 67%, Active workers: 40, Completed tasks: 645.
└ @ Main /work/vemundlu/FiberBundle/dataGenerator.jl:93
┌ LogLevel(-2): 68%, Active workers: 40, Completed tasks: 654.
└ @ Main /work/vemundlu/FiberBundle/dataGenerator.jl:93
┌ LogLevel(-2): 69%, Active workers: 40, Completed tasks: 672.
└ @ Main /work/vemundlu/FiberBundle/dataGenerator.jl:93
┌ LogLevel(-2): 70%, Active workers: 40, Completed tasks: 679.
└ @ Main /work/vemundlu/FiberBundle/dataGenerator.jl:93
┌ LogLevel(-2): 71%, Active workers: 40, Completed tasks: 684.
└ @ Main /work/vemundlu/FiberBundle/dataGenerator.jl:93
┌ LogLevel(-2): 72%, Active workers: 40, Completed tasks: 697.
└ @ Main /work/vemundlu/FiberBundle/dataGenerator.jl:93
┌ LogLevel(-2): 73%, Active workers: 40, Completed tasks: 705.
└ @ Main /work/vemundlu/FiberBundle/dataGenerator.jl:93
┌ LogLevel(-2): 74%, Active workers: 40, Completed tasks: 720.
└ @ Main /work/vemundlu/FiberBundle/dataGenerator.jl:93
┌ LogLevel(-2): 75%, Active workers: 40, Completed tasks: 725.
└ @ Main /work/vemundlu/FiberBundle/dataGenerator.jl:93
┌ LogLevel(-2): 76%, Active workers: 40, Completed tasks: 738.
└ @ Main /work/vemundlu/FiberBundle/dataGenerator.jl:93
┌ LogLevel(-2): 77%, Active workers: 40, Completed tasks: 746.
└ @ Main /work/vemundlu/FiberBundle/dataGenerator.jl:93
┌ LogLevel(-2): 78%, Active workers: 40, Completed tasks: 757.
└ @ Main /work/vemundlu/FiberBundle/dataGenerator.jl:93
┌ LogLevel(-2): 79%, Active workers: 40, Completed tasks: 770.
└ @ Main /work/vemundlu/FiberBundle/dataGenerator.jl:93
┌ LogLevel(-2): 80%, Active workers: 40, Completed tasks: 777.
└ @ Main /work/vemundlu/FiberBundle/dataGenerator.jl:93
┌ LogLevel(-2): 81%, Active workers: 40, Completed tasks: 784.
└ @ Main /work/vemundlu/FiberBundle/dataGenerator.jl:93
┌ LogLevel(-2): 82%, Active workers: 40, Completed tasks: 793.
└ @ Main /work/vemundlu/FiberBundle/dataGenerator.jl:93
┌ LogLevel(-2): 83%, Active workers: 40, Completed tasks: 813.
└ @ Main /work/vemundlu/FiberBundle/dataGenerator.jl:93
┌ LogLevel(-2): 84%, Active workers: 40, Completed tasks: 819.
└ @ Main /work/vemundlu/FiberBundle/dataGenerator.jl:93
┌ LogLevel(-2): 85%, Active workers: 40, Completed tasks: 824.
└ @ Main /work/vemundlu/FiberBundle/dataGenerator.jl:93
┌ LogLevel(-2): 86%, Active workers: 31, Completed tasks: 840.
└ @ Main /work/vemundlu/FiberBundle/dataGenerator.jl:93
┌ LogLevel(-2): 87%, Active workers: 31, Completed tasks: 857.
└ @ Main /work/vemundlu/FiberBundle/dataGenerator.jl:93
┌ LogLevel(-2): 88%, Active workers: 31, Completed tasks: 862.
└ @ Main /work/vemundlu/FiberBundle/dataGenerator.jl:93
┌ LogLevel(-2): 89%, Active workers: 30, Completed tasks: 870.
└ @ Main /work/vemundlu/FiberBundle/dataGenerator.jl:93
┌ LogLevel(-2): 90%, Active workers: 28, Completed tasks: 886.
└ @ Main /work/vemundlu/FiberBundle/dataGenerator.jl:93
┌ LogLevel(-2): 91%, Active workers: 28, Completed tasks: 894.
└ @ Main /work/vemundlu/FiberBundle/dataGenerator.jl:93
┌ LogLevel(-2): 92%, Active workers: 28, Completed tasks: 901.
└ @ Main /work/vemundlu/FiberBundle/dataGenerator.jl:93
┌ LogLevel(-2): 93%, Active workers: 27, Completed tasks: 917.
└ @ Main /work/vemundlu/FiberBundle/dataGenerator.jl:93
┌ LogLevel(-2): 94%, Active workers: 25, Completed tasks: 924.
└ @ Main /work/vemundlu/FiberBundle/dataGenerator.jl:93
┌ LogLevel(-2): 95%, Active workers: 23, Completed tasks: 935.
└ @ Main /work/vemundlu/FiberBundle/dataGenerator.jl:93
┌ LogLevel(-2): 96%, Active workers: 21, Completed tasks: 948.
└ @ Main /work/vemundlu/FiberBundle/dataGenerator.jl:93
┌ LogLevel(-2): 97%, Active workers: 18, Completed tasks: 958.
└ @ Main /work/vemundlu/FiberBundle/dataGenerator.jl:93
┌ LogLevel(-2): 98%, Active workers: 15, Completed tasks: 971.
└ @ Main /work/vemundlu/FiberBundle/dataGenerator.jl:93
┌ LogLevel(-2): 99%, Active workers: 15, Completed tasks: 982.
└ @ Main /work/vemundlu/FiberBundle/dataGenerator.jl:93
┌ LogLevel(-2): 100%, Active workers: 0, Completed tasks: 1000.
└ @ Main /work/vemundlu/FiberBundle/dataGenerator.jl:97
┌ LogLevel(-2): Done!
└ @ Main /work/vemundlu/FiberBundle/dataGenerator.jl:143
┌ LogLevel(-2): Calculating averages... 
└ @ Main /work/vemundlu/FiberBundle/dataGenerator.jl:146
┌ LogLevel(-2): Done!
└ @ Main /work/vemundlu/FiberBundle/dataGenerator.jl:148
┌ LogLevel(-2): 2023-02-14T04:46:16.014: Starting a=2.0 dist=Uniform L=256 nr=CLS t=0.14
└ @ Main /work/vemundlu/FiberBundle/dataGenerator.jl:156
┌ LogLevel(-2): Searching for loose files... 
└ @ Main /work/vemundlu/FiberBundle/support/dataManager.jl:274
┌ LogLevel(-2): Running workers...
└ @ Main /work/vemundlu/FiberBundle/dataGenerator.jl:141
┌ LogLevel(-2): Starting work on a=2.0 dist=Uniform L=256 nr=CLS t=0.14
└ @ Main /work/vemundlu/FiberBundle/dataGenerator.jl:81
┌ LogLevel(-2): 0%, Active workers: 40, Completed tasks: 0.
└ @ Main /work/vemundlu/FiberBundle/dataGenerator.jl:93
┌ LogLevel(-2): 1%, Active workers: 40, Completed tasks: 0.
└ @ Main /work/vemundlu/FiberBundle/dataGenerator.jl:93
┌ LogLevel(-2): 2%, Active workers: 40, Completed tasks: 0.
└ @ Main /work/vemundlu/FiberBundle/dataGenerator.jl:93
┌ LogLevel(-2): 3%, Active workers: 40, Completed tasks: 0.
└ @ Main /work/vemundlu/FiberBundle/dataGenerator.jl:93
┌ LogLevel(-2): 4%, Active workers: 40, Completed tasks: 19.
└ @ Main /work/vemundlu/FiberBundle/dataGenerator.jl:93
┌ LogLevel(-2): 5%, Active workers: 40, Completed tasks: 40.
└ @ Main /work/vemundlu/FiberBundle/dataGenerator.jl:93
┌ LogLevel(-2): 6%, Active workers: 40, Completed tasks: 40.
└ @ Main /work/vemundlu/FiberBundle/dataGenerator.jl:93
┌ LogLevel(-2): 7%, Active workers: 40, Completed tasks: 40.
└ @ Main /work/vemundlu/FiberBundle/dataGenerator.jl:93
┌ LogLevel(-2): 8%, Active workers: 40, Completed tasks: 58.
└ @ Main /work/vemundlu/FiberBundle/dataGenerator.jl:93
┌ LogLevel(-2): 9%, Active workers: 40, Completed tasks: 79.
└ @ Main /work/vemundlu/FiberBundle/dataGenerator.jl:93
┌ LogLevel(-2): 10%, Active workers: 40, Completed tasks: 80.
└ @ Main /work/vemundlu/FiberBundle/dataGenerator.jl:93
┌ LogLevel(-2): 11%, Active workers: 40, Completed tasks: 89.
└ @ Main /work/vemundlu/FiberBundle/dataGenerator.jl:93
┌ LogLevel(-2): 12%, Active workers: 40, Completed tasks: 99.
└ @ Main /work/vemundlu/FiberBundle/dataGenerator.jl:93
┌ LogLevel(-2): 13%, Active workers: 40, Completed tasks: 102.
└ @ Main /work/vemundlu/FiberBundle/dataGenerator.jl:93
┌ LogLevel(-2): 14%, Active workers: 40, Completed tasks: 120.
└ @ Main /work/vemundlu/FiberBundle/dataGenerator.jl:93
┌ LogLevel(-2): 15%, Active workers: 40, Completed tasks: 135.
└ @ Main /work/vemundlu/FiberBundle/dataGenerator.jl:93
┌ LogLevel(-2): 16%, Active workers: 40, Completed tasks: 139.
└ @ Main /work/vemundlu/FiberBundle/dataGenerator.jl:93
┌ LogLevel(-2): 17%, Active workers: 40, Completed tasks: 140.
└ @ Main /work/vemundlu/FiberBundle/dataGenerator.jl:93
┌ LogLevel(-2): 18%, Active workers: 40, Completed tasks: 161.
└ @ Main /work/vemundlu/FiberBundle/dataGenerator.jl:93
┌ LogLevel(-2): 19%, Active workers: 40, Completed tasks: 178.
└ @ Main /work/vemundlu/FiberBundle/dataGenerator.jl:93
┌ LogLevel(-2): 20%, Active workers: 40, Completed tasks: 179.
└ @ Main /work/vemundlu/FiberBundle/dataGenerator.jl:93
┌ LogLevel(-2): 21%, Active workers: 40, Completed tasks: 179.
└ @ Main /work/vemundlu/FiberBundle/dataGenerator.jl:93
┌ LogLevel(-2): 22%, Active workers: 40, Completed tasks: 202.
└ @ Main /work/vemundlu/FiberBundle/dataGenerator.jl:93
┌ LogLevel(-2): 23%, Active workers: 40, Completed tasks: 219.
└ @ Main /work/vemundlu/FiberBundle/dataGenerator.jl:93
┌ LogLevel(-2): 24%, Active workers: 40, Completed tasks: 219.
└ @ Main /work/vemundlu/FiberBundle/dataGenerator.jl:93
┌ LogLevel(-2): 25%, Active workers: 40, Completed tasks: 219.
└ @ Main /work/vemundlu/FiberBundle/dataGenerator.jl:93
┌ LogLevel(-2): 26%, Active workers: 40, Completed tasks: 240.
└ @ Main /work/vemundlu/FiberBundle/dataGenerator.jl:93
┌ LogLevel(-2): 27%, Active workers: 40, Completed tasks: 259.
└ @ Main /work/vemundlu/FiberBundle/dataGenerator.jl:93
┌ LogLevel(-2): 28%, Active workers: 40, Completed tasks: 259.
└ @ Main /work/vemundlu/FiberBundle/dataGenerator.jl:93
┌ LogLevel(-2): 29%, Active workers: 40, Completed tasks: 262.
└ @ Main /work/vemundlu/FiberBundle/dataGenerator.jl:93
┌ LogLevel(-2): 30%, Active workers: 40, Completed tasks: 277.
└ @ Main /work/vemundlu/FiberBundle/dataGenerator.jl:93
┌ LogLevel(-2): 31%, Active workers: 40, Completed tasks: 295.
└ @ Main /work/vemundlu/FiberBundle/dataGenerator.jl:93
┌ LogLevel(-2): 32%, Active workers: 40, Completed tasks: 299.
└ @ Main /work/vemundlu/FiberBundle/dataGenerator.jl:93
┌ LogLevel(-2): 33%, Active workers: 40, Completed tasks: 309.
└ @ Main /work/vemundlu/FiberBundle/dataGenerator.jl:93
┌ LogLevel(-2): 34%, Active workers: 40, Completed tasks: 318.
└ @ Main /work/vemundlu/FiberBundle/dataGenerator.jl:93
┌ LogLevel(-2): 35%, Active workers: 40, Completed tasks: 327.
└ @ Main /work/vemundlu/FiberBundle/dataGenerator.jl:93
┌ LogLevel(-2): 36%, Active workers: 40, Completed tasks: 340.
└ @ Main /work/vemundlu/FiberBundle/dataGenerator.jl:93
┌ LogLevel(-2): 37%, Active workers: 40, Completed tasks: 355.
└ @ Main /work/vemundlu/FiberBundle/dataGenerator.jl:93
┌ LogLevel(-2): 38%, Active workers: 40, Completed tasks: 358.
└ @ Main /work/vemundlu/FiberBundle/dataGenerator.jl:93
┌ LogLevel(-2): 39%, Active workers: 40, Completed tasks: 362.
└ @ Main /work/vemundlu/FiberBundle/dataGenerator.jl:93
┌ LogLevel(-2): 40%, Active workers: 40, Completed tasks: 380.
└ @ Main /work/vemundlu/FiberBundle/dataGenerator.jl:93
┌ LogLevel(-2): 41%, Active workers: 40, Completed tasks: 397.
└ @ Main /work/vemundlu/FiberBundle/dataGenerator.jl:93
┌ LogLevel(-2): 42%, Active workers: 40, Completed tasks: 398.
└ @ Main /work/vemundlu/FiberBundle/dataGenerator.jl:93
┌ LogLevel(-2): 43%, Active workers: 40, Completed tasks: 399.
└ @ Main /work/vemundlu/FiberBundle/dataGenerator.jl:93
┌ LogLevel(-2): 44%, Active workers: 40, Completed tasks: 422.
└ @ Main /work/vemundlu/FiberBundle/dataGenerator.jl:93
┌ LogLevel(-2): 45%, Active workers: 40, Completed tasks: 437.
└ @ Main /work/vemundlu/FiberBundle/dataGenerator.jl:93
┌ LogLevel(-2): 46%, Active workers: 40, Completed tasks: 438.
└ @ Main /work/vemundlu/FiberBundle/dataGenerator.jl:93
┌ LogLevel(-2): 47%, Active workers: 40, Completed tasks: 441.
└ @ Main /work/vemundlu/FiberBundle/dataGenerator.jl:93
┌ LogLevel(-2): 48%, Active workers: 40, Completed tasks: 461.
└ @ Main /work/vemundlu/FiberBundle/dataGenerator.jl:93
┌ LogLevel(-2): 49%, Active workers: 40, Completed tasks: 476.
└ @ Main /work/vemundlu/FiberBundle/dataGenerator.jl:93
┌ LogLevel(-2): 50%, Active workers: 40, Completed tasks: 478.
└ @ Main /work/vemundlu/FiberBundle/dataGenerator.jl:93
┌ LogLevel(-2): 51%, Active workers: 40, Completed tasks: 484.
└ @ Main /work/vemundlu/FiberBundle/dataGenerator.jl:93
┌ LogLevel(-2): 52%, Active workers: 40, Completed tasks: 499.
└ @ Main /work/vemundlu/FiberBundle/dataGenerator.jl:93
┌ LogLevel(-2): 53%, Active workers: 40, Completed tasks: 514.
└ @ Main /work/vemundlu/FiberBundle/dataGenerator.jl:93
┌ LogLevel(-2): 54%, Active workers: 40, Completed tasks: 518.
└ @ Main /work/vemundlu/FiberBundle/dataGenerator.jl:93
┌ LogLevel(-2): 55%, Active workers: 40, Completed tasks: 530.
└ @ Main /work/vemundlu/FiberBundle/dataGenerator.jl:93
┌ LogLevel(-2): 56%, Active workers: 40, Completed tasks: 537.
└ @ Main /work/vemundlu/FiberBundle/dataGenerator.jl:93
┌ LogLevel(-2): 57%, Active workers: 40, Completed tasks: 548.
└ @ Main /work/vemundlu/FiberBundle/dataGenerator.jl:93
┌ LogLevel(-2): 58%, Active workers: 40, Completed tasks: 560.
└ @ Main /work/vemundlu/FiberBundle/dataGenerator.jl:93
┌ LogLevel(-2): 59%, Active workers: 40, Completed tasks: 572.
└ @ Main /work/vemundlu/FiberBundle/dataGenerator.jl:93
┌ LogLevel(-2): 60%, Active workers: 40, Completed tasks: 577.
└ @ Main /work/vemundlu/FiberBundle/dataGenerator.jl:93
┌ LogLevel(-2): 61%, Active workers: 40, Completed tasks: 584.
└ @ Main /work/vemundlu/FiberBundle/dataGenerator.jl:93
┌ LogLevel(-2): 62%, Active workers: 40, Completed tasks: 601.
└ @ Main /work/vemundlu/FiberBundle/dataGenerator.jl:93
┌ LogLevel(-2): 63%, Active workers: 40, Completed tasks: 615.
└ @ Main /work/vemundlu/FiberBundle/dataGenerator.jl:93
┌ LogLevel(-2): 64%, Active workers: 40, Completed tasks: 616.
└ @ Main /work/vemundlu/FiberBundle/dataGenerator.jl:93
┌ LogLevel(-2): 65%, Active workers: 40, Completed tasks: 622.
└ @ Main /work/vemundlu/FiberBundle/dataGenerator.jl:93
┌ LogLevel(-2): 66%, Active workers: 40, Completed tasks: 644.
└ @ Main /work/vemundlu/FiberBundle/dataGenerator.jl:93
┌ LogLevel(-2): 67%, Active workers: 40, Completed tasks: 655.
└ @ Main /work/vemundlu/FiberBundle/dataGenerator.jl:93
┌ LogLevel(-2): 68%, Active workers: 40, Completed tasks: 656.
└ @ Main /work/vemundlu/FiberBundle/dataGenerator.jl:93
┌ LogLevel(-2): 69%, Active workers: 40, Completed tasks: 664.
└ @ Main /work/vemundlu/FiberBundle/dataGenerator.jl:93
┌ LogLevel(-2): 70%, Active workers: 40, Completed tasks: 680.
└ @ Main /work/vemundlu/FiberBundle/dataGenerator.jl:93
┌ LogLevel(-2): 71%, Active workers: 40, Completed tasks: 694.
└ @ Main /work/vemundlu/FiberBundle/dataGenerator.jl:93
┌ LogLevel(-2): 72%, Active workers: 40, Completed tasks: 697.
└ @ Main /work/vemundlu/FiberBundle/dataGenerator.jl:93
┌ LogLevel(-2): 73%, Active workers: 40, Completed tasks: 705.
└ @ Main /work/vemundlu/FiberBundle/dataGenerator.jl:93
┌ LogLevel(-2): 74%, Active workers: 40, Completed tasks: 718.
└ @ Main /work/vemundlu/FiberBundle/dataGenerator.jl:93
┌ LogLevel(-2): 75%, Active workers: 40, Completed tasks: 732.
└ @ Main /work/vemundlu/FiberBundle/dataGenerator.jl:93
┌ LogLevel(-2): 76%, Active workers: 40, Completed tasks: 737.
└ @ Main /work/vemundlu/FiberBundle/dataGenerator.jl:93
┌ LogLevel(-2): 77%, Active workers: 40, Completed tasks: 752.
└ @ Main /work/vemundlu/FiberBundle/dataGenerator.jl:93
┌ LogLevel(-2): 78%, Active workers: 40, Completed tasks: 758.
└ @ Main /work/vemundlu/FiberBundle/dataGenerator.jl:93
┌ LogLevel(-2): 79%, Active workers: 40, Completed tasks: 767.
└ @ Main /work/vemundlu/FiberBundle/dataGenerator.jl:93
┌ LogLevel(-2): 80%, Active workers: 40, Completed tasks: 780.
└ @ Main /work/vemundlu/FiberBundle/dataGenerator.jl:93
┌ LogLevel(-2): 81%, Active workers: 40, Completed tasks: 793.
└ @ Main /work/vemundlu/FiberBundle/dataGenerator.jl:93
┌ LogLevel(-2): 82%, Active workers: 40, Completed tasks: 797.
└ @ Main /work/vemundlu/FiberBundle/dataGenerator.jl:93
┌ LogLevel(-2): 83%, Active workers: 40, Completed tasks: 804.
└ @ Main /work/vemundlu/FiberBundle/dataGenerator.jl:93
┌ LogLevel(-2): 84%, Active workers: 40, Completed tasks: 824.
└ @ Main /work/vemundlu/FiberBundle/dataGenerator.jl:93
┌ LogLevel(-2): 85%, Active workers: 40, Completed tasks: 833.
└ @ Main /work/vemundlu/FiberBundle/dataGenerator.jl:93
┌ LogLevel(-2): 86%, Active workers: 40, Completed tasks: 836.
└ @ Main /work/vemundlu/FiberBundle/dataGenerator.jl:93
┌ LogLevel(-2): 87%, Active workers: 40, Completed tasks: 843.
└ @ Main /work/vemundlu/FiberBundle/dataGenerator.jl:93
┌ LogLevel(-2): 88%, Active workers: 40, Completed tasks: 866.
└ @ Main /work/vemundlu/FiberBundle/dataGenerator.jl:93
┌ LogLevel(-2): 89%, Active workers: 40, Completed tasks: 873.
└ @ Main /work/vemundlu/FiberBundle/dataGenerator.jl:93
┌ LogLevel(-2): 90%, Active workers: 40, Completed tasks: 876.
└ @ Main /work/vemundlu/FiberBundle/dataGenerator.jl:93
┌ LogLevel(-2): 91%, Active workers: 36, Completed tasks: 884.
└ @ Main /work/vemundlu/FiberBundle/dataGenerator.jl:93
┌ LogLevel(-2): 92%, Active workers: 24, Completed tasks: 911.
└ @ Main /work/vemundlu/FiberBundle/dataGenerator.jl:93
┌ LogLevel(-2): 93%, Active workers: 24, Completed tasks: 917.
└ @ Main /work/vemundlu/FiberBundle/dataGenerator.jl:93
┌ LogLevel(-2): 94%, Active workers: 23, Completed tasks: 928.
└ @ Main /work/vemundlu/FiberBundle/dataGenerator.jl:93
┌ LogLevel(-2): 95%, Active workers: 22, Completed tasks: 939.
└ @ Main /work/vemundlu/FiberBundle/dataGenerator.jl:93
┌ LogLevel(-2): 96%, Active workers: 20, Completed tasks: 945.
└ @ Main /work/vemundlu/FiberBundle/dataGenerator.jl:93
┌ LogLevel(-2): 97%, Active workers: 20, Completed tasks: 961.
└ @ Main /work/vemundlu/FiberBundle/dataGenerator.jl:93
┌ LogLevel(-2): 98%, Active workers: 20, Completed tasks: 965.
└ @ Main /work/vemundlu/FiberBundle/dataGenerator.jl:93
┌ LogLevel(-2): 99%, Active workers: 18, Completed tasks: 982.
└ @ Main /work/vemundlu/FiberBundle/dataGenerator.jl:93
┌ LogLevel(-2): 100%, Active workers: 0, Completed tasks: 1000.
└ @ Main /work/vemundlu/FiberBundle/dataGenerator.jl:97
┌ LogLevel(-2): Done!
└ @ Main /work/vemundlu/FiberBundle/dataGenerator.jl:143
┌ LogLevel(-2): Calculating averages... 
└ @ Main /work/vemundlu/FiberBundle/dataGenerator.jl:146
┌ LogLevel(-2): Done!
└ @ Main /work/vemundlu/FiberBundle/dataGenerator.jl:148
┌ LogLevel(-2): 2023-02-14T11:28:11.448: Starting a=0.0 dist=Uniform L=256 nr=LLS t=0.16
└ @ Main /work/vemundlu/FiberBundle/dataGenerator.jl:156
┌ LogLevel(-2): Searching for loose files... 
└ @ Main /work/vemundlu/FiberBundle/support/dataManager.jl:274
┌ LogLevel(-2): Running workers...
└ @ Main /work/vemundlu/FiberBundle/dataGenerator.jl:141
┌ LogLevel(-2): Starting work on a=0.0 dist=Uniform L=256 nr=LLS t=0.16
└ @ Main /work/vemundlu/FiberBundle/dataGenerator.jl:81
┌ LogLevel(-2): 0%, Active workers: 40, Completed tasks: 0.
└ @ Main /work/vemundlu/FiberBundle/dataGenerator.jl:93
┌ LogLevel(-2): 1%, Active workers: 40, Completed tasks: 0.
└ @ Main /work/vemundlu/FiberBundle/dataGenerator.jl:93
┌ LogLevel(-2): 2%, Active workers: 40, Completed tasks: 0.
└ @ Main /work/vemundlu/FiberBundle/dataGenerator.jl:93
┌ LogLevel(-2): 3%, Active workers: 40, Completed tasks: 0.
└ @ Main /work/vemundlu/FiberBundle/dataGenerator.jl:93
┌ LogLevel(-2): 4%, Active workers: 40, Completed tasks: 19.
└ @ Main /work/vemundlu/FiberBundle/dataGenerator.jl:93
┌ LogLevel(-2): 5%, Active workers: 40, Completed tasks: 40.
└ @ Main /work/vemundlu/FiberBundle/dataGenerator.jl:93
┌ LogLevel(-2): 6%, Active workers: 40, Completed tasks: 40.
└ @ Main /work/vemundlu/FiberBundle/dataGenerator.jl:93
┌ LogLevel(-2): 7%, Active workers: 40, Completed tasks: 40.
└ @ Main /work/vemundlu/FiberBundle/dataGenerator.jl:93
┌ LogLevel(-2): 8%, Active workers: 40, Completed tasks: 57.
└ @ Main /work/vemundlu/FiberBundle/dataGenerator.jl:93
┌ LogLevel(-2): 9%, Active workers: 40, Completed tasks: 69.
└ @ Main /work/vemundlu/FiberBundle/dataGenerator.jl:93
┌ LogLevel(-2): 10%, Active workers: 40, Completed tasks: 80.
└ @ Main /work/vemundlu/FiberBundle/dataGenerator.jl:93
┌ LogLevel(-2): 11%, Active workers: 40, Completed tasks: 91.
└ @ Main /work/vemundlu/FiberBundle/dataGenerator.jl:93
┌ LogLevel(-2): 12%, Active workers: 40, Completed tasks: 98.
└ @ Main /work/vemundlu/FiberBundle/dataGenerator.jl:93
┌ LogLevel(-2): 13%, Active workers: 40, Completed tasks: 100.
└ @ Main /work/vemundlu/FiberBundle/dataGenerator.jl:93
┌ LogLevel(-2): 14%, Active workers: 40, Completed tasks: 120.
└ @ Main /work/vemundlu/FiberBundle/dataGenerator.jl:93
┌ LogLevel(-2): 15%, Active workers: 40, Completed tasks: 136.
└ @ Main /work/vemundlu/FiberBundle/dataGenerator.jl:93
┌ LogLevel(-2): 16%, Active workers: 40, Completed tasks: 138.
└ @ Main /work/vemundlu/FiberBundle/dataGenerator.jl:93
┌ LogLevel(-2): 17%, Active workers: 40, Completed tasks: 139.
└ @ Main /work/vemundlu/FiberBundle/dataGenerator.jl:93
┌ LogLevel(-2): 18%, Active workers: 40, Completed tasks: 163.
└ @ Main /work/vemundlu/FiberBundle/dataGenerator.jl:93
┌ LogLevel(-2): 19%, Active workers: 40, Completed tasks: 177.
└ @ Main /work/vemundlu/FiberBundle/dataGenerator.jl:93
┌ LogLevel(-2): 20%, Active workers: 40, Completed tasks: 178.
└ @ Main /work/vemundlu/FiberBundle/dataGenerator.jl:93
┌ LogLevel(-2): 21%, Active workers: 40, Completed tasks: 179.
└ @ Main /work/vemundlu/FiberBundle/dataGenerator.jl:93
┌ LogLevel(-2): 22%, Active workers: 40, Completed tasks: 196.
└ @ Main /work/vemundlu/FiberBundle/dataGenerator.jl:93
┌ LogLevel(-2): 23%, Active workers: 40, Completed tasks: 216.
└ @ Main /work/vemundlu/FiberBundle/dataGenerator.jl:93
┌ LogLevel(-2): 24%, Active workers: 40, Completed tasks: 219.
└ @ Main /work/vemundlu/FiberBundle/dataGenerator.jl:93
┌ LogLevel(-2): 25%, Active workers: 40, Completed tasks: 224.
└ @ Main /work/vemundlu/FiberBundle/dataGenerator.jl:93
┌ LogLevel(-2): 26%, Active workers: 40, Completed tasks: 236.
└ @ Main /work/vemundlu/FiberBundle/dataGenerator.jl:93
┌ LogLevel(-2): 27%, Active workers: 40, Completed tasks: 245.
└ @ Main /work/vemundlu/FiberBundle/dataGenerator.jl:93
┌ LogLevel(-2): 28%, Active workers: 40, Completed tasks: 258.
└ @ Main /work/vemundlu/FiberBundle/dataGenerator.jl:93
┌ LogLevel(-2): 29%, Active workers: 40, Completed tasks: 274.
└ @ Main /work/vemundlu/FiberBundle/dataGenerator.jl:93
┌ LogLevel(-2): 30%, Active workers: 40, Completed tasks: 276.
└ @ Main /work/vemundlu/FiberBundle/dataGenerator.jl:93
┌ LogLevel(-2): 31%, Active workers: 40, Completed tasks: 281.
└ @ Main /work/vemundlu/FiberBundle/dataGenerator.jl:93
┌ LogLevel(-2): 32%, Active workers: 40, Completed tasks: 299.
└ @ Main /work/vemundlu/FiberBundle/dataGenerator.jl:93
┌ LogLevel(-2): 33%, Active workers: 40, Completed tasks: 316.
└ @ Main /work/vemundlu/FiberBundle/dataGenerator.jl:93
┌ LogLevel(-2): 34%, Active workers: 40, Completed tasks: 316.
└ @ Main /work/vemundlu/FiberBundle/dataGenerator.jl:93
┌ LogLevel(-2): 35%, Active workers: 40, Completed tasks: 317.
└ @ Main /work/vemundlu/FiberBundle/dataGenerator.jl:93
┌ LogLevel(-2): 36%, Active workers: 40, Completed tasks: 342.
└ @ Main /work/vemundlu/FiberBundle/dataGenerator.jl:93
┌ LogLevel(-2): 37%, Active workers: 40, Completed tasks: 356.
└ @ Main /work/vemundlu/FiberBundle/dataGenerator.jl:93
┌ LogLevel(-2): 38%, Active workers: 40, Completed tasks: 357.
└ @ Main /work/vemundlu/FiberBundle/dataGenerator.jl:93
┌ LogLevel(-2): 39%, Active workers: 40, Completed tasks: 359.
└ @ Main /work/vemundlu/FiberBundle/dataGenerator.jl:93
┌ LogLevel(-2): 40%, Active workers: 40, Completed tasks: 374.
└ @ Main /work/vemundlu/FiberBundle/dataGenerator.jl:93
┌ LogLevel(-2): 41%, Active workers: 40, Completed tasks: 393.
└ @ Main /work/vemundlu/FiberBundle/dataGenerator.jl:93
┌ LogLevel(-2): 42%, Active workers: 40, Completed tasks: 397.
└ @ Main /work/vemundlu/FiberBundle/dataGenerator.jl:93
┌ LogLevel(-2): 43%, Active workers: 40, Completed tasks: 411.
└ @ Main /work/vemundlu/FiberBundle/dataGenerator.jl:93
┌ LogLevel(-2): 44%, Active workers: 40, Completed tasks: 414.
└ @ Main /work/vemundlu/FiberBundle/dataGenerator.jl:93
┌ LogLevel(-2): 45%, Active workers: 40, Completed tasks: 426.
└ @ Main /work/vemundlu/FiberBundle/dataGenerator.jl:93
┌ LogLevel(-2): 46%, Active workers: 40, Completed tasks: 438.
└ @ Main /work/vemundlu/FiberBundle/dataGenerator.jl:93
┌ LogLevel(-2): 47%, Active workers: 40, Completed tasks: 453.
└ @ Main /work/vemundlu/FiberBundle/dataGenerator.jl:93
┌ LogLevel(-2): 48%, Active workers: 40, Completed tasks: 454.
└ @ Main /work/vemundlu/FiberBundle/dataGenerator.jl:93
┌ LogLevel(-2): 49%, Active workers: 40, Completed tasks: 456.
└ @ Main /work/vemundlu/FiberBundle/dataGenerator.jl:93
┌ LogLevel(-2): 50%, Active workers: 40, Completed tasks: 488.
└ @ Main /work/vemundlu/FiberBundle/dataGenerator.jl:93
┌ LogLevel(-2): 51%, Active workers: 40, Completed tasks: 494.
└ @ Main /work/vemundlu/FiberBundle/dataGenerator.jl:93
┌ LogLevel(-2): 52%, Active workers: 40, Completed tasks: 495.
└ @ Main /work/vemundlu/FiberBundle/dataGenerator.jl:93
┌ LogLevel(-2): 53%, Active workers: 40, Completed tasks: 496.
└ @ Main /work/vemundlu/FiberBundle/dataGenerator.jl:93
┌ LogLevel(-2): 54%, Active workers: 40, Completed tasks: 519.
└ @ Main /work/vemundlu/FiberBundle/dataGenerator.jl:93
┌ LogLevel(-2): 55%, Active workers: 40, Completed tasks: 534.
└ @ Main /work/vemundlu/FiberBundle/dataGenerator.jl:93
┌ LogLevel(-2): 56%, Active workers: 40, Completed tasks: 535.
└ @ Main /work/vemundlu/FiberBundle/dataGenerator.jl:93
┌ LogLevel(-2): 57%, Active workers: 40, Completed tasks: 547.
└ @ Main /work/vemundlu/FiberBundle/dataGenerator.jl:93
