
------------------------------ /usr/local/etc/eb -------------------------------
   ADF/2019.304-intelmpi             foss/2020b
   Anaconda3/2020.11                 foss/2021a
   Eigen/3.3.7                       foss/2021b
   GCC/8.2.0-2.31.1                  foss/2022.05             (D)
   GCC/8.3.0                         fosscuda/2019b
   GCC/9.3.0                         gcccuda/2019b
   GCC/10.2.0                        gomkl/2020b
   GCC/10.3.0                        gomkl/2021a              (D)
   GCC/11.2.0                        gompic/2019b
   GCC/11.3.0               (D)      imkl/2021.4.0
   Java/11.0.2              (11)     imkl/2022.1.0            (D)
   Julia/1.6.1-linux-x86_64          intel/2021b
   Julia/1.6.4-linux-x86_64          intel/2022.05            (D)
   Julia/1.7.2-linux-x86_64 (L,D)    intel-compilers/2021.1.2
   PGI/19.10-GCC-8.3.0-2.32          intel-compilers/2021.2.0
   foss/2019a                        intel-compilers/2021.4.0
   foss/2019b                        intel-compilers/2022.1.0 (D)
   foss/2020a                        pkg-config/0.29.2

-------------------------- /share/apps/eb/modules/all --------------------------
   EasyBuild/4.3.2    EasyBuild/4.4.2    EasyBuild/4.5.5
   EasyBuild/4.4.0    EasyBuild/4.5.1    EasyBuild/4.6.1 (D)

----------------------- /usr/share/lmod/lmod/modulefiles -----------------------
   Core/lmod/6.6    Core/settarg/6.6

--------------------------- /share/apps/modulefiles ----------------------------
   comsol/5.4    eb/use.eb (L)    fluent/19.2    matlab/2019b

  Where:
   D:  Default Module
   L:  Module is loaded

Use "module spider" to find all possible modules.
Use "module keyword key1 key2 ..." to search for all possible modules matching
any of the "keys".

