┌ Warning: rmprocs: process 1 not removed
└ @ Distributed /buildworker/worker/package_linux64/build/usr/share/julia/stdlib/v1.7/Distributed/src/cluster.jl:1045
┌ LogLevel(-1): Starting 40 workers... 
└ @ Main /work/vemundlu/FiberBundle/generateData.jl:59
┌ LogLevel(-1): Running settings: 
│  Any[128], 
│  Any[0.0, 0.02, 0.04, 0.06, 0.08, 0.1, 0.12, 0.14, 0.16, 0.18, 0.2], 
│  Any[2.0]
└ @ Main /work/vemundlu/FiberBundle/generateData.jl:63
┌ LogLevel(-2): 2023-01-04T16:26:53.228: Starting a=2.0 dist=Uniform L=128 nr=CLS t=0.0
└ @ Main /work/vemundlu/FiberBundle/dataGenerator.jl:161
┌ LogLevel(-2): Searching for loose files... 
└ @ Main /work/vemundlu/FiberBundle/support/dataManager.jl:273
┌ LogLevel(-2): Running workers...
└ @ Main /work/vemundlu/FiberBundle/dataGenerator.jl:146
┌ LogLevel(-2): Starting work on a=2.0 dist=Uniform L=128 nr=CLS t=0.0
└ @ Main /work/vemundlu/FiberBundle/dataGenerator.jl:86
┌ LogLevel(-2): 0%, Active workers: 40, Completed tasks: 0.
└ @ Main /work/vemundlu/FiberBundle/dataGenerator.jl:98
┌ LogLevel(-2): 1%, Active workers: 40, Completed tasks: 0.
└ @ Main /work/vemundlu/FiberBundle/dataGenerator.jl:98
┌ LogLevel(-2): 2%, Active workers: 40, Completed tasks: 0.
└ @ Main /work/vemundlu/FiberBundle/dataGenerator.jl:98
┌ LogLevel(-2): 3%, Active workers: 40, Completed tasks: 27.
└ @ Main /work/vemundlu/FiberBundle/dataGenerator.jl:98
┌ LogLevel(-2): 4%, Active workers: 40, Completed tasks: 49.
└ @ Main /work/vemundlu/FiberBundle/dataGenerator.jl:98
┌ LogLevel(-2): 5%, Active workers: 40, Completed tasks: 68.
└ @ Main /work/vemundlu/FiberBundle/dataGenerator.jl:98
┌ LogLevel(-2): 6%, Active workers: 40, Completed tasks: 88.
└ @ Main /work/vemundlu/FiberBundle/dataGenerator.jl:98
┌ LogLevel(-2): 7%, Active workers: 40, Completed tasks: 113.
└ @ Main /work/vemundlu/FiberBundle/dataGenerator.jl:98
┌ LogLevel(-2): 8%, Active workers: 40, Completed tasks: 129.
└ @ Main /work/vemundlu/FiberBundle/dataGenerator.jl:98
┌ LogLevel(-2): 9%, Active workers: 40, Completed tasks: 144.
└ @ Main /work/vemundlu/FiberBundle/dataGenerator.jl:98
slurmstepd-compute-13: error: *** JOB 908609 ON compute-13 CANCELLED AT 2023-01-04T17:26:36 ***

signal (15): Terminated
in expression starting at /work/vemundlu/FiberBundle/generateData.jl:54
pthread_cond_wait at /lib/x86_64-linux-gnu/libpthread.so.0 (unknown line)
uv_cond_wait at /workspace/srcdir/libuv/src/unix/thread.c:847
jl_task_get_next at /buildworker/worker/package_linux64/build/src/partr.c:517
poptask at ./task.jl:827
wait at ./task.jl:836
task_done_hook at ./task.jl:544
_jl_invoke at /buildworker/worker/package_linux64/build/src/gf.c:2247 [inlined]
jl_apply_generic at /buildworker/worker/package_linux64/build/src/gf.c:2429
jl_apply at /buildworker/worker/package_linux64/build/src/julia.h:1788 [inlined]
jl_finish_task at /buildworker/worker/package_linux64/build/src/task.c:218
start_task at /buildworker/worker/package_linux64/build/src/task.c:888
unknown function (ip: (nil))
pthread_cond_wait at /lib/x86_64-linux-gnu/libpthread.so.0 (unknown line)
uv_cond_wait at /workspace/srcdir/libuv/src/unix/thread.c:847
jl_task_get_next at /buildworker/worker/package_linux64/build/src/partr.c:517
poptask at ./task.jl:827
wait at ./task.jl:836
task_done_hook at ./task.jl:544
_jl_invoke at /buildworker/worker/package_linux64/build/src/gf.c:2247 [inlined]
jl_apply_generic at /buildworker/worker/package_linux64/build/src/gf.c:2429
jl_apply at /buildworker/worker/package_linux64/build/src/julia.h:1788 [inlined]
jl_finish_task at /buildworker/worker/package_linux64/build/src/task.c:218
start_task at /buildworker/worker/package_linux64/build/src/task.c:888
unknown function (ip: (nil))
pthread_cond_wait at /lib/x86_64-linux-gnu/libpthread.so.0 (unknown line)
uv_cond_wait at /workspace/srcdir/libuv/src/unix/thread.c:847
jl_task_get_next at /buildworker/worker/package_linux64/build/src/partr.c:517
poptask at ./task.jl:827
wait at ./task.jl:836
task_done_hook at ./task.jl:544
_jl_invoke at /buildworker/worker/package_linux64/build/src/gf.c:2247 [inlined]
jl_apply_generic at /buildworker/worker/package_linux64/build/src/gf.c:2429
jl_apply at /buildworker/worker/package_linux64/build/src/julia.h:1788 [inlined]
jl_finish_task at /buildworker/worker/package_linux64/build/src/task.c:218
start_task at /buildworker/worker/package_linux64/build/src/task.c:888
unknown function (ip: (nil))
pthread_cond_wait at /lib/x86_64-linux-gnu/libpthread.so.0 (unknown line)
uv_cond_wait at /workspace/srcdir/libuv/src/unix/thread.c:847
jl_task_get_next at /buildworker/worker/package_linux64/build/src/partr.c:517
poptask at ./task.jl:827
wait at ./task.jl:836
task_done_hook at ./task.jl:544
_jl_invoke at /buildworker/worker/package_linux64/build/src/gf.c:2247 [inlined]
jl_apply_generic at /buildworker/worker/package_linux64/build/src/gf.c:2429
jl_apply at /buildworker/worker/package_linux64/build/src/julia.h:1788 [inlined]
jl_finish_task at /buildworker/worker/package_linux64/build/src/task.c:218
start_task at /buildworker/worker/package_linux64/build/src/task.c:888
unknown function (ip: (nil))
pthread_cond_wait at /lib/x86_64-linux-gnu/libpthread.so.0 (unknown line)
uv_cond_wait at /workspace/srcdir/libuv/src/unix/thread.c:847
jl_task_get_next at /buildworker/worker/package_linux64/build/src/partr.c:517
poptask at ./task.jl:827
wait at ./task.jl:836
task_done_hook at ./task.jl:544
_jl_invoke at /buildworker/worker/package_linux64/build/src/gf.c:2247 [inlined]
jl_apply_generic at /buildworker/worker/package_linux64/build/src/gf.c:2429
jl_apply at /buildworker/worker/package_linux64/build/src/julia.h:1788 [inlined]
jl_finish_task at /buildworker/worker/package_linux64/build/src/task.c:218
start_task at /buildworker/worker/package_linux64/build/src/task.c:888
unknown function (ip: (nil))
pthread_cond_wait at /lib/x86_64-linux-gnu/libpthread.so.0 (unknown line)
uv_cond_wait at /workspace/srcdir/libuv/src/unix/thread.c:847
jl_task_get_next at /buildworker/worker/package_linux64/build/src/partr.c:517
poptask at ./task.jl:827
wait at ./task.jl:836
task_done_hook at ./task.jl:544
_jl_invoke at /buildworker/worker/package_linux64/build/src/gf.c:2247 [inlined]
jl_apply_generic at /buildworker/worker/package_linux64/build/src/gf.c:2429
jl_apply at /buildworker/worker/package_linux64/build/src/julia.h:1788 [inlined]
jl_finish_task at /buildworker/worker/package_linux64/build/src/task.c:218
start_task at /buildworker/worker/package_linux64/build/src/task.c:888
unknown function (ip: (nil))
pthread_cond_wait at /lib/x86_64-linux-gnu/libpthread.so.0 (unknown line)
uv_cond_wait at /workspace/srcdir/libuv/src/unix/thread.c:847
jl_task_get_next at /buildworker/worker/package_linux64/build/src/partr.c:517
poptask at ./task.jl:827
wait at ./task.jl:836
task_done_hook at ./task.jl:544
_jl_invoke at /buildworker/worker/package_linux64/build/src/gf.c:2247 [inlined]
jl_apply_generic at /buildworker/worker/package_linux64/build/src/gf.c:2429
jl_apply at /buildworker/worker/package_linux64/build/src/julia.h:1788 [inlined]
jl_finish_task at /buildworker/worker/package_linux64/build/src/task.c:218
start_task at /buildworker/worker/package_linux64/build/src/task.c:888
unknown function (ip: (nil))
pthread_cond_wait at /lib/x86_64-linux-gnu/libpthread.so.0 (unknown line)
uv_cond_wait at /workspace/srcdir/libuv/src/unix/thread.c:847
jl_task_get_next at /buildworker/worker/package_linux64/build/src/partr.c:517
poptask at ./task.jl:827
wait at ./task.jl:836
task_done_hook at ./task.jl:544
_jl_invoke at /buildworker/worker/package_linux64/build/src/gf.c:2247 [inlined]
jl_apply_generic at /buildworker/worker/package_linux64/build/src/gf.c:2429
jl_apply at /buildworker/worker/package_linux64/build/src/julia.h:1788 [inlined]
jl_finish_task at /buildworker/worker/package_linux64/build/src/task.c:218
start_task at /buildworker/worker/package_linux64/build/src/task.c:888
unknown function (ip: (nil))
pthread_cond_wait at /lib/x86_64-linux-gnu/libpthread.so.0 (unknown line)
uv_cond_wait at /workspace/srcdir/libuv/src/unix/thread.c:847
jl_task_get_next at /buildworker/worker/package_linux64/build/src/partr.c:517
poptask at ./task.jl:827
wait at ./task.jl:836
task_done_hook at ./task.jl:544
_jl_invoke at /buildworker/worker/package_linux64/build/src/gf.c:2247 [inlined]
jl_apply_generic at /buildworker/worker/package_linux64/build/src/gf.c:2429
jl_apply at /buildworker/worker/package_linux64/build/src/julia.h:1788 [inlined]
jl_finish_task at /buildworker/worker/package_linux64/build/src/task.c:218
start_task at /buildworker/worker/package_linux64/build/src/task.c:888
unknown function (ip: (nil))
pthread_cond_wait at /lib/x86_64-linux-gnu/libpthread.so.0 (unknown line)
uv_cond_wait at /workspace/srcdir/libuv/src/unix/thread.c:847
jl_task_get_next at /buildworker/worker/package_linux64/build/src/partr.c:517
poptask at ./task.jl:827
wait at ./task.jl:836
task_done_hook at ./task.jl:544
_jl_invoke at /buildworker/worker/package_linux64/build/src/gf.c:2247 [inlined]
jl_apply_generic at /buildworker/worker/package_linux64/build/src/gf.c:2429
jl_apply at /buildworker/worker/package_linux64/build/src/julia.h:1788 [inlined]
jl_finish_task at /buildworker/worker/package_linux64/build/src/task.c:218
start_task at /buildworker/worker/package_linux64/build/src/task.c:888
unknown function (ip: (nil))
pthread_cond_wait at /lib/x86_64-linux-gnu/libpthread.so.0 (unknown line)
uv_cond_wait at /workspace/srcdir/libuv/src/unix/thread.c:847
jl_task_get_next at /buildworker/worker/package_linux64/build/src/partr.c:517
poptask at ./task.jl:827
wait at ./task.jl:836
task_done_hook at ./task.jl:544
_jl_invoke at /buildworker/worker/package_linux64/build/src/gf.c:2247 [inlined]
jl_apply_generic at /buildworker/worker/package_linux64/build/src/gf.c:2429
jl_apply at /buildworker/worker/package_linux64/build/src/julia.h:1788 [inlined]
jl_finish_task at /buildworker/worker/package_linux64/build/src/task.c:218
start_task at /buildworker/worker/package_linux64/build/src/task.c:888
unknown function (ip: (nil))
pthread_cond_wait at /lib/x86_64-linux-gnu/libpthread.so.0 (unknown line)
uv_cond_wait at /workspace/srcdir/libuv/src/unix/thread.c:847
jl_task_get_next at /buildworker/worker/package_linux64/build/src/partr.c:517
poptask at ./task.jl:827
wait at ./task.jl:836
task_done_hook at ./task.jl:544
_jl_invoke at /buildworker/worker/package_linux64/build/src/gf.c:2247 [inlined]
jl_apply_generic at /buildworker/worker/package_linux64/build/src/gf.c:2429
jl_apply at /buildworker/worker/package_linux64/build/src/julia.h:1788 [inlined]
jl_finish_task at /buildworker/worker/package_linux64/build/src/task.c:218
start_task at /buildworker/worker/package_linux64/build/src/task.c:888
unknown function (ip: (nil))
pthread_cond_wait at /lib/x86_64-linux-gnu/libpthread.so.0 (unknown line)
uv_cond_wait at /workspace/srcdir/libuv/src/unix/thread.c:847
jl_task_get_next at /buildworker/worker/package_linux64/build/src/partr.c:517
poptask at ./task.jl:827
wait at ./task.jl:836
task_done_hook at ./task.jl:544
_jl_invoke at /buildworker/worker/package_linux64/build/src/gf.c:2247 [inlined]
jl_apply_generic at /buildworker/worker/package_linux64/build/src/gf.c:2429
jl_apply at /buildworker/worker/package_linux64/build/src/julia.h:1788 [inlined]
jl_finish_task at /buildworker/worker/package_linux64/build/src/task.c:218
start_task at /buildworker/worker/package_linux64/build/src/task.c:888
unknown function (ip: (nil))
pthread_cond_wait at /lib/x86_64-linux-gnu/libpthread.so.0 (unknown line)
uv_cond_wait at /workspace/srcdir/libuv/src/unix/thread.c:847
jl_task_get_next at /buildworker/worker/package_linux64/build/src/partr.c:517
poptask at ./task.jl:827
wait at ./task.jl:836
task_done_hook at ./task.jl:544
_jl_invoke at /buildworker/worker/package_linux64/build/src/gf.c:2247 [inlined]
jl_apply_generic at /buildworker/worker/package_linux64/build/src/gf.c:2429
jl_apply at /buildworker/worker/package_linux64/build/src/julia.h:1788 [inlined]
jl_finish_task at /buildworker/worker/package_linux64/build/src/task.c:218
start_task at /buildworker/worker/package_linux64/build/src/task.c:888
unknown function (ip: (nil))
pthread_cond_wait at /lib/x86_64-linux-gnu/libpthread.so.0 (unknown line)
uv_cond_wait at /workspace/srcdir/libuv/src/unix/thread.c:847
jl_task_get_next at /buildworker/worker/package_linux64/build/src/partr.c:517
poptask at ./task.jl:827
wait at ./task.jl:836
task_done_hook at ./task.jl:544
_jl_invoke at /buildworker/worker/package_linux64/build/src/gf.c:2247 [inlined]
jl_apply_generic at /buildworker/worker/package_linux64/build/src/gf.c:2429
jl_apply at /buildworker/worker/package_linux64/build/src/julia.h:1788 [inlined]
jl_finish_task at /buildworker/worker/package_linux64/build/src/task.c:218
start_task at /buildworker/worker/package_linux64/build/src/task.c:888
unknown function (ip: (nil))
pthread_cond_wait at /lib/x86_64-linux-gnu/libpthread.so.0 (unknown line)
uv_cond_wait at /workspace/srcdir/libuv/src/unix/thread.c:847
jl_task_get_next at /buildworker/worker/package_linux64/build/src/partr.c:517
poptask at ./task.jl:827
wait at ./task.jl:836
task_done_hook at ./task.jl:544
_jl_invoke at /buildworker/worker/package_linux64/build/src/gf.c:2247 [inlined]
jl_apply_generic at /buildworker/worker/package_linux64/build/src/gf.c:2429
jl_apply at /buildworker/worker/package_linux64/build/src/julia.h:1788 [inlined]
jl_finish_task at /buildworker/worker/package_linux64/build/src/task.c:218
start_task at /buildworker/worker/package_linux64/build/src/task.c:888
unknown function (ip: (nil))
pthread_cond_wait at /lib/x86_64-linux-gnu/libpthread.so.0 (unknown line)
uv_cond_wait at /workspace/srcdir/libuv/src/unix/thread.c:847
jl_task_get_next at /buildworker/worker/package_linux64/build/src/partr.c:517
poptask at ./task.jl:827
wait at ./task.jl:836
task_done_hook at ./task.jl:544
_jl_invoke at /buildworker/worker/package_linux64/build/src/gf.c:2247 [inlined]
jl_apply_generic at /buildworker/worker/package_linux64/build/src/gf.c:2429
jl_apply at /buildworker/worker/package_linux64/build/src/julia.h:1788 [inlined]
jl_finish_task at /buildworker/worker/package_linux64/build/src/task.c:218
start_task at /buildworker/worker/package_linux64/build/src/task.c:888
unknown function (ip: (nil))
pthread_cond_wait at /lib/x86_64-linux-gnu/libpthread.so.0 (unknown line)
uv_cond_wait at /workspace/srcdir/libuv/src/unix/thread.c:847
jl_task_get_next at /buildworker/worker/package_linux64/build/src/partr.c:517
poptask at ./task.jl:827
wait at ./task.jl:836
task_done_hook at ./task.jl:544
_jl_invoke at /buildworker/worker/package_linux64/build/src/gf.c:2247 [inlined]
jl_apply_generic at /buildworker/worker/package_linux64/build/src/gf.c:2429
jl_apply at /buildworker/worker/package_linux64/build/src/julia.h:1788 [inlined]
jl_finish_task at /buildworker/worker/package_linux64/build/src/task.c:218
start_task at /buildworker/worker/package_linux64/build/src/task.c:888
unknown function (ip: (nil))
pthread_cond_wait at /lib/x86_64-linux-gnu/libpthread.so.0 (unknown line)
uv_cond_wait at /workspace/srcdir/libuv/src/unix/thread.c:847
jl_task_get_next at /buildworker/worker/package_linux64/build/src/partr.c:517
poptask at ./task.jl:827
wait at ./task.jl:836
task_done_hook at ./task.jl:544
_jl_invoke at /buildworker/worker/package_linux64/build/src/gf.c:2247 [inlined]
jl_apply_generic at /buildworker/worker/package_linux64/build/src/gf.c:2429
jl_apply at /buildworker/worker/package_linux64/build/src/julia.h:1788 [inlined]
jl_finish_task at /buildworker/worker/package_linux64/build/src/task.c:218
start_task at /buildworker/worker/package_linux64/build/src/task.c:888
unknown function (ip: (nil))
pthread_cond_wait at /lib/x86_64-linux-gnu/libpthread.so.0 (unknown line)
uv_cond_wait at /workspace/srcdir/libuv/src/unix/thread.c:847
jl_task_get_next at /buildworker/worker/package_linux64/build/src/partr.c:517
poptask at ./task.jl:827
wait at ./task.jl:836
task_done_hook at ./task.jl:544
_jl_invoke at /buildworker/worker/package_linux64/build/src/gf.c:2247 [inlined]
jl_apply_generic at /buildworker/worker/package_linux64/build/src/gf.c:2429
jl_apply at /buildworker/worker/package_linux64/build/src/julia.h:1788 [inlined]
jl_finish_task at /buildworker/worker/package_linux64/build/src/task.c:218
start_task at /buildworker/worker/package_linux64/build/src/task.c:888
unknown function (ip: (nil))
pthread_cond_wait at /lib/x86_64-linux-gnu/libpthread.so.0 (unknown line)
uv_cond_wait at /workspace/srcdir/libuv/src/unix/thread.c:847
jl_task_get_next at /buildworker/worker/package_linux64/build/src/partr.c:517
poptask at ./task.jl:827
wait at ./task.jl:836
task_done_hook at ./task.jl:544
_jl_invoke at /buildworker/worker/package_linux64/build/src/gf.c:2247 [inlined]
jl_apply_generic at /buildworker/worker/package_linux64/build/src/gf.c:2429
jl_apply at /buildworker/worker/package_linux64/build/src/julia.h:1788 [inlined]
jl_finish_task at /buildworker/worker/package_linux64/build/src/task.c:218
start_task at /buildworker/worker/package_linux64/build/src/task.c:888
unknown function (ip: (nil))
pthread_cond_wait at /lib/x86_64-linux-gnu/libpthread.so.0 (unknown line)
uv_cond_wait at /workspace/srcdir/libuv/src/unix/thread.c:847
jl_task_get_next at /buildworker/worker/package_linux64/build/src/partr.c:517
poptask at ./task.jl:827
wait at ./task.jl:836
task_done_hook at ./task.jl:544
_jl_invoke at /buildworker/worker/package_linux64/build/src/gf.c:2247 [inlined]
jl_apply_generic at /buildworker/worker/package_linux64/build/src/gf.c:2429
jl_apply at /buildworker/worker/package_linux64/build/src/julia.h:1788 [inlined]
jl_finish_task at /buildworker/worker/package_linux64/build/src/task.c:218
start_task at /buildworker/worker/package_linux64/build/src/task.c:888
unknown function (ip: (nil))
pthread_cond_wait at /lib/x86_64-linux-gnu/libpthread.so.0 (unknown line)
uv_cond_wait at /workspace/srcdir/libuv/src/unix/thread.c:847
jl_task_get_next at /buildworker/worker/package_linux64/build/src/partr.c:517
poptask at ./task.jl:827
wait at ./task.jl:836
task_done_hook at ./task.jl:544
_jl_invoke at /buildworker/worker/package_linux64/build/src/gf.c:2247 [inlined]
jl_apply_generic at /buildworker/worker/package_linux64/build/src/gf.c:2429
jl_apply at /buildworker/worker/package_linux64/build/src/julia.h:1788 [inlined]
jl_finish_task at /buildworker/worker/package_linux64/build/src/task.c:218
start_task at /buildworker/worker/package_linux64/build/src/task.c:888
unknown function (ip: (nil))
pthread_cond_wait at /lib/x86_64-linux-gnu/libpthread.so.0 (unknown line)
uv_cond_wait at /workspace/srcdir/libuv/src/unix/thread.c:847
jl_task_get_next at /buildworker/worker/package_linux64/build/src/partr.c:517
poptask at ./task.jl:827
wait at ./task.jl:836
task_done_hook at ./task.jl:544
_jl_invoke at /buildworker/worker/package_linux64/build/src/gf.c:2247 [inlined]
jl_apply_generic at /buildworker/worker/package_linux64/build/src/gf.c:2429
jl_apply at /buildworker/worker/package_linux64/build/src/julia.h:1788 [inlined]
jl_finish_task at /buildworker/worker/package_linux64/build/src/task.c:218
start_task at /buildworker/worker/package_linux64/build/src/task.c:888
unknown function (ip: (nil))
pthread_cond_wait at /lib/x86_64-linux-gnu/libpthread.so.0 (unknown line)
uv_cond_wait at /workspace/srcdir/libuv/src/unix/thread.c:847
jl_task_get_next at /buildworker/worker/package_linux64/build/src/partr.c:517
poptask at ./task.jl:827
