ERROR: LoadError: UndefRefError: access to undefined reference
Stacktrace:
  [1] getproperty
    @ ./Base.jl:42 [inlined]
  [2] getindex
    @ ~/.julia/packages/JLD2/ryhNR/src/JLD2.jl:461 [inlined]
  [3] (::var"#240#241"{UnitRange{Int64}})(existing_data::JLD2.JLDFile{JLD2.MmapIO})
    @ Main /work/vemundlu/FiberBundle/support/dataManager.jl:234
  [4] jldopen(::Function, ::String, ::Vararg{String}; kws::Base.Pairs{Symbol, Union{}, Tuple{}, NamedTuple{(), Tuple{}}})
    @ JLD2 ~/.julia/packages/JLD2/ryhNR/src/loadsave.jl:4
  [5] jldopen
    @ ~/.julia/packages/JLD2/ryhNR/src/loadsave.jl:2 [inlined]
  [6] get_missing_seeds
    @ /work/vemundlu/FiberBundle/support/dataManager.jl:233 [inlined]
  [7] prepare_run(settings::Dict{String, Any}, requested_seeds::UnitRange{Int64}, overwrite::Bool)
    @ Main /work/vemundlu/FiberBundle/support/dataManager.jl:251
  [8] generate_data(settings::Dict{String, Any}, requested_seeds::UnitRange{Int64}, overwrite::Bool; save_data::Bool, use_threads::Bool)
    @ Main /work/vemundlu/FiberBundle/dataGenerator.jl:137
  [9] itterate_settings(dimensions::Vector{Any}, α::Vector{Any}, regimes::Vector{Any}, neighbourhood_rules::Vector{Any}, seeds::UnitRange{Int64}, dist::String; overwrite::Bool, path::String, use_threads::Bool)
    @ Main /work/vemundlu/FiberBundle/dataGenerator.jl:156
 [10] macro expansion
    @ timing.jl:220 [inlined]
 [11] top-level scope
    @ /work/vemundlu/FiberBundle/generateData.jl:67
in expression starting at /work/vemundlu/FiberBundle/generateData.jl:57
┌ Warning: rmprocs: process 1 not removed
└ @ Distributed /buildworker/worker/package_linux64/build/usr/share/julia/stdlib/v1.7/Distributed/src/cluster.jl:1045
┌ LogLevel(-1): Starting 2 workers... 
└ @ Main /work/vemundlu/FiberBundle/generateData.jl:62
┌ LogLevel(-1): Running settings: 
│  Any[512], 
│  Any[0.0], 
│  Any[2.0]
└ @ Main /work/vemundlu/FiberBundle/generateData.jl:66
┌ LogLevel(-2): 2023-05-15T16:17:56.308: Starting a=0.0 dist=ConstantAverageUniform L=512 nr=LLS t=0.0
└ @ Main /work/vemundlu/FiberBundle/dataGenerator.jl:155
┌ LogLevel(-2): Searching for loose files... 
└ @ Main /work/vemundlu/FiberBundle/support/dataManager.jl:278
EOFError()