┌ Warning: rmprocs: process 1 not removed
└ @ Distributed /buildworker/worker/package_linux64/build/usr/share/julia/stdlib/v1.7/Distributed/src/cluster.jl:1045
┌ LogLevel(-1): Starting 40 workers... 
└ @ Main /work/vemundlu/FiberBundle/generateData.jl:56
┌ LogLevel(-1): Running settings: 
│  Any[128], 
│  Any[0.0, 0.02, 0.04, 0.06, 0.08, 0.1, 0.12, 0.14, 0.16, 0.18, 0.2, 0.22, 0.24, 0.26, 0.28, 0.3, 0.32, 0.34, 0.36, 0.38, 0.4, 0.5, 0.6, 0.7, 0.8, 0.9], 
│  Any[2.0]
└ @ Main /work/vemundlu/FiberBundle/generateData.jl:60
┌ LogLevel(-2): 2022-12-20T20:32:54.223: Starting a=2.0 dist=Uniform L=128 nr=CLS t=0.0
└ @ Main /work/vemundlu/FiberBundle/dataGenerator.jl:153
┌ LogLevel(-2): Searching for loose files... 
└ @ Main /work/vemundlu/FiberBundle/support/dataManager.jl:251
┌ LogLevel(-2): All seeds already exist
└ @ Main /work/vemundlu/FiberBundle/support/dataManager.jl:236
┌ LogLevel(-2): 2022-12-20T20:32:58.476: Starting a=0.0 dist=Uniform L=128 nr=LLS t=0.0
└ @ Main /work/vemundlu/FiberBundle/dataGenerator.jl:153
┌ LogLevel(-2): Searching for loose files... 
└ @ Main /work/vemundlu/FiberBundle/support/dataManager.jl:251
┌ LogLevel(-2): All seeds already exist
└ @ Main /work/vemundlu/FiberBundle/support/dataManager.jl:236
┌ LogLevel(-2): 2022-12-20T20:32:58.482: Starting a=2.0 dist=Uniform L=128 nr=CLS t=0.02
└ @ Main /work/vemundlu/FiberBundle/dataGenerator.jl:153
┌ LogLevel(-2): Searching for loose files... 
└ @ Main /work/vemundlu/FiberBundle/support/dataManager.jl:251
┌ LogLevel(-2): 1000 files were found and skipped.
└ @ Main /work/vemundlu/FiberBundle/support/dataManager.jl:230
┌ LogLevel(-2): Running workers...
└ @ Main /work/vemundlu/FiberBundle/dataGenerator.jl:138
┌ LogLevel(-2): Starting work on a=2.0 dist=Uniform L=128 nr=CLS t=0.02
└ @ Main /work/vemundlu/FiberBundle/dataGenerator.jl:79
┌ LogLevel(-2): 0%, Active workers: 24, Completed tasks: 0.
└ @ Main /work/vemundlu/FiberBundle/dataGenerator.jl:91
┌ LogLevel(-2): 1%, Active workers: 40, Completed tasks: 55.
└ @ Main /work/vemundlu/FiberBundle/dataGenerator.jl:91
┌ LogLevel(-2): 2%, Active workers: 40, Completed tasks: 139.
└ @ Main /work/vemundlu/FiberBundle/dataGenerator.jl:91
┌ LogLevel(-2): 3%, Active workers: 40, Completed tasks: 217.
└ @ Main /work/vemundlu/FiberBundle/dataGenerator.jl:91
┌ LogLevel(-2): 4%, Active workers: 40, Completed tasks: 297.
└ @ Main /work/vemundlu/FiberBundle/dataGenerator.jl:91
┌ LogLevel(-2): 5%, Active workers: 40, Completed tasks: 377.
└ @ Main /work/vemundlu/FiberBundle/dataGenerator.jl:91
┌ LogLevel(-2): 6%, Active workers: 40, Completed tasks: 456.
└ @ Main /work/vemundlu/FiberBundle/dataGenerator.jl:91
┌ LogLevel(-2): 7%, Active workers: 40, Completed tasks: 539.
└ @ Main /work/vemundlu/FiberBundle/dataGenerator.jl:91
┌ LogLevel(-2): 8%, Active workers: 40, Completed tasks: 615.
└ @ Main /work/vemundlu/FiberBundle/dataGenerator.jl:91
┌ LogLevel(-2): 9%, Active workers: 40, Completed tasks: 694.
└ @ Main /work/vemundlu/FiberBundle/dataGenerator.jl:91
┌ LogLevel(-2): 10%, Active workers: 40, Completed tasks: 775.
└ @ Main /work/vemundlu/FiberBundle/dataGenerator.jl:91
┌ LogLevel(-2): 11%, Active workers: 40, Completed tasks: 852.
└ @ Main /work/vemundlu/FiberBundle/dataGenerator.jl:91
┌ LogLevel(-2): 12%, Active workers: 40, Completed tasks: 934.
└ @ Main /work/vemundlu/FiberBundle/dataGenerator.jl:91
┌ LogLevel(-2): 13%, Active workers: 40, Completed tasks: 1014.
└ @ Main /work/vemundlu/FiberBundle/dataGenerator.jl:91
┌ LogLevel(-2): 14%, Active workers: 40, Completed tasks: 1092.
└ @ Main /work/vemundlu/FiberBundle/dataGenerator.jl:91
┌ LogLevel(-2): 15%, Active workers: 40, Completed tasks: 1169.
└ @ Main /work/vemundlu/FiberBundle/dataGenerator.jl:91
┌ LogLevel(-2): 16%, Active workers: 40, Completed tasks: 1249.
└ @ Main /work/vemundlu/FiberBundle/dataGenerator.jl:91
┌ LogLevel(-2): 17%, Active workers: 40, Completed tasks: 1329.
└ @ Main /work/vemundlu/FiberBundle/dataGenerator.jl:91
┌ LogLevel(-2): 18%, Active workers: 40, Completed tasks: 1410.
└ @ Main /work/vemundlu/FiberBundle/dataGenerator.jl:91
┌ LogLevel(-2): 19%, Active workers: 40, Completed tasks: 1486.
└ @ Main /work/vemundlu/FiberBundle/dataGenerator.jl:91
┌ LogLevel(-2): 20%, Active workers: 40, Completed tasks: 1563.
└ @ Main /work/vemundlu/FiberBundle/dataGenerator.jl:91
┌ LogLevel(-2): 21%, Active workers: 40, Completed tasks: 1644.
└ @ Main /work/vemundlu/FiberBundle/dataGenerator.jl:91
┌ LogLevel(-2): 22%, Active workers: 40, Completed tasks: 1729.
└ @ Main /work/vemundlu/FiberBundle/dataGenerator.jl:91
┌ LogLevel(-2): 23%, Active workers: 40, Completed tasks: 1809.
└ @ Main /work/vemundlu/FiberBundle/dataGenerator.jl:91
┌ LogLevel(-2): 24%, Active workers: 40, Completed tasks: 1886.
└ @ Main /work/vemundlu/FiberBundle/dataGenerator.jl:91
┌ LogLevel(-2): 25%, Active workers: 40, Completed tasks: 1964.
└ @ Main /work/vemundlu/FiberBundle/dataGenerator.jl:91
┌ LogLevel(-2): 26%, Active workers: 40, Completed tasks: 2041.
└ @ Main /work/vemundlu/FiberBundle/dataGenerator.jl:91
┌ LogLevel(-2): 27%, Active workers: 40, Completed tasks: 2120.
└ @ Main /work/vemundlu/FiberBundle/dataGenerator.jl:91
┌ LogLevel(-2): 28%, Active workers: 40, Completed tasks: 2198.
└ @ Main /work/vemundlu/FiberBundle/dataGenerator.jl:91
┌ LogLevel(-2): 29%, Active workers: 40, Completed tasks: 2278.
└ @ Main /work/vemundlu/FiberBundle/dataGenerator.jl:91
┌ LogLevel(-2): 30%, Active workers: 40, Completed tasks: 2360.
└ @ Main /work/vemundlu/FiberBundle/dataGenerator.jl:91
┌ LogLevel(-2): 31%, Active workers: 40, Completed tasks: 2443.
└ @ Main /work/vemundlu/FiberBundle/dataGenerator.jl:91
┌ LogLevel(-2): 32%, Active workers: 40, Completed tasks: 2518.
└ @ Main /work/vemundlu/FiberBundle/dataGenerator.jl:91
┌ LogLevel(-2): 33%, Active workers: 39, Completed tasks: 2599.
└ @ Main /work/vemundlu/FiberBundle/dataGenerator.jl:91
┌ LogLevel(-2): 34%, Active workers: 35, Completed tasks: 2679.
└ @ Main /work/vemundlu/FiberBundle/dataGenerator.jl:91
┌ LogLevel(-2): 35%, Active workers: 31, Completed tasks: 2763.
└ @ Main /work/vemundlu/FiberBundle/dataGenerator.jl:91
┌ LogLevel(-2): 36%, Active workers: 29, Completed tasks: 2839.
└ @ Main /work/vemundlu/FiberBundle/dataGenerator.jl:91
┌ LogLevel(-2): 37%, Active workers: 23, Completed tasks: 2921.
└ @ Main /work/vemundlu/FiberBundle/dataGenerator.jl:91
┌ LogLevel(-2): 100%, Active workers: 0, Completed tasks: 3000.
└ @ Main /work/vemundlu/FiberBundle/dataGenerator.jl:94
┌ LogLevel(-2): Done!
└ @ Main /work/vemundlu/FiberBundle/dataGenerator.jl:140
┌ LogLevel(-2): Calculating averages... 
└ @ Main /work/vemundlu/FiberBundle/dataGenerator.jl:143
┌ LogLevel(-2): Done!
└ @ Main /work/vemundlu/FiberBundle/dataGenerator.jl:145
┌ LogLevel(-2): 2022-12-20T21:15:32.695: Starting a=0.0 dist=Uniform L=128 nr=LLS t=0.02
└ @ Main /work/vemundlu/FiberBundle/dataGenerator.jl:153
┌ LogLevel(-2): Searching for loose files... 
└ @ Main /work/vemundlu/FiberBundle/support/dataManager.jl:251
┌ LogLevel(-2): 1000 files were found and skipped.
└ @ Main /work/vemundlu/FiberBundle/support/dataManager.jl:230
┌ LogLevel(-2): Running workers...
└ @ Main /work/vemundlu/FiberBundle/dataGenerator.jl:138
┌ LogLevel(-2): Starting work on a=0.0 dist=Uniform L=128 nr=LLS t=0.02
└ @ Main /work/vemundlu/FiberBundle/dataGenerator.jl:79
┌ LogLevel(-2): 0%, Active workers: 28, Completed tasks: 0.
└ @ Main /work/vemundlu/FiberBundle/dataGenerator.jl:91
┌ LogLevel(-2): 1%, Active workers: 40, Completed tasks: 49.
└ @ Main /work/vemundlu/FiberBundle/dataGenerator.jl:91
┌ LogLevel(-2): 2%, Active workers: 40, Completed tasks: 126.
└ @ Main /work/vemundlu/FiberBundle/dataGenerator.jl:91
┌ LogLevel(-2): 3%, Active workers: 40, Completed tasks: 208.
└ @ Main /work/vemundlu/FiberBundle/dataGenerator.jl:91
┌ LogLevel(-2): 4%, Active workers: 40, Completed tasks: 287.
└ @ Main /work/vemundlu/FiberBundle/dataGenerator.jl:91
┌ LogLevel(-2): 5%, Active workers: 40, Completed tasks: 365.
└ @ Main /work/vemundlu/FiberBundle/dataGenerator.jl:91
┌ LogLevel(-2): 6%, Active workers: 40, Completed tasks: 444.
└ @ Main /work/vemundlu/FiberBundle/dataGenerator.jl:91
┌ LogLevel(-2): 7%, Active workers: 40, Completed tasks: 523.
└ @ Main /work/vemundlu/FiberBundle/dataGenerator.jl:91
┌ LogLevel(-2): 8%, Active workers: 40, Completed tasks: 603.
└ @ Main /work/vemundlu/FiberBundle/dataGenerator.jl:91
┌ LogLevel(-2): 9%, Active workers: 40, Completed tasks: 683.
└ @ Main /work/vemundlu/FiberBundle/dataGenerator.jl:91
┌ LogLevel(-2): 10%, Active workers: 40, Completed tasks: 764.
└ @ Main /work/vemundlu/FiberBundle/dataGenerator.jl:91
┌ LogLevel(-2): 11%, Active workers: 40, Completed tasks: 844.
└ @ Main /work/vemundlu/FiberBundle/dataGenerator.jl:91
┌ LogLevel(-2): 12%, Active workers: 40, Completed tasks: 926.
└ @ Main /work/vemundlu/FiberBundle/dataGenerator.jl:91
┌ LogLevel(-2): 13%, Active workers: 40, Completed tasks: 1006.
└ @ Main /work/vemundlu/FiberBundle/dataGenerator.jl:91
┌ LogLevel(-2): 14%, Active workers: 40, Completed tasks: 1083.
└ @ Main /work/vemundlu/FiberBundle/dataGenerator.jl:91
┌ LogLevel(-2): 15%, Active workers: 40, Completed tasks: 1163.
└ @ Main /work/vemundlu/FiberBundle/dataGenerator.jl:91
┌ LogLevel(-2): 16%, Active workers: 40, Completed tasks: 1244.
└ @ Main /work/vemundlu/FiberBundle/dataGenerator.jl:91
┌ LogLevel(-2): 17%, Active workers: 40, Completed tasks: 1323.
└ @ Main /work/vemundlu/FiberBundle/dataGenerator.jl:91
┌ LogLevel(-2): 18%, Active workers: 40, Completed tasks: 1401.
└ @ Main /work/vemundlu/FiberBundle/dataGenerator.jl:91
┌ LogLevel(-2): 19%, Active workers: 40, Completed tasks: 1481.
└ @ Main /work/vemundlu/FiberBundle/dataGenerator.jl:91
┌ LogLevel(-2): 20%, Active workers: 40, Completed tasks: 1558.
└ @ Main /work/vemundlu/FiberBundle/dataGenerator.jl:91
┌ LogLevel(-2): 21%, Active workers: 40, Completed tasks: 1637.
└ @ Main /work/vemundlu/FiberBundle/dataGenerator.jl:91
┌ LogLevel(-2): 22%, Active workers: 40, Completed tasks: 1714.
└ @ Main /work/vemundlu/FiberBundle/dataGenerator.jl:91
┌ LogLevel(-2): 23%, Active workers: 40, Completed tasks: 1793.
└ @ Main /work/vemundlu/FiberBundle/dataGenerator.jl:91
┌ LogLevel(-2): 24%, Active workers: 40, Completed tasks: 1874.
└ @ Main /work/vemundlu/FiberBundle/dataGenerator.jl:91
┌ LogLevel(-2): 25%, Active workers: 40, Completed tasks: 1952.
└ @ Main /work/vemundlu/FiberBundle/dataGenerator.jl:91
┌ LogLevel(-2): 26%, Active workers: 40, Completed tasks: 2031.
└ @ Main /work/vemundlu/FiberBundle/dataGenerator.jl:91
┌ LogLevel(-2): 27%, Active workers: 40, Completed tasks: 2110.
└ @ Main /work/vemundlu/FiberBundle/dataGenerator.jl:91
┌ LogLevel(-2): 28%, Active workers: 40, Completed tasks: 2190.
└ @ Main /work/vemundlu/FiberBundle/dataGenerator.jl:91
┌ LogLevel(-2): 29%, Active workers: 40, Completed tasks: 2269.
└ @ Main /work/vemundlu/FiberBundle/dataGenerator.jl:91
┌ LogLevel(-2): 30%, Active workers: 40, Completed tasks: 2349.
└ @ Main /work/vemundlu/FiberBundle/dataGenerator.jl:91
┌ LogLevel(-2): 31%, Active workers: 40, Completed tasks: 2426.
└ @ Main /work/vemundlu/FiberBundle/dataGenerator.jl:91
┌ LogLevel(-2): 32%, Active workers: 40, Completed tasks: 2506.
└ @ Main /work/vemundlu/FiberBundle/dataGenerator.jl:91
┌ LogLevel(-2): 33%, Active workers: 40, Completed tasks: 2589.
└ @ Main /work/vemundlu/FiberBundle/dataGenerator.jl:91
┌ LogLevel(-2): 34%, Active workers: 40, Completed tasks: 2668.
└ @ Main /work/vemundlu/FiberBundle/dataGenerator.jl:91
┌ LogLevel(-2): 35%, Active workers: 40, Completed tasks: 2746.
└ @ Main /work/vemundlu/FiberBundle/dataGenerator.jl:91
┌ LogLevel(-2): 36%, Active workers: 40, Completed tasks: 2819.
└ @ Main /work/vemundlu/FiberBundle/dataGenerator.jl:91
┌ LogLevel(-2): 37%, Active workers: 40, Completed tasks: 2895.
└ @ Main /work/vemundlu/FiberBundle/dataGenerator.jl:91
┌ LogLevel(-2): 38%, Active workers: 4, Completed tasks: 2996.
└ @ Main /work/vemundlu/FiberBundle/dataGenerator.jl:91
┌ LogLevel(-2): 100%, Active workers: 0, Completed tasks: 3000.
└ @ Main /work/vemundlu/FiberBundle/dataGenerator.jl:94
┌ LogLevel(-2): Done!
└ @ Main /work/vemundlu/FiberBundle/dataGenerator.jl:140
┌ LogLevel(-2): Calculating averages... 
└ @ Main /work/vemundlu/FiberBundle/dataGenerator.jl:143
┌ LogLevel(-2): Done!
└ @ Main /work/vemundlu/FiberBundle/dataGenerator.jl:145
┌ LogLevel(-2): 2022-12-20T22:01:21.327: Starting a=2.0 dist=Uniform L=128 nr=CLS t=0.04
└ @ Main /work/vemundlu/FiberBundle/dataGenerator.jl:153
┌ LogLevel(-2): Searching for loose files... 
└ @ Main /work/vemundlu/FiberBundle/support/dataManager.jl:251
┌ LogLevel(-2): 1000 files were found and skipped.
└ @ Main /work/vemundlu/FiberBundle/support/dataManager.jl:230
┌ LogLevel(-2): Running workers...
└ @ Main /work/vemundlu/FiberBundle/dataGenerator.jl:138
┌ LogLevel(-2): Starting work on a=2.0 dist=Uniform L=128 nr=CLS t=0.04
└ @ Main /work/vemundlu/FiberBundle/dataGenerator.jl:79
┌ LogLevel(-2): 0%, Active workers: 40, Completed tasks: 0.
└ @ Main /work/vemundlu/FiberBundle/dataGenerator.jl:91
┌ LogLevel(-2): 1%, Active workers: 40, Completed tasks: 55.
└ @ Main /work/vemundlu/FiberBundle/dataGenerator.jl:91
┌ LogLevel(-2): 2%, Active workers: 40, Completed tasks: 136.
└ @ Main /work/vemundlu/FiberBundle/dataGenerator.jl:91
┌ LogLevel(-2): 3%, Active workers: 40, Completed tasks: 217.
└ @ Main /work/vemundlu/FiberBundle/dataGenerator.jl:91
┌ LogLevel(-2): 4%, Active workers: 40, Completed tasks: 302.
└ @ Main /work/vemundlu/FiberBundle/dataGenerator.jl:91
┌ LogLevel(-2): 5%, Active workers: 40, Completed tasks: 379.
└ @ Main /work/vemundlu/FiberBundle/dataGenerator.jl:91
┌ LogLevel(-2): 6%, Active workers: 40, Completed tasks: 457.
└ @ Main /work/vemundlu/FiberBundle/dataGenerator.jl:91
┌ LogLevel(-2): 7%, Active workers: 40, Completed tasks: 536.
└ @ Main /work/vemundlu/FiberBundle/dataGenerator.jl:91
┌ LogLevel(-2): 8%, Active workers: 40, Completed tasks: 619.
└ @ Main /work/vemundlu/FiberBundle/dataGenerator.jl:91
┌ LogLevel(-2): 9%, Active workers: 40, Completed tasks: 701.
└ @ Main /work/vemundlu/FiberBundle/dataGenerator.jl:91
┌ LogLevel(-2): 10%, Active workers: 40, Completed tasks: 780.
└ @ Main /work/vemundlu/FiberBundle/dataGenerator.jl:91
┌ LogLevel(-2): 11%, Active workers: 40, Completed tasks: 859.
└ @ Main /work/vemundlu/FiberBundle/dataGenerator.jl:91
┌ LogLevel(-2): 12%, Active workers: 40, Completed tasks: 938.
└ @ Main /work/vemundlu/FiberBundle/dataGenerator.jl:91
┌ LogLevel(-2): 13%, Active workers: 40, Completed tasks: 1020.
└ @ Main /work/vemundlu/FiberBundle/dataGenerator.jl:91
┌ LogLevel(-2): 14%, Active workers: 40, Completed tasks: 1103.
└ @ Main /work/vemundlu/FiberBundle/dataGenerator.jl:91
┌ LogLevel(-2): 15%, Active workers: 40, Completed tasks: 1178.
└ @ Main /work/vemundlu/FiberBundle/dataGenerator.jl:91
┌ LogLevel(-2): 16%, Active workers: 40, Completed tasks: 1262.
└ @ Main /work/vemundlu/FiberBundle/dataGenerator.jl:91
┌ LogLevel(-2): 17%, Active workers: 40, Completed tasks: 1341.
└ @ Main /work/vemundlu/FiberBundle/dataGenerator.jl:91
┌ LogLevel(-2): 18%, Active workers: 40, Completed tasks: 1421.
└ @ Main /work/vemundlu/FiberBundle/dataGenerator.jl:91
┌ LogLevel(-2): 19%, Active workers: 40, Completed tasks: 1498.
└ @ Main /work/vemundlu/FiberBundle/dataGenerator.jl:91
┌ LogLevel(-2): 20%, Active workers: 40, Completed tasks: 1581.
└ @ Main /work/vemundlu/FiberBundle/dataGenerator.jl:91
┌ LogLevel(-2): 21%, Active workers: 40, Completed tasks: 1662.
└ @ Main /work/vemundlu/FiberBundle/dataGenerator.jl:91
┌ LogLevel(-2): 22%, Active workers: 40, Completed tasks: 1747.
└ @ Main /work/vemundlu/FiberBundle/dataGenerator.jl:91
┌ LogLevel(-2): 23%, Active workers: 40, Completed tasks: 1824.
└ @ Main /work/vemundlu/FiberBundle/dataGenerator.jl:91
┌ LogLevel(-2): 24%, Active workers: 40, Completed tasks: 1901.
└ @ Main /work/vemundlu/FiberBundle/dataGenerator.jl:91
┌ LogLevel(-2): 25%, Active workers: 40, Completed tasks: 1981.
└ @ Main /work/vemundlu/FiberBundle/dataGenerator.jl:91
┌ LogLevel(-2): 26%, Active workers: 40, Completed tasks: 2063.
└ @ Main /work/vemundlu/FiberBundle/dataGenerator.jl:91
┌ LogLevel(-2): 27%, Active workers: 40, Completed tasks: 2144.
└ @ Main /work/vemundlu/FiberBundle/dataGenerator.jl:91
┌ LogLevel(-2): 28%, Active workers: 40, Completed tasks: 2226.
└ @ Main /work/vemundlu/FiberBundle/dataGenerator.jl:91
┌ LogLevel(-2): 29%, Active workers: 40, Completed tasks: 2306.
└ @ Main /work/vemundlu/FiberBundle/dataGenerator.jl:91
┌ LogLevel(-2): 30%, Active workers: 40, Completed tasks: 2386.
└ @ Main /work/vemundlu/FiberBundle/dataGenerator.jl:91
┌ LogLevel(-2): 31%, Active workers: 40, Completed tasks: 2466.
└ @ Main /work/vemundlu/FiberBundle/dataGenerator.jl:91
┌ LogLevel(-2): 32%, Active workers: 36, Completed tasks: 2548.
└ @ Main /work/vemundlu/FiberBundle/dataGenerator.jl:91
┌ LogLevel(-2): 33%, Active workers: 35, Completed tasks: 2631.
└ @ Main /work/vemundlu/FiberBundle/dataGenerator.jl:91
┌ LogLevel(-2): 34%, Active workers: 30, Completed tasks: 2712.
└ @ Main /work/vemundlu/FiberBundle/dataGenerator.jl:91
┌ LogLevel(-2): 35%, Active workers: 28, Completed tasks: 2795.
└ @ Main /work/vemundlu/FiberBundle/dataGenerator.jl:91
┌ LogLevel(-2): 36%, Active workers: 25, Completed tasks: 2875.
└ @ Main /work/vemundlu/FiberBundle/dataGenerator.jl:91
┌ LogLevel(-2): 37%, Active workers: 18, Completed tasks: 2958.
└ @ Main /work/vemundlu/FiberBundle/dataGenerator.jl:91
┌ LogLevel(-2): 100%, Active workers: 0, Completed tasks: 3000.
└ @ Main /work/vemundlu/FiberBundle/dataGenerator.jl:94
┌ LogLevel(-2): Done!
└ @ Main /work/vemundlu/FiberBundle/dataGenerator.jl:140
┌ LogLevel(-2): Calculating averages... 
└ @ Main /work/vemundlu/FiberBundle/dataGenerator.jl:143
┌ LogLevel(-2): Done!
└ @ Main /work/vemundlu/FiberBundle/dataGenerator.jl:145
┌ LogLevel(-2): 2022-12-20T22:44:19.263: Starting a=0.0 dist=Uniform L=128 nr=LLS t=0.04
└ @ Main /work/vemundlu/FiberBundle/dataGenerator.jl:153
┌ LogLevel(-2): Searching for loose files... 
└ @ Main /work/vemundlu/FiberBundle/support/dataManager.jl:251
┌ LogLevel(-2): 1000 files were found and skipped.
└ @ Main /work/vemundlu/FiberBundle/support/dataManager.jl:230
┌ LogLevel(-2): Running workers...
└ @ Main /work/vemundlu/FiberBundle/dataGenerator.jl:138
┌ LogLevel(-2): Starting work on a=0.0 dist=Uniform L=128 nr=LLS t=0.04
└ @ Main /work/vemundlu/FiberBundle/dataGenerator.jl:79
┌ LogLevel(-2): 0%, Active workers: 6, Completed tasks: 0.
└ @ Main /work/vemundlu/FiberBundle/dataGenerator.jl:91
┌ LogLevel(-2): 1%, Active workers: 40, Completed tasks: 55.
└ @ Main /work/vemundlu/FiberBundle/dataGenerator.jl:91
┌ LogLevel(-2): 2%, Active workers: 40, Completed tasks: 134.
└ @ Main /work/vemundlu/FiberBundle/dataGenerator.jl:91
┌ LogLevel(-2): 3%, Active workers: 40, Completed tasks: 217.
└ @ Main /work/vemundlu/FiberBundle/dataGenerator.jl:91
┌ LogLevel(-2): 4%, Active workers: 40, Completed tasks: 300.
└ @ Main /work/vemundlu/FiberBundle/dataGenerator.jl:91
┌ LogLevel(-2): 5%, Active workers: 40, Completed tasks: 383.
└ @ Main /work/vemundlu/FiberBundle/dataGenerator.jl:91
┌ LogLevel(-2): 6%, Active workers: 40, Completed tasks: 464.
└ @ Main /work/vemundlu/FiberBundle/dataGenerator.jl:91
┌ LogLevel(-2): 7%, Active workers: 40, Completed tasks: 542.
└ @ Main /work/vemundlu/FiberBundle/dataGenerator.jl:91
┌ LogLevel(-2): 8%, Active workers: 40, Completed tasks: 623.
└ @ Main /work/vemundlu/FiberBundle/dataGenerator.jl:91
┌ LogLevel(-2): 9%, Active workers: 40, Completed tasks: 705.
└ @ Main /work/vemundlu/FiberBundle/dataGenerator.jl:91
┌ LogLevel(-2): 10%, Active workers: 40, Completed tasks: 785.
└ @ Main /work/vemundlu/FiberBundle/dataGenerator.jl:91
┌ LogLevel(-2): 11%, Active workers: 40, Completed tasks: 866.
└ @ Main /work/vemundlu/FiberBundle/dataGenerator.jl:91
┌ LogLevel(-2): 12%, Active workers: 40, Completed tasks: 945.
└ @ Main /work/vemundlu/FiberBundle/dataGenerator.jl:91
┌ LogLevel(-2): 13%, Active workers: 40, Completed tasks: 1024.
└ @ Main /work/vemundlu/FiberBundle/dataGenerator.jl:91
┌ LogLevel(-2): 14%, Active workers: 40, Completed tasks: 1106.
└ @ Main /work/vemundlu/FiberBundle/dataGenerator.jl:91
┌ LogLevel(-2): 15%, Active workers: 40, Completed tasks: 1185.
└ @ Main /work/vemundlu/FiberBundle/dataGenerator.jl:91
┌ LogLevel(-2): 16%, Active workers: 40, Completed tasks: 1267.
└ @ Main /work/vemundlu/FiberBundle/dataGenerator.jl:91
┌ LogLevel(-2): 17%, Active workers: 40, Completed tasks: 1348.
└ @ Main /work/vemundlu/FiberBundle/dataGenerator.jl:91
┌ LogLevel(-2): 18%, Active workers: 40, Completed tasks: 1428.
└ @ Main /work/vemundlu/FiberBundle/dataGenerator.jl:91
┌ LogLevel(-2): 19%, Active workers: 40, Completed tasks: 1507.
└ @ Main /work/vemundlu/FiberBundle/dataGenerator.jl:91
┌ LogLevel(-2): 20%, Active workers: 40, Completed tasks: 1587.
└ @ Main /work/vemundlu/FiberBundle/dataGenerator.jl:91
┌ LogLevel(-2): 21%, Active workers: 40, Completed tasks: 1669.
└ @ Main /work/vemundlu/FiberBundle/dataGenerator.jl:91
┌ LogLevel(-2): 22%, Active workers: 40, Completed tasks: 1749.
└ @ Main /work/vemundlu/FiberBundle/dataGenerator.jl:91
┌ LogLevel(-2): 23%, Active workers: 40, Completed tasks: 1830.
└ @ Main /work/vemundlu/FiberBundle/dataGenerator.jl:91
┌ LogLevel(-2): 24%, Active workers: 40, Completed tasks: 1914.
└ @ Main /work/vemundlu/FiberBundle/dataGenerator.jl:91
┌ LogLevel(-2): 25%, Active workers: 40, Completed tasks: 1993.
└ @ Main /work/vemundlu/FiberBundle/dataGenerator.jl:91
┌ LogLevel(-2): 26%, Active workers: 40, Completed tasks: 2074.
└ @ Main /work/vemundlu/FiberBundle/dataGenerator.jl:91
┌ LogLevel(-2): 27%, Active workers: 40, Completed tasks: 2154.
└ @ Main /work/vemundlu/FiberBundle/dataGenerator.jl:91
┌ LogLevel(-2): 28%, Active workers: 40, Completed tasks: 2233.
└ @ Main /work/vemundlu/FiberBundle/dataGenerator.jl:91
┌ LogLevel(-2): 29%, Active workers: 40, Completed tasks: 2314.
└ @ Main /work/vemundlu/FiberBundle/dataGenerator.jl:91
┌ LogLevel(-2): 30%, Active workers: 40, Completed tasks: 2395.
└ @ Main /work/vemundlu/FiberBundle/dataGenerator.jl:91
┌ LogLevel(-2): 31%, Active workers: 40, Completed tasks: 2475.
└ @ Main /work/vemundlu/FiberBundle/dataGenerator.jl:91
┌ LogLevel(-2): 32%, Active workers: 40, Completed tasks: 2558.
└ @ Main /work/vemundlu/FiberBundle/dataGenerator.jl:91
┌ LogLevel(-2): 33%, Active workers: 40, Completed tasks: 2638.
└ @ Main /work/vemundlu/FiberBundle/dataGenerator.jl:91
┌ LogLevel(-2): 34%, Active workers: 40, Completed tasks: 2715.
└ @ Main /work/vemundlu/FiberBundle/dataGenerator.jl:91
┌ LogLevel(-2): 35%, Active workers: 40, Completed tasks: 2795.
└ @ Main /work/vemundlu/FiberBundle/dataGenerator.jl:91
┌ LogLevel(-2): 36%, Active workers: 40, Completed tasks: 2878.
└ @ Main /work/vemundlu/FiberBundle/dataGenerator.jl:91
┌ LogLevel(-2): 37%, Active workers: 31, Completed tasks: 2959.
└ @ Main /work/vemundlu/FiberBundle/dataGenerator.jl:91
┌ LogLevel(-2): 100%, Active workers: 0, Completed tasks: 3000.
└ @ Main /work/vemundlu/FiberBundle/dataGenerator.jl:94
┌ LogLevel(-2): Done!
└ @ Main /work/vemundlu/FiberBundle/dataGenerator.jl:140
┌ LogLevel(-2): Calculating averages... 
└ @ Main /work/vemundlu/FiberBundle/dataGenerator.jl:143
┌ LogLevel(-2): Done!
└ @ Main /work/vemundlu/FiberBundle/dataGenerator.jl:145
┌ LogLevel(-2): 2022-12-20T23:29:21.518: Starting a=2.0 dist=Uniform L=128 nr=CLS t=0.06
└ @ Main /work/vemundlu/FiberBundle/dataGenerator.jl:153
┌ LogLevel(-2): Searching for loose files... 
└ @ Main /work/vemundlu/FiberBundle/support/dataManager.jl:251
┌ LogLevel(-2): 1000 files were found and skipped.
└ @ Main /work/vemundlu/FiberBundle/support/dataManager.jl:230
┌ LogLevel(-2): Running workers...
└ @ Main /work/vemundlu/FiberBundle/dataGenerator.jl:138
┌ LogLevel(-2): Starting work on a=2.0 dist=Uniform L=128 nr=CLS t=0.06
└ @ Main /work/vemundlu/FiberBundle/dataGenerator.jl:79
┌ LogLevel(-2): 0%, Active workers: 40, Completed tasks: 0.
└ @ Main /work/vemundlu/FiberBundle/dataGenerator.jl:91
┌ LogLevel(-2): 1%, Active workers: 40, Completed tasks: 58.
└ @ Main /work/vemundlu/FiberBundle/dataGenerator.jl:91
┌ LogLevel(-2): 2%, Active workers: 40, Completed tasks: 138.
└ @ Main /work/vemundlu/FiberBundle/dataGenerator.jl:91
┌ LogLevel(-2): 3%, Active workers: 40, Completed tasks: 220.
└ @ Main /work/vemundlu/FiberBundle/dataGenerator.jl:91
┌ LogLevel(-2): 4%, Active workers: 40, Completed tasks: 303.
└ @ Main /work/vemundlu/FiberBundle/dataGenerator.jl:91
┌ LogLevel(-2): 5%, Active workers: 40, Completed tasks: 381.
└ @ Main /work/vemundlu/FiberBundle/dataGenerator.jl:91
┌ LogLevel(-2): 6%, Active workers: 40, Completed tasks: 465.
└ @ Main /work/vemundlu/FiberBundle/dataGenerator.jl:91
┌ LogLevel(-2): 7%, Active workers: 40, Completed tasks: 544.
└ @ Main /work/vemundlu/FiberBundle/dataGenerator.jl:91
┌ LogLevel(-2): 8%, Active workers: 40, Completed tasks: 629.
└ @ Main /work/vemundlu/FiberBundle/dataGenerator.jl:91
┌ LogLevel(-2): 9%, Active workers: 40, Completed tasks: 708.
└ @ Main /work/vemundlu/FiberBundle/dataGenerator.jl:91
┌ LogLevel(-2): 10%, Active workers: 40, Completed tasks: 794.
└ @ Main /work/vemundlu/FiberBundle/dataGenerator.jl:91
┌ LogLevel(-2): 11%, Active workers: 40, Completed tasks: 875.
└ @ Main /work/vemundlu/FiberBundle/dataGenerator.jl:91
┌ LogLevel(-2): 12%, Active workers: 40, Completed tasks: 956.
└ @ Main /work/vemundlu/FiberBundle/dataGenerator.jl:91
┌ LogLevel(-2): 13%, Active workers: 40, Completed tasks: 1035.
└ @ Main /work/vemundlu/FiberBundle/dataGenerator.jl:91
┌ LogLevel(-2): 14%, Active workers: 40, Completed tasks: 1117.
└ @ Main /work/vemundlu/FiberBundle/dataGenerator.jl:91
┌ LogLevel(-2): 15%, Active workers: 40, Completed tasks: 1196.
└ @ Main /work/vemundlu/FiberBundle/dataGenerator.jl:91
┌ LogLevel(-2): 16%, Active workers: 40, Completed tasks: 1277.
└ @ Main /work/vemundlu/FiberBundle/dataGenerator.jl:91
┌ LogLevel(-2): 17%, Active workers: 40, Completed tasks: 1359.
└ @ Main /work/vemundlu/FiberBundle/dataGenerator.jl:91
┌ LogLevel(-2): 18%, Active workers: 40, Completed tasks: 1438.
└ @ Main /work/vemundlu/FiberBundle/dataGenerator.jl:91
┌ LogLevel(-2): 19%, Active workers: 40, Completed tasks: 1521.
└ @ Main /work/vemundlu/FiberBundle/dataGenerator.jl:91
┌ LogLevel(-2): 20%, Active workers: 40, Completed tasks: 1602.
└ @ Main /work/vemundlu/FiberBundle/dataGenerator.jl:91
┌ LogLevel(-2): 21%, Active workers: 40, Completed tasks: 1683.
└ @ Main /work/vemundlu/FiberBundle/dataGenerator.jl:91
┌ LogLevel(-2): 22%, Active workers: 40, Completed tasks: 1768.
└ @ Main /work/vemundlu/FiberBundle/dataGenerator.jl:91
┌ LogLevel(-2): 23%, Active workers: 40, Completed tasks: 1848.
└ @ Main /work/vemundlu/FiberBundle/dataGenerator.jl:91
┌ LogLevel(-2): 24%, Active workers: 40, Completed tasks: 1930.
└ @ Main /work/vemundlu/FiberBundle/dataGenerator.jl:91
┌ LogLevel(-2): 25%, Active workers: 40, Completed tasks: 2012.
└ @ Main /work/vemundlu/FiberBundle/dataGenerator.jl:91
┌ LogLevel(-2): 26%, Active workers: 40, Completed tasks: 2091.
└ @ Main /work/vemundlu/FiberBundle/dataGenerator.jl:91
┌ LogLevel(-2): 27%, Active workers: 40, Completed tasks: 2172.
└ @ Main /work/vemundlu/FiberBundle/dataGenerator.jl:91
┌ LogLevel(-2): 28%, Active workers: 40, Completed tasks: 2255.
└ @ Main /work/vemundlu/FiberBundle/dataGenerator.jl:91
┌ LogLevel(-2): 29%, Active workers: 40, Completed tasks: 2332.
└ @ Main /work/vemundlu/FiberBundle/dataGenerator.jl:91
┌ LogLevel(-2): 30%, Active workers: 38, Completed tasks: 2417.
└ @ Main /work/vemundlu/FiberBundle/dataGenerator.jl:91
┌ LogLevel(-2): 31%, Active workers: 35, Completed tasks: 2502.
└ @ Main /work/vemundlu/FiberBundle/dataGenerator.jl:91
┌ LogLevel(-2): 32%, Active workers: 32, Completed tasks: 2584.
└ @ Main /work/vemundlu/FiberBundle/dataGenerator.jl:91
┌ LogLevel(-2): 33%, Active workers: 31, Completed tasks: 2668.
└ @ Main /work/vemundlu/FiberBundle/dataGenerator.jl:91
┌ LogLevel(-2): 34%, Active workers: 29, Completed tasks: 2752.
└ @ Main /work/vemundlu/FiberBundle/dataGenerator.jl:91
┌ LogLevel(-2): 35%, Active workers: 27, Completed tasks: 2828.
└ @ Main /work/vemundlu/FiberBundle/dataGenerator.jl:91
┌ LogLevel(-2): 36%, Active workers: 21, Completed tasks: 2915.
└ @ Main /work/vemundlu/FiberBundle/dataGenerator.jl:91
┌ LogLevel(-2): 100%, Active workers: 0, Completed tasks: 3000.
└ @ Main /work/vemundlu/FiberBundle/dataGenerator.jl:94
┌ LogLevel(-2): Done!
└ @ Main /work/vemundlu/FiberBundle/dataGenerator.jl:140
┌ LogLevel(-2): Calculating averages... 
└ @ Main /work/vemundlu/FiberBundle/dataGenerator.jl:143
┌ LogLevel(-2): Done!
└ @ Main /work/vemundlu/FiberBundle/dataGenerator.jl:145
┌ LogLevel(-2): 2022-12-21T00:11:50.525: Starting a=0.0 dist=Uniform L=128 nr=LLS t=0.06
└ @ Main /work/vemundlu/FiberBundle/dataGenerator.jl:153
┌ LogLevel(-2): Searching for loose files... 
└ @ Main /work/vemundlu/FiberBundle/support/dataManager.jl:251
┌ LogLevel(-2): 1000 files were found and skipped.
└ @ Main /work/vemundlu/FiberBundle/support/dataManager.jl:230
┌ LogLevel(-2): Running workers...
└ @ Main /work/vemundlu/FiberBundle/dataGenerator.jl:138
┌ LogLevel(-2): Starting work on a=0.0 dist=Uniform L=128 nr=LLS t=0.06
└ @ Main /work/vemundlu/FiberBundle/dataGenerator.jl:79
┌ LogLevel(-2): 0%, Active workers: 40, Completed tasks: 0.
└ @ Main /work/vemundlu/FiberBundle/dataGenerator.jl:91
┌ LogLevel(-2): 1%, Active workers: 40, Completed tasks: 68.
└ @ Main /work/vemundlu/FiberBundle/dataGenerator.jl:91
┌ LogLevel(-2): 2%, Active workers: 40, Completed tasks: 152.
└ @ Main /work/vemundlu/FiberBundle/dataGenerator.jl:91
┌ LogLevel(-2): 3%, Active workers: 40, Completed tasks: 235.
└ @ Main /work/vemundlu/FiberBundle/dataGenerator.jl:91
┌ LogLevel(-2): 4%, Active workers: 40, Completed tasks: 319.
└ @ Main /work/vemundlu/FiberBundle/dataGenerator.jl:91
┌ LogLevel(-2): 5%, Active workers: 40, Completed tasks: 398.
└ @ Main /work/vemundlu/FiberBundle/dataGenerator.jl:91
┌ LogLevel(-2): 6%, Active workers: 40, Completed tasks: 477.
└ @ Main /work/vemundlu/FiberBundle/dataGenerator.jl:91
┌ LogLevel(-2): 7%, Active workers: 40, Completed tasks: 560.
└ @ Main /work/vemundlu/FiberBundle/dataGenerator.jl:91
┌ LogLevel(-2): 8%, Active workers: 40, Completed tasks: 640.
└ @ Main /work/vemundlu/FiberBundle/dataGenerator.jl:91
┌ LogLevel(-2): 9%, Active workers: 40, Completed tasks: 720.
└ @ Main /work/vemundlu/FiberBundle/dataGenerator.jl:91
┌ LogLevel(-2): 10%, Active workers: 40, Completed tasks: 804.
└ @ Main /work/vemundlu/FiberBundle/dataGenerator.jl:91
┌ LogLevel(-2): 11%, Active workers: 40, Completed tasks: 884.
└ @ Main /work/vemundlu/FiberBundle/dataGenerator.jl:91
┌ LogLevel(-2): 12%, Active workers: 40, Completed tasks: 965.
└ @ Main /work/vemundlu/FiberBundle/dataGenerator.jl:91
┌ LogLevel(-2): 13%, Active workers: 40, Completed tasks: 1048.
└ @ Main /work/vemundlu/FiberBundle/dataGenerator.jl:91
┌ LogLevel(-2): 14%, Active workers: 40, Completed tasks: 1129.
└ @ Main /work/vemundlu/FiberBundle/dataGenerator.jl:91
┌ LogLevel(-2): 15%, Active workers: 40, Completed tasks: 1212.
└ @ Main /work/vemundlu/FiberBundle/dataGenerator.jl:91
┌ LogLevel(-2): 16%, Active workers: 40, Completed tasks: 1296.
└ @ Main /work/vemundlu/FiberBundle/dataGenerator.jl:91
┌ LogLevel(-2): 17%, Active workers: 40, Completed tasks: 1378.
└ @ Main /work/vemundlu/FiberBundle/dataGenerator.jl:91
┌ LogLevel(-2): 18%, Active workers: 40, Completed tasks: 1461.
└ @ Main /work/vemundlu/FiberBundle/dataGenerator.jl:91
┌ LogLevel(-2): 19%, Active workers: 40, Completed tasks: 1542.
└ @ Main /work/vemundlu/FiberBundle/dataGenerator.jl:91
┌ LogLevel(-2): 20%, Active workers: 40, Completed tasks: 1622.
└ @ Main /work/vemundlu/FiberBundle/dataGenerator.jl:91
┌ LogLevel(-2): 21%, Active workers: 40, Completed tasks: 1707.
└ @ Main /work/vemundlu/FiberBundle/dataGenerator.jl:91
┌ LogLevel(-2): 22%, Active workers: 40, Completed tasks: 1789.
└ @ Main /work/vemundlu/FiberBundle/dataGenerator.jl:91
┌ LogLevel(-2): 23%, Active workers: 40, Completed tasks: 1871.
└ @ Main /work/vemundlu/FiberBundle/dataGenerator.jl:91
┌ LogLevel(-2): 24%, Active workers: 40, Completed tasks: 1956.
└ @ Main /work/vemundlu/FiberBundle/dataGenerator.jl:91
┌ LogLevel(-2): 25%, Active workers: 40, Completed tasks: 2040.
└ @ Main /work/vemundlu/FiberBundle/dataGenerator.jl:91
┌ LogLevel(-2): 26%, Active workers: 40, Completed tasks: 2122.
└ @ Main /work/vemundlu/FiberBundle/dataGenerator.jl:91
┌ LogLevel(-2): 27%, Active workers: 40, Completed tasks: 2203.
└ @ Main /work/vemundlu/FiberBundle/dataGenerator.jl:91
┌ LogLevel(-2): 28%, Active workers: 40, Completed tasks: 2284.
└ @ Main /work/vemundlu/FiberBundle/dataGenerator.jl:91
┌ LogLevel(-2): 29%, Active workers: 40, Completed tasks: 2367.
└ @ Main /work/vemundlu/FiberBundle/dataGenerator.jl:91
┌ LogLevel(-2): 30%, Active workers: 40, Completed tasks: 2447.
└ @ Main /work/vemundlu/FiberBundle/dataGenerator.jl:91
┌ LogLevel(-2): 31%, Active workers: 40, Completed tasks: 2532.
└ @ Main /work/vemundlu/FiberBundle/dataGenerator.jl:91
┌ LogLevel(-2): 32%, Active workers: 40, Completed tasks: 2614.
└ @ Main /work/vemundlu/FiberBundle/dataGenerator.jl:91
┌ LogLevel(-2): 33%, Active workers: 40, Completed tasks: 2698.
└ @ Main /work/vemundlu/FiberBundle/dataGenerator.jl:91
┌ LogLevel(-2): 34%, Active workers: 40, Completed tasks: 2782.
└ @ Main /work/vemundlu/FiberBundle/dataGenerator.jl:91
┌ LogLevel(-2): 35%, Active workers: 40, Completed tasks: 2862.
└ @ Main /work/vemundlu/FiberBundle/dataGenerator.jl:91
┌ LogLevel(-2): 36%, Active workers: 37, Completed tasks: 2944.
└ @ Main /work/vemundlu/FiberBundle/dataGenerator.jl:91
┌ LogLevel(-2): 100%, Active workers: 0, Completed tasks: 3000.
└ @ Main /work/vemundlu/FiberBundle/dataGenerator.jl:94
┌ LogLevel(-2): Done!
└ @ Main /work/vemundlu/FiberBundle/dataGenerator.jl:140
┌ LogLevel(-2): Calculating averages... 
└ @ Main /work/vemundlu/FiberBundle/dataGenerator.jl:143
┌ LogLevel(-2): Done!
└ @ Main /work/vemundlu/FiberBundle/dataGenerator.jl:145
┌ LogLevel(-2): 2022-12-21T00:55:55.359: Starting a=2.0 dist=Uniform L=128 nr=CLS t=0.08
└ @ Main /work/vemundlu/FiberBundle/dataGenerator.jl:153
┌ LogLevel(-2): Searching for loose files... 
└ @ Main /work/vemundlu/FiberBundle/support/dataManager.jl:251
┌ LogLevel(-2): 1000 files were found and skipped.
└ @ Main /work/vemundlu/FiberBundle/support/dataManager.jl:230
┌ LogLevel(-2): Running workers...
└ @ Main /work/vemundlu/FiberBundle/dataGenerator.jl:138
┌ LogLevel(-2): Starting work on a=2.0 dist=Uniform L=128 nr=CLS t=0.08
└ @ Main /work/vemundlu/FiberBundle/dataGenerator.jl:79
┌ LogLevel(-2): 0%, Active workers: 40, Completed tasks: 0.
└ @ Main /work/vemundlu/FiberBundle/dataGenerator.jl:91
┌ LogLevel(-2): 1%, Active workers: 40, Completed tasks: 59.
└ @ Main /work/vemundlu/FiberBundle/dataGenerator.jl:91
┌ LogLevel(-2): 2%, Active workers: 40, Completed tasks: 141.
└ @ Main /work/vemundlu/FiberBundle/dataGenerator.jl:91
┌ LogLevel(-2): 3%, Active workers: 40, Completed tasks: 226.
└ @ Main /work/vemundlu/FiberBundle/dataGenerator.jl:91
┌ LogLevel(-2): 4%, Active workers: 40, Completed tasks: 307.
└ @ Main /work/vemundlu/FiberBundle/dataGenerator.jl:91
┌ LogLevel(-2): 5%, Active workers: 40, Completed tasks: 390.
└ @ Main /work/vemundlu/FiberBundle/dataGenerator.jl:91
┌ LogLevel(-2): 6%, Active workers: 40, Completed tasks: 473.
└ @ Main /work/vemundlu/FiberBundle/dataGenerator.jl:91
┌ LogLevel(-2): 7%, Active workers: 40, Completed tasks: 555.
└ @ Main /work/vemundlu/FiberBundle/dataGenerator.jl:91
┌ LogLevel(-2): 8%, Active workers: 40, Completed tasks: 640.
└ @ Main /work/vemundlu/FiberBundle/dataGenerator.jl:91
┌ LogLevel(-2): 9%, Active workers: 40, Completed tasks: 724.
└ @ Main /work/vemundlu/FiberBundle/dataGenerator.jl:91
┌ LogLevel(-2): 10%, Active workers: 40, Completed tasks: 804.
└ @ Main /work/vemundlu/FiberBundle/dataGenerator.jl:91
┌ LogLevel(-2): 11%, Active workers: 40, Completed tasks: 885.
└ @ Main /work/vemundlu/FiberBundle/dataGenerator.jl:91
┌ LogLevel(-2): 12%, Active workers: 40, Completed tasks: 967.
└ @ Main /work/vemundlu/FiberBundle/dataGenerator.jl:91
┌ LogLevel(-2): 13%, Active workers: 40, Completed tasks: 1050.
└ @ Main /work/vemundlu/FiberBundle/dataGenerator.jl:91
┌ LogLevel(-2): 14%, Active workers: 40, Completed tasks: 1132.
└ @ Main /work/vemundlu/FiberBundle/dataGenerator.jl:91
┌ LogLevel(-2): 15%, Active workers: 40, Completed tasks: 1217.
└ @ Main /work/vemundlu/FiberBundle/dataGenerator.jl:91
┌ LogLevel(-2): 16%, Active workers: 40, Completed tasks: 1294.
└ @ Main /work/vemundlu/FiberBundle/dataGenerator.jl:91
┌ LogLevel(-2): 17%, Active workers: 40, Completed tasks: 1377.
└ @ Main /work/vemundlu/FiberBundle/dataGenerator.jl:91
┌ LogLevel(-2): 18%, Active workers: 40, Completed tasks: 1459.
└ @ Main /work/vemundlu/FiberBundle/dataGenerator.jl:91
┌ LogLevel(-2): 19%, Active workers: 40, Completed tasks: 1542.
└ @ Main /work/vemundlu/FiberBundle/dataGenerator.jl:91
┌ LogLevel(-2): 20%, Active workers: 40, Completed tasks: 1623.
└ @ Main /work/vemundlu/FiberBundle/dataGenerator.jl:91
┌ LogLevel(-2): 21%, Active workers: 40, Completed tasks: 1708.
└ @ Main /work/vemundlu/FiberBundle/dataGenerator.jl:91
┌ LogLevel(-2): 22%, Active workers: 40, Completed tasks: 1791.
└ @ Main /work/vemundlu/FiberBundle/dataGenerator.jl:91
┌ LogLevel(-2): 23%, Active workers: 40, Completed tasks: 1876.
└ @ Main /work/vemundlu/FiberBundle/dataGenerator.jl:91
┌ LogLevel(-2): 24%, Active workers: 40, Completed tasks: 1957.
└ @ Main /work/vemundlu/FiberBundle/dataGenerator.jl:91
┌ LogLevel(-2): 25%, Active workers: 40, Completed tasks: 2044.
└ @ Main /work/vemundlu/FiberBundle/dataGenerator.jl:91
┌ LogLevel(-2): 26%, Active workers: 40, Completed tasks: 2125.
└ @ Main /work/vemundlu/FiberBundle/dataGenerator.jl:91
┌ LogLevel(-2): 27%, Active workers: 40, Completed tasks: 2207.
└ @ Main /work/vemundlu/FiberBundle/dataGenerator.jl:91
┌ LogLevel(-2): 28%, Active workers: 40, Completed tasks: 2289.
└ @ Main /work/vemundlu/FiberBundle/dataGenerator.jl:91
┌ LogLevel(-2): 29%, Active workers: 40, Completed tasks: 2372.
└ @ Main /work/vemundlu/FiberBundle/dataGenerator.jl:91
┌ LogLevel(-2): 30%, Active workers: 38, Completed tasks: 2457.
└ @ Main /work/vemundlu/FiberBundle/dataGenerator.jl:91
┌ LogLevel(-2): 31%, Active workers: 33, Completed tasks: 2543.
└ @ Main /work/vemundlu/FiberBundle/dataGenerator.jl:91
┌ LogLevel(-2): 32%, Active workers: 31, Completed tasks: 2624.
└ @ Main /work/vemundlu/FiberBundle/dataGenerator.jl:91
┌ LogLevel(-2): 33%, Active workers: 30, Completed tasks: 2706.
└ @ Main /work/vemundlu/FiberBundle/dataGenerator.jl:91
┌ LogLevel(-2): 34%, Active workers: 27, Completed tasks: 2793.
└ @ Main /work/vemundlu/FiberBundle/dataGenerator.jl:91
┌ LogLevel(-2): 35%, Active workers: 24, Completed tasks: 2876.
└ @ Main /work/vemundlu/FiberBundle/dataGenerator.jl:91
┌ LogLevel(-2): 36%, Active workers: 19, Completed tasks: 2955.
└ @ Main /work/vemundlu/FiberBundle/dataGenerator.jl:91
┌ LogLevel(-2): 100%, Active workers: 0, Completed tasks: 3000.
└ @ Main /work/vemundlu/FiberBundle/dataGenerator.jl:94
┌ LogLevel(-2): Done!
└ @ Main /work/vemundlu/FiberBundle/dataGenerator.jl:140
┌ LogLevel(-2): Calculating averages... 
└ @ Main /work/vemundlu/FiberBundle/dataGenerator.jl:143
┌ LogLevel(-2): Done!
└ @ Main /work/vemundlu/FiberBundle/dataGenerator.jl:145
┌ LogLevel(-2): 2022-12-21T01:38:07.326: Starting a=0.0 dist=Uniform L=128 nr=LLS t=0.08
└ @ Main /work/vemundlu/FiberBundle/dataGenerator.jl:153
┌ LogLevel(-2): Searching for loose files... 
└ @ Main /work/vemundlu/FiberBundle/support/dataManager.jl:251
┌ LogLevel(-2): 1000 files were found and skipped.
└ @ Main /work/vemundlu/FiberBundle/support/dataManager.jl:230
┌ LogLevel(-2): Running workers...
└ @ Main /work/vemundlu/FiberBundle/dataGenerator.jl:138
┌ LogLevel(-2): Starting work on a=0.0 dist=Uniform L=128 nr=LLS t=0.08
└ @ Main /work/vemundlu/FiberBundle/dataGenerator.jl:79
┌ LogLevel(-2): 0%, Active workers: 34, Completed tasks: 0.
└ @ Main /work/vemundlu/FiberBundle/dataGenerator.jl:91
┌ LogLevel(-2): 1%, Active workers: 40, Completed tasks: 75.
└ @ Main /work/vemundlu/FiberBundle/dataGenerator.jl:91
┌ LogLevel(-2): 2%, Active workers: 40, Completed tasks: 157.
└ @ Main /work/vemundlu/FiberBundle/dataGenerator.jl:91
┌ LogLevel(-2): 3%, Active workers: 40, Completed tasks: 240.
└ @ Main /work/vemundlu/FiberBundle/dataGenerator.jl:91
┌ LogLevel(-2): 4%, Active workers: 40, Completed tasks: 320.
└ @ Main /work/vemundlu/FiberBundle/dataGenerator.jl:91
┌ LogLevel(-2): 5%, Active workers: 40, Completed tasks: 400.
└ @ Main /work/vemundlu/FiberBundle/dataGenerator.jl:91
┌ LogLevel(-2): 6%, Active workers: 40, Completed tasks: 480.
└ @ Main /work/vemundlu/FiberBundle/dataGenerator.jl:91
┌ LogLevel(-2): 7%, Active workers: 40, Completed tasks: 564.
└ @ Main /work/vemundlu/FiberBundle/dataGenerator.jl:91
┌ LogLevel(-2): 8%, Active workers: 40, Completed tasks: 649.
└ @ Main /work/vemundlu/FiberBundle/dataGenerator.jl:91
┌ LogLevel(-2): 9%, Active workers: 40, Completed tasks: 736.
└ @ Main /work/vemundlu/FiberBundle/dataGenerator.jl:91
┌ LogLevel(-2): 10%, Active workers: 40, Completed tasks: 823.
└ @ Main /work/vemundlu/FiberBundle/dataGenerator.jl:91
┌ LogLevel(-2): 11%, Active workers: 40, Completed tasks: 907.
└ @ Main /work/vemundlu/FiberBundle/dataGenerator.jl:91
┌ LogLevel(-2): 12%, Active workers: 40, Completed tasks: 988.
└ @ Main /work/vemundlu/FiberBundle/dataGenerator.jl:91
┌ LogLevel(-2): 13%, Active workers: 40, Completed tasks: 1076.
└ @ Main /work/vemundlu/FiberBundle/dataGenerator.jl:91
┌ LogLevel(-2): 14%, Active workers: 40, Completed tasks: 1159.
└ @ Main /work/vemundlu/FiberBundle/dataGenerator.jl:91
┌ LogLevel(-2): 15%, Active workers: 40, Completed tasks: 1243.
└ @ Main /work/vemundlu/FiberBundle/dataGenerator.jl:91
┌ LogLevel(-2): 16%, Active workers: 40, Completed tasks: 1328.
└ @ Main /work/vemundlu/FiberBundle/dataGenerator.jl:91
┌ LogLevel(-2): 17%, Active workers: 40, Completed tasks: 1414.
└ @ Main /work/vemundlu/FiberBundle/dataGenerator.jl:91
┌ LogLevel(-2): 18%, Active workers: 40, Completed tasks: 1496.
└ @ Main /work/vemundlu/FiberBundle/dataGenerator.jl:91
┌ LogLevel(-2): 19%, Active workers: 40, Completed tasks: 1582.
└ @ Main /work/vemundlu/FiberBundle/dataGenerator.jl:91
┌ LogLevel(-2): 20%, Active workers: 40, Completed tasks: 1662.
└ @ Main /work/vemundlu/FiberBundle/dataGenerator.jl:91
┌ LogLevel(-2): 21%, Active workers: 40, Completed tasks: 1744.
└ @ Main /work/vemundlu/FiberBundle/dataGenerator.jl:91
┌ LogLevel(-2): 22%, Active workers: 40, Completed tasks: 1829.
└ @ Main /work/vemundlu/FiberBundle/dataGenerator.jl:91
┌ LogLevel(-2): 23%, Active workers: 40, Completed tasks: 1917.
└ @ Main /work/vemundlu/FiberBundle/dataGenerator.jl:91
┌ LogLevel(-2): 24%, Active workers: 40, Completed tasks: 2004.
└ @ Main /work/vemundlu/FiberBundle/dataGenerator.jl:91
┌ LogLevel(-2): 25%, Active workers: 40, Completed tasks: 2089.
└ @ Main /work/vemundlu/FiberBundle/dataGenerator.jl:91
┌ LogLevel(-2): 26%, Active workers: 40, Completed tasks: 2171.
└ @ Main /work/vemundlu/FiberBundle/dataGenerator.jl:91
┌ LogLevel(-2): 27%, Active workers: 40, Completed tasks: 2253.
└ @ Main /work/vemundlu/FiberBundle/dataGenerator.jl:91
┌ LogLevel(-2): 28%, Active workers: 40, Completed tasks: 2337.
└ @ Main /work/vemundlu/FiberBundle/dataGenerator.jl:91
┌ LogLevel(-2): 29%, Active workers: 40, Completed tasks: 2422.
└ @ Main /work/vemundlu/FiberBundle/dataGenerator.jl:91
┌ LogLevel(-2): 30%, Active workers: 40, Completed tasks: 2506.
└ @ Main /work/vemundlu/FiberBundle/dataGenerator.jl:91
┌ LogLevel(-2): 31%, Active workers: 40, Completed tasks: 2592.
└ @ Main /work/vemundlu/FiberBundle/dataGenerator.jl:91
┌ LogLevel(-2): 32%, Active workers: 40, Completed tasks: 2679.
└ @ Main /work/vemundlu/FiberBundle/dataGenerator.jl:91
┌ LogLevel(-2): 33%, Active workers: 40, Completed tasks: 2759.
└ @ Main /work/vemundlu/FiberBundle/dataGenerator.jl:91
┌ LogLevel(-2): 34%, Active workers: 40, Completed tasks: 2844.
└ @ Main /work/vemundlu/FiberBundle/dataGenerator.jl:91
┌ LogLevel(-2): 35%, Active workers: 37, Completed tasks: 2930.
└ @ Main /work/vemundlu/FiberBundle/dataGenerator.jl:91
┌ LogLevel(-2): 100%, Active workers: 0, Completed tasks: 3000.
└ @ Main /work/vemundlu/FiberBundle/dataGenerator.jl:94
┌ LogLevel(-2): Done!
└ @ Main /work/vemundlu/FiberBundle/dataGenerator.jl:140
┌ LogLevel(-2): Calculating averages... 
└ @ Main /work/vemundlu/FiberBundle/dataGenerator.jl:143
┌ LogLevel(-2): Done!
└ @ Main /work/vemundlu/FiberBundle/dataGenerator.jl:145
┌ LogLevel(-2): 2022-12-21T02:21:06.306: Starting a=2.0 dist=Uniform L=128 nr=CLS t=0.1
└ @ Main /work/vemundlu/FiberBundle/dataGenerator.jl:153
┌ LogLevel(-2): Searching for loose files... 
└ @ Main /work/vemundlu/FiberBundle/support/dataManager.jl:251
┌ LogLevel(-2): All seeds already exist
└ @ Main /work/vemundlu/FiberBundle/support/dataManager.jl:236
┌ LogLevel(-2): 2022-12-21T02:21:06.322: Starting a=0.0 dist=Uniform L=128 nr=LLS t=0.1
└ @ Main /work/vemundlu/FiberBundle/dataGenerator.jl:153
┌ LogLevel(-2): Searching for loose files... 
└ @ Main /work/vemundlu/FiberBundle/support/dataManager.jl:251
┌ LogLevel(-2): All seeds already exist
└ @ Main /work/vemundlu/FiberBundle/support/dataManager.jl:236
┌ LogLevel(-2): 2022-12-21T02:21:06.335: Starting a=2.0 dist=Uniform L=128 nr=CLS t=0.12
└ @ Main /work/vemundlu/FiberBundle/dataGenerator.jl:153
┌ LogLevel(-2): Searching for loose files... 
└ @ Main /work/vemundlu/FiberBundle/support/dataManager.jl:251
┌ LogLevel(-2): 1000 files were found and skipped.
└ @ Main /work/vemundlu/FiberBundle/support/dataManager.jl:230
┌ LogLevel(-2): Running workers...
└ @ Main /work/vemundlu/FiberBundle/dataGenerator.jl:138
┌ LogLevel(-2): Starting work on a=2.0 dist=Uniform L=128 nr=CLS t=0.12
└ @ Main /work/vemundlu/FiberBundle/dataGenerator.jl:79
┌ LogLevel(-2): 0%, Active workers: 36, Completed tasks: 0.
└ @ Main /work/vemundlu/FiberBundle/dataGenerator.jl:91
┌ LogLevel(-2): 1%, Active workers: 40, Completed tasks: 63.
└ @ Main /work/vemundlu/FiberBundle/dataGenerator.jl:91
┌ LogLevel(-2): 2%, Active workers: 40, Completed tasks: 146.
└ @ Main /work/vemundlu/FiberBundle/dataGenerator.jl:91
┌ LogLevel(-2): 3%, Active workers: 40, Completed tasks: 227.
└ @ Main /work/vemundlu/FiberBundle/dataGenerator.jl:91
┌ LogLevel(-2): 4%, Active workers: 40, Completed tasks: 316.
└ @ Main /work/vemundlu/FiberBundle/dataGenerator.jl:91
┌ LogLevel(-2): 5%, Active workers: 40, Completed tasks: 405.
└ @ Main /work/vemundlu/FiberBundle/dataGenerator.jl:91
┌ LogLevel(-2): 6%, Active workers: 40, Completed tasks: 488.
└ @ Main /work/vemundlu/FiberBundle/dataGenerator.jl:91
┌ LogLevel(-2): 7%, Active workers: 40, Completed tasks: 572.
└ @ Main /work/vemundlu/FiberBundle/dataGenerator.jl:91
┌ LogLevel(-2): 8%, Active workers: 40, Completed tasks: 650.
└ @ Main /work/vemundlu/FiberBundle/dataGenerator.jl:91
┌ LogLevel(-2): 9%, Active workers: 40, Completed tasks: 738.
└ @ Main /work/vemundlu/FiberBundle/dataGenerator.jl:91
┌ LogLevel(-2): 10%, Active workers: 40, Completed tasks: 820.
└ @ Main /work/vemundlu/FiberBundle/dataGenerator.jl:91
┌ LogLevel(-2): 11%, Active workers: 40, Completed tasks: 908.
└ @ Main /work/vemundlu/FiberBundle/dataGenerator.jl:91
┌ LogLevel(-2): 12%, Active workers: 40, Completed tasks: 988.
└ @ Main /work/vemundlu/FiberBundle/dataGenerator.jl:91
┌ LogLevel(-2): 13%, Active workers: 40, Completed tasks: 1078.
└ @ Main /work/vemundlu/FiberBundle/dataGenerator.jl:91
┌ LogLevel(-2): 14%, Active workers: 40, Completed tasks: 1158.
└ @ Main /work/vemundlu/FiberBundle/dataGenerator.jl:91
┌ LogLevel(-2): 15%, Active workers: 40, Completed tasks: 1243.
└ @ Main /work/vemundlu/FiberBundle/dataGenerator.jl:91
┌ LogLevel(-2): 16%, Active workers: 40, Completed tasks: 1323.
└ @ Main /work/vemundlu/FiberBundle/dataGenerator.jl:91
┌ LogLevel(-2): 17%, Active workers: 40, Completed tasks: 1409.
└ @ Main /work/vemundlu/FiberBundle/dataGenerator.jl:91
┌ LogLevel(-2): 18%, Active workers: 40, Completed tasks: 1491.
└ @ Main /work/vemundlu/FiberBundle/dataGenerator.jl:91
┌ LogLevel(-2): 19%, Active workers: 40, Completed tasks: 1577.
└ @ Main /work/vemundlu/FiberBundle/dataGenerator.jl:91
┌ LogLevel(-2): 20%, Active workers: 40, Completed tasks: 1665.
└ @ Main /work/vemundlu/FiberBundle/dataGenerator.jl:91
┌ LogLevel(-2): 21%, Active workers: 40, Completed tasks: 1749.
└ @ Main /work/vemundlu/FiberBundle/dataGenerator.jl:91
┌ LogLevel(-2): 22%, Active workers: 40, Completed tasks: 1838.
└ @ Main /work/vemundlu/FiberBundle/dataGenerator.jl:91
┌ LogLevel(-2): 23%, Active workers: 40, Completed tasks: 1921.
└ @ Main /work/vemundlu/FiberBundle/dataGenerator.jl:91
┌ LogLevel(-2): 24%, Active workers: 40, Completed tasks: 2007.
└ @ Main /work/vemundlu/FiberBundle/dataGenerator.jl:91
┌ LogLevel(-2): 25%, Active workers: 40, Completed tasks: 2093.
└ @ Main /work/vemundlu/FiberBundle/dataGenerator.jl:91
┌ LogLevel(-2): 26%, Active workers: 40, Completed tasks: 2175.
└ @ Main /work/vemundlu/FiberBundle/dataGenerator.jl:91
┌ LogLevel(-2): 27%, Active workers: 40, Completed tasks: 2258.
└ @ Main /work/vemundlu/FiberBundle/dataGenerator.jl:91
┌ LogLevel(-2): 28%, Active workers: 40, Completed tasks: 2343.
└ @ Main /work/vemundlu/FiberBundle/dataGenerator.jl:91
┌ LogLevel(-2): 29%, Active workers: 39, Completed tasks: 2431.
└ @ Main /work/vemundlu/FiberBundle/dataGenerator.jl:91
┌ LogLevel(-2): 30%, Active workers: 36, Completed tasks: 2511.
└ @ Main /work/vemundlu/FiberBundle/dataGenerator.jl:91
┌ LogLevel(-2): 31%, Active workers: 33, Completed tasks: 2601.
└ @ Main /work/vemundlu/FiberBundle/dataGenerator.jl:91
┌ LogLevel(-2): 32%, Active workers: 29, Completed tasks: 2686.
└ @ Main /work/vemundlu/FiberBundle/dataGenerator.jl:91
┌ LogLevel(-2): 33%, Active workers: 28, Completed tasks: 2769.
└ @ Main /work/vemundlu/FiberBundle/dataGenerator.jl:91
┌ LogLevel(-2): 34%, Active workers: 24, Completed tasks: 2853.
└ @ Main /work/vemundlu/FiberBundle/dataGenerator.jl:91
┌ LogLevel(-2): 35%, Active workers: 19, Completed tasks: 2942.
└ @ Main /work/vemundlu/FiberBundle/dataGenerator.jl:91
┌ LogLevel(-2): 100%, Active workers: 0, Completed tasks: 3000.
└ @ Main /work/vemundlu/FiberBundle/dataGenerator.jl:94
┌ LogLevel(-2): Done!
└ @ Main /work/vemundlu/FiberBundle/dataGenerator.jl:140
┌ LogLevel(-2): Calculating averages... 
└ @ Main /work/vemundlu/FiberBundle/dataGenerator.jl:143
┌ LogLevel(-2): Done!
└ @ Main /work/vemundlu/FiberBundle/dataGenerator.jl:145
┌ LogLevel(-2): 2022-12-21T03:02:21.367: Starting a=0.0 dist=Uniform L=128 nr=LLS t=0.12
└ @ Main /work/vemundlu/FiberBundle/dataGenerator.jl:153
┌ LogLevel(-2): Searching for loose files... 
└ @ Main /work/vemundlu/FiberBundle/support/dataManager.jl:251
┌ LogLevel(-2): 1000 files were found and skipped.
└ @ Main /work/vemundlu/FiberBundle/support/dataManager.jl:230
┌ LogLevel(-2): Running workers...
└ @ Main /work/vemundlu/FiberBundle/dataGenerator.jl:138
┌ LogLevel(-2): Starting work on a=0.0 dist=Uniform L=128 nr=LLS t=0.12
└ @ Main /work/vemundlu/FiberBundle/dataGenerator.jl:79
┌ LogLevel(-2): 0%, Active workers: 40, Completed tasks: 0.
└ @ Main /work/vemundlu/FiberBundle/dataGenerator.jl:91
┌ LogLevel(-2): 1%, Active workers: 40, Completed tasks: 80.
└ @ Main /work/vemundlu/FiberBundle/dataGenerator.jl:91
┌ LogLevel(-2): 2%, Active workers: 40, Completed tasks: 160.
└ @ Main /work/vemundlu/FiberBundle/dataGenerator.jl:91
┌ LogLevel(-2): 3%, Active workers: 40, Completed tasks: 242.
└ @ Main /work/vemundlu/FiberBundle/dataGenerator.jl:91
┌ LogLevel(-2): 4%, Active workers: 40, Completed tasks: 333.
└ @ Main /work/vemundlu/FiberBundle/dataGenerator.jl:91
┌ LogLevel(-2): 5%, Active workers: 40, Completed tasks: 428.
└ @ Main /work/vemundlu/FiberBundle/dataGenerator.jl:91
┌ LogLevel(-2): 6%, Active workers: 40, Completed tasks: 516.
└ @ Main /work/vemundlu/FiberBundle/dataGenerator.jl:91
┌ LogLevel(-2): 7%, Active workers: 40, Completed tasks: 601.
└ @ Main /work/vemundlu/FiberBundle/dataGenerator.jl:91
┌ LogLevel(-2): 8%, Active workers: 40, Completed tasks: 690.
└ @ Main /work/vemundlu/FiberBundle/dataGenerator.jl:91
┌ LogLevel(-2): 9%, Active workers: 40, Completed tasks: 780.
└ @ Main /work/vemundlu/FiberBundle/dataGenerator.jl:91
┌ LogLevel(-2): 10%, Active workers: 40, Completed tasks: 874.
└ @ Main /work/vemundlu/FiberBundle/dataGenerator.jl:91
┌ LogLevel(-2): 11%, Active workers: 40, Completed tasks: 959.
└ @ Main /work/vemundlu/FiberBundle/dataGenerator.jl:91
┌ LogLevel(-2): 12%, Active workers: 40, Completed tasks: 1049.
└ @ Main /work/vemundlu/FiberBundle/dataGenerator.jl:91
┌ LogLevel(-2): 13%, Active workers: 40, Completed tasks: 1135.
└ @ Main /work/vemundlu/FiberBundle/dataGenerator.jl:91
┌ LogLevel(-2): 14%, Active workers: 40, Completed tasks: 1226.
└ @ Main /work/vemundlu/FiberBundle/dataGenerator.jl:91
┌ LogLevel(-2): 15%, Active workers: 40, Completed tasks: 1318.
└ @ Main /work/vemundlu/FiberBundle/dataGenerator.jl:91
┌ LogLevel(-2): 16%, Active workers: 40, Completed tasks: 1406.
└ @ Main /work/vemundlu/FiberBundle/dataGenerator.jl:91
┌ LogLevel(-2): 17%, Active workers: 40, Completed tasks: 1493.
└ @ Main /work/vemundlu/FiberBundle/dataGenerator.jl:91
┌ LogLevel(-2): 18%, Active workers: 40, Completed tasks: 1581.
└ @ Main /work/vemundlu/FiberBundle/dataGenerator.jl:91
┌ LogLevel(-2): 19%, Active workers: 40, Completed tasks: 1669.
└ @ Main /work/vemundlu/FiberBundle/dataGenerator.jl:91
┌ LogLevel(-2): 20%, Active workers: 40, Completed tasks: 1763.
└ @ Main /work/vemundlu/FiberBundle/dataGenerator.jl:91
┌ LogLevel(-2): 21%, Active workers: 40, Completed tasks: 1851.
└ @ Main /work/vemundlu/FiberBundle/dataGenerator.jl:91
┌ LogLevel(-2): 22%, Active workers: 40, Completed tasks: 1942.
└ @ Main /work/vemundlu/FiberBundle/dataGenerator.jl:91
┌ LogLevel(-2): 23%, Active workers: 40, Completed tasks: 2032.
└ @ Main /work/vemundlu/FiberBundle/dataGenerator.jl:91
┌ LogLevel(-2): 24%, Active workers: 40, Completed tasks: 2119.
└ @ Main /work/vemundlu/FiberBundle/dataGenerator.jl:91
┌ LogLevel(-2): 25%, Active workers: 40, Completed tasks: 2207.
└ @ Main /work/vemundlu/FiberBundle/dataGenerator.jl:91
┌ LogLevel(-2): 26%, Active workers: 40, Completed tasks: 2297.
└ @ Main /work/vemundlu/FiberBundle/dataGenerator.jl:91
┌ LogLevel(-2): 27%, Active workers: 40, Completed tasks: 2385.
└ @ Main /work/vemundlu/FiberBundle/dataGenerator.jl:91
┌ LogLevel(-2): 28%, Active workers: 40, Completed tasks: 2477.
└ @ Main /work/vemundlu/FiberBundle/dataGenerator.jl:91
┌ LogLevel(-2): 29%, Active workers: 40, Completed tasks: 2563.
└ @ Main /work/vemundlu/FiberBundle/dataGenerator.jl:91
┌ LogLevel(-2): 30%, Active workers: 40, Completed tasks: 2654.
└ @ Main /work/vemundlu/FiberBundle/dataGenerator.jl:91
┌ LogLevel(-2): 31%, Active workers: 40, Completed tasks: 2740.
└ @ Main /work/vemundlu/FiberBundle/dataGenerator.jl:91
┌ LogLevel(-2): 32%, Active workers: 40, Completed tasks: 2832.
└ @ Main /work/vemundlu/FiberBundle/dataGenerator.jl:91
┌ LogLevel(-2): 33%, Active workers: 40, Completed tasks: 2919.
└ @ Main /work/vemundlu/FiberBundle/dataGenerator.jl:91
┌ LogLevel(-2): 100%, Active workers: 0, Completed tasks: 3000.
└ @ Main /work/vemundlu/FiberBundle/dataGenerator.jl:94
┌ LogLevel(-2): Done!
└ @ Main /work/vemundlu/FiberBundle/dataGenerator.jl:140
┌ LogLevel(-2): Calculating averages... 
└ @ Main /work/vemundlu/FiberBundle/dataGenerator.jl:143
┌ LogLevel(-2): Done!
└ @ Main /work/vemundlu/FiberBundle/dataGenerator.jl:145
┌ LogLevel(-2): 2022-12-21T03:43:05.470: Starting a=2.0 dist=Uniform L=128 nr=CLS t=0.14
└ @ Main /work/vemundlu/FiberBundle/dataGenerator.jl:153
┌ LogLevel(-2): Searching for loose files... 
└ @ Main /work/vemundlu/FiberBundle/support/dataManager.jl:251
┌ LogLevel(-2): 1000 files were found and skipped.
└ @ Main /work/vemundlu/FiberBundle/support/dataManager.jl:230
┌ LogLevel(-2): Running workers...
└ @ Main /work/vemundlu/FiberBundle/dataGenerator.jl:138
┌ LogLevel(-2): Starting work on a=2.0 dist=Uniform L=128 nr=CLS t=0.14
└ @ Main /work/vemundlu/FiberBundle/dataGenerator.jl:79
┌ LogLevel(-2): 0%, Active workers: 29, Completed tasks: 0.
└ @ Main /work/vemundlu/FiberBundle/dataGenerator.jl:91
┌ LogLevel(-2): 1%, Active workers: 40, Completed tasks: 62.
└ @ Main /work/vemundlu/FiberBundle/dataGenerator.jl:91
┌ LogLevel(-2): 2%, Active workers: 40, Completed tasks: 148.
└ @ Main /work/vemundlu/FiberBundle/dataGenerator.jl:91
┌ LogLevel(-2): 3%, Active workers: 40, Completed tasks: 232.
└ @ Main /work/vemundlu/FiberBundle/dataGenerator.jl:91
┌ LogLevel(-2): 4%, Active workers: 40, Completed tasks: 319.
└ @ Main /work/vemundlu/FiberBundle/dataGenerator.jl:91
┌ LogLevel(-2): 5%, Active workers: 40, Completed tasks: 404.
└ @ Main /work/vemundlu/FiberBundle/dataGenerator.jl:91
┌ LogLevel(-2): 6%, Active workers: 40, Completed tasks: 488.
└ @ Main /work/vemundlu/FiberBundle/dataGenerator.jl:91
┌ LogLevel(-2): 7%, Active workers: 40, Completed tasks: 576.
└ @ Main /work/vemundlu/FiberBundle/dataGenerator.jl:91
┌ LogLevel(-2): 8%, Active workers: 40, Completed tasks: 661.
└ @ Main /work/vemundlu/FiberBundle/dataGenerator.jl:91
┌ LogLevel(-2): 9%, Active workers: 40, Completed tasks: 752.
└ @ Main /work/vemundlu/FiberBundle/dataGenerator.jl:91
┌ LogLevel(-2): 10%, Active workers: 40, Completed tasks: 834.
└ @ Main /work/vemundlu/FiberBundle/dataGenerator.jl:91
┌ LogLevel(-2): 11%, Active workers: 40, Completed tasks: 920.
└ @ Main /work/vemundlu/FiberBundle/dataGenerator.jl:91
┌ LogLevel(-2): 12%, Active workers: 40, Completed tasks: 1005.
└ @ Main /work/vemundlu/FiberBundle/dataGenerator.jl:91
┌ LogLevel(-2): 13%, Active workers: 40, Completed tasks: 1092.
└ @ Main /work/vemundlu/FiberBundle/dataGenerator.jl:91
┌ LogLevel(-2): 14%, Active workers: 40, Completed tasks: 1178.
└ @ Main /work/vemundlu/FiberBundle/dataGenerator.jl:91
┌ LogLevel(-2): 15%, Active workers: 40, Completed tasks: 1262.
└ @ Main /work/vemundlu/FiberBundle/dataGenerator.jl:91
┌ LogLevel(-2): 16%, Active workers: 40, Completed tasks: 1350.
└ @ Main /work/vemundlu/FiberBundle/dataGenerator.jl:91
┌ LogLevel(-2): 17%, Active workers: 40, Completed tasks: 1433.
└ @ Main /work/vemundlu/FiberBundle/dataGenerator.jl:91
┌ LogLevel(-2): 18%, Active workers: 40, Completed tasks: 1523.
└ @ Main /work/vemundlu/FiberBundle/dataGenerator.jl:91
┌ LogLevel(-2): 19%, Active workers: 40, Completed tasks: 1602.
└ @ Main /work/vemundlu/FiberBundle/dataGenerator.jl:91
┌ LogLevel(-2): 20%, Active workers: 40, Completed tasks: 1689.
└ @ Main /work/vemundlu/FiberBundle/dataGenerator.jl:91
┌ LogLevel(-2): 21%, Active workers: 40, Completed tasks: 1776.
└ @ Main /work/vemundlu/FiberBundle/dataGenerator.jl:91
┌ LogLevel(-2): 22%, Active workers: 40, Completed tasks: 1863.
└ @ Main /work/vemundlu/FiberBundle/dataGenerator.jl:91
┌ LogLevel(-2): 23%, Active workers: 40, Completed tasks: 1948.
└ @ Main /work/vemundlu/FiberBundle/dataGenerator.jl:91
┌ LogLevel(-2): 24%, Active workers: 40, Completed tasks: 2031.
└ @ Main /work/vemundlu/FiberBundle/dataGenerator.jl:91
┌ LogLevel(-2): 25%, Active workers: 40, Completed tasks: 2119.
└ @ Main /work/vemundlu/FiberBundle/dataGenerator.jl:91
┌ LogLevel(-2): 26%, Active workers: 40, Completed tasks: 2205.
└ @ Main /work/vemundlu/FiberBundle/dataGenerator.jl:91
┌ LogLevel(-2): 27%, Active workers: 40, Completed tasks: 2292.
└ @ Main /work/vemundlu/FiberBundle/dataGenerator.jl:91
┌ LogLevel(-2): 28%, Active workers: 40, Completed tasks: 2379.
└ @ Main /work/vemundlu/FiberBundle/dataGenerator.jl:91
┌ LogLevel(-2): 29%, Active workers: 35, Completed tasks: 2466.
└ @ Main /work/vemundlu/FiberBundle/dataGenerator.jl:91
┌ LogLevel(-2): 30%, Active workers: 33, Completed tasks: 2550.
└ @ Main /work/vemundlu/FiberBundle/dataGenerator.jl:91
┌ LogLevel(-2): 31%, Active workers: 31, Completed tasks: 2636.
└ @ Main /work/vemundlu/FiberBundle/dataGenerator.jl:91
┌ LogLevel(-2): 32%, Active workers: 29, Completed tasks: 2724.
└ @ Main /work/vemundlu/FiberBundle/dataGenerator.jl:91
┌ LogLevel(-2): 33%, Active workers: 26, Completed tasks: 2813.
└ @ Main /work/vemundlu/FiberBundle/dataGenerator.jl:91
┌ LogLevel(-2): 34%, Active workers: 24, Completed tasks: 2894.
└ @ Main /work/vemundlu/FiberBundle/dataGenerator.jl:91
┌ LogLevel(-2): 35%, Active workers: 8, Completed tasks: 2989.
└ @ Main /work/vemundlu/FiberBundle/dataGenerator.jl:91
┌ LogLevel(-2): 100%, Active workers: 0, Completed tasks: 3000.
└ @ Main /work/vemundlu/FiberBundle/dataGenerator.jl:94
┌ LogLevel(-2): Done!
└ @ Main /work/vemundlu/FiberBundle/dataGenerator.jl:140
┌ LogLevel(-2): Calculating averages... 
└ @ Main /work/vemundlu/FiberBundle/dataGenerator.jl:143
┌ LogLevel(-2): Done!
└ @ Main /work/vemundlu/FiberBundle/dataGenerator.jl:145
┌ LogLevel(-2): 2022-12-21T04:24:00.251: Starting a=0.0 dist=Uniform L=128 nr=LLS t=0.14
└ @ Main /work/vemundlu/FiberBundle/dataGenerator.jl:153
┌ LogLevel(-2): Searching for loose files... 
└ @ Main /work/vemundlu/FiberBundle/support/dataManager.jl:251
┌ LogLevel(-2): 1000 files were found and skipped.
└ @ Main /work/vemundlu/FiberBundle/support/dataManager.jl:230
┌ LogLevel(-2): Running workers...
└ @ Main /work/vemundlu/FiberBundle/dataGenerator.jl:138
┌ LogLevel(-2): Starting work on a=0.0 dist=Uniform L=128 nr=LLS t=0.14
└ @ Main /work/vemundlu/FiberBundle/dataGenerator.jl:79
┌ LogLevel(-2): 0%, Active workers: 29, Completed tasks: 0.
└ @ Main /work/vemundlu/FiberBundle/dataGenerator.jl:91
┌ LogLevel(-2): 1%, Active workers: 40, Completed tasks: 80.
└ @ Main /work/vemundlu/FiberBundle/dataGenerator.jl:91
┌ LogLevel(-2): 2%, Active workers: 40, Completed tasks: 160.
└ @ Main /work/vemundlu/FiberBundle/dataGenerator.jl:91
┌ LogLevel(-2): 3%, Active workers: 40, Completed tasks: 252.
└ @ Main /work/vemundlu/FiberBundle/dataGenerator.jl:91
┌ LogLevel(-2): 4%, Active workers: 40, Completed tasks: 356.
└ @ Main /work/vemundlu/FiberBundle/dataGenerator.jl:91
┌ LogLevel(-2): 5%, Active workers: 40, Completed tasks: 440.
└ @ Main /work/vemundlu/FiberBundle/dataGenerator.jl:91
┌ LogLevel(-2): 6%, Active workers: 40, Completed tasks: 529.
└ @ Main /work/vemundlu/FiberBundle/dataGenerator.jl:91
┌ LogLevel(-2): 7%, Active workers: 40, Completed tasks: 625.
└ @ Main /work/vemundlu/FiberBundle/dataGenerator.jl:91
┌ LogLevel(-2): 8%, Active workers: 40, Completed tasks: 717.
└ @ Main /work/vemundlu/FiberBundle/dataGenerator.jl:91
┌ LogLevel(-2): 9%, Active workers: 40, Completed tasks: 807.
└ @ Main /work/vemundlu/FiberBundle/dataGenerator.jl:91
┌ LogLevel(-2): 10%, Active workers: 40, Completed tasks: 896.
└ @ Main /work/vemundlu/FiberBundle/dataGenerator.jl:91
┌ LogLevel(-2): 11%, Active workers: 40, Completed tasks: 994.
└ @ Main /work/vemundlu/FiberBundle/dataGenerator.jl:91
┌ LogLevel(-2): 12%, Active workers: 40, Completed tasks: 1081.
└ @ Main /work/vemundlu/FiberBundle/dataGenerator.jl:91
┌ LogLevel(-2): 13%, Active workers: 40, Completed tasks: 1172.
└ @ Main /work/vemundlu/FiberBundle/dataGenerator.jl:91
┌ LogLevel(-2): 14%, Active workers: 40, Completed tasks: 1268.
└ @ Main /work/vemundlu/FiberBundle/dataGenerator.jl:91
┌ LogLevel(-2): 15%, Active workers: 40, Completed tasks: 1360.
└ @ Main /work/vemundlu/FiberBundle/dataGenerator.jl:91
┌ LogLevel(-2): 16%, Active workers: 40, Completed tasks: 1452.
└ @ Main /work/vemundlu/FiberBundle/dataGenerator.jl:91
┌ LogLevel(-2): 17%, Active workers: 40, Completed tasks: 1545.
└ @ Main /work/vemundlu/FiberBundle/dataGenerator.jl:91
┌ LogLevel(-2): 18%, Active workers: 40, Completed tasks: 1632.
└ @ Main /work/vemundlu/FiberBundle/dataGenerator.jl:91
┌ LogLevel(-2): 19%, Active workers: 40, Completed tasks: 1731.
└ @ Main /work/vemundlu/FiberBundle/dataGenerator.jl:91
┌ LogLevel(-2): 20%, Active workers: 40, Completed tasks: 1824.
└ @ Main /work/vemundlu/FiberBundle/dataGenerator.jl:91
┌ LogLevel(-2): 21%, Active workers: 40, Completed tasks: 1908.
└ @ Main /work/vemundlu/FiberBundle/dataGenerator.jl:91
┌ LogLevel(-2): 22%, Active workers: 40, Completed tasks: 2008.
└ @ Main /work/vemundlu/FiberBundle/dataGenerator.jl:91
┌ LogLevel(-2): 23%, Active workers: 40, Completed tasks: 2099.
└ @ Main /work/vemundlu/FiberBundle/dataGenerator.jl:91
┌ LogLevel(-2): 24%, Active workers: 40, Completed tasks: 2187.
└ @ Main /work/vemundlu/FiberBundle/dataGenerator.jl:91
┌ LogLevel(-2): 25%, Active workers: 40, Completed tasks: 2283.
└ @ Main /work/vemundlu/FiberBundle/dataGenerator.jl:91
┌ LogLevel(-2): 26%, Active workers: 40, Completed tasks: 2376.
└ @ Main /work/vemundlu/FiberBundle/dataGenerator.jl:91
┌ LogLevel(-2): 27%, Active workers: 40, Completed tasks: 2465.
└ @ Main /work/vemundlu/FiberBundle/dataGenerator.jl:91
┌ LogLevel(-2): 28%, Active workers: 40, Completed tasks: 2556.
└ @ Main /work/vemundlu/FiberBundle/dataGenerator.jl:91
┌ LogLevel(-2): 29%, Active workers: 40, Completed tasks: 2653.
└ @ Main /work/vemundlu/FiberBundle/dataGenerator.jl:91
┌ LogLevel(-2): 30%, Active workers: 40, Completed tasks: 2745.
└ @ Main /work/vemundlu/FiberBundle/dataGenerator.jl:91
┌ LogLevel(-2): 31%, Active workers: 40, Completed tasks: 2833.
└ @ Main /work/vemundlu/FiberBundle/dataGenerator.jl:91
┌ LogLevel(-2): 32%, Active workers: 40, Completed tasks: 2925.
└ @ Main /work/vemundlu/FiberBundle/dataGenerator.jl:91
┌ LogLevel(-2): 100%, Active workers: 0, Completed tasks: 3000.
└ @ Main /work/vemundlu/FiberBundle/dataGenerator.jl:94
┌ LogLevel(-2): Done!
└ @ Main /work/vemundlu/FiberBundle/dataGenerator.jl:140
┌ LogLevel(-2): Calculating averages... 
└ @ Main /work/vemundlu/FiberBundle/dataGenerator.jl:143
┌ LogLevel(-2): Done!
└ @ Main /work/vemundlu/FiberBundle/dataGenerator.jl:145
┌ LogLevel(-2): 2022-12-21T05:03:24.466: Starting a=2.0 dist=Uniform L=128 nr=CLS t=0.16
└ @ Main /work/vemundlu/FiberBundle/dataGenerator.jl:153
┌ LogLevel(-2): Searching for loose files... 
└ @ Main /work/vemundlu/FiberBundle/support/dataManager.jl:251
┌ LogLevel(-2): 1000 files were found and skipped.
└ @ Main /work/vemundlu/FiberBundle/support/dataManager.jl:230
┌ LogLevel(-2): Running workers...
└ @ Main /work/vemundlu/FiberBundle/dataGenerator.jl:138
┌ LogLevel(-2): Starting work on a=2.0 dist=Uniform L=128 nr=CLS t=0.16
└ @ Main /work/vemundlu/FiberBundle/dataGenerator.jl:79
┌ LogLevel(-2): 0%, Active workers: 40, Completed tasks: 0.
└ @ Main /work/vemundlu/FiberBundle/dataGenerator.jl:91
┌ LogLevel(-2): 1%, Active workers: 40, Completed tasks: 68.
└ @ Main /work/vemundlu/FiberBundle/dataGenerator.jl:91
┌ LogLevel(-2): 2%, Active workers: 40, Completed tasks: 153.
└ @ Main /work/vemundlu/FiberBundle/dataGenerator.jl:91
┌ LogLevel(-2): 3%, Active workers: 40, Completed tasks: 241.
└ @ Main /work/vemundlu/FiberBundle/dataGenerator.jl:91
┌ LogLevel(-2): 4%, Active workers: 40, Completed tasks: 322.
└ @ Main /work/vemundlu/FiberBundle/dataGenerator.jl:91
┌ LogLevel(-2): 5%, Active workers: 40, Completed tasks: 411.
└ @ Main /work/vemundlu/FiberBundle/dataGenerator.jl:91
┌ LogLevel(-2): 6%, Active workers: 40, Completed tasks: 496.
└ @ Main /work/vemundlu/FiberBundle/dataGenerator.jl:91
┌ LogLevel(-2): 7%, Active workers: 40, Completed tasks: 585.
└ @ Main /work/vemundlu/FiberBundle/dataGenerator.jl:91
┌ LogLevel(-2): 8%, Active workers: 40, Completed tasks: 670.
└ @ Main /work/vemundlu/FiberBundle/dataGenerator.jl:91
┌ LogLevel(-2): 9%, Active workers: 40, Completed tasks: 762.
└ @ Main /work/vemundlu/FiberBundle/dataGenerator.jl:91
┌ LogLevel(-2): 10%, Active workers: 40, Completed tasks: 847.
└ @ Main /work/vemundlu/FiberBundle/dataGenerator.jl:91
┌ LogLevel(-2): 11%, Active workers: 40, Completed tasks: 932.
└ @ Main /work/vemundlu/FiberBundle/dataGenerator.jl:91
┌ LogLevel(-2): 12%, Active workers: 40, Completed tasks: 1018.
└ @ Main /work/vemundlu/FiberBundle/dataGenerator.jl:91
┌ LogLevel(-2): 13%, Active workers: 40, Completed tasks: 1106.
└ @ Main /work/vemundlu/FiberBundle/dataGenerator.jl:91
┌ LogLevel(-2): 14%, Active workers: 40, Completed tasks: 1194.
└ @ Main /work/vemundlu/FiberBundle/dataGenerator.jl:91
┌ LogLevel(-2): 15%, Active workers: 40, Completed tasks: 1281.
└ @ Main /work/vemundlu/FiberBundle/dataGenerator.jl:91
┌ LogLevel(-2): 16%, Active workers: 40, Completed tasks: 1364.
└ @ Main /work/vemundlu/FiberBundle/dataGenerator.jl:91
┌ LogLevel(-2): 17%, Active workers: 40, Completed tasks: 1449.
└ @ Main /work/vemundlu/FiberBundle/dataGenerator.jl:91
┌ LogLevel(-2): 18%, Active workers: 40, Completed tasks: 1534.
└ @ Main /work/vemundlu/FiberBundle/dataGenerator.jl:91
┌ LogLevel(-2): 19%, Active workers: 40, Completed tasks: 1624.
└ @ Main /work/vemundlu/FiberBundle/dataGenerator.jl:91
┌ LogLevel(-2): 20%, Active workers: 40, Completed tasks: 1710.
└ @ Main /work/vemundlu/FiberBundle/dataGenerator.jl:91
┌ LogLevel(-2): 21%, Active workers: 40, Completed tasks: 1799.
└ @ Main /work/vemundlu/FiberBundle/dataGenerator.jl:91
┌ LogLevel(-2): 22%, Active workers: 40, Completed tasks: 1887.
└ @ Main /work/vemundlu/FiberBundle/dataGenerator.jl:91
┌ LogLevel(-2): 23%, Active workers: 40, Completed tasks: 1974.
└ @ Main /work/vemundlu/FiberBundle/dataGenerator.jl:91
┌ LogLevel(-2): 24%, Active workers: 40, Completed tasks: 2065.
└ @ Main /work/vemundlu/FiberBundle/dataGenerator.jl:91
┌ LogLevel(-2): 25%, Active workers: 40, Completed tasks: 2152.
└ @ Main /work/vemundlu/FiberBundle/dataGenerator.jl:91
┌ LogLevel(-2): 26%, Active workers: 40, Completed tasks: 2242.
└ @ Main /work/vemundlu/FiberBundle/dataGenerator.jl:91
┌ LogLevel(-2): 27%, Active workers: 40, Completed tasks: 2328.
└ @ Main /work/vemundlu/FiberBundle/dataGenerator.jl:91
┌ LogLevel(-2): 28%, Active workers: 40, Completed tasks: 2416.
└ @ Main /work/vemundlu/FiberBundle/dataGenerator.jl:91
┌ LogLevel(-2): 29%, Active workers: 36, Completed tasks: 2504.
└ @ Main /work/vemundlu/FiberBundle/dataGenerator.jl:91
┌ LogLevel(-2): 30%, Active workers: 31, Completed tasks: 2593.
└ @ Main /work/vemundlu/FiberBundle/dataGenerator.jl:91
┌ LogLevel(-2): 31%, Active workers: 29, Completed tasks: 2685.
└ @ Main /work/vemundlu/FiberBundle/dataGenerator.jl:91
┌ LogLevel(-2): 32%, Active workers: 25, Completed tasks: 2766.
└ @ Main /work/vemundlu/FiberBundle/dataGenerator.jl:91
┌ LogLevel(-2): 33%, Active workers: 24, Completed tasks: 2854.
└ @ Main /work/vemundlu/FiberBundle/dataGenerator.jl:91
┌ LogLevel(-2): 34%, Active workers: 19, Completed tasks: 2943.
└ @ Main /work/vemundlu/FiberBundle/dataGenerator.jl:91
┌ LogLevel(-2): 100%, Active workers: 0, Completed tasks: 3000.
└ @ Main /work/vemundlu/FiberBundle/dataGenerator.jl:94
┌ LogLevel(-2): Done!
└ @ Main /work/vemundlu/FiberBundle/dataGenerator.jl:140
┌ LogLevel(-2): Calculating averages... 
└ @ Main /work/vemundlu/FiberBundle/dataGenerator.jl:143
┌ LogLevel(-2): Done!
└ @ Main /work/vemundlu/FiberBundle/dataGenerator.jl:145
┌ LogLevel(-2): 2022-12-21T05:44:02.614: Starting a=0.0 dist=Uniform L=128 nr=LLS t=0.16
└ @ Main /work/vemundlu/FiberBundle/dataGenerator.jl:153
┌ LogLevel(-2): Searching for loose files... 
└ @ Main /work/vemundlu/FiberBundle/support/dataManager.jl:251
┌ LogLevel(-2): 1000 files were found and skipped.
└ @ Main /work/vemundlu/FiberBundle/support/dataManager.jl:230
┌ LogLevel(-2): Running workers...
└ @ Main /work/vemundlu/FiberBundle/dataGenerator.jl:138
┌ LogLevel(-2): Starting work on a=0.0 dist=Uniform L=128 nr=LLS t=0.16
└ @ Main /work/vemundlu/FiberBundle/dataGenerator.jl:79
┌ LogLevel(-2): 0%, Active workers: 34, Completed tasks: 0.
└ @ Main /work/vemundlu/FiberBundle/dataGenerator.jl:91
┌ LogLevel(-2): 1%, Active workers: 40, Completed tasks: 80.
└ @ Main /work/vemundlu/FiberBundle/dataGenerator.jl:91
┌ LogLevel(-2): 2%, Active workers: 40, Completed tasks: 162.
└ @ Main /work/vemundlu/FiberBundle/dataGenerator.jl:91
┌ LogLevel(-2): 3%, Active workers: 40, Completed tasks: 274.
└ @ Main /work/vemundlu/FiberBundle/dataGenerator.jl:91
┌ LogLevel(-2): 4%, Active workers: 40, Completed tasks: 361.
└ @ Main /work/vemundlu/FiberBundle/dataGenerator.jl:91
┌ LogLevel(-2): 5%, Active workers: 40, Completed tasks: 455.
└ @ Main /work/vemundlu/FiberBundle/dataGenerator.jl:91
┌ LogLevel(-2): 6%, Active workers: 40, Completed tasks: 558.
└ @ Main /work/vemundlu/FiberBundle/dataGenerator.jl:91
┌ LogLevel(-2): 7%, Active workers: 40, Completed tasks: 647.
└ @ Main /work/vemundlu/FiberBundle/dataGenerator.jl:91
┌ LogLevel(-2): 8%, Active workers: 40, Completed tasks: 741.
└ @ Main /work/vemundlu/FiberBundle/dataGenerator.jl:91
┌ LogLevel(-2): 9%, Active workers: 40, Completed tasks: 844.
└ @ Main /work/vemundlu/FiberBundle/dataGenerator.jl:91
┌ LogLevel(-2): 10%, Active workers: 40, Completed tasks: 937.
└ @ Main /work/vemundlu/FiberBundle/dataGenerator.jl:91
┌ LogLevel(-2): 11%, Active workers: 40, Completed tasks: 1032.
└ @ Main /work/vemundlu/FiberBundle/dataGenerator.jl:91
┌ LogLevel(-2): 12%, Active workers: 40, Completed tasks: 1129.
└ @ Main /work/vemundlu/FiberBundle/dataGenerator.jl:91
┌ LogLevel(-2): 13%, Active workers: 40, Completed tasks: 1227.
└ @ Main /work/vemundlu/FiberBundle/dataGenerator.jl:91
┌ LogLevel(-2): 14%, Active workers: 40, Completed tasks: 1319.
└ @ Main /work/vemundlu/FiberBundle/dataGenerator.jl:91
┌ LogLevel(-2): 15%, Active workers: 40, Completed tasks: 1418.
└ @ Main /work/vemundlu/FiberBundle/dataGenerator.jl:91
┌ LogLevel(-2): 16%, Active workers: 40, Completed tasks: 1513.
└ @ Main /work/vemundlu/FiberBundle/dataGenerator.jl:91
┌ LogLevel(-2): 17%, Active workers: 40, Completed tasks: 1608.
└ @ Main /work/vemundlu/FiberBundle/dataGenerator.jl:91
┌ LogLevel(-2): 18%, Active workers: 40, Completed tasks: 1706.
└ @ Main /work/vemundlu/FiberBundle/dataGenerator.jl:91
┌ LogLevel(-2): 19%, Active workers: 40, Completed tasks: 1802.
└ @ Main /work/vemundlu/FiberBundle/dataGenerator.jl:91
┌ LogLevel(-2): 20%, Active workers: 40, Completed tasks: 1897.
└ @ Main /work/vemundlu/FiberBundle/dataGenerator.jl:91
┌ LogLevel(-2): 21%, Active workers: 40, Completed tasks: 1998.
└ @ Main /work/vemundlu/FiberBundle/dataGenerator.jl:91
┌ LogLevel(-2): 22%, Active workers: 40, Completed tasks: 2090.
└ @ Main /work/vemundlu/FiberBundle/dataGenerator.jl:91
┌ LogLevel(-2): 23%, Active workers: 40, Completed tasks: 2189.
└ @ Main /work/vemundlu/FiberBundle/dataGenerator.jl:91
┌ LogLevel(-2): 24%, Active workers: 40, Completed tasks: 2285.
└ @ Main /work/vemundlu/FiberBundle/dataGenerator.jl:91
┌ LogLevel(-2): 25%, Active workers: 40, Completed tasks: 2376.
└ @ Main /work/vemundlu/FiberBundle/dataGenerator.jl:91
┌ LogLevel(-2): 26%, Active workers: 40, Completed tasks: 2475.
└ @ Main /work/vemundlu/FiberBundle/dataGenerator.jl:91
┌ LogLevel(-2): 27%, Active workers: 40, Completed tasks: 2571.
└ @ Main /work/vemundlu/FiberBundle/dataGenerator.jl:91
┌ LogLevel(-2): 28%, Active workers: 40, Completed tasks: 2664.
└ @ Main /work/vemundlu/FiberBundle/dataGenerator.jl:91
┌ LogLevel(-2): 29%, Active workers: 40, Completed tasks: 2762.
└ @ Main /work/vemundlu/FiberBundle/dataGenerator.jl:91
┌ LogLevel(-2): 30%, Active workers: 40, Completed tasks: 2856.
└ @ Main /work/vemundlu/FiberBundle/dataGenerator.jl:91
┌ LogLevel(-2): 31%, Active workers: 34, Completed tasks: 2955.
└ @ Main /work/vemundlu/FiberBundle/dataGenerator.jl:91
┌ LogLevel(-2): 100%, Active workers: 0, Completed tasks: 3000.
└ @ Main /work/vemundlu/FiberBundle/dataGenerator.jl:94
┌ LogLevel(-2): Done!
└ @ Main /work/vemundlu/FiberBundle/dataGenerator.jl:140
┌ LogLevel(-2): Calculating averages... 
└ @ Main /work/vemundlu/FiberBundle/dataGenerator.jl:143
┌ LogLevel(-2): Done!
└ @ Main /work/vemundlu/FiberBundle/dataGenerator.jl:145
┌ LogLevel(-2): 2022-12-21T06:21:54.462: Starting a=2.0 dist=Uniform L=128 nr=CLS t=0.18
└ @ Main /work/vemundlu/FiberBundle/dataGenerator.jl:153
┌ LogLevel(-2): Searching for loose files... 
└ @ Main /work/vemundlu/FiberBundle/support/dataManager.jl:251
┌ LogLevel(-2): 1000 files were found and skipped.
└ @ Main /work/vemundlu/FiberBundle/support/dataManager.jl:230
┌ LogLevel(-2): Running workers...
└ @ Main /work/vemundlu/FiberBundle/dataGenerator.jl:138
┌ LogLevel(-2): Starting work on a=2.0 dist=Uniform L=128 nr=CLS t=0.18
└ @ Main /work/vemundlu/FiberBundle/dataGenerator.jl:79
┌ LogLevel(-2): 0%, Active workers: 40, Completed tasks: 0.
└ @ Main /work/vemundlu/FiberBundle/dataGenerator.jl:91
┌ LogLevel(-2): 1%, Active workers: 40, Completed tasks: 68.
└ @ Main /work/vemundlu/FiberBundle/dataGenerator.jl:91
┌ LogLevel(-2): 2%, Active workers: 40, Completed tasks: 151.
└ @ Main /work/vemundlu/FiberBundle/dataGenerator.jl:91
┌ LogLevel(-2): 3%, Active workers: 40, Completed tasks: 243.
└ @ Main /work/vemundlu/FiberBundle/dataGenerator.jl:91
┌ LogLevel(-2): 4%, Active workers: 40, Completed tasks: 330.
└ @ Main /work/vemundlu/FiberBundle/dataGenerator.jl:91
┌ LogLevel(-2): 5%, Active workers: 40, Completed tasks: 421.
└ @ Main /work/vemundlu/FiberBundle/dataGenerator.jl:91
┌ LogLevel(-2): 6%, Active workers: 40, Completed tasks: 505.
└ @ Main /work/vemundlu/FiberBundle/dataGenerator.jl:91
┌ LogLevel(-2): 7%, Active workers: 40, Completed tasks: 596.
└ @ Main /work/vemundlu/FiberBundle/dataGenerator.jl:91
┌ LogLevel(-2): 8%, Active workers: 40, Completed tasks: 687.
└ @ Main /work/vemundlu/FiberBundle/dataGenerator.jl:91
┌ LogLevel(-2): 9%, Active workers: 40, Completed tasks: 777.
└ @ Main /work/vemundlu/FiberBundle/dataGenerator.jl:91
┌ LogLevel(-2): 10%, Active workers: 40, Completed tasks: 863.
└ @ Main /work/vemundlu/FiberBundle/dataGenerator.jl:91
┌ LogLevel(-2): 11%, Active workers: 40, Completed tasks: 950.
└ @ Main /work/vemundlu/FiberBundle/dataGenerator.jl:91
┌ LogLevel(-2): 12%, Active workers: 40, Completed tasks: 1035.
└ @ Main /work/vemundlu/FiberBundle/dataGenerator.jl:91
┌ LogLevel(-2): 13%, Active workers: 40, Completed tasks: 1122.
└ @ Main /work/vemundlu/FiberBundle/dataGenerator.jl:91
┌ LogLevel(-2): 14%, Active workers: 40, Completed tasks: 1207.
└ @ Main /work/vemundlu/FiberBundle/dataGenerator.jl:91
┌ LogLevel(-2): 15%, Active workers: 40, Completed tasks: 1301.
└ @ Main /work/vemundlu/FiberBundle/dataGenerator.jl:91
┌ LogLevel(-2): 16%, Active workers: 40, Completed tasks: 1386.
└ @ Main /work/vemundlu/FiberBundle/dataGenerator.jl:91
┌ LogLevel(-2): 17%, Active workers: 40, Completed tasks: 1477.
└ @ Main /work/vemundlu/FiberBundle/dataGenerator.jl:91
┌ LogLevel(-2): 18%, Active workers: 40, Completed tasks: 1566.
└ @ Main /work/vemundlu/FiberBundle/dataGenerator.jl:91
┌ LogLevel(-2): 19%, Active workers: 40, Completed tasks: 1653.
└ @ Main /work/vemundlu/FiberBundle/dataGenerator.jl:91
┌ LogLevel(-2): 20%, Active workers: 40, Completed tasks: 1744.
└ @ Main /work/vemundlu/FiberBundle/dataGenerator.jl:91
┌ LogLevel(-2): 21%, Active workers: 40, Completed tasks: 1832.
└ @ Main /work/vemundlu/FiberBundle/dataGenerator.jl:91
┌ LogLevel(-2): 22%, Active workers: 40, Completed tasks: 1920.
└ @ Main /work/vemundlu/FiberBundle/dataGenerator.jl:91
┌ LogLevel(-2): 23%, Active workers: 40, Completed tasks: 2007.
└ @ Main /work/vemundlu/FiberBundle/dataGenerator.jl:91
┌ LogLevel(-2): 24%, Active workers: 40, Completed tasks: 2094.
└ @ Main /work/vemundlu/FiberBundle/dataGenerator.jl:91
┌ LogLevel(-2): 25%, Active workers: 40, Completed tasks: 2185.
└ @ Main /work/vemundlu/FiberBundle/dataGenerator.jl:91
┌ LogLevel(-2): 26%, Active workers: 40, Completed tasks: 2268.
└ @ Main /work/vemundlu/FiberBundle/dataGenerator.jl:91
┌ LogLevel(-2): 27%, Active workers: 40, Completed tasks: 2357.
└ @ Main /work/vemundlu/FiberBundle/dataGenerator.jl:91
┌ LogLevel(-2): 28%, Active workers: 39, Completed tasks: 2445.
└ @ Main /work/vemundlu/FiberBundle/dataGenerator.jl:91
┌ LogLevel(-2): 29%, Active workers: 34, Completed tasks: 2534.
└ @ Main /work/vemundlu/FiberBundle/dataGenerator.jl:91
┌ LogLevel(-2): 30%, Active workers: 32, Completed tasks: 2624.
└ @ Main /work/vemundlu/FiberBundle/dataGenerator.jl:91
┌ LogLevel(-2): 31%, Active workers: 31, Completed tasks: 2713.
└ @ Main /work/vemundlu/FiberBundle/dataGenerator.jl:91
┌ LogLevel(-2): 32%, Active workers: 27, Completed tasks: 2801.
└ @ Main /work/vemundlu/FiberBundle/dataGenerator.jl:91
┌ LogLevel(-2): 33%, Active workers: 23, Completed tasks: 2890.
└ @ Main /work/vemundlu/FiberBundle/dataGenerator.jl:91
┌ LogLevel(-2): 34%, Active workers: 6, Completed tasks: 2990.
└ @ Main /work/vemundlu/FiberBundle/dataGenerator.jl:91
┌ LogLevel(-2): 100%, Active workers: 0, Completed tasks: 3000.
└ @ Main /work/vemundlu/FiberBundle/dataGenerator.jl:94
┌ LogLevel(-2): Done!
└ @ Main /work/vemundlu/FiberBundle/dataGenerator.jl:140
┌ LogLevel(-2): Calculating averages... 
└ @ Main /work/vemundlu/FiberBundle/dataGenerator.jl:143
┌ LogLevel(-2): Done!
└ @ Main /work/vemundlu/FiberBundle/dataGenerator.jl:145
┌ LogLevel(-2): 2022-12-21T07:02:39.685: Starting a=0.0 dist=Uniform L=128 nr=LLS t=0.18
└ @ Main /work/vemundlu/FiberBundle/dataGenerator.jl:153
┌ LogLevel(-2): Searching for loose files... 
└ @ Main /work/vemundlu/FiberBundle/support/dataManager.jl:251
┌ LogLevel(-2): 1000 files were found and skipped.
└ @ Main /work/vemundlu/FiberBundle/support/dataManager.jl:230
┌ LogLevel(-2): Running workers...
└ @ Main /work/vemundlu/FiberBundle/dataGenerator.jl:138
┌ LogLevel(-2): Starting work on a=0.0 dist=Uniform L=128 nr=LLS t=0.18
└ @ Main /work/vemundlu/FiberBundle/dataGenerator.jl:79
┌ LogLevel(-2): 0%, Active workers: 30, Completed tasks: 0.
└ @ Main /work/vemundlu/FiberBundle/dataGenerator.jl:91
┌ LogLevel(-2): 1%, Active workers: 40, Completed tasks: 80.
└ @ Main /work/vemundlu/FiberBundle/dataGenerator.jl:91
┌ LogLevel(-2): 2%, Active workers: 40, Completed tasks: 178.
└ @ Main /work/vemundlu/FiberBundle/dataGenerator.jl:91
┌ LogLevel(-2): 3%, Active workers: 40, Completed tasks: 280.
└ @ Main /work/vemundlu/FiberBundle/dataGenerator.jl:91
┌ LogLevel(-2): 4%, Active workers: 40, Completed tasks: 382.
└ @ Main /work/vemundlu/FiberBundle/dataGenerator.jl:91
┌ LogLevel(-2): 5%, Active workers: 40, Completed tasks: 486.
└ @ Main /work/vemundlu/FiberBundle/dataGenerator.jl:91
┌ LogLevel(-2): 6%, Active workers: 40, Completed tasks: 582.
└ @ Main /work/vemundlu/FiberBundle/dataGenerator.jl:91
┌ LogLevel(-2): 7%, Active workers: 40, Completed tasks: 682.
└ @ Main /work/vemundlu/FiberBundle/dataGenerator.jl:91
┌ LogLevel(-2): 8%, Active workers: 40, Completed tasks: 782.
└ @ Main /work/vemundlu/FiberBundle/dataGenerator.jl:91
┌ LogLevel(-2): 9%, Active workers: 40, Completed tasks: 882.
└ @ Main /work/vemundlu/FiberBundle/dataGenerator.jl:91
┌ LogLevel(-2): 10%, Active workers: 40, Completed tasks: 981.
└ @ Main /work/vemundlu/FiberBundle/dataGenerator.jl:91
┌ LogLevel(-2): 11%, Active workers: 40, Completed tasks: 1081.
└ @ Main /work/vemundlu/FiberBundle/dataGenerator.jl:91
┌ LogLevel(-2): 12%, Active workers: 40, Completed tasks: 1180.
└ @ Main /work/vemundlu/FiberBundle/dataGenerator.jl:91
┌ LogLevel(-2): 13%, Active workers: 40, Completed tasks: 1281.
└ @ Main /work/vemundlu/FiberBundle/dataGenerator.jl:91
┌ LogLevel(-2): 14%, Active workers: 40, Completed tasks: 1382.
└ @ Main /work/vemundlu/FiberBundle/dataGenerator.jl:91
┌ LogLevel(-2): 15%, Active workers: 40, Completed tasks: 1483.
└ @ Main /work/vemundlu/FiberBundle/dataGenerator.jl:91
┌ LogLevel(-2): 16%, Active workers: 40, Completed tasks: 1584.
└ @ Main /work/vemundlu/FiberBundle/dataGenerator.jl:91
┌ LogLevel(-2): 17%, Active workers: 40, Completed tasks: 1684.
└ @ Main /work/vemundlu/FiberBundle/dataGenerator.jl:91
┌ LogLevel(-2): 18%, Active workers: 40, Completed tasks: 1785.
└ @ Main /work/vemundlu/FiberBundle/dataGenerator.jl:91
┌ LogLevel(-2): 19%, Active workers: 40, Completed tasks: 1888.
└ @ Main /work/vemundlu/FiberBundle/dataGenerator.jl:91
┌ LogLevel(-2): 20%, Active workers: 40, Completed tasks: 1985.
└ @ Main /work/vemundlu/FiberBundle/dataGenerator.jl:91
┌ LogLevel(-2): 21%, Active workers: 40, Completed tasks: 2090.
└ @ Main /work/vemundlu/FiberBundle/dataGenerator.jl:91
┌ LogLevel(-2): 22%, Active workers: 40, Completed tasks: 2189.
└ @ Main /work/vemundlu/FiberBundle/dataGenerator.jl:91
┌ LogLevel(-2): 23%, Active workers: 40, Completed tasks: 2289.
└ @ Main /work/vemundlu/FiberBundle/dataGenerator.jl:91
┌ LogLevel(-2): 24%, Active workers: 40, Completed tasks: 2389.
└ @ Main /work/vemundlu/FiberBundle/dataGenerator.jl:91
┌ LogLevel(-2): 25%, Active workers: 40, Completed tasks: 2489.
└ @ Main /work/vemundlu/FiberBundle/dataGenerator.jl:91
┌ LogLevel(-2): 26%, Active workers: 40, Completed tasks: 2591.
└ @ Main /work/vemundlu/FiberBundle/dataGenerator.jl:91
┌ LogLevel(-2): 27%, Active workers: 40, Completed tasks: 2690.
└ @ Main /work/vemundlu/FiberBundle/dataGenerator.jl:91
┌ LogLevel(-2): 28%, Active workers: 40, Completed tasks: 2789.
└ @ Main /work/vemundlu/FiberBundle/dataGenerator.jl:91
┌ LogLevel(-2): 29%, Active workers: 40, Completed tasks: 2891.
└ @ Main /work/vemundlu/FiberBundle/dataGenerator.jl:91
┌ LogLevel(-2): 100%, Active workers: 0, Completed tasks: 3000.
└ @ Main /work/vemundlu/FiberBundle/dataGenerator.jl:94
┌ LogLevel(-2): Done!
└ @ Main /work/vemundlu/FiberBundle/dataGenerator.jl:140
┌ LogLevel(-2): Calculating averages... 
└ @ Main /work/vemundlu/FiberBundle/dataGenerator.jl:143
┌ LogLevel(-2): Done!
└ @ Main /work/vemundlu/FiberBundle/dataGenerator.jl:145
┌ LogLevel(-2): 2022-12-21T07:38:53.667: Starting a=2.0 dist=Uniform L=128 nr=CLS t=0.2
└ @ Main /work/vemundlu/FiberBundle/dataGenerator.jl:153
┌ LogLevel(-2): Searching for loose files... 
└ @ Main /work/vemundlu/FiberBundle/support/dataManager.jl:251
┌ LogLevel(-2): All seeds already exist
└ @ Main /work/vemundlu/FiberBundle/support/dataManager.jl:236
┌ LogLevel(-2): 2022-12-21T07:38:53.685: Starting a=0.0 dist=Uniform L=128 nr=LLS t=0.2
└ @ Main /work/vemundlu/FiberBundle/dataGenerator.jl:153
┌ LogLevel(-2): Searching for loose files... 
└ @ Main /work/vemundlu/FiberBundle/support/dataManager.jl:251
┌ LogLevel(-2): All seeds already exist
└ @ Main /work/vemundlu/FiberBundle/support/dataManager.jl:236
┌ LogLevel(-2): 2022-12-21T07:38:53.697: Starting a=2.0 dist=Uniform L=128 nr=CLS t=0.22
└ @ Main /work/vemundlu/FiberBundle/dataGenerator.jl:153
┌ LogLevel(-2): Searching for loose files... 
└ @ Main /work/vemundlu/FiberBundle/support/dataManager.jl:251
┌ LogLevel(-2): All seeds already exist
└ @ Main /work/vemundlu/FiberBundle/support/dataManager.jl:236
┌ LogLevel(-2): 2022-12-21T07:38:53.710: Starting a=0.0 dist=Uniform L=128 nr=LLS t=0.22
└ @ Main /work/vemundlu/FiberBundle/dataGenerator.jl:153
┌ LogLevel(-2): Searching for loose files... 
└ @ Main /work/vemundlu/FiberBundle/support/dataManager.jl:251
┌ LogLevel(-2): All seeds already exist
└ @ Main /work/vemundlu/FiberBundle/support/dataManager.jl:236
┌ LogLevel(-2): 2022-12-21T07:38:53.726: Starting a=2.0 dist=Uniform L=128 nr=CLS t=0.24
└ @ Main /work/vemundlu/FiberBundle/dataGenerator.jl:153
┌ LogLevel(-2): Searching for loose files... 
└ @ Main /work/vemundlu/FiberBundle/support/dataManager.jl:251
┌ LogLevel(-2): All seeds already exist
└ @ Main /work/vemundlu/FiberBundle/support/dataManager.jl:236
┌ LogLevel(-2): 2022-12-21T07:38:53.738: Starting a=0.0 dist=Uniform L=128 nr=LLS t=0.24
└ @ Main /work/vemundlu/FiberBundle/dataGenerator.jl:153
┌ LogLevel(-2): Searching for loose files... 
└ @ Main /work/vemundlu/FiberBundle/support/dataManager.jl:251
┌ LogLevel(-2): All seeds already exist
└ @ Main /work/vemundlu/FiberBundle/support/dataManager.jl:236
┌ LogLevel(-2): 2022-12-21T07:38:53.750: Starting a=2.0 dist=Uniform L=128 nr=CLS t=0.26
└ @ Main /work/vemundlu/FiberBundle/dataGenerator.jl:153
┌ LogLevel(-2): Searching for loose files... 
└ @ Main /work/vemundlu/FiberBundle/support/dataManager.jl:251
┌ LogLevel(-2): All seeds already exist
└ @ Main /work/vemundlu/FiberBundle/support/dataManager.jl:236
┌ LogLevel(-2): 2022-12-21T07:38:53.761: Starting a=0.0 dist=Uniform L=128 nr=LLS t=0.26
└ @ Main /work/vemundlu/FiberBundle/dataGenerator.jl:153
┌ LogLevel(-2): Searching for loose files... 
└ @ Main /work/vemundlu/FiberBundle/support/dataManager.jl:251
┌ LogLevel(-2): All seeds already exist
└ @ Main /work/vemundlu/FiberBundle/support/dataManager.jl:236
┌ LogLevel(-2): 2022-12-21T07:38:53.772: Starting a=2.0 dist=Uniform L=128 nr=CLS t=0.28
└ @ Main /work/vemundlu/FiberBundle/dataGenerator.jl:153
┌ LogLevel(-2): Searching for loose files... 
└ @ Main /work/vemundlu/FiberBundle/support/dataManager.jl:251
┌ LogLevel(-2): All seeds already exist
└ @ Main /work/vemundlu/FiberBundle/support/dataManager.jl:236
┌ LogLevel(-2): 2022-12-21T07:38:53.783: Starting a=0.0 dist=Uniform L=128 nr=LLS t=0.28
└ @ Main /work/vemundlu/FiberBundle/dataGenerator.jl:153
┌ LogLevel(-2): Searching for loose files... 
└ @ Main /work/vemundlu/FiberBundle/support/dataManager.jl:251
┌ LogLevel(-2): All seeds already exist
└ @ Main /work/vemundlu/FiberBundle/support/dataManager.jl:236
┌ LogLevel(-2): 2022-12-21T07:38:53.793: Starting a=2.0 dist=Uniform L=128 nr=CLS t=0.3
└ @ Main /work/vemundlu/FiberBundle/dataGenerator.jl:153
┌ LogLevel(-2): Searching for loose files... 
└ @ Main /work/vemundlu/FiberBundle/support/dataManager.jl:251
┌ LogLevel(-2): All seeds already exist
└ @ Main /work/vemundlu/FiberBundle/support/dataManager.jl:236
┌ LogLevel(-2): 2022-12-21T07:38:53.804: Starting a=0.0 dist=Uniform L=128 nr=LLS t=0.3
└ @ Main /work/vemundlu/FiberBundle/dataGenerator.jl:153
┌ LogLevel(-2): Searching for loose files... 
└ @ Main /work/vemundlu/FiberBundle/support/dataManager.jl:251
┌ LogLevel(-2): All seeds already exist
└ @ Main /work/vemundlu/FiberBundle/support/dataManager.jl:236
┌ LogLevel(-2): 2022-12-21T07:38:53.815: Starting a=2.0 dist=Uniform L=128 nr=CLS t=0.32
└ @ Main /work/vemundlu/FiberBundle/dataGenerator.jl:153
┌ LogLevel(-2): Searching for loose files... 
└ @ Main /work/vemundlu/FiberBundle/support/dataManager.jl:251
┌ LogLevel(-2): All seeds already exist
└ @ Main /work/vemundlu/FiberBundle/support/dataManager.jl:236
┌ LogLevel(-2): 2022-12-21T07:38:53.825: Starting a=0.0 dist=Uniform L=128 nr=LLS t=0.32
└ @ Main /work/vemundlu/FiberBundle/dataGenerator.jl:153
┌ LogLevel(-2): Searching for loose files... 
└ @ Main /work/vemundlu/FiberBundle/support/dataManager.jl:251
┌ LogLevel(-2): All seeds already exist
└ @ Main /work/vemundlu/FiberBundle/support/dataManager.jl:236
┌ LogLevel(-2): 2022-12-21T07:38:53.843: Starting a=2.0 dist=Uniform L=128 nr=CLS t=0.34
└ @ Main /work/vemundlu/FiberBundle/dataGenerator.jl:153
┌ LogLevel(-2): Searching for loose files... 
└ @ Main /work/vemundlu/FiberBundle/support/dataManager.jl:251
┌ LogLevel(-2): All seeds already exist
└ @ Main /work/vemundlu/FiberBundle/support/dataManager.jl:236
┌ LogLevel(-2): 2022-12-21T07:38:53.854: Starting a=0.0 dist=Uniform L=128 nr=LLS t=0.34
└ @ Main /work/vemundlu/FiberBundle/dataGenerator.jl:153
┌ LogLevel(-2): Searching for loose files... 
└ @ Main /work/vemundlu/FiberBundle/support/dataManager.jl:251
┌ LogLevel(-2): All seeds already exist
└ @ Main /work/vemundlu/FiberBundle/support/dataManager.jl:236
┌ LogLevel(-2): 2022-12-21T07:38:53.866: Starting a=2.0 dist=Uniform L=128 nr=CLS t=0.36
└ @ Main /work/vemundlu/FiberBundle/dataGenerator.jl:153
┌ LogLevel(-2): Searching for loose files... 
└ @ Main /work/vemundlu/FiberBundle/support/dataManager.jl:251
┌ LogLevel(-2): All seeds already exist
└ @ Main /work/vemundlu/FiberBundle/support/dataManager.jl:236
┌ LogLevel(-2): 2022-12-21T07:38:53.876: Starting a=0.0 dist=Uniform L=128 nr=LLS t=0.36
└ @ Main /work/vemundlu/FiberBundle/dataGenerator.jl:153
┌ LogLevel(-2): Searching for loose files... 
└ @ Main /work/vemundlu/FiberBundle/support/dataManager.jl:251
┌ LogLevel(-2): All seeds already exist
└ @ Main /work/vemundlu/FiberBundle/support/dataManager.jl:236
┌ LogLevel(-2): 2022-12-21T07:38:53.886: Starting a=2.0 dist=Uniform L=128 nr=CLS t=0.38
└ @ Main /work/vemundlu/FiberBundle/dataGenerator.jl:153
┌ LogLevel(-2): Searching for loose files... 
└ @ Main /work/vemundlu/FiberBundle/support/dataManager.jl:251
┌ LogLevel(-2): All seeds already exist
└ @ Main /work/vemundlu/FiberBundle/support/dataManager.jl:236
┌ LogLevel(-2): 2022-12-21T07:38:53.896: Starting a=0.0 dist=Uniform L=128 nr=LLS t=0.38
└ @ Main /work/vemundlu/FiberBundle/dataGenerator.jl:153
┌ LogLevel(-2): Searching for loose files... 
└ @ Main /work/vemundlu/FiberBundle/support/dataManager.jl:251
┌ LogLevel(-2): All seeds already exist
└ @ Main /work/vemundlu/FiberBundle/support/dataManager.jl:236
┌ LogLevel(-2): 2022-12-21T07:38:53.905: Starting a=2.0 dist=Uniform L=128 nr=CLS t=0.4
└ @ Main /work/vemundlu/FiberBundle/dataGenerator.jl:153
┌ LogLevel(-2): Searching for loose files... 
└ @ Main /work/vemundlu/FiberBundle/support/dataManager.jl:251
┌ LogLevel(-2): All seeds already exist
└ @ Main /work/vemundlu/FiberBundle/support/dataManager.jl:236
┌ LogLevel(-2): 2022-12-21T07:38:53.915: Starting a=0.0 dist=Uniform L=128 nr=LLS t=0.4
└ @ Main /work/vemundlu/FiberBundle/dataGenerator.jl:153
┌ LogLevel(-2): Searching for loose files... 
└ @ Main /work/vemundlu/FiberBundle/support/dataManager.jl:251
┌ LogLevel(-2): All seeds already exist
└ @ Main /work/vemundlu/FiberBundle/support/dataManager.jl:236
┌ LogLevel(-2): 2022-12-21T07:38:53.924: Starting a=2.0 dist=Uniform L=128 nr=CLS t=0.5
└ @ Main /work/vemundlu/FiberBundle/dataGenerator.jl:153
┌ LogLevel(-2): Searching for loose files... 
└ @ Main /work/vemundlu/FiberBundle/support/dataManager.jl:251
┌ LogLevel(-2): All seeds already exist
└ @ Main /work/vemundlu/FiberBundle/support/dataManager.jl:236
┌ LogLevel(-2): 2022-12-21T07:38:53.933: Starting a=0.0 dist=Uniform L=128 nr=LLS t=0.5
└ @ Main /work/vemundlu/FiberBundle/dataGenerator.jl:153
┌ LogLevel(-2): Searching for loose files... 
└ @ Main /work/vemundlu/FiberBundle/support/dataManager.jl:251
┌ LogLevel(-2): All seeds already exist
└ @ Main /work/vemundlu/FiberBundle/support/dataManager.jl:236
┌ LogLevel(-2): 2022-12-21T07:38:53.942: Starting a=2.0 dist=Uniform L=128 nr=CLS t=0.6
└ @ Main /work/vemundlu/FiberBundle/dataGenerator.jl:153
┌ LogLevel(-2): Searching for loose files... 
└ @ Main /work/vemundlu/FiberBundle/support/dataManager.jl:251
┌ LogLevel(-2): All seeds already exist
└ @ Main /work/vemundlu/FiberBundle/support/dataManager.jl:236
┌ LogLevel(-2): 2022-12-21T07:38:53.951: Starting a=0.0 dist=Uniform L=128 nr=LLS t=0.6
└ @ Main /work/vemundlu/FiberBundle/dataGenerator.jl:153
┌ LogLevel(-2): Searching for loose files... 
└ @ Main /work/vemundlu/FiberBundle/support/dataManager.jl:251
┌ LogLevel(-2): All seeds already exist
└ @ Main /work/vemundlu/FiberBundle/support/dataManager.jl:236
┌ LogLevel(-2): 2022-12-21T07:38:53.960: Starting a=2.0 dist=Uniform L=128 nr=CLS t=0.7
└ @ Main /work/vemundlu/FiberBundle/dataGenerator.jl:153
┌ LogLevel(-2): Searching for loose files... 
└ @ Main /work/vemundlu/FiberBundle/support/dataManager.jl:251
┌ LogLevel(-2): All seeds already exist
└ @ Main /work/vemundlu/FiberBundle/support/dataManager.jl:236
┌ LogLevel(-2): 2022-12-21T07:38:53.969: Starting a=0.0 dist=Uniform L=128 nr=LLS t=0.7
└ @ Main /work/vemundlu/FiberBundle/dataGenerator.jl:153
┌ LogLevel(-2): Searching for loose files... 
└ @ Main /work/vemundlu/FiberBundle/support/dataManager.jl:251
┌ LogLevel(-2): All seeds already exist
└ @ Main /work/vemundlu/FiberBundle/support/dataManager.jl:236
┌ LogLevel(-2): 2022-12-21T07:38:53.979: Starting a=2.0 dist=Uniform L=128 nr=CLS t=0.8
└ @ Main /work/vemundlu/FiberBundle/dataGenerator.jl:153
┌ LogLevel(-2): Searching for loose files... 
└ @ Main /work/vemundlu/FiberBundle/support/dataManager.jl:251
┌ LogLevel(-2): All seeds already exist
└ @ Main /work/vemundlu/FiberBundle/support/dataManager.jl:236
┌ LogLevel(-2): 2022-12-21T07:38:53.988: Starting a=0.0 dist=Uniform L=128 nr=LLS t=0.8
└ @ Main /work/vemundlu/FiberBundle/dataGenerator.jl:153
┌ LogLevel(-2): Searching for loose files... 
└ @ Main /work/vemundlu/FiberBundle/support/dataManager.jl:251
┌ LogLevel(-2): All seeds already exist
└ @ Main /work/vemundlu/FiberBundle/support/dataManager.jl:236
┌ LogLevel(-2): 2022-12-21T07:38:53.997: Starting a=2.0 dist=Uniform L=128 nr=CLS t=0.9
└ @ Main /work/vemundlu/FiberBundle/dataGenerator.jl:153
┌ LogLevel(-2): Searching for loose files... 
└ @ Main /work/vemundlu/FiberBundle/support/dataManager.jl:251
┌ LogLevel(-2): All seeds already exist
└ @ Main /work/vemundlu/FiberBundle/support/dataManager.jl:236
┌ LogLevel(-2): 2022-12-21T07:38:54.007: Starting a=0.0 dist=Uniform L=128 nr=LLS t=0.9
└ @ Main /work/vemundlu/FiberBundle/dataGenerator.jl:153
┌ LogLevel(-2): Searching for loose files... 
└ @ Main /work/vemundlu/FiberBundle/support/dataManager.jl:251
┌ LogLevel(-2): All seeds already exist
└ @ Main /work/vemundlu/FiberBundle/support/dataManager.jl:236
39964.188671 seconds (21.40 G allocations: 1.130 TiB, 0.53% gc time, 0.04% compilation time)
┌ LogLevel(-1): Removing workers
└ @ Main /work/vemundlu/FiberBundle/generateData.jl:62
