┌ Warning: rmprocs: process 1 not removed
└ @ Distributed /buildworker/worker/package_linux64/build/usr/share/julia/stdlib/v1.7/Distributed/src/cluster.jl:1045
┌ LogLevel(-1): Starting 40 workers... 
└ @ Main /home/vemundlu/FiberBundle/generateData.jl:29
┌ LogLevel(-1): Done!
└ @ Main /home/vemundlu/FiberBundle/generateData.jl:31
┌ LogLevel(-1): Preparing workers...
└ @ Main /home/vemundlu/FiberBundle/dataGenerator.jl:7
┌ LogLevel(-1): Done!
└ @ Main /home/vemundlu/FiberBundle/dataGenerator.jl:95
┌ LogLevel(-1): Start run
└ @ Main /home/vemundlu/FiberBundle/generateData.jl:35
┌ LogLevel(-1): Settings: 
│  [512], 
│  0.1:0.1:0.9, 
│  [2.0]
└ @ Main /home/vemundlu/FiberBundle/generateData.jl:36
┌ LogLevel(-2): Starting a=0.0 dist=Uniform L=512 nr=UNR t=0.1
└ @ Main /home/vemundlu/FiberBundle/dataGenerator.jl:195
┌ LogLevel(-2): Running workers...
└ @ Main /home/vemundlu/FiberBundle/dataGenerator.jl:177
┌ LogLevel(-2): Starting work on a=0.0 dist=Uniform L=512 nr=UNR t=0.1
└ @ Main /home/vemundlu/FiberBundle/dataGenerator.jl:114
┌ LogLevel(-2): 0%, Active workers: 40, Completed tasks: 0.
└ @ Main /home/vemundlu/FiberBundle/dataGenerator.jl:126
┌ LogLevel(-2): 1%, Active workers: 40, Completed tasks: 0.
└ @ Main /home/vemundlu/FiberBundle/dataGenerator.jl:126
┌ LogLevel(-2): 2%, Active workers: 40, Completed tasks: 0.
└ @ Main /home/vemundlu/FiberBundle/dataGenerator.jl:126
┌ LogLevel(-2): 3%, Active workers: 40, Completed tasks: 0.
└ @ Main /home/vemundlu/FiberBundle/dataGenerator.jl:126
┌ LogLevel(-2): 4%, Active workers: 40, Completed tasks: 0.
└ @ Main /home/vemundlu/FiberBundle/dataGenerator.jl:126
┌ LogLevel(-2): 5%, Active workers: 40, Completed tasks: 0.
└ @ Main /home/vemundlu/FiberBundle/dataGenerator.jl:126
┌ LogLevel(-2): 6%, Active workers: 40, Completed tasks: 0.
└ @ Main /home/vemundlu/FiberBundle/dataGenerator.jl:126
┌ LogLevel(-2): 7%, Active workers: 40, Completed tasks: 0.
└ @ Main /home/vemundlu/FiberBundle/dataGenerator.jl:126
┌ LogLevel(-2): 8%, Active workers: 40, Completed tasks: 0.
└ @ Main /home/vemundlu/FiberBundle/dataGenerator.jl:126
┌ LogLevel(-2): 9%, Active workers: 40, Completed tasks: 0.
└ @ Main /home/vemundlu/FiberBundle/dataGenerator.jl:126
┌ LogLevel(-2): 10%, Active workers: 40, Completed tasks: 0.
└ @ Main /home/vemundlu/FiberBundle/dataGenerator.jl:126
┌ LogLevel(-2): 11%, Active workers: 40, Completed tasks: 0.
└ @ Main /home/vemundlu/FiberBundle/dataGenerator.jl:126
┌ LogLevel(-2): 12%, Active workers: 40, Completed tasks: 0.
└ @ Main /home/vemundlu/FiberBundle/dataGenerator.jl:126
┌ LogLevel(-2): 13%, Active workers: 40, Completed tasks: 0.
└ @ Main /home/vemundlu/FiberBundle/dataGenerator.jl:126
┌ LogLevel(-2): 14%, Active workers: 40, Completed tasks: 0.
└ @ Main /home/vemundlu/FiberBundle/dataGenerator.jl:126
┌ LogLevel(-2): 15%, Active workers: 40, Completed tasks: 0.
└ @ Main /home/vemundlu/FiberBundle/dataGenerator.jl:126
┌ LogLevel(-2): 16%, Active workers: 40, Completed tasks: 0.
└ @ Main /home/vemundlu/FiberBundle/dataGenerator.jl:126
┌ LogLevel(-2): 17%, Active workers: 40, Completed tasks: 0.
└ @ Main /home/vemundlu/FiberBundle/dataGenerator.jl:126
┌ LogLevel(-2): 18%, Active workers: 40, Completed tasks: 0.
└ @ Main /home/vemundlu/FiberBundle/dataGenerator.jl:126
┌ LogLevel(-2): 19%, Active workers: 40, Completed tasks: 0.
└ @ Main /home/vemundlu/FiberBundle/dataGenerator.jl:126
┌ LogLevel(-2): 20%, Active workers: 40, Completed tasks: 0.
└ @ Main /home/vemundlu/FiberBundle/dataGenerator.jl:126
┌ LogLevel(-2): 21%, Active workers: 40, Completed tasks: 0.
└ @ Main /home/vemundlu/FiberBundle/dataGenerator.jl:126
┌ LogLevel(-2): 22%, Active workers: 40, Completed tasks: 0.
└ @ Main /home/vemundlu/FiberBundle/dataGenerator.jl:126
┌ LogLevel(-2): 23%, Active workers: 40, Completed tasks: 0.
└ @ Main /home/vemundlu/FiberBundle/dataGenerator.jl:126
┌ LogLevel(-2): 24%, Active workers: 40, Completed tasks: 0.
└ @ Main /home/vemundlu/FiberBundle/dataGenerator.jl:126
┌ LogLevel(-2): 25%, Active workers: 40, Completed tasks: 0.
└ @ Main /home/vemundlu/FiberBundle/dataGenerator.jl:126
┌ LogLevel(-2): 26%, Active workers: 40, Completed tasks: 0.
└ @ Main /home/vemundlu/FiberBundle/dataGenerator.jl:126
┌ LogLevel(-2): 27%, Active workers: 40, Completed tasks: 0.
└ @ Main /home/vemundlu/FiberBundle/dataGenerator.jl:126
┌ LogLevel(-2): 28%, Active workers: 40, Completed tasks: 0.
└ @ Main /home/vemundlu/FiberBundle/dataGenerator.jl:126
┌ LogLevel(-2): 29%, Active workers: 40, Completed tasks: 0.
└ @ Main /home/vemundlu/FiberBundle/dataGenerator.jl:126
┌ LogLevel(-2): 30%, Active workers: 40, Completed tasks: 0.
└ @ Main /home/vemundlu/FiberBundle/dataGenerator.jl:126
┌ LogLevel(-2): 31%, Active workers: 40, Completed tasks: 0.
└ @ Main /home/vemundlu/FiberBundle/dataGenerator.jl:126
┌ LogLevel(-2): 32%, Active workers: 40, Completed tasks: 0.
└ @ Main /home/vemundlu/FiberBundle/dataGenerator.jl:126
┌ LogLevel(-2): 33%, Active workers: 40, Completed tasks: 0.
└ @ Main /home/vemundlu/FiberBundle/dataGenerator.jl:126
┌ LogLevel(-2): 34%, Active workers: 40, Completed tasks: 0.
└ @ Main /home/vemundlu/FiberBundle/dataGenerator.jl:126
┌ LogLevel(-2): 35%, Active workers: 40, Completed tasks: 0.
└ @ Main /home/vemundlu/FiberBundle/dataGenerator.jl:126
┌ LogLevel(-2): 36%, Active workers: 40, Completed tasks: 0.
└ @ Main /home/vemundlu/FiberBundle/dataGenerator.jl:126
┌ LogLevel(-2): 37%, Active workers: 40, Completed tasks: 0.
└ @ Main /home/vemundlu/FiberBundle/dataGenerator.jl:126
┌ LogLevel(-2): 38%, Active workers: 40, Completed tasks: 0.
└ @ Main /home/vemundlu/FiberBundle/dataGenerator.jl:126
┌ LogLevel(-2): 39%, Active workers: 40, Completed tasks: 0.
└ @ Main /home/vemundlu/FiberBundle/dataGenerator.jl:126
┌ LogLevel(-2): 40%, Active workers: 40, Completed tasks: 0.
└ @ Main /home/vemundlu/FiberBundle/dataGenerator.jl:126
┌ LogLevel(-2): 41%, Active workers: 40, Completed tasks: 0.
└ @ Main /home/vemundlu/FiberBundle/dataGenerator.jl:126
┌ LogLevel(-2): 42%, Active workers: 40, Completed tasks: 0.
└ @ Main /home/vemundlu/FiberBundle/dataGenerator.jl:126
┌ LogLevel(-2): 43%, Active workers: 40, Completed tasks: 0.
└ @ Main /home/vemundlu/FiberBundle/dataGenerator.jl:126
┌ LogLevel(-2): 44%, Active workers: 40, Completed tasks: 0.
└ @ Main /home/vemundlu/FiberBundle/dataGenerator.jl:126
┌ LogLevel(-2): 45%, Active workers: 40, Completed tasks: 0.
└ @ Main /home/vemundlu/FiberBundle/dataGenerator.jl:126
┌ LogLevel(-2): 46%, Active workers: 40, Completed tasks: 0.
└ @ Main /home/vemundlu/FiberBundle/dataGenerator.jl:126
┌ LogLevel(-2): 47%, Active workers: 40, Completed tasks: 0.
└ @ Main /home/vemundlu/FiberBundle/dataGenerator.jl:126
┌ LogLevel(-2): 48%, Active workers: 40, Completed tasks: 0.
└ @ Main /home/vemundlu/FiberBundle/dataGenerator.jl:126
┌ LogLevel(-2): 49%, Active workers: 40, Completed tasks: 0.
└ @ Main /home/vemundlu/FiberBundle/dataGenerator.jl:126
┌ LogLevel(-2): 50%, Active workers: 40, Completed tasks: 0.
└ @ Main /home/vemundlu/FiberBundle/dataGenerator.jl:126
┌ LogLevel(-2): 51%, Active workers: 40, Completed tasks: 0.
└ @ Main /home/vemundlu/FiberBundle/dataGenerator.jl:126
┌ LogLevel(-2): 52%, Active workers: 40, Completed tasks: 0.
└ @ Main /home/vemundlu/FiberBundle/dataGenerator.jl:126
┌ LogLevel(-2): 53%, Active workers: 40, Completed tasks: 0.
└ @ Main /home/vemundlu/FiberBundle/dataGenerator.jl:126
┌ LogLevel(-2): 54%, Active workers: 40, Completed tasks: 0.
└ @ Main /home/vemundlu/FiberBundle/dataGenerator.jl:126
┌ LogLevel(-2): 55%, Active workers: 40, Completed tasks: 0.
└ @ Main /home/vemundlu/FiberBundle/dataGenerator.jl:126
┌ LogLevel(-2): 56%, Active workers: 40, Completed tasks: 0.
└ @ Main /home/vemundlu/FiberBundle/dataGenerator.jl:126
┌ LogLevel(-2): 57%, Active workers: 40, Completed tasks: 0.
└ @ Main /home/vemundlu/FiberBundle/dataGenerator.jl:126
┌ LogLevel(-2): 58%, Active workers: 40, Completed tasks: 0.
└ @ Main /home/vemundlu/FiberBundle/dataGenerator.jl:126
┌ LogLevel(-2): 59%, Active workers: 40, Completed tasks: 0.
└ @ Main /home/vemundlu/FiberBundle/dataGenerator.jl:126
┌ LogLevel(-2): 60%, Active workers: 40, Completed tasks: 0.
└ @ Main /home/vemundlu/FiberBundle/dataGenerator.jl:126
┌ LogLevel(-2): 61%, Active workers: 40, Completed tasks: 0.
└ @ Main /home/vemundlu/FiberBundle/dataGenerator.jl:126
┌ LogLevel(-2): 62%, Active workers: 40, Completed tasks: 0.
└ @ Main /home/vemundlu/FiberBundle/dataGenerator.jl:126
┌ LogLevel(-2): 63%, Active workers: 40, Completed tasks: 0.
└ @ Main /home/vemundlu/FiberBundle/dataGenerator.jl:126
┌ LogLevel(-2): 64%, Active workers: 40, Completed tasks: 0.
└ @ Main /home/vemundlu/FiberBundle/dataGenerator.jl:126
┌ LogLevel(-2): 65%, Active workers: 40, Completed tasks: 0.
└ @ Main /home/vemundlu/FiberBundle/dataGenerator.jl:126
┌ LogLevel(-2): 66%, Active workers: 40, Completed tasks: 0.
└ @ Main /home/vemundlu/FiberBundle/dataGenerator.jl:126
┌ LogLevel(-2): 67%, Active workers: 40, Completed tasks: 0.
└ @ Main /home/vemundlu/FiberBundle/dataGenerator.jl:126
┌ LogLevel(-2): 68%, Active workers: 40, Completed tasks: 0.
└ @ Main /home/vemundlu/FiberBundle/dataGenerator.jl:126
┌ LogLevel(-2): 69%, Active workers: 40, Completed tasks: 0.
└ @ Main /home/vemundlu/FiberBundle/dataGenerator.jl:126
┌ LogLevel(-2): 70%, Active workers: 40, Completed tasks: 0.
└ @ Main /home/vemundlu/FiberBundle/dataGenerator.jl:126
┌ LogLevel(-2): 71%, Active workers: 40, Completed tasks: 0.
└ @ Main /home/vemundlu/FiberBundle/dataGenerator.jl:126
┌ LogLevel(-2): 72%, Active workers: 40, Completed tasks: 0.
└ @ Main /home/vemundlu/FiberBundle/dataGenerator.jl:126
┌ LogLevel(-2): 73%, Active workers: 40, Completed tasks: 0.
└ @ Main /home/vemundlu/FiberBundle/dataGenerator.jl:126
┌ LogLevel(-2): 74%, Active workers: 40, Completed tasks: 0.
└ @ Main /home/vemundlu/FiberBundle/dataGenerator.jl:126
┌ LogLevel(-2): 75%, Active workers: 40, Completed tasks: 0.
└ @ Main /home/vemundlu/FiberBundle/dataGenerator.jl:126
┌ LogLevel(-2): 76%, Active workers: 40, Completed tasks: 0.
└ @ Main /home/vemundlu/FiberBundle/dataGenerator.jl:126
┌ LogLevel(-2): 77%, Active workers: 40, Completed tasks: 0.
└ @ Main /home/vemundlu/FiberBundle/dataGenerator.jl:126
┌ LogLevel(-2): 78%, Active workers: 40, Completed tasks: 0.
└ @ Main /home/vemundlu/FiberBundle/dataGenerator.jl:126
┌ LogLevel(-2): 79%, Active workers: 40, Completed tasks: 0.
└ @ Main /home/vemundlu/FiberBundle/dataGenerator.jl:126
┌ LogLevel(-2): 80%, Active workers: 40, Completed tasks: 0.
└ @ Main /home/vemundlu/FiberBundle/dataGenerator.jl:126
┌ LogLevel(-2): 81%, Active workers: 40, Completed tasks: 0.
└ @ Main /home/vemundlu/FiberBundle/dataGenerator.jl:126
┌ LogLevel(-2): 82%, Active workers: 40, Completed tasks: 0.
└ @ Main /home/vemundlu/FiberBundle/dataGenerator.jl:126
┌ LogLevel(-2): 83%, Active workers: 40, Completed tasks: 0.
└ @ Main /home/vemundlu/FiberBundle/dataGenerator.jl:126
┌ LogLevel(-2): 84%, Active workers: 40, Completed tasks: 0.
└ @ Main /home/vemundlu/FiberBundle/dataGenerator.jl:126
┌ LogLevel(-2): 85%, Active workers: 40, Completed tasks: 0.
└ @ Main /home/vemundlu/FiberBundle/dataGenerator.jl:126
┌ LogLevel(-2): 86%, Active workers: 40, Completed tasks: 0.
└ @ Main /home/vemundlu/FiberBundle/dataGenerator.jl:126
┌ LogLevel(-2): 87%, Active workers: 40, Completed tasks: 0.
└ @ Main /home/vemundlu/FiberBundle/dataGenerator.jl:126
┌ LogLevel(-2): 88%, Active workers: 40, Completed tasks: 0.
└ @ Main /home/vemundlu/FiberBundle/dataGenerator.jl:126
┌ LogLevel(-2): 89%, Active workers: 40, Completed tasks: 0.
└ @ Main /home/vemundlu/FiberBundle/dataGenerator.jl:126
┌ LogLevel(-2): 90%, Active workers: 40, Completed tasks: 0.
└ @ Main /home/vemundlu/FiberBundle/dataGenerator.jl:126
┌ LogLevel(-2): 91%, Active workers: 40, Completed tasks: 0.
└ @ Main /home/vemundlu/FiberBundle/dataGenerator.jl:126
┌ LogLevel(-2): 92%, Active workers: 40, Completed tasks: 0.
└ @ Main /home/vemundlu/FiberBundle/dataGenerator.jl:126
┌ LogLevel(-2): 93%, Active workers: 40, Completed tasks: 0.
└ @ Main /home/vemundlu/FiberBundle/dataGenerator.jl:126
┌ LogLevel(-2): 94%, Active workers: 40, Completed tasks: 0.
└ @ Main /home/vemundlu/FiberBundle/dataGenerator.jl:126
┌ LogLevel(-2): 95%, Active workers: 40, Completed tasks: 0.
└ @ Main /home/vemundlu/FiberBundle/dataGenerator.jl:126
┌ LogLevel(-2): 96%, Active workers: 40, Completed tasks: 0.
└ @ Main /home/vemundlu/FiberBundle/dataGenerator.jl:126
┌ LogLevel(-2): 97%, Active workers: 40, Completed tasks: 0.
└ @ Main /home/vemundlu/FiberBundle/dataGenerator.jl:126
┌ LogLevel(-2): 98%, Active workers: 40, Completed tasks: 0.
└ @ Main /home/vemundlu/FiberBundle/dataGenerator.jl:126
┌ LogLevel(-2): 99%, Active workers: 39, Completed tasks: 1.
└ @ Main /home/vemundlu/FiberBundle/dataGenerator.jl:126
┌ LogLevel(-2): 100%, Active workers: 0, Completed tasks: 40.
└ @ Main /home/vemundlu/FiberBundle/dataGenerator.jl:129
┌ LogLevel(-2): Done!
└ @ Main /home/vemundlu/FiberBundle/dataGenerator.jl:179
┌ LogLevel(-2): Calculating averages... 
└ @ Main /home/vemundlu/FiberBundle/dataGenerator.jl:182
┌ LogLevel(-2): Done!
└ @ Main /home/vemundlu/FiberBundle/dataGenerator.jl:184
┌ LogLevel(-2): Starting a=2.0 dist=Uniform L=512 nr=SNR t=0.1
└ @ Main /home/vemundlu/FiberBundle/dataGenerator.jl:195
┌ LogLevel(-2): Running workers...
└ @ Main /home/vemundlu/FiberBundle/dataGenerator.jl:177
┌ LogLevel(-2): Starting work on a=2.0 dist=Uniform L=512 nr=SNR t=0.1
└ @ Main /home/vemundlu/FiberBundle/dataGenerator.jl:114
┌ LogLevel(-2): 0%, Active workers: 40, Completed tasks: 0.
└ @ Main /home/vemundlu/FiberBundle/dataGenerator.jl:126
┌ LogLevel(-2): 1%, Active workers: 40, Completed tasks: 0.
└ @ Main /home/vemundlu/FiberBundle/dataGenerator.jl:126
┌ LogLevel(-2): 2%, Active workers: 40, Completed tasks: 0.
└ @ Main /home/vemundlu/FiberBundle/dataGenerator.jl:126
┌ LogLevel(-2): 3%, Active workers: 40, Completed tasks: 0.
└ @ Main /home/vemundlu/FiberBundle/dataGenerator.jl:126
┌ LogLevel(-2): 4%, Active workers: 40, Completed tasks: 0.
└ @ Main /home/vemundlu/FiberBundle/dataGenerator.jl:126
┌ LogLevel(-2): 5%, Active workers: 40, Completed tasks: 0.
└ @ Main /home/vemundlu/FiberBundle/dataGenerator.jl:126
┌ LogLevel(-2): 6%, Active workers: 40, Completed tasks: 0.
└ @ Main /home/vemundlu/FiberBundle/dataGenerator.jl:126
┌ LogLevel(-2): 7%, Active workers: 40, Completed tasks: 0.
└ @ Main /home/vemundlu/FiberBundle/dataGenerator.jl:126
┌ LogLevel(-2): 8%, Active workers: 40, Completed tasks: 0.
└ @ Main /home/vemundlu/FiberBundle/dataGenerator.jl:126
┌ LogLevel(-2): 9%, Active workers: 40, Completed tasks: 0.
└ @ Main /home/vemundlu/FiberBundle/dataGenerator.jl:126
┌ LogLevel(-2): 10%, Active workers: 40, Completed tasks: 0.
└ @ Main /home/vemundlu/FiberBundle/dataGenerator.jl:126
┌ LogLevel(-2): 11%, Active workers: 40, Completed tasks: 0.
└ @ Main /home/vemundlu/FiberBundle/dataGenerator.jl:126
┌ LogLevel(-2): 12%, Active workers: 40, Completed tasks: 0.
└ @ Main /home/vemundlu/FiberBundle/dataGenerator.jl:126
┌ LogLevel(-2): 13%, Active workers: 40, Completed tasks: 0.
└ @ Main /home/vemundlu/FiberBundle/dataGenerator.jl:126
┌ LogLevel(-2): 14%, Active workers: 40, Completed tasks: 0.
└ @ Main /home/vemundlu/FiberBundle/dataGenerator.jl:126
┌ LogLevel(-2): 15%, Active workers: 40, Completed tasks: 0.
└ @ Main /home/vemundlu/FiberBundle/dataGenerator.jl:126
┌ LogLevel(-2): 16%, Active workers: 40, Completed tasks: 0.
└ @ Main /home/vemundlu/FiberBundle/dataGenerator.jl:126
┌ LogLevel(-2): 17%, Active workers: 40, Completed tasks: 0.
└ @ Main /home/vemundlu/FiberBundle/dataGenerator.jl:126
┌ LogLevel(-2): 18%, Active workers: 40, Completed tasks: 0.
└ @ Main /home/vemundlu/FiberBundle/dataGenerator.jl:126
┌ LogLevel(-2): 19%, Active workers: 40, Completed tasks: 0.
└ @ Main /home/vemundlu/FiberBundle/dataGenerator.jl:126
┌ LogLevel(-2): 20%, Active workers: 40, Completed tasks: 0.
└ @ Main /home/vemundlu/FiberBundle/dataGenerator.jl:126
┌ LogLevel(-2): 21%, Active workers: 40, Completed tasks: 0.
└ @ Main /home/vemundlu/FiberBundle/dataGenerator.jl:126
┌ LogLevel(-2): 22%, Active workers: 40, Completed tasks: 0.
└ @ Main /home/vemundlu/FiberBundle/dataGenerator.jl:126
┌ LogLevel(-2): 23%, Active workers: 40, Completed tasks: 0.
└ @ Main /home/vemundlu/FiberBundle/dataGenerator.jl:126
┌ LogLevel(-2): 24%, Active workers: 40, Completed tasks: 0.
└ @ Main /home/vemundlu/FiberBundle/dataGenerator.jl:126
┌ LogLevel(-2): 25%, Active workers: 40, Completed tasks: 0.
└ @ Main /home/vemundlu/FiberBundle/dataGenerator.jl:126
┌ LogLevel(-2): 26%, Active workers: 40, Completed tasks: 0.
└ @ Main /home/vemundlu/FiberBundle/dataGenerator.jl:126
┌ LogLevel(-2): 27%, Active workers: 40, Completed tasks: 0.
└ @ Main /home/vemundlu/FiberBundle/dataGenerator.jl:126
┌ LogLevel(-2): 28%, Active workers: 40, Completed tasks: 0.
└ @ Main /home/vemundlu/FiberBundle/dataGenerator.jl:126
┌ LogLevel(-2): 29%, Active workers: 40, Completed tasks: 0.
└ @ Main /home/vemundlu/FiberBundle/dataGenerator.jl:126
┌ LogLevel(-2): 30%, Active workers: 40, Completed tasks: 0.
└ @ Main /home/vemundlu/FiberBundle/dataGenerator.jl:126
┌ LogLevel(-2): 31%, Active workers: 40, Completed tasks: 0.
└ @ Main /home/vemundlu/FiberBundle/dataGenerator.jl:126
┌ LogLevel(-2): 32%, Active workers: 40, Completed tasks: 0.
└ @ Main /home/vemundlu/FiberBundle/dataGenerator.jl:126
┌ LogLevel(-2): 33%, Active workers: 40, Completed tasks: 0.
└ @ Main /home/vemundlu/FiberBundle/dataGenerator.jl:126
┌ LogLevel(-2): 34%, Active workers: 40, Completed tasks: 0.
└ @ Main /home/vemundlu/FiberBundle/dataGenerator.jl:126
┌ LogLevel(-2): 35%, Active workers: 40, Completed tasks: 0.
└ @ Main /home/vemundlu/FiberBundle/dataGenerator.jl:126
┌ LogLevel(-2): 36%, Active workers: 40, Completed tasks: 0.
└ @ Main /home/vemundlu/FiberBundle/dataGenerator.jl:126
┌ LogLevel(-2): 37%, Active workers: 40, Completed tasks: 0.
└ @ Main /home/vemundlu/FiberBundle/dataGenerator.jl:126
┌ LogLevel(-2): 38%, Active workers: 40, Completed tasks: 0.
└ @ Main /home/vemundlu/FiberBundle/dataGenerator.jl:126
┌ LogLevel(-2): 39%, Active workers: 40, Completed tasks: 0.
└ @ Main /home/vemundlu/FiberBundle/dataGenerator.jl:126
┌ LogLevel(-2): 40%, Active workers: 40, Completed tasks: 0.
└ @ Main /home/vemundlu/FiberBundle/dataGenerator.jl:126
┌ LogLevel(-2): 41%, Active workers: 40, Completed tasks: 0.
└ @ Main /home/vemundlu/FiberBundle/dataGenerator.jl:126
┌ LogLevel(-2): 42%, Active workers: 40, Completed tasks: 0.
└ @ Main /home/vemundlu/FiberBundle/dataGenerator.jl:126
┌ LogLevel(-2): 43%, Active workers: 40, Completed tasks: 0.
└ @ Main /home/vemundlu/FiberBundle/dataGenerator.jl:126
┌ LogLevel(-2): 44%, Active workers: 40, Completed tasks: 0.
└ @ Main /home/vemundlu/FiberBundle/dataGenerator.jl:126
┌ LogLevel(-2): 45%, Active workers: 40, Completed tasks: 0.
└ @ Main /home/vemundlu/FiberBundle/dataGenerator.jl:126
┌ LogLevel(-2): 46%, Active workers: 40, Completed tasks: 0.
└ @ Main /home/vemundlu/FiberBundle/dataGenerator.jl:126
┌ LogLevel(-2): 47%, Active workers: 40, Completed tasks: 0.
└ @ Main /home/vemundlu/FiberBundle/dataGenerator.jl:126
┌ LogLevel(-2): 48%, Active workers: 40, Completed tasks: 0.
└ @ Main /home/vemundlu/FiberBundle/dataGenerator.jl:126
┌ LogLevel(-2): 49%, Active workers: 40, Completed tasks: 0.
└ @ Main /home/vemundlu/FiberBundle/dataGenerator.jl:126
┌ LogLevel(-2): 50%, Active workers: 40, Completed tasks: 0.
└ @ Main /home/vemundlu/FiberBundle/dataGenerator.jl:126
┌ LogLevel(-2): 51%, Active workers: 40, Completed tasks: 0.
└ @ Main /home/vemundlu/FiberBundle/dataGenerator.jl:126
┌ LogLevel(-2): 52%, Active workers: 40, Completed tasks: 0.
└ @ Main /home/vemundlu/FiberBundle/dataGenerator.jl:126
┌ LogLevel(-2): 53%, Active workers: 40, Completed tasks: 0.
└ @ Main /home/vemundlu/FiberBundle/dataGenerator.jl:126
┌ LogLevel(-2): 54%, Active workers: 40, Completed tasks: 0.
└ @ Main /home/vemundlu/FiberBundle/dataGenerator.jl:126
┌ LogLevel(-2): 55%, Active workers: 40, Completed tasks: 0.
└ @ Main /home/vemundlu/FiberBundle/dataGenerator.jl:126
┌ LogLevel(-2): 56%, Active workers: 40, Completed tasks: 0.
└ @ Main /home/vemundlu/FiberBundle/dataGenerator.jl:126
┌ LogLevel(-2): 57%, Active workers: 40, Completed tasks: 0.
└ @ Main /home/vemundlu/FiberBundle/dataGenerator.jl:126
┌ LogLevel(-2): 58%, Active workers: 40, Completed tasks: 0.
└ @ Main /home/vemundlu/FiberBundle/dataGenerator.jl:126
┌ LogLevel(-2): 59%, Active workers: 40, Completed tasks: 0.
└ @ Main /home/vemundlu/FiberBundle/dataGenerator.jl:126
┌ LogLevel(-2): 60%, Active workers: 40, Completed tasks: 0.
└ @ Main /home/vemundlu/FiberBundle/dataGenerator.jl:126
┌ LogLevel(-2): 61%, Active workers: 40, Completed tasks: 0.
└ @ Main /home/vemundlu/FiberBundle/dataGenerator.jl:126
┌ LogLevel(-2): 62%, Active workers: 40, Completed tasks: 0.
└ @ Main /home/vemundlu/FiberBundle/dataGenerator.jl:126
┌ LogLevel(-2): 63%, Active workers: 40, Completed tasks: 0.
└ @ Main /home/vemundlu/FiberBundle/dataGenerator.jl:126
┌ LogLevel(-2): 64%, Active workers: 40, Completed tasks: 0.
└ @ Main /home/vemundlu/FiberBundle/dataGenerator.jl:126
┌ LogLevel(-2): 65%, Active workers: 40, Completed tasks: 0.
└ @ Main /home/vemundlu/FiberBundle/dataGenerator.jl:126
┌ LogLevel(-2): 66%, Active workers: 40, Completed tasks: 0.
└ @ Main /home/vemundlu/FiberBundle/dataGenerator.jl:126
┌ LogLevel(-2): 67%, Active workers: 40, Completed tasks: 0.
└ @ Main /home/vemundlu/FiberBundle/dataGenerator.jl:126
┌ LogLevel(-2): 68%, Active workers: 40, Completed tasks: 0.
└ @ Main /home/vemundlu/FiberBundle/dataGenerator.jl:126
┌ LogLevel(-2): 69%, Active workers: 40, Completed tasks: 0.
└ @ Main /home/vemundlu/FiberBundle/dataGenerator.jl:126
┌ LogLevel(-2): 70%, Active workers: 40, Completed tasks: 0.
└ @ Main /home/vemundlu/FiberBundle/dataGenerator.jl:126
┌ LogLevel(-2): 71%, Active workers: 40, Completed tasks: 0.
└ @ Main /home/vemundlu/FiberBundle/dataGenerator.jl:126
┌ LogLevel(-2): 72%, Active workers: 40, Completed tasks: 0.
└ @ Main /home/vemundlu/FiberBundle/dataGenerator.jl:126
┌ LogLevel(-2): 73%, Active workers: 40, Completed tasks: 0.
└ @ Main /home/vemundlu/FiberBundle/dataGenerator.jl:126
┌ LogLevel(-2): 74%, Active workers: 40, Completed tasks: 0.
└ @ Main /home/vemundlu/FiberBundle/dataGenerator.jl:126
┌ LogLevel(-2): 75%, Active workers: 40, Completed tasks: 0.
└ @ Main /home/vemundlu/FiberBundle/dataGenerator.jl:126
┌ LogLevel(-2): 76%, Active workers: 40, Completed tasks: 0.
└ @ Main /home/vemundlu/FiberBundle/dataGenerator.jl:126
┌ LogLevel(-2): 77%, Active workers: 40, Completed tasks: 0.
└ @ Main /home/vemundlu/FiberBundle/dataGenerator.jl:126
┌ LogLevel(-2): 78%, Active workers: 40, Completed tasks: 0.
└ @ Main /home/vemundlu/FiberBundle/dataGenerator.jl:126
┌ LogLevel(-2): 79%, Active workers: 40, Completed tasks: 0.
└ @ Main /home/vemundlu/FiberBundle/dataGenerator.jl:126
┌ LogLevel(-2): 80%, Active workers: 40, Completed tasks: 0.
└ @ Main /home/vemundlu/FiberBundle/dataGenerator.jl:126
┌ LogLevel(-2): 81%, Active workers: 40, Completed tasks: 0.
└ @ Main /home/vemundlu/FiberBundle/dataGenerator.jl:126
┌ LogLevel(-2): 82%, Active workers: 40, Completed tasks: 0.
└ @ Main /home/vemundlu/FiberBundle/dataGenerator.jl:126
┌ LogLevel(-2): 83%, Active workers: 40, Completed tasks: 0.
└ @ Main /home/vemundlu/FiberBundle/dataGenerator.jl:126
┌ LogLevel(-2): 84%, Active workers: 40, Completed tasks: 0.
└ @ Main /home/vemundlu/FiberBundle/dataGenerator.jl:126
┌ LogLevel(-2): 85%, Active workers: 40, Completed tasks: 0.
└ @ Main /home/vemundlu/FiberBundle/dataGenerator.jl:126
┌ LogLevel(-2): 86%, Active workers: 40, Completed tasks: 0.
└ @ Main /home/vemundlu/FiberBundle/dataGenerator.jl:126
┌ LogLevel(-2): 87%, Active workers: 40, Completed tasks: 0.
└ @ Main /home/vemundlu/FiberBundle/dataGenerator.jl:126
┌ LogLevel(-2): 88%, Active workers: 40, Completed tasks: 0.
└ @ Main /home/vemundlu/FiberBundle/dataGenerator.jl:126
┌ LogLevel(-2): 89%, Active workers: 40, Completed tasks: 0.
└ @ Main /home/vemundlu/FiberBundle/dataGenerator.jl:126
┌ LogLevel(-2): 90%, Active workers: 40, Completed tasks: 0.
└ @ Main /home/vemundlu/FiberBundle/dataGenerator.jl:126
┌ LogLevel(-2): 91%, Active workers: 40, Completed tasks: 0.
└ @ Main /home/vemundlu/FiberBundle/dataGenerator.jl:126
┌ LogLevel(-2): 92%, Active workers: 40, Completed tasks: 0.
└ @ Main /home/vemundlu/FiberBundle/dataGenerator.jl:126
┌ LogLevel(-2): 93%, Active workers: 40, Completed tasks: 0.
└ @ Main /home/vemundlu/FiberBundle/dataGenerator.jl:126
┌ LogLevel(-2): 94%, Active workers: 40, Completed tasks: 0.
└ @ Main /home/vemundlu/FiberBundle/dataGenerator.jl:126
┌ LogLevel(-2): 95%, Active workers: 40, Completed tasks: 0.
└ @ Main /home/vemundlu/FiberBundle/dataGenerator.jl:126
┌ LogLevel(-2): 96%, Active workers: 38, Completed tasks: 2.
└ @ Main /home/vemundlu/FiberBundle/dataGenerator.jl:126
┌ LogLevel(-2): 97%, Active workers: 37, Completed tasks: 3.
└ @ Main /home/vemundlu/FiberBundle/dataGenerator.jl:126
┌ LogLevel(-2): 98%, Active workers: 35, Completed tasks: 5.
└ @ Main /home/vemundlu/FiberBundle/dataGenerator.jl:126
┌ LogLevel(-2): 99%, Active workers: 24, Completed tasks: 16.
└ @ Main /home/vemundlu/FiberBundle/dataGenerator.jl:126
┌ LogLevel(-2): 100%, Active workers: 0, Completed tasks: 40.
└ @ Main /home/vemundlu/FiberBundle/dataGenerator.jl:129
┌ LogLevel(-2): Done!
└ @ Main /home/vemundlu/FiberBundle/dataGenerator.jl:179
┌ LogLevel(-2): Calculating averages... 
└ @ Main /home/vemundlu/FiberBundle/dataGenerator.jl:182
┌ LogLevel(-2): Done!
└ @ Main /home/vemundlu/FiberBundle/dataGenerator.jl:184
┌ LogLevel(-2): Starting a=0.0 dist=Uniform L=512 nr=UNR t=0.2
└ @ Main /home/vemundlu/FiberBundle/dataGenerator.jl:195
┌ LogLevel(-2): Running workers...
└ @ Main /home/vemundlu/FiberBundle/dataGenerator.jl:177
┌ LogLevel(-2): Starting work on a=0.0 dist=Uniform L=512 nr=UNR t=0.2
└ @ Main /home/vemundlu/FiberBundle/dataGenerator.jl:114
┌ LogLevel(-2): 0%, Active workers: 40, Completed tasks: 0.
└ @ Main /home/vemundlu/FiberBundle/dataGenerator.jl:126
┌ LogLevel(-2): 1%, Active workers: 40, Completed tasks: 0.
└ @ Main /home/vemundlu/FiberBundle/dataGenerator.jl:126
┌ LogLevel(-2): 2%, Active workers: 40, Completed tasks: 0.
└ @ Main /home/vemundlu/FiberBundle/dataGenerator.jl:126
┌ LogLevel(-2): 3%, Active workers: 40, Completed tasks: 0.
└ @ Main /home/vemundlu/FiberBundle/dataGenerator.jl:126
┌ LogLevel(-2): 4%, Active workers: 40, Completed tasks: 0.
└ @ Main /home/vemundlu/FiberBundle/dataGenerator.jl:126
┌ LogLevel(-2): 5%, Active workers: 40, Completed tasks: 0.
└ @ Main /home/vemundlu/FiberBundle/dataGenerator.jl:126
┌ LogLevel(-2): 6%, Active workers: 40, Completed tasks: 0.
└ @ Main /home/vemundlu/FiberBundle/dataGenerator.jl:126
┌ LogLevel(-2): 7%, Active workers: 40, Completed tasks: 0.
└ @ Main /home/vemundlu/FiberBundle/dataGenerator.jl:126
┌ LogLevel(-2): 8%, Active workers: 40, Completed tasks: 0.
└ @ Main /home/vemundlu/FiberBundle/dataGenerator.jl:126
┌ LogLevel(-2): 9%, Active workers: 40, Completed tasks: 0.
└ @ Main /home/vemundlu/FiberBundle/dataGenerator.jl:126
┌ LogLevel(-2): 10%, Active workers: 40, Completed tasks: 0.
└ @ Main /home/vemundlu/FiberBundle/dataGenerator.jl:126
┌ LogLevel(-2): 11%, Active workers: 40, Completed tasks: 0.
└ @ Main /home/vemundlu/FiberBundle/dataGenerator.jl:126
┌ LogLevel(-2): 12%, Active workers: 40, Completed tasks: 0.
└ @ Main /home/vemundlu/FiberBundle/dataGenerator.jl:126
┌ LogLevel(-2): 13%, Active workers: 40, Completed tasks: 0.
└ @ Main /home/vemundlu/FiberBundle/dataGenerator.jl:126
┌ LogLevel(-2): 14%, Active workers: 40, Completed tasks: 0.
└ @ Main /home/vemundlu/FiberBundle/dataGenerator.jl:126
┌ LogLevel(-2): 15%, Active workers: 40, Completed tasks: 0.
└ @ Main /home/vemundlu/FiberBundle/dataGenerator.jl:126
┌ LogLevel(-2): 16%, Active workers: 40, Completed tasks: 0.
└ @ Main /home/vemundlu/FiberBundle/dataGenerator.jl:126
┌ LogLevel(-2): 17%, Active workers: 40, Completed tasks: 0.
└ @ Main /home/vemundlu/FiberBundle/dataGenerator.jl:126
┌ LogLevel(-2): 18%, Active workers: 40, Completed tasks: 0.
└ @ Main /home/vemundlu/FiberBundle/dataGenerator.jl:126
┌ LogLevel(-2): 19%, Active workers: 40, Completed tasks: 0.
└ @ Main /home/vemundlu/FiberBundle/dataGenerator.jl:126
┌ LogLevel(-2): 20%, Active workers: 40, Completed tasks: 0.
└ @ Main /home/vemundlu/FiberBundle/dataGenerator.jl:126
┌ LogLevel(-2): 21%, Active workers: 40, Completed tasks: 0.
└ @ Main /home/vemundlu/FiberBundle/dataGenerator.jl:126
┌ LogLevel(-2): 22%, Active workers: 40, Completed tasks: 0.
└ @ Main /home/vemundlu/FiberBundle/dataGenerator.jl:126
┌ LogLevel(-2): 23%, Active workers: 40, Completed tasks: 0.
└ @ Main /home/vemundlu/FiberBundle/dataGenerator.jl:126
┌ LogLevel(-2): 24%, Active workers: 40, Completed tasks: 0.
└ @ Main /home/vemundlu/FiberBundle/dataGenerator.jl:126
┌ LogLevel(-2): 25%, Active workers: 40, Completed tasks: 0.
└ @ Main /home/vemundlu/FiberBundle/dataGenerator.jl:126
┌ LogLevel(-2): 26%, Active workers: 40, Completed tasks: 0.
└ @ Main /home/vemundlu/FiberBundle/dataGenerator.jl:126
┌ LogLevel(-2): 27%, Active workers: 40, Completed tasks: 0.
└ @ Main /home/vemundlu/FiberBundle/dataGenerator.jl:126
┌ LogLevel(-2): 28%, Active workers: 40, Completed tasks: 0.
└ @ Main /home/vemundlu/FiberBundle/dataGenerator.jl:126
┌ LogLevel(-2): 29%, Active workers: 40, Completed tasks: 0.
└ @ Main /home/vemundlu/FiberBundle/dataGenerator.jl:126
┌ LogLevel(-2): 30%, Active workers: 40, Completed tasks: 0.
└ @ Main /home/vemundlu/FiberBundle/dataGenerator.jl:126
┌ LogLevel(-2): 31%, Active workers: 40, Completed tasks: 0.
└ @ Main /home/vemundlu/FiberBundle/dataGenerator.jl:126
┌ LogLevel(-2): 32%, Active workers: 40, Completed tasks: 0.
└ @ Main /home/vemundlu/FiberBundle/dataGenerator.jl:126
┌ LogLevel(-2): 33%, Active workers: 40, Completed tasks: 0.
└ @ Main /home/vemundlu/FiberBundle/dataGenerator.jl:126
┌ LogLevel(-2): 34%, Active workers: 40, Completed tasks: 0.
└ @ Main /home/vemundlu/FiberBundle/dataGenerator.jl:126
┌ LogLevel(-2): 35%, Active workers: 40, Completed tasks: 0.
└ @ Main /home/vemundlu/FiberBundle/dataGenerator.jl:126
┌ LogLevel(-2): 36%, Active workers: 40, Completed tasks: 0.
└ @ Main /home/vemundlu/FiberBundle/dataGenerator.jl:126
┌ LogLevel(-2): 37%, Active workers: 40, Completed tasks: 0.
└ @ Main /home/vemundlu/FiberBundle/dataGenerator.jl:126
┌ LogLevel(-2): 38%, Active workers: 40, Completed tasks: 0.
└ @ Main /home/vemundlu/FiberBundle/dataGenerator.jl:126
┌ LogLevel(-2): 39%, Active workers: 40, Completed tasks: 0.
└ @ Main /home/vemundlu/FiberBundle/dataGenerator.jl:126
┌ LogLevel(-2): 40%, Active workers: 40, Completed tasks: 0.
└ @ Main /home/vemundlu/FiberBundle/dataGenerator.jl:126
┌ LogLevel(-2): 41%, Active workers: 40, Completed tasks: 0.
└ @ Main /home/vemundlu/FiberBundle/dataGenerator.jl:126
┌ LogLevel(-2): 42%, Active workers: 40, Completed tasks: 0.
└ @ Main /home/vemundlu/FiberBundle/dataGenerator.jl:126
┌ LogLevel(-2): 43%, Active workers: 40, Completed tasks: 0.
└ @ Main /home/vemundlu/FiberBundle/dataGenerator.jl:126
┌ LogLevel(-2): 44%, Active workers: 40, Completed tasks: 0.
└ @ Main /home/vemundlu/FiberBundle/dataGenerator.jl:126
┌ LogLevel(-2): 45%, Active workers: 40, Completed tasks: 0.
└ @ Main /home/vemundlu/FiberBundle/dataGenerator.jl:126
┌ LogLevel(-2): 46%, Active workers: 40, Completed tasks: 0.
└ @ Main /home/vemundlu/FiberBundle/dataGenerator.jl:126
ERROR: LoadError: This should not have happened
Stacktrace:
  [1] error(s::String)
    @ Base ./error.jl:33
  [2] read_obj_start(io::JLD2.MmapIO)
    @ JLD2 ~/.julia/packages/JLD2/HnW0g/src/object_headers.jl:104
  [3] isgroup(f::JLD2.JLDFile{JLD2.MmapIO}, roffset::JLD2.RelOffset)
    @ JLD2 ~/.julia/packages/JLD2/HnW0g/src/object_headers.jl:127
  [4] getindex(g::JLD2.Group{JLD2.JLDFile{JLD2.MmapIO}}, name::String)
    @ JLD2 ~/.julia/packages/JLD2/HnW0g/src/groups.jl:104
  [5] getindex(f::JLD2.JLDFile{JLD2.MmapIO}, name::String)
    @ JLD2 ~/.julia/packages/JLD2/HnW0g/src/JLD2.jl:451
  [6] (::var"#36#39"{Int64, String, JLD2.JLDFile{JLD2.MmapIO}, Dict{Any, Any}, Int64})(s_file::JLD2.JLDFile{JLD2.MmapIO})
    @ Main ~/FiberBundle/support/dataManager.jl:161
  [7] jldopen(::Function, ::String, ::Vararg{String}; kws::Base.Pairs{Symbol, Union{}, Tuple{}, NamedTuple{(), Tuple{}}})
    @ JLD2 ~/.julia/packages/JLD2/HnW0g/src/loadsave.jl:4
  [8] jldopen
    @ ~/.julia/packages/JLD2/HnW0g/src/loadsave.jl:2 [inlined]
  [9] (::var"#35#38"{JLD2.JLDFile{JLD2.MmapIO}, Dict{Any, Any}, Int64, Vector{Any}, var"#f#25"{var"#f#24#26"{Dict{String, Any}}}})(averaged_file::JLD2.JLDFile{JLD2.MmapIO})
    @ Main ~/FiberBundle/support/dataManager.jl:136
 [10] jldopen(::Function, ::String, ::Vararg{String}; kws::Base.Pairs{Symbol, Union{}, Tuple{}, NamedTuple{(), Tuple{}}})
    @ JLD2 ~/.julia/packages/JLD2/HnW0g/src/loadsave.jl:4
 [11] jldopen
    @ ~/.julia/packages/JLD2/HnW0g/src/loadsave.jl:2 [inlined]
 [12] (::var"#34#37"{Dict{Any, Any}, Int64, Vector{Any}, String, var"#f#25"{var"#f#24#26"{Dict{String, Any}}}})(condensed_file::JLD2.JLDFile{JLD2.MmapIO})
    @ Main ~/FiberBundle/support/dataManager.jl:129
 [13] jldopen(::Function, ::String, ::Vararg{String}; kws::Base.Pairs{Symbol, LZ4FrameCompressor, Tuple{Symbol}, NamedTuple{(:compress,), Tuple{LZ4FrameCompressor}}})
    @ JLD2 ~/.julia/packages/JLD2/HnW0g/src/loadsave.jl:4
 [14] condense_files(settings::Dict{String, Any}, requested_seeds::UnitRange{Int64}; remove_files::Bool)
    @ Main ~/FiberBundle/support/dataManager.jl:128
 [15] clean_after_run
    @ ~/FiberBundle/support/dataManager.jl:242 [inlined]
 [16] generate_data(settings::Dict{String, Any}, requested_seeds::UnitRange{Int64}, overwrite::Bool; save_data::Bool, use_threads::Bool)
    @ Main ~/FiberBundle/dataGenerator.jl:183
 [17] itterate_settings(dimensions::Vector{Int64}, α::Vector{Float64}, regimes::StepRangeLen{Float64, Base.TwicePrecision{Float64}, Base.TwicePrecision{Float64}, Int64}, neighbourhood_rules::Vector{String}, seeds::UnitRange{Int64}; overwrite::Bool, path::String, use_threads::Bool)
    @ Main ~/FiberBundle/dataGenerator.jl:196
 [18] macro expansion
    @ timing.jl:220 [inlined]
 [19] top-level scope
    @ ~/FiberBundle/generateData.jl:37
in expression starting at /home/vemundlu/FiberBundle/generateData.jl:24
┌ LogLevel(-2): 47%, Active workers: 40, Completed tasks: 0.
└ @ Main /home/vemundlu/FiberBundle/dataGenerator.jl:126
┌ LogLevel(-2): 48%, Active workers: 40, Completed tasks: 0.
└ @ Main /home/vemundlu/FiberBundle/dataGenerator.jl:126
┌ LogLevel(-2): 49%, Active workers: 40, Completed tasks: 0.
└ @ Main /home/vemundlu/FiberBundle/dataGenerator.jl:126
┌ LogLevel(-2): 50%, Active workers: 40, Completed tasks: 0.
└ @ Main /home/vemundlu/FiberBundle/dataGenerator.jl:126
┌ LogLevel(-2): 51%, Active workers: 40, Completed tasks: 0.
└ @ Main /home/vemundlu/FiberBundle/dataGenerator.jl:126
┌ LogLevel(-2): 52%, Active workers: 40, Completed tasks: 0.
└ @ Main /home/vemundlu/FiberBundle/dataGenerator.jl:126
┌ LogLevel(-2): 53%, Active workers: 40, Completed tasks: 0.
└ @ Main /home/vemundlu/FiberBundle/dataGenerator.jl:126
┌ LogLevel(-2): 54%, Active workers: 40, Completed tasks: 0.
└ @ Main /home/vemundlu/FiberBundle/dataGenerator.jl:126
┌ LogLevel(-2): 55%, Active workers: 40, Completed tasks: 0.
└ @ Main /home/vemundlu/FiberBundle/dataGenerator.jl:126
┌ LogLevel(-2): 56%, Active workers: 40, Completed tasks: 0.
└ @ Main /home/vemundlu/FiberBundle/dataGenerator.jl:126
┌ LogLevel(-2): 57%, Active workers: 40, Completed tasks: 0.
└ @ Main /home/vemundlu/FiberBundle/dataGenerator.jl:126
┌ LogLevel(-2): 58%, Active workers: 40, Completed tasks: 0.
└ @ Main /home/vemundlu/FiberBundle/dataGenerator.jl:126
┌ LogLevel(-2): 59%, Active workers: 40, Completed tasks: 0.
└ @ Main /home/vemundlu/FiberBundle/dataGenerator.jl:126
┌ LogLevel(-2): 60%, Active workers: 40, Completed tasks: 0.
└ @ Main /home/vemundlu/FiberBundle/dataGenerator.jl:126
┌ LogLevel(-2): 61%, Active workers: 40, Completed tasks: 0.
└ @ Main /home/vemundlu/FiberBundle/dataGenerator.jl:126
┌ LogLevel(-2): 62%, Active workers: 40, Completed tasks: 0.
└ @ Main /home/vemundlu/FiberBundle/dataGenerator.jl:126
┌ LogLevel(-2): 63%, Active workers: 40, Completed tasks: 0.
└ @ Main /home/vemundlu/FiberBundle/dataGenerator.jl:126
┌ LogLevel(-2): 64%, Active workers: 40, Completed tasks: 0.
└ @ Main /home/vemundlu/FiberBundle/dataGenerator.jl:126
┌ LogLevel(-2): 65%, Active workers: 40, Completed tasks: 0.
└ @ Main /home/vemundlu/FiberBundle/dataGenerator.jl:126
┌ LogLevel(-2): 66%, Active workers: 40, Completed tasks: 0.
└ @ Main /home/vemundlu/FiberBundle/dataGenerator.jl:126
┌ LogLevel(-2): 67%, Active workers: 40, Completed tasks: 0.
└ @ Main /home/vemundlu/FiberBundle/dataGenerator.jl:126
┌ LogLevel(-2): 68%, Active workers: 40, Completed tasks: 0.
└ @ Main /home/vemundlu/FiberBundle/dataGenerator.jl:126
┌ LogLevel(-2): 69%, Active workers: 40, Completed tasks: 0.
└ @ Main /home/vemundlu/FiberBundle/dataGenerator.jl:126
┌ LogLevel(-2): 70%, Active workers: 40, Completed tasks: 0.
└ @ Main /home/vemundlu/FiberBundle/dataGenerator.jl:126
┌ LogLevel(-2): 71%, Active workers: 40, Completed tasks: 0.
└ @ Main /home/vemundlu/FiberBundle/dataGenerator.jl:126
┌ LogLevel(-2): 72%, Active workers: 40, Completed tasks: 0.
└ @ Main /home/vemundlu/FiberBundle/dataGenerator.jl:126
┌ LogLevel(-2): 73%, Active workers: 40, Completed tasks: 0.
└ @ Main /home/vemundlu/FiberBundle/dataGenerator.jl:126
┌ LogLevel(-2): 74%, Active workers: 40, Completed tasks: 0.
└ @ Main /home/vemundlu/FiberBundle/dataGenerator.jl:126
┌ LogLevel(-2): 75%, Active workers: 40, Completed tasks: 0.
└ @ Main /home/vemundlu/FiberBundle/dataGenerator.jl:126
┌ LogLevel(-2): 76%, Active workers: 40, Completed tasks: 0.
└ @ Main /home/vemundlu/FiberBundle/dataGenerator.jl:126
┌ LogLevel(-2): 77%, Active workers: 40, Completed tasks: 0.
└ @ Main /home/vemundlu/FiberBundle/dataGenerator.jl:126
┌ LogLevel(-2): 78%, Active workers: 40, Completed tasks: 0.
└ @ Main /home/vemundlu/FiberBundle/dataGenerator.jl:126
┌ LogLevel(-2): 79%, Active workers: 40, Completed tasks: 0.
└ @ Main /home/vemundlu/FiberBundle/dataGenerator.jl:126
┌ LogLevel(-2): 80%, Active workers: 40, Completed tasks: 0.
└ @ Main /home/vemundlu/FiberBundle/dataGenerator.jl:126
┌ LogLevel(-2): 81%, Active workers: 40, Completed tasks: 0.
└ @ Main /home/vemundlu/FiberBundle/dataGenerator.jl:126
┌ LogLevel(-2): 82%, Active workers: 40, Completed tasks: 0.
└ @ Main /home/vemundlu/FiberBundle/dataGenerator.jl:126
┌ LogLevel(-2): 83%, Active workers: 40, Completed tasks: 0.
└ @ Main /home/vemundlu/FiberBundle/dataGenerator.jl:126
┌ LogLevel(-2): 84%, Active workers: 40, Completed tasks: 0.
└ @ Main /home/vemundlu/FiberBundle/dataGenerator.jl:126
┌ LogLevel(-2): 85%, Active workers: 40, Completed tasks: 0.
└ @ Main /home/vemundlu/FiberBundle/dataGenerator.jl:126
┌ LogLevel(-2): 86%, Active workers: 40, Completed tasks: 0.
└ @ Main /home/vemundlu/FiberBundle/dataGenerator.jl:126
┌ LogLevel(-2): 87%, Active workers: 40, Completed tasks: 0.
└ @ Main /home/vemundlu/FiberBundle/dataGenerator.jl:126
┌ LogLevel(-2): 88%, Active workers: 40, Completed tasks: 0.
└ @ Main /home/vemundlu/FiberBundle/dataGenerator.jl:126
┌ LogLevel(-2): 89%, Active workers: 40, Completed tasks: 0.
└ @ Main /home/vemundlu/FiberBundle/dataGenerator.jl:126
┌ LogLevel(-2): 90%, Active workers: 40, Completed tasks: 0.
└ @ Main /home/vemundlu/FiberBundle/dataGenerator.jl:126
┌ LogLevel(-2): 91%, Active workers: 40, Completed tasks: 0.
└ @ Main /home/vemundlu/FiberBundle/dataGenerator.jl:126
┌ LogLevel(-2): 92%, Active workers: 40, Completed tasks: 0.
└ @ Main /home/vemundlu/FiberBundle/dataGenerator.jl:126
┌ LogLevel(-2): 93%, Active workers: 40, Completed tasks: 0.
└ @ Main /home/vemundlu/FiberBundle/dataGenerator.jl:126
┌ LogLevel(-2): 94%, Active workers: 40, Completed tasks: 0.
└ @ Main /home/vemundlu/FiberBundle/dataGenerator.jl:126
┌ LogLevel(-2): 95%, Active workers: 40, Completed tasks: 0.
└ @ Main /home/vemundlu/FiberBundle/dataGenerator.jl:126
┌ LogLevel(-2): 96%, Active workers: 40, Completed tasks: 0.
└ @ Main /home/vemundlu/FiberBundle/dataGenerator.jl:126
┌ LogLevel(-2): 97%, Active workers: 40, Completed tasks: 0.
└ @ Main /home/vemundlu/FiberBundle/dataGenerator.jl:126
┌ LogLevel(-2): 98%, Active workers: 39, Completed tasks: 1.
└ @ Main /home/vemundlu/FiberBundle/dataGenerator.jl:126
┌ LogLevel(-2): 99%, Active workers: 27, Completed tasks: 13.
└ @ Main /home/vemundlu/FiberBundle/dataGenerator.jl:126
┌ LogLevel(-2): 100%, Active workers: 0, Completed tasks: 40.
└ @ Main /home/vemundlu/FiberBundle/dataGenerator.jl:129
┌ LogLevel(-2): Done!
└ @ Main /home/vemundlu/FiberBundle/dataGenerator.jl:179
┌ LogLevel(-2): Calculating averages... 
└ @ Main /home/vemundlu/FiberBundle/dataGenerator.jl:182
┌ LogLevel(-2): Done!
└ @ Main /home/vemundlu/FiberBundle/dataGenerator.jl:184
┌ LogLevel(-2): Starting a=2.0 dist=Uniform L=512 nr=SNR t=0.2
└ @ Main /home/vemundlu/FiberBundle/dataGenerator.jl:195
┌ LogLevel(-2): Running workers...
└ @ Main /home/vemundlu/FiberBundle/dataGenerator.jl:177
┌ LogLevel(-2): Starting work on a=2.0 dist=Uniform L=512 nr=SNR t=0.2
└ @ Main /home/vemundlu/FiberBundle/dataGenerator.jl:114
┌ LogLevel(-2): 0%, Active workers: 40, Completed tasks: 0.
└ @ Main /home/vemundlu/FiberBundle/dataGenerator.jl:126
┌ LogLevel(-2): 1%, Active workers: 40, Completed tasks: 0.
└ @ Main /home/vemundlu/FiberBundle/dataGenerator.jl:126
┌ LogLevel(-2): 2%, Active workers: 40, Completed tasks: 0.
└ @ Main /home/vemundlu/FiberBundle/dataGenerator.jl:126
┌ LogLevel(-2): 3%, Active workers: 40, Completed tasks: 0.
└ @ Main /home/vemundlu/FiberBundle/dataGenerator.jl:126
┌ LogLevel(-2): 4%, Active workers: 40, Completed tasks: 0.
└ @ Main /home/vemundlu/FiberBundle/dataGenerator.jl:126
┌ LogLevel(-2): 5%, Active workers: 40, Completed tasks: 0.
└ @ Main /home/vemundlu/FiberBundle/dataGenerator.jl:126
┌ LogLevel(-2): 6%, Active workers: 40, Completed tasks: 0.
└ @ Main /home/vemundlu/FiberBundle/dataGenerator.jl:126
┌ LogLevel(-2): 7%, Active workers: 40, Completed tasks: 0.
└ @ Main /home/vemundlu/FiberBundle/dataGenerator.jl:126
┌ LogLevel(-2): 8%, Active workers: 40, Completed tasks: 0.
└ @ Main /home/vemundlu/FiberBundle/dataGenerator.jl:126
┌ LogLevel(-2): 9%, Active workers: 40, Completed tasks: 0.
└ @ Main /home/vemundlu/FiberBundle/dataGenerator.jl:126
┌ LogLevel(-2): 10%, Active workers: 40, Completed tasks: 0.
└ @ Main /home/vemundlu/FiberBundle/dataGenerator.jl:126
┌ LogLevel(-2): 11%, Active workers: 40, Completed tasks: 0.
└ @ Main /home/vemundlu/FiberBundle/dataGenerator.jl:126
┌ LogLevel(-2): 12%, Active workers: 40, Completed tasks: 0.
└ @ Main /home/vemundlu/FiberBundle/dataGenerator.jl:126
┌ LogLevel(-2): 13%, Active workers: 40, Completed tasks: 0.
└ @ Main /home/vemundlu/FiberBundle/dataGenerator.jl:126
┌ LogLevel(-2): 14%, Active workers: 40, Completed tasks: 0.
└ @ Main /home/vemundlu/FiberBundle/dataGenerator.jl:126
┌ LogLevel(-2): 15%, Active workers: 40, Completed tasks: 0.
└ @ Main /home/vemundlu/FiberBundle/dataGenerator.jl:126
┌ LogLevel(-2): 16%, Active workers: 40, Completed tasks: 0.
└ @ Main /home/vemundlu/FiberBundle/dataGenerator.jl:126
┌ LogLevel(-2): 17%, Active workers: 40, Completed tasks: 0.
└ @ Main /home/vemundlu/FiberBundle/dataGenerator.jl:126
┌ LogLevel(-2): 18%, Active workers: 40, Completed tasks: 0.
└ @ Main /home/vemundlu/FiberBundle/dataGenerator.jl:126
┌ LogLevel(-2): 19%, Active workers: 40, Completed tasks: 0.
└ @ Main /home/vemundlu/FiberBundle/dataGenerator.jl:126
┌ LogLevel(-2): 20%, Active workers: 40, Completed tasks: 0.
└ @ Main /home/vemundlu/FiberBundle/dataGenerator.jl:126
┌ LogLevel(-2): 21%, Active workers: 40, Completed tasks: 0.
└ @ Main /home/vemundlu/FiberBundle/dataGenerator.jl:126
┌ LogLevel(-2): 22%, Active workers: 40, Completed tasks: 0.
└ @ Main /home/vemundlu/FiberBundle/dataGenerator.jl:126
┌ LogLevel(-2): 23%, Active workers: 40, Completed tasks: 0.
└ @ Main /home/vemundlu/FiberBundle/dataGenerator.jl:126
┌ LogLevel(-2): 24%, Active workers: 40, Completed tasks: 0.
└ @ Main /home/vemundlu/FiberBundle/dataGenerator.jl:126
┌ LogLevel(-2): 25%, Active workers: 40, Completed tasks: 0.
└ @ Main /home/vemundlu/FiberBundle/dataGenerator.jl:126
┌ LogLevel(-2): 26%, Active workers: 40, Completed tasks: 0.
└ @ Main /home/vemundlu/FiberBundle/dataGenerator.jl:126
┌ LogLevel(-2): 27%, Active workers: 40, Completed tasks: 0.
└ @ Main /home/vemundlu/FiberBundle/dataGenerator.jl:126
┌ LogLevel(-2): 28%, Active workers: 40, Completed tasks: 0.
└ @ Main /home/vemundlu/FiberBundle/dataGenerator.jl:126
┌ LogLevel(-2): 29%, Active workers: 40, Completed tasks: 0.
└ @ Main /home/vemundlu/FiberBundle/dataGenerator.jl:126
┌ LogLevel(-2): 30%, Active workers: 40, Completed tasks: 0.
└ @ Main /home/vemundlu/FiberBundle/dataGenerator.jl:126
┌ LogLevel(-2): 31%, Active workers: 40, Completed tasks: 0.
└ @ Main /home/vemundlu/FiberBundle/dataGenerator.jl:126
┌ LogLevel(-2): 32%, Active workers: 40, Completed tasks: 0.
└ @ Main /home/vemundlu/FiberBundle/dataGenerator.jl:126
┌ LogLevel(-2): 33%, Active workers: 40, Completed tasks: 0.
└ @ Main /home/vemundlu/FiberBundle/dataGenerator.jl:126
┌ LogLevel(-2): 34%, Active workers: 40, Completed tasks: 0.
└ @ Main /home/vemundlu/FiberBundle/dataGenerator.jl:126
┌ LogLevel(-2): 35%, Active workers: 40, Completed tasks: 0.
└ @ Main /home/vemundlu/FiberBundle/dataGenerator.jl:126
┌ LogLevel(-2): 36%, Active workers: 40, Completed tasks: 0.
└ @ Main /home/vemundlu/FiberBundle/dataGenerator.jl:126
┌ LogLevel(-2): 37%, Active workers: 40, Completed tasks: 0.
└ @ Main /home/vemundlu/FiberBundle/dataGenerator.jl:126
┌ LogLevel(-2): 38%, Active workers: 40, Completed tasks: 0.
└ @ Main /home/vemundlu/FiberBundle/dataGenerator.jl:126
┌ LogLevel(-2): 39%, Active workers: 40, Completed tasks: 0.
└ @ Main /home/vemundlu/FiberBundle/dataGenerator.jl:126
┌ LogLevel(-2): 40%, Active workers: 40, Completed tasks: 0.
└ @ Main /home/vemundlu/FiberBundle/dataGenerator.jl:126
┌ LogLevel(-2): 41%, Active workers: 40, Completed tasks: 0.
└ @ Main /home/vemundlu/FiberBundle/dataGenerator.jl:126
┌ LogLevel(-2): 42%, Active workers: 40, Completed tasks: 0.
└ @ Main /home/vemundlu/FiberBundle/dataGenerator.jl:126
┌ LogLevel(-2): 43%, Active workers: 40, Completed tasks: 0.
└ @ Main /home/vemundlu/FiberBundle/dataGenerator.jl:126
┌ LogLevel(-2): 44%, Active workers: 40, Completed tasks: 0.
└ @ Main /home/vemundlu/FiberBundle/dataGenerator.jl:126
┌ LogLevel(-2): 45%, Active workers: 40, Completed tasks: 0.
└ @ Main /home/vemundlu/FiberBundle/dataGenerator.jl:126
┌ LogLevel(-2): 46%, Active workers: 40, Completed tasks: 0.
└ @ Main /home/vemundlu/FiberBundle/dataGenerator.jl:126
┌ LogLevel(-2): 47%, Active workers: 40, Completed tasks: 0.
└ @ Main /home/vemundlu/FiberBundle/dataGenerator.jl:126
┌ LogLevel(-2): 48%, Active workers: 40, Completed tasks: 0.
└ @ Main /home/vemundlu/FiberBundle/dataGenerator.jl:126
┌ LogLevel(-2): 49%, Active workers: 40, Completed tasks: 0.
└ @ Main /home/vemundlu/FiberBundle/dataGenerator.jl:126
┌ LogLevel(-2): 50%, Active workers: 40, Completed tasks: 0.
└ @ Main /home/vemundlu/FiberBundle/dataGenerator.jl:126
┌ LogLevel(-2): 51%, Active workers: 40, Completed tasks: 0.
└ @ Main /home/vemundlu/FiberBundle/dataGenerator.jl:126
┌ LogLevel(-2): 52%, Active workers: 40, Completed tasks: 0.
└ @ Main /home/vemundlu/FiberBundle/dataGenerator.jl:126
┌ LogLevel(-2): 53%, Active workers: 40, Completed tasks: 0.
└ @ Main /home/vemundlu/FiberBundle/dataGenerator.jl:126
┌ LogLevel(-2): 54%, Active workers: 40, Completed tasks: 0.
└ @ Main /home/vemundlu/FiberBundle/dataGenerator.jl:126
┌ LogLevel(-2): 55%, Active workers: 40, Completed tasks: 0.
└ @ Main /home/vemundlu/FiberBundle/dataGenerator.jl:126
┌ LogLevel(-2): 56%, Active workers: 40, Completed tasks: 0.
└ @ Main /home/vemundlu/FiberBundle/dataGenerator.jl:126
┌ LogLevel(-2): 57%, Active workers: 40, Completed tasks: 0.
└ @ Main /home/vemundlu/FiberBundle/dataGenerator.jl:126
┌ LogLevel(-2): 58%, Active workers: 40, Completed tasks: 0.
└ @ Main /home/vemundlu/FiberBundle/dataGenerator.jl:126
┌ LogLevel(-2): 59%, Active workers: 40, Completed tasks: 0.
└ @ Main /home/vemundlu/FiberBundle/dataGenerator.jl:126
┌ LogLevel(-2): 60%, Active workers: 40, Completed tasks: 0.
└ @ Main /home/vemundlu/FiberBundle/dataGenerator.jl:126
┌ LogLevel(-2): 61%, Active workers: 40, Completed tasks: 0.
└ @ Main /home/vemundlu/FiberBundle/dataGenerator.jl:126
┌ LogLevel(-2): 62%, Active workers: 40, Completed tasks: 0.
└ @ Main /home/vemundlu/FiberBundle/dataGenerator.jl:126
┌ LogLevel(-2): 63%, Active workers: 40, Completed tasks: 0.
└ @ Main /home/vemundlu/FiberBundle/dataGenerator.jl:126
┌ LogLevel(-2): 64%, Active workers: 40, Completed tasks: 0.
└ @ Main /home/vemundlu/FiberBundle/dataGenerator.jl:126
┌ LogLevel(-2): 65%, Active workers: 40, Completed tasks: 0.
└ @ Main /home/vemundlu/FiberBundle/dataGenerator.jl:126
┌ LogLevel(-2): 66%, Active workers: 40, Completed tasks: 0.
└ @ Main /home/vemundlu/FiberBundle/dataGenerator.jl:126
┌ LogLevel(-2): 67%, Active workers: 40, Completed tasks: 0.
└ @ Main /home/vemundlu/FiberBundle/dataGenerator.jl:126
┌ LogLevel(-2): 68%, Active workers: 40, Completed tasks: 0.
└ @ Main /home/vemundlu/FiberBundle/dataGenerator.jl:126
┌ LogLevel(-2): 69%, Active workers: 40, Completed tasks: 0.
└ @ Main /home/vemundlu/FiberBundle/dataGenerator.jl:126
┌ LogLevel(-2): 70%, Active workers: 40, Completed tasks: 0.
└ @ Main /home/vemundlu/FiberBundle/dataGenerator.jl:126
┌ LogLevel(-2): 71%, Active workers: 40, Completed tasks: 0.
└ @ Main /home/vemundlu/FiberBundle/dataGenerator.jl:126
┌ LogLevel(-2): 72%, Active workers: 40, Completed tasks: 0.
└ @ Main /home/vemundlu/FiberBundle/dataGenerator.jl:126
┌ LogLevel(-2): 73%, Active workers: 40, Completed tasks: 0.
└ @ Main /home/vemundlu/FiberBundle/dataGenerator.jl:126
┌ LogLevel(-2): 74%, Active workers: 40, Completed tasks: 0.
└ @ Main /home/vemundlu/FiberBundle/dataGenerator.jl:126
┌ LogLevel(-2): 75%, Active workers: 40, Completed tasks: 0.
└ @ Main /home/vemundlu/FiberBundle/dataGenerator.jl:126
┌ LogLevel(-2): 76%, Active workers: 40, Completed tasks: 0.
└ @ Main /home/vemundlu/FiberBundle/dataGenerator.jl:126
┌ LogLevel(-2): 77%, Active workers: 40, Completed tasks: 0.
└ @ Main /home/vemundlu/FiberBundle/dataGenerator.jl:126
┌ LogLevel(-2): 78%, Active workers: 40, Completed tasks: 0.
└ @ Main /home/vemundlu/FiberBundle/dataGenerator.jl:126
┌ LogLevel(-2): 79%, Active workers: 40, Completed tasks: 0.
└ @ Main /home/vemundlu/FiberBundle/dataGenerator.jl:126
┌ LogLevel(-2): 80%, Active workers: 40, Completed tasks: 0.
└ @ Main /home/vemundlu/FiberBundle/dataGenerator.jl:126
┌ LogLevel(-2): 81%, Active workers: 40, Completed tasks: 0.
└ @ Main /home/vemundlu/FiberBundle/dataGenerator.jl:126
┌ LogLevel(-2): 82%, Active workers: 40, Completed tasks: 0.
└ @ Main /home/vemundlu/FiberBundle/dataGenerator.jl:126
┌ LogLevel(-2): 83%, Active workers: 40, Completed tasks: 0.
└ @ Main /home/vemundlu/FiberBundle/dataGenerator.jl:126
┌ LogLevel(-2): 84%, Active workers: 40, Completed tasks: 0.
└ @ Main /home/vemundlu/FiberBundle/dataGenerator.jl:126
┌ LogLevel(-2): 85%, Active workers: 40, Completed tasks: 0.
└ @ Main /home/vemundlu/FiberBundle/dataGenerator.jl:126
┌ LogLevel(-2): 86%, Active workers: 40, Completed tasks: 0.
└ @ Main /home/vemundlu/FiberBundle/dataGenerator.jl:126
┌ LogLevel(-2): 87%, Active workers: 40, Completed tasks: 0.
└ @ Main /home/vemundlu/FiberBundle/dataGenerator.jl:126
┌ LogLevel(-2): 88%, Active workers: 40, Completed tasks: 0.
└ @ Main /home/vemundlu/FiberBundle/dataGenerator.jl:126
┌ LogLevel(-2): 89%, Active workers: 40, Completed tasks: 0.
└ @ Main /home/vemundlu/FiberBundle/dataGenerator.jl:126
┌ LogLevel(-2): 90%, Active workers: 40, Completed tasks: 0.
└ @ Main /home/vemundlu/FiberBundle/dataGenerator.jl:126
┌ LogLevel(-2): 91%, Active workers: 40, Completed tasks: 0.
└ @ Main /home/vemundlu/FiberBundle/dataGenerator.jl:126
┌ LogLevel(-2): 92%, Active workers: 39, Completed tasks: 1.
└ @ Main /home/vemundlu/FiberBundle/dataGenerator.jl:126
┌ LogLevel(-2): 93%, Active workers: 39, Completed tasks: 1.
└ @ Main /home/vemundlu/FiberBundle/dataGenerator.jl:126
┌ LogLevel(-2): 94%, Active workers: 39, Completed tasks: 1.
└ @ Main /home/vemundlu/FiberBundle/dataGenerator.jl:126
┌ LogLevel(-2): 95%, Active workers: 37, Completed tasks: 3.
└ @ Main /home/vemundlu/FiberBundle/dataGenerator.jl:126
┌ LogLevel(-2): 96%, Active workers: 36, Completed tasks: 4.
└ @ Main /home/vemundlu/FiberBundle/dataGenerator.jl:126
┌ LogLevel(-2): 97%, Active workers: 30, Completed tasks: 10.
└ @ Main /home/vemundlu/FiberBundle/dataGenerator.jl:126
┌ LogLevel(-2): 98%, Active workers: 26, Completed tasks: 14.
└ @ Main /home/vemundlu/FiberBundle/dataGenerator.jl:126
┌ LogLevel(-2): 99%, Active workers: 21, Completed tasks: 19.
└ @ Main /home/vemundlu/FiberBundle/dataGenerator.jl:126
┌ LogLevel(-2): 100%, Active workers: 0, Completed tasks: 40.
└ @ Main /home/vemundlu/FiberBundle/dataGenerator.jl:129
┌ LogLevel(-2): Done!
└ @ Main /home/vemundlu/FiberBundle/dataGenerator.jl:179
┌ LogLevel(-2): Calculating averages... 
└ @ Main /home/vemundlu/FiberBundle/dataGenerator.jl:182
┌ LogLevel(-2): Done!
└ @ Main /home/vemundlu/FiberBundle/dataGenerator.jl:184
┌ LogLevel(-2): Starting a=0.0 dist=Uniform L=512 nr=UNR t=0.3
└ @ Main /home/vemundlu/FiberBundle/dataGenerator.jl:195
┌ LogLevel(-2): Running workers...
└ @ Main /home/vemundlu/FiberBundle/dataGenerator.jl:177
┌ LogLevel(-2): Starting work on a=0.0 dist=Uniform L=512 nr=UNR t=0.3
└ @ Main /home/vemundlu/FiberBundle/dataGenerator.jl:114
┌ LogLevel(-2): 0%, Active workers: 40, Completed tasks: 0.
└ @ Main /home/vemundlu/FiberBundle/dataGenerator.jl:126
┌ LogLevel(-2): 1%, Active workers: 40, Completed tasks: 0.
└ @ Main /home/vemundlu/FiberBundle/dataGenerator.jl:126
┌ LogLevel(-2): 2%, Active workers: 40, Completed tasks: 0.
└ @ Main /home/vemundlu/FiberBundle/dataGenerator.jl:126
┌ LogLevel(-2): 3%, Active workers: 40, Completed tasks: 0.
└ @ Main /home/vemundlu/FiberBundle/dataGenerator.jl:126
┌ LogLevel(-2): 4%, Active workers: 40, Completed tasks: 0.
└ @ Main /home/vemundlu/FiberBundle/dataGenerator.jl:126
┌ LogLevel(-2): 5%, Active workers: 40, Completed tasks: 0.
└ @ Main /home/vemundlu/FiberBundle/dataGenerator.jl:126
┌ LogLevel(-2): 6%, Active workers: 40, Completed tasks: 0.
└ @ Main /home/vemundlu/FiberBundle/dataGenerator.jl:126
┌ LogLevel(-2): 7%, Active workers: 40, Completed tasks: 0.
└ @ Main /home/vemundlu/FiberBundle/dataGenerator.jl:126
┌ LogLevel(-2): 8%, Active workers: 40, Completed tasks: 0.
└ @ Main /home/vemundlu/FiberBundle/dataGenerator.jl:126
┌ LogLevel(-2): 9%, Active workers: 40, Completed tasks: 0.
└ @ Main /home/vemundlu/FiberBundle/dataGenerator.jl:126
┌ LogLevel(-2): 10%, Active workers: 40, Completed tasks: 0.
└ @ Main /home/vemundlu/FiberBundle/dataGenerator.jl:126
┌ LogLevel(-2): 11%, Active workers: 40, Completed tasks: 0.
└ @ Main /home/vemundlu/FiberBundle/dataGenerator.jl:126
┌ LogLevel(-2): 12%, Active workers: 40, Completed tasks: 0.
└ @ Main /home/vemundlu/FiberBundle/dataGenerator.jl:126
┌ LogLevel(-2): 13%, Active workers: 40, Completed tasks: 0.
└ @ Main /home/vemundlu/FiberBundle/dataGenerator.jl:126
┌ LogLevel(-2): 14%, Active workers: 40, Completed tasks: 0.
└ @ Main /home/vemundlu/FiberBundle/dataGenerator.jl:126
┌ LogLevel(-2): 15%, Active workers: 40, Completed tasks: 0.
└ @ Main /home/vemundlu/FiberBundle/dataGenerator.jl:126
┌ LogLevel(-2): 16%, Active workers: 40, Completed tasks: 0.
└ @ Main /home/vemundlu/FiberBundle/dataGenerator.jl:126
┌ LogLevel(-2): 17%, Active workers: 40, Completed tasks: 0.
└ @ Main /home/vemundlu/FiberBundle/dataGenerator.jl:126
┌ LogLevel(-2): 18%, Active workers: 40, Completed tasks: 0.
└ @ Main /home/vemundlu/FiberBundle/dataGenerator.jl:126
┌ LogLevel(-2): 19%, Active workers: 40, Completed tasks: 0.
└ @ Main /home/vemundlu/FiberBundle/dataGenerator.jl:126
┌ LogLevel(-2): 20%, Active workers: 40, Completed tasks: 0.
└ @ Main /home/vemundlu/FiberBundle/dataGenerator.jl:126
┌ LogLevel(-2): 21%, Active workers: 40, Completed tasks: 0.
└ @ Main /home/vemundlu/FiberBundle/dataGenerator.jl:126
┌ LogLevel(-2): 22%, Active workers: 40, Completed tasks: 0.
└ @ Main /home/vemundlu/FiberBundle/dataGenerator.jl:126
┌ LogLevel(-2): 23%, Active workers: 40, Completed tasks: 0.
└ @ Main /home/vemundlu/FiberBundle/dataGenerator.jl:126
┌ LogLevel(-2): 24%, Active workers: 40, Completed tasks: 0.
└ @ Main /home/vemundlu/FiberBundle/dataGenerator.jl:126
┌ LogLevel(-2): 25%, Active workers: 40, Completed tasks: 0.
└ @ Main /home/vemundlu/FiberBundle/dataGenerator.jl:126
┌ LogLevel(-2): 26%, Active workers: 40, Completed tasks: 0.
└ @ Main /home/vemundlu/FiberBundle/dataGenerator.jl:126
┌ LogLevel(-2): 27%, Active workers: 40, Completed tasks: 0.
└ @ Main /home/vemundlu/FiberBundle/dataGenerator.jl:126
┌ LogLevel(-2): 28%, Active workers: 40, Completed tasks: 0.
└ @ Main /home/vemundlu/FiberBundle/dataGenerator.jl:126
┌ LogLevel(-2): 29%, Active workers: 40, Completed tasks: 0.
└ @ Main /home/vemundlu/FiberBundle/dataGenerator.jl:126
┌ LogLevel(-2): 30%, Active workers: 40, Completed tasks: 0.
└ @ Main /home/vemundlu/FiberBundle/dataGenerator.jl:126
┌ LogLevel(-2): 31%, Active workers: 40, Completed tasks: 0.
└ @ Main /home/vemundlu/FiberBundle/dataGenerator.jl:126
┌ LogLevel(-2): 32%, Active workers: 40, Completed tasks: 0.
└ @ Main /home/vemundlu/FiberBundle/dataGenerator.jl:126
┌ LogLevel(-2): 33%, Active workers: 40, Completed tasks: 0.
└ @ Main /home/vemundlu/FiberBundle/dataGenerator.jl:126
┌ LogLevel(-2): 34%, Active workers: 40, Completed tasks: 0.
└ @ Main /home/vemundlu/FiberBundle/dataGenerator.jl:126
┌ LogLevel(-2): 35%, Active workers: 40, Completed tasks: 0.
└ @ Main /home/vemundlu/FiberBundle/dataGenerator.jl:126
┌ LogLevel(-2): 36%, Active workers: 40, Completed tasks: 0.
└ @ Main /home/vemundlu/FiberBundle/dataGenerator.jl:126
┌ LogLevel(-2): 37%, Active workers: 40, Completed tasks: 0.
└ @ Main /home/vemundlu/FiberBundle/dataGenerator.jl:126
┌ LogLevel(-2): 38%, Active workers: 40, Completed tasks: 0.
└ @ Main /home/vemundlu/FiberBundle/dataGenerator.jl:126
┌ LogLevel(-2): 39%, Active workers: 40, Completed tasks: 0.
└ @ Main /home/vemundlu/FiberBundle/dataGenerator.jl:126
┌ LogLevel(-2): 40%, Active workers: 40, Completed tasks: 0.
└ @ Main /home/vemundlu/FiberBundle/dataGenerator.jl:126
┌ LogLevel(-2): 41%, Active workers: 40, Completed tasks: 0.
└ @ Main /home/vemundlu/FiberBundle/dataGenerator.jl:126
┌ LogLevel(-2): 42%, Active workers: 40, Completed tasks: 0.
└ @ Main /home/vemundlu/FiberBundle/dataGenerator.jl:126
┌ LogLevel(-2): 43%, Active workers: 40, Completed tasks: 0.
└ @ Main /home/vemundlu/FiberBundle/dataGenerator.jl:126
┌ LogLevel(-2): 44%, Active workers: 40, Completed tasks: 0.
└ @ Main /home/vemundlu/FiberBundle/dataGenerator.jl:126
┌ LogLevel(-2): 45%, Active workers: 40, Completed tasks: 0.
└ @ Main /home/vemundlu/FiberBundle/dataGenerator.jl:126
┌ LogLevel(-2): 46%, Active workers: 40, Completed tasks: 0.
└ @ Main /home/vemundlu/FiberBundle/dataGenerator.jl:126
┌ LogLevel(-2): 47%, Active workers: 40, Completed tasks: 0.
└ @ Main /home/vemundlu/FiberBundle/dataGenerator.jl:126
┌ LogLevel(-2): 48%, Active workers: 40, Completed tasks: 0.
└ @ Main /home/vemundlu/FiberBundle/dataGenerator.jl:126
┌ LogLevel(-2): 49%, Active workers: 40, Completed tasks: 0.
└ @ Main /home/vemundlu/FiberBundle/dataGenerator.jl:126
┌ LogLevel(-2): 50%, Active workers: 40, Completed tasks: 0.
└ @ Main /home/vemundlu/FiberBundle/dataGenerator.jl:126
┌ LogLevel(-2): 51%, Active workers: 40, Completed tasks: 0.
└ @ Main /home/vemundlu/FiberBundle/dataGenerator.jl:126
┌ LogLevel(-2): 52%, Active workers: 40, Completed tasks: 0.
└ @ Main /home/vemundlu/FiberBundle/dataGenerator.jl:126
┌ LogLevel(-2): 53%, Active workers: 40, Completed tasks: 0.
└ @ Main /home/vemundlu/FiberBundle/dataGenerator.jl:126
┌ LogLevel(-2): 54%, Active workers: 40, Completed tasks: 0.
└ @ Main /home/vemundlu/FiberBundle/dataGenerator.jl:126
┌ LogLevel(-2): 55%, Active workers: 40, Completed tasks: 0.
└ @ Main /home/vemundlu/FiberBundle/dataGenerator.jl:126
┌ LogLevel(-2): 56%, Active workers: 40, Completed tasks: 0.
└ @ Main /home/vemundlu/FiberBundle/dataGenerator.jl:126
┌ LogLevel(-2): 57%, Active workers: 40, Completed tasks: 0.
└ @ Main /home/vemundlu/FiberBundle/dataGenerator.jl:126
┌ LogLevel(-2): 58%, Active workers: 40, Completed tasks: 0.
└ @ Main /home/vemundlu/FiberBundle/dataGenerator.jl:126
┌ LogLevel(-2): 59%, Active workers: 40, Completed tasks: 0.
└ @ Main /home/vemundlu/FiberBundle/dataGenerator.jl:126
┌ LogLevel(-2): 60%, Active workers: 40, Completed tasks: 0.
└ @ Main /home/vemundlu/FiberBundle/dataGenerator.jl:126
┌ LogLevel(-2): 61%, Active workers: 40, Completed tasks: 0.
└ @ Main /home/vemundlu/FiberBundle/dataGenerator.jl:126
┌ LogLevel(-2): 62%, Active workers: 40, Completed tasks: 0.
└ @ Main /home/vemundlu/FiberBundle/dataGenerator.jl:126
┌ LogLevel(-2): 63%, Active workers: 40, Completed tasks: 0.
└ @ Main /home/vemundlu/FiberBundle/dataGenerator.jl:126
┌ LogLevel(-2): 64%, Active workers: 40, Completed tasks: 0.
└ @ Main /home/vemundlu/FiberBundle/dataGenerator.jl:126
┌ LogLevel(-2): 65%, Active workers: 40, Completed tasks: 0.
└ @ Main /home/vemundlu/FiberBundle/dataGenerator.jl:126
┌ LogLevel(-2): 66%, Active workers: 40, Completed tasks: 0.
└ @ Main /home/vemundlu/FiberBundle/dataGenerator.jl:126
┌ LogLevel(-2): 67%, Active workers: 40, Completed tasks: 0.
└ @ Main /home/vemundlu/FiberBundle/dataGenerator.jl:126
┌ LogLevel(-2): 68%, Active workers: 40, Completed tasks: 0.
└ @ Main /home/vemundlu/FiberBundle/dataGenerator.jl:126
┌ LogLevel(-2): 69%, Active workers: 40, Completed tasks: 0.
└ @ Main /home/vemundlu/FiberBundle/dataGenerator.jl:126
┌ LogLevel(-2): 70%, Active workers: 40, Completed tasks: 0.
└ @ Main /home/vemundlu/FiberBundle/dataGenerator.jl:126
┌ LogLevel(-2): 71%, Active workers: 40, Completed tasks: 0.
└ @ Main /home/vemundlu/FiberBundle/dataGenerator.jl:126
┌ LogLevel(-2): 72%, Active workers: 40, Completed tasks: 0.
└ @ Main /home/vemundlu/FiberBundle/dataGenerator.jl:126
┌ LogLevel(-2): 73%, Active workers: 40, Completed tasks: 0.
└ @ Main /home/vemundlu/FiberBundle/dataGenerator.jl:126
┌ LogLevel(-2): 74%, Active workers: 40, Completed tasks: 0.
└ @ Main /home/vemundlu/FiberBundle/dataGenerator.jl:126
┌ LogLevel(-2): 75%, Active workers: 40, Completed tasks: 0.
└ @ Main /home/vemundlu/FiberBundle/dataGenerator.jl:126
┌ LogLevel(-2): 76%, Active workers: 40, Completed tasks: 0.
└ @ Main /home/vemundlu/FiberBundle/dataGenerator.jl:126
┌ LogLevel(-2): 77%, Active workers: 40, Completed tasks: 0.
└ @ Main /home/vemundlu/FiberBundle/dataGenerator.jl:126
┌ LogLevel(-2): 78%, Active workers: 40, Completed tasks: 0.
└ @ Main /home/vemundlu/FiberBundle/dataGenerator.jl:126
┌ LogLevel(-2): 79%, Active workers: 40, Completed tasks: 0.
└ @ Main /home/vemundlu/FiberBundle/dataGenerator.jl:126
┌ LogLevel(-2): 80%, Active workers: 40, Completed tasks: 0.
└ @ Main /home/vemundlu/FiberBundle/dataGenerator.jl:126
┌ LogLevel(-2): 81%, Active workers: 40, Completed tasks: 0.
└ @ Main /home/vemundlu/FiberBundle/dataGenerator.jl:126
┌ LogLevel(-2): 82%, Active workers: 40, Completed tasks: 0.
└ @ Main /home/vemundlu/FiberBundle/dataGenerator.jl:126
┌ LogLevel(-2): 83%, Active workers: 40, Completed tasks: 0.
└ @ Main /home/vemundlu/FiberBundle/dataGenerator.jl:126
┌ LogLevel(-2): 84%, Active workers: 40, Completed tasks: 0.
└ @ Main /home/vemundlu/FiberBundle/dataGenerator.jl:126
┌ LogLevel(-2): 85%, Active workers: 40, Completed tasks: 0.
└ @ Main /home/vemundlu/FiberBundle/dataGenerator.jl:126
┌ LogLevel(-2): 86%, Active workers: 40, Completed tasks: 0.
└ @ Main /home/vemundlu/FiberBundle/dataGenerator.jl:126
┌ LogLevel(-2): 87%, Active workers: 40, Completed tasks: 0.
└ @ Main /home/vemundlu/FiberBundle/dataGenerator.jl:126
┌ LogLevel(-2): 88%, Active workers: 40, Completed tasks: 0.
└ @ Main /home/vemundlu/FiberBundle/dataGenerator.jl:126
┌ LogLevel(-2): 89%, Active workers: 40, Completed tasks: 0.
└ @ Main /home/vemundlu/FiberBundle/dataGenerator.jl:126
┌ LogLevel(-2): 90%, Active workers: 40, Completed tasks: 0.
└ @ Main /home/vemundlu/FiberBundle/dataGenerator.jl:126
┌ LogLevel(-2): 91%, Active workers: 40, Completed tasks: 0.
└ @ Main /home/vemundlu/FiberBundle/dataGenerator.jl:126
┌ LogLevel(-2): 92%, Active workers: 40, Completed tasks: 0.
└ @ Main /home/vemundlu/FiberBundle/dataGenerator.jl:126
┌ LogLevel(-2): 93%, Active workers: 40, Completed tasks: 0.
└ @ Main /home/vemundlu/FiberBundle/dataGenerator.jl:126
┌ LogLevel(-2): 94%, Active workers: 40, Completed tasks: 0.
└ @ Main /home/vemundlu/FiberBundle/dataGenerator.jl:126
┌ LogLevel(-2): 95%, Active workers: 40, Completed tasks: 0.
└ @ Main /home/vemundlu/FiberBundle/dataGenerator.jl:126
┌ LogLevel(-2): 96%, Active workers: 40, Completed tasks: 0.
└ @ Main /home/vemundlu/FiberBundle/dataGenerator.jl:126
┌ LogLevel(-2): 97%, Active workers: 40, Completed tasks: 0.
└ @ Main /home/vemundlu/FiberBundle/dataGenerator.jl:126
┌ LogLevel(-2): 98%, Active workers: 39, Completed tasks: 1.
└ @ Main /home/vemundlu/FiberBundle/dataGenerator.jl:126
┌ LogLevel(-2): 99%, Active workers: 35, Completed tasks: 5.
└ @ Main /home/vemundlu/FiberBundle/dataGenerator.jl:126
┌ LogLevel(-2): 100%, Active workers: 0, Completed tasks: 40.
└ @ Main /home/vemundlu/FiberBundle/dataGenerator.jl:129
┌ LogLevel(-2): Done!
└ @ Main /home/vemundlu/FiberBundle/dataGenerator.jl:179
┌ LogLevel(-2): Calculating averages... 
└ @ Main /home/vemundlu/FiberBundle/dataGenerator.jl:182
