┌ Warning: rmprocs: process 1 not removed
└ @ Distributed /buildworker/worker/package_linux64/build/usr/share/julia/stdlib/v1.7/Distributed/src/cluster.jl:1045
┌ LogLevel(-1): Starting 40 workers... 
└ @ Main /work/vemundlu/FiberBundle/generateData.jl:56
┌ LogLevel(-1): Running settings: 
│  Any[128], 
│  Any[0.0, 0.1, 0.2, 0.22, 0.24, 0.26, 0.28, 0.3, 0.32, 0.34, 0.36, 0.38, 0.4, 0.5, 0.6, 0.7, 0.8, 0.9], 
│  Any[2.0]
└ @ Main /work/vemundlu/FiberBundle/generateData.jl:60
┌ LogLevel(-2): Starting a=2.0 dist=Uniform L=128 nr=CLS t=0.0
└ @ Main /work/vemundlu/FiberBundle/dataGenerator.jl:152
┌ LogLevel(-2): Searching for loose files... 
└ @ Main /work/vemundlu/FiberBundle/support/dataManager.jl:238
┌ LogLevel(-2): Done!
└ @ Main /work/vemundlu/FiberBundle/support/dataManager.jl:258
┌ LogLevel(-2): All seeds already exist
└ @ Main /work/vemundlu/FiberBundle/support/dataManager.jl:223
┌ LogLevel(-2): Starting a=0.0 dist=Uniform L=128 nr=LLS t=0.0
└ @ Main /work/vemundlu/FiberBundle/dataGenerator.jl:152
┌ LogLevel(-2): Searching for loose files... 
└ @ Main /work/vemundlu/FiberBundle/support/dataManager.jl:238
┌ LogLevel(-2): Done!
└ @ Main /work/vemundlu/FiberBundle/support/dataManager.jl:258
┌ LogLevel(-2): All seeds already exist
└ @ Main /work/vemundlu/FiberBundle/support/dataManager.jl:223
┌ LogLevel(-2): Starting a=2.0 dist=Uniform L=128 nr=CLS t=0.1
└ @ Main /work/vemundlu/FiberBundle/dataGenerator.jl:152
┌ LogLevel(-2): Searching for loose files... 
└ @ Main /work/vemundlu/FiberBundle/support/dataManager.jl:238
┌ LogLevel(-2): Done!
└ @ Main /work/vemundlu/FiberBundle/support/dataManager.jl:258
┌ LogLevel(-2): All seeds already exist
└ @ Main /work/vemundlu/FiberBundle/support/dataManager.jl:223
┌ LogLevel(-2): Starting a=0.0 dist=Uniform L=128 nr=LLS t=0.1
└ @ Main /work/vemundlu/FiberBundle/dataGenerator.jl:152
┌ LogLevel(-2): Searching for loose files... 
└ @ Main /work/vemundlu/FiberBundle/support/dataManager.jl:238
┌ LogLevel(-2): Done!
└ @ Main /work/vemundlu/FiberBundle/support/dataManager.jl:258
┌ LogLevel(-2): All seeds already exist
└ @ Main /work/vemundlu/FiberBundle/support/dataManager.jl:223
┌ LogLevel(-2): Starting a=2.0 dist=Uniform L=128 nr=CLS t=0.2
└ @ Main /work/vemundlu/FiberBundle/dataGenerator.jl:152
┌ LogLevel(-2): Searching for loose files... 
└ @ Main /work/vemundlu/FiberBundle/support/dataManager.jl:238
┌ LogLevel(-2): Done!
└ @ Main /work/vemundlu/FiberBundle/support/dataManager.jl:258
┌ LogLevel(-2): All seeds already exist
└ @ Main /work/vemundlu/FiberBundle/support/dataManager.jl:223
┌ LogLevel(-2): Starting a=0.0 dist=Uniform L=128 nr=LLS t=0.2
└ @ Main /work/vemundlu/FiberBundle/dataGenerator.jl:152
┌ LogLevel(-2): Searching for loose files... 
└ @ Main /work/vemundlu/FiberBundle/support/dataManager.jl:238
┌ LogLevel(-2): Done!
└ @ Main /work/vemundlu/FiberBundle/support/dataManager.jl:258
┌ LogLevel(-2): All seeds already exist
└ @ Main /work/vemundlu/FiberBundle/support/dataManager.jl:223
┌ LogLevel(-2): Starting a=2.0 dist=Uniform L=128 nr=CLS t=0.22
└ @ Main /work/vemundlu/FiberBundle/dataGenerator.jl:152
┌ LogLevel(-2): Searching for loose files... 
└ @ Main /work/vemundlu/FiberBundle/support/dataManager.jl:238
┌ LogLevel(-2): Done!
└ @ Main /work/vemundlu/FiberBundle/support/dataManager.jl:258
┌ LogLevel(-2): 1000 files were found and skipped.
└ @ Main /work/vemundlu/FiberBundle/support/dataManager.jl:217
┌ LogLevel(-2): Running workers...
└ @ Main /work/vemundlu/FiberBundle/dataGenerator.jl:137
┌ LogLevel(-2): Starting work on a=2.0 dist=Uniform L=128 nr=CLS t=0.22
└ @ Main /work/vemundlu/FiberBundle/dataGenerator.jl:78
┌ LogLevel(-2): 0%, Active workers: 24, Completed tasks: 0.
└ @ Main /work/vemundlu/FiberBundle/dataGenerator.jl:90
┌ LogLevel(-2): 1%, Active workers: 40, Completed tasks: 71.
└ @ Main /work/vemundlu/FiberBundle/dataGenerator.jl:90
┌ LogLevel(-2): 2%, Active workers: 40, Completed tasks: 156.
└ @ Main /work/vemundlu/FiberBundle/dataGenerator.jl:90
┌ LogLevel(-2): 3%, Active workers: 40, Completed tasks: 248.
└ @ Main /work/vemundlu/FiberBundle/dataGenerator.jl:90
┌ LogLevel(-2): 4%, Active workers: 40, Completed tasks: 341.
└ @ Main /work/vemundlu/FiberBundle/dataGenerator.jl:90
┌ LogLevel(-2): 5%, Active workers: 40, Completed tasks: 434.
└ @ Main /work/vemundlu/FiberBundle/dataGenerator.jl:90
┌ LogLevel(-2): 6%, Active workers: 40, Completed tasks: 524.
└ @ Main /work/vemundlu/FiberBundle/dataGenerator.jl:90
┌ LogLevel(-2): 7%, Active workers: 40, Completed tasks: 613.
└ @ Main /work/vemundlu/FiberBundle/dataGenerator.jl:90
┌ LogLevel(-2): 8%, Active workers: 40, Completed tasks: 704.
└ @ Main /work/vemundlu/FiberBundle/dataGenerator.jl:90
┌ LogLevel(-2): 9%, Active workers: 40, Completed tasks: 793.
└ @ Main /work/vemundlu/FiberBundle/dataGenerator.jl:90
┌ LogLevel(-2): 10%, Active workers: 40, Completed tasks: 881.
└ @ Main /work/vemundlu/FiberBundle/dataGenerator.jl:90
┌ LogLevel(-2): 11%, Active workers: 40, Completed tasks: 976.
└ @ Main /work/vemundlu/FiberBundle/dataGenerator.jl:90
┌ LogLevel(-2): 12%, Active workers: 40, Completed tasks: 1061.
└ @ Main /work/vemundlu/FiberBundle/dataGenerator.jl:90
┌ LogLevel(-2): 13%, Active workers: 40, Completed tasks: 1150.
└ @ Main /work/vemundlu/FiberBundle/dataGenerator.jl:90
┌ LogLevel(-2): 14%, Active workers: 40, Completed tasks: 1242.
└ @ Main /work/vemundlu/FiberBundle/dataGenerator.jl:90
┌ LogLevel(-2): 15%, Active workers: 40, Completed tasks: 1325.
└ @ Main /work/vemundlu/FiberBundle/dataGenerator.jl:90
┌ LogLevel(-2): 16%, Active workers: 40, Completed tasks: 1414.
└ @ Main /work/vemundlu/FiberBundle/dataGenerator.jl:90
┌ LogLevel(-2): 17%, Active workers: 40, Completed tasks: 1507.
└ @ Main /work/vemundlu/FiberBundle/dataGenerator.jl:90
┌ LogLevel(-2): 18%, Active workers: 40, Completed tasks: 1598.
└ @ Main /work/vemundlu/FiberBundle/dataGenerator.jl:90
┌ LogLevel(-2): 19%, Active workers: 40, Completed tasks: 1683.
└ @ Main /work/vemundlu/FiberBundle/dataGenerator.jl:90
┌ LogLevel(-2): 20%, Active workers: 40, Completed tasks: 1775.
└ @ Main /work/vemundlu/FiberBundle/dataGenerator.jl:90
┌ LogLevel(-2): 21%, Active workers: 40, Completed tasks: 1868.
└ @ Main /work/vemundlu/FiberBundle/dataGenerator.jl:90
┌ LogLevel(-2): 22%, Active workers: 40, Completed tasks: 1952.
└ @ Main /work/vemundlu/FiberBundle/dataGenerator.jl:90
┌ LogLevel(-2): 23%, Active workers: 40, Completed tasks: 2046.
└ @ Main /work/vemundlu/FiberBundle/dataGenerator.jl:90
┌ LogLevel(-2): 24%, Active workers: 40, Completed tasks: 2130.
└ @ Main /work/vemundlu/FiberBundle/dataGenerator.jl:90
┌ LogLevel(-2): 25%, Active workers: 40, Completed tasks: 2221.
└ @ Main /work/vemundlu/FiberBundle/dataGenerator.jl:90
┌ LogLevel(-2): 26%, Active workers: 40, Completed tasks: 2310.
└ @ Main /work/vemundlu/FiberBundle/dataGenerator.jl:90
┌ LogLevel(-2): 27%, Active workers: 40, Completed tasks: 2395.
└ @ Main /work/vemundlu/FiberBundle/dataGenerator.jl:90
┌ LogLevel(-2): 28%, Active workers: 40, Completed tasks: 2489.
└ @ Main /work/vemundlu/FiberBundle/dataGenerator.jl:90
┌ LogLevel(-2): 29%, Active workers: 39, Completed tasks: 2575.
└ @ Main /work/vemundlu/FiberBundle/dataGenerator.jl:90
┌ LogLevel(-2): 30%, Active workers: 32, Completed tasks: 2670.
└ @ Main /work/vemundlu/FiberBundle/dataGenerator.jl:90
┌ LogLevel(-2): 31%, Active workers: 30, Completed tasks: 2760.
└ @ Main /work/vemundlu/FiberBundle/dataGenerator.jl:90
┌ LogLevel(-2): 32%, Active workers: 28, Completed tasks: 2851.
└ @ Main /work/vemundlu/FiberBundle/dataGenerator.jl:90
┌ LogLevel(-2): 33%, Active workers: 20, Completed tasks: 2945.
└ @ Main /work/vemundlu/FiberBundle/dataGenerator.jl:90
┌ LogLevel(-2): 100%, Active workers: 0, Completed tasks: 3000.
└ @ Main /work/vemundlu/FiberBundle/dataGenerator.jl:93
┌ LogLevel(-2): Done!
└ @ Main /work/vemundlu/FiberBundle/dataGenerator.jl:139
┌ LogLevel(-2): Calculating averages... 
└ @ Main /work/vemundlu/FiberBundle/dataGenerator.jl:142
┌ LogLevel(-2): Done!
└ @ Main /work/vemundlu/FiberBundle/dataGenerator.jl:144
┌ LogLevel(-2): Starting a=0.0 dist=Uniform L=128 nr=LLS t=0.22
└ @ Main /work/vemundlu/FiberBundle/dataGenerator.jl:152
┌ LogLevel(-2): Searching for loose files... 
└ @ Main /work/vemundlu/FiberBundle/support/dataManager.jl:238
┌ LogLevel(-2): Done!
└ @ Main /work/vemundlu/FiberBundle/support/dataManager.jl:258
┌ LogLevel(-2): 1000 files were found and skipped.
└ @ Main /work/vemundlu/FiberBundle/support/dataManager.jl:217
┌ LogLevel(-2): Running workers...
└ @ Main /work/vemundlu/FiberBundle/dataGenerator.jl:137
┌ LogLevel(-2): Starting work on a=0.0 dist=Uniform L=128 nr=LLS t=0.22
└ @ Main /work/vemundlu/FiberBundle/dataGenerator.jl:78
┌ LogLevel(-2): 0%, Active workers: 30, Completed tasks: 0.
└ @ Main /work/vemundlu/FiberBundle/dataGenerator.jl:90
┌ LogLevel(-2): 1%, Active workers: 40, Completed tasks: 88.
└ @ Main /work/vemundlu/FiberBundle/dataGenerator.jl:90
┌ LogLevel(-2): 2%, Active workers: 40, Completed tasks: 206.
└ @ Main /work/vemundlu/FiberBundle/dataGenerator.jl:90
┌ LogLevel(-2): 3%, Active workers: 40, Completed tasks: 318.
└ @ Main /work/vemundlu/FiberBundle/dataGenerator.jl:90
┌ LogLevel(-2): 4%, Active workers: 40, Completed tasks: 437.
└ @ Main /work/vemundlu/FiberBundle/dataGenerator.jl:90
┌ LogLevel(-2): 5%, Active workers: 40, Completed tasks: 547.
└ @ Main /work/vemundlu/FiberBundle/dataGenerator.jl:90
┌ LogLevel(-2): 6%, Active workers: 40, Completed tasks: 659.
└ @ Main /work/vemundlu/FiberBundle/dataGenerator.jl:90
┌ LogLevel(-2): 7%, Active workers: 40, Completed tasks: 769.
└ @ Main /work/vemundlu/FiberBundle/dataGenerator.jl:90
┌ LogLevel(-2): 8%, Active workers: 40, Completed tasks: 882.
└ @ Main /work/vemundlu/FiberBundle/dataGenerator.jl:90
┌ LogLevel(-2): 9%, Active workers: 40, Completed tasks: 998.
└ @ Main /work/vemundlu/FiberBundle/dataGenerator.jl:90
┌ LogLevel(-2): 10%, Active workers: 40, Completed tasks: 1106.
└ @ Main /work/vemundlu/FiberBundle/dataGenerator.jl:90
┌ LogLevel(-2): 11%, Active workers: 40, Completed tasks: 1223.
└ @ Main /work/vemundlu/FiberBundle/dataGenerator.jl:90
┌ LogLevel(-2): 12%, Active workers: 40, Completed tasks: 1335.
└ @ Main /work/vemundlu/FiberBundle/dataGenerator.jl:90
┌ LogLevel(-2): 13%, Active workers: 40, Completed tasks: 1445.
└ @ Main /work/vemundlu/FiberBundle/dataGenerator.jl:90
┌ LogLevel(-2): 14%, Active workers: 40, Completed tasks: 1557.
└ @ Main /work/vemundlu/FiberBundle/dataGenerator.jl:90
┌ LogLevel(-2): 15%, Active workers: 40, Completed tasks: 1670.
└ @ Main /work/vemundlu/FiberBundle/dataGenerator.jl:90
┌ LogLevel(-2): 16%, Active workers: 40, Completed tasks: 1782.
└ @ Main /work/vemundlu/FiberBundle/dataGenerator.jl:90
┌ LogLevel(-2): 17%, Active workers: 40, Completed tasks: 1898.
└ @ Main /work/vemundlu/FiberBundle/dataGenerator.jl:90
┌ LogLevel(-2): 18%, Active workers: 40, Completed tasks: 2009.
└ @ Main /work/vemundlu/FiberBundle/dataGenerator.jl:90
┌ LogLevel(-2): 19%, Active workers: 40, Completed tasks: 2120.
└ @ Main /work/vemundlu/FiberBundle/dataGenerator.jl:90
┌ LogLevel(-2): 20%, Active workers: 40, Completed tasks: 2233.
└ @ Main /work/vemundlu/FiberBundle/dataGenerator.jl:90
┌ LogLevel(-2): 21%, Active workers: 40, Completed tasks: 2345.
└ @ Main /work/vemundlu/FiberBundle/dataGenerator.jl:90
┌ LogLevel(-2): 22%, Active workers: 40, Completed tasks: 2460.
└ @ Main /work/vemundlu/FiberBundle/dataGenerator.jl:90
┌ LogLevel(-2): 23%, Active workers: 40, Completed tasks: 2570.
└ @ Main /work/vemundlu/FiberBundle/dataGenerator.jl:90
┌ LogLevel(-2): 24%, Active workers: 40, Completed tasks: 2683.
└ @ Main /work/vemundlu/FiberBundle/dataGenerator.jl:90
┌ LogLevel(-2): 25%, Active workers: 40, Completed tasks: 2796.
└ @ Main /work/vemundlu/FiberBundle/dataGenerator.jl:90
┌ LogLevel(-2): 26%, Active workers: 38, Completed tasks: 2914.
└ @ Main /work/vemundlu/FiberBundle/dataGenerator.jl:90
┌ LogLevel(-2): 100%, Active workers: 0, Completed tasks: 3000.
└ @ Main /work/vemundlu/FiberBundle/dataGenerator.jl:93
┌ LogLevel(-2): Done!
└ @ Main /work/vemundlu/FiberBundle/dataGenerator.jl:139
┌ LogLevel(-2): Calculating averages... 
└ @ Main /work/vemundlu/FiberBundle/dataGenerator.jl:142
┌ LogLevel(-2): Done!
└ @ Main /work/vemundlu/FiberBundle/dataGenerator.jl:144
┌ LogLevel(-2): Starting a=2.0 dist=Uniform L=128 nr=CLS t=0.24
└ @ Main /work/vemundlu/FiberBundle/dataGenerator.jl:152
┌ LogLevel(-2): Searching for loose files... 
└ @ Main /work/vemundlu/FiberBundle/support/dataManager.jl:238
┌ LogLevel(-2): Done!
└ @ Main /work/vemundlu/FiberBundle/support/dataManager.jl:258
┌ LogLevel(-2): 1000 files were found and skipped.
└ @ Main /work/vemundlu/FiberBundle/support/dataManager.jl:217
┌ LogLevel(-2): Running workers...
└ @ Main /work/vemundlu/FiberBundle/dataGenerator.jl:137
┌ LogLevel(-2): Starting work on a=2.0 dist=Uniform L=128 nr=CLS t=0.24
└ @ Main /work/vemundlu/FiberBundle/dataGenerator.jl:78
┌ LogLevel(-2): 0%, Active workers: 40, Completed tasks: 0.
└ @ Main /work/vemundlu/FiberBundle/dataGenerator.jl:90
┌ LogLevel(-2): 1%, Active workers: 40, Completed tasks: 69.
└ @ Main /work/vemundlu/FiberBundle/dataGenerator.jl:90
┌ LogLevel(-2): 2%, Active workers: 40, Completed tasks: 158.
└ @ Main /work/vemundlu/FiberBundle/dataGenerator.jl:90
┌ LogLevel(-2): 3%, Active workers: 40, Completed tasks: 251.
└ @ Main /work/vemundlu/FiberBundle/dataGenerator.jl:90
┌ LogLevel(-2): 4%, Active workers: 40, Completed tasks: 340.
└ @ Main /work/vemundlu/FiberBundle/dataGenerator.jl:90
┌ LogLevel(-2): 5%, Active workers: 40, Completed tasks: 434.
└ @ Main /work/vemundlu/FiberBundle/dataGenerator.jl:90
┌ LogLevel(-2): 6%, Active workers: 40, Completed tasks: 522.
└ @ Main /work/vemundlu/FiberBundle/dataGenerator.jl:90
┌ LogLevel(-2): 7%, Active workers: 40, Completed tasks: 609.
└ @ Main /work/vemundlu/FiberBundle/dataGenerator.jl:90
┌ LogLevel(-2): 8%, Active workers: 40, Completed tasks: 700.
└ @ Main /work/vemundlu/FiberBundle/dataGenerator.jl:90
┌ LogLevel(-2): 9%, Active workers: 40, Completed tasks: 788.
└ @ Main /work/vemundlu/FiberBundle/dataGenerator.jl:90
┌ LogLevel(-2): 10%, Active workers: 40, Completed tasks: 880.
└ @ Main /work/vemundlu/FiberBundle/dataGenerator.jl:90
┌ LogLevel(-2): 11%, Active workers: 40, Completed tasks: 969.
└ @ Main /work/vemundlu/FiberBundle/dataGenerator.jl:90
┌ LogLevel(-2): 12%, Active workers: 40, Completed tasks: 1055.
└ @ Main /work/vemundlu/FiberBundle/dataGenerator.jl:90
┌ LogLevel(-2): 13%, Active workers: 40, Completed tasks: 1146.
└ @ Main /work/vemundlu/FiberBundle/dataGenerator.jl:90
┌ LogLevel(-2): 14%, Active workers: 40, Completed tasks: 1235.
└ @ Main /work/vemundlu/FiberBundle/dataGenerator.jl:90
┌ LogLevel(-2): 15%, Active workers: 40, Completed tasks: 1322.
└ @ Main /work/vemundlu/FiberBundle/dataGenerator.jl:90
┌ LogLevel(-2): 16%, Active workers: 40, Completed tasks: 1411.
└ @ Main /work/vemundlu/FiberBundle/dataGenerator.jl:90
┌ LogLevel(-2): 17%, Active workers: 40, Completed tasks: 1506.
└ @ Main /work/vemundlu/FiberBundle/dataGenerator.jl:90
┌ LogLevel(-2): 18%, Active workers: 40, Completed tasks: 1594.
└ @ Main /work/vemundlu/FiberBundle/dataGenerator.jl:90
┌ LogLevel(-2): 19%, Active workers: 40, Completed tasks: 1683.
└ @ Main /work/vemundlu/FiberBundle/dataGenerator.jl:90
┌ LogLevel(-2): 20%, Active workers: 40, Completed tasks: 1772.
└ @ Main /work/vemundlu/FiberBundle/dataGenerator.jl:90
┌ LogLevel(-2): 21%, Active workers: 40, Completed tasks: 1862.
└ @ Main /work/vemundlu/FiberBundle/dataGenerator.jl:90
┌ LogLevel(-2): 22%, Active workers: 40, Completed tasks: 1951.
└ @ Main /work/vemundlu/FiberBundle/dataGenerator.jl:90
┌ LogLevel(-2): 23%, Active workers: 40, Completed tasks: 2040.
└ @ Main /work/vemundlu/FiberBundle/dataGenerator.jl:90
┌ LogLevel(-2): 24%, Active workers: 40, Completed tasks: 2128.
└ @ Main /work/vemundlu/FiberBundle/dataGenerator.jl:90
┌ LogLevel(-2): 25%, Active workers: 40, Completed tasks: 2218.
└ @ Main /work/vemundlu/FiberBundle/dataGenerator.jl:90
┌ LogLevel(-2): 26%, Active workers: 40, Completed tasks: 2310.
└ @ Main /work/vemundlu/FiberBundle/dataGenerator.jl:90
┌ LogLevel(-2): 27%, Active workers: 40, Completed tasks: 2404.
└ @ Main /work/vemundlu/FiberBundle/dataGenerator.jl:90
┌ LogLevel(-2): 28%, Active workers: 40, Completed tasks: 2493.
└ @ Main /work/vemundlu/FiberBundle/dataGenerator.jl:90
┌ LogLevel(-2): 29%, Active workers: 40, Completed tasks: 2582.
└ @ Main /work/vemundlu/FiberBundle/dataGenerator.jl:90
┌ LogLevel(-2): 30%, Active workers: 40, Completed tasks: 2668.
└ @ Main /work/vemundlu/FiberBundle/dataGenerator.jl:90
┌ LogLevel(-2): 31%, Active workers: 38, Completed tasks: 2757.
└ @ Main /work/vemundlu/FiberBundle/dataGenerator.jl:90
┌ LogLevel(-2): 32%, Active workers: 34, Completed tasks: 2852.
└ @ Main /work/vemundlu/FiberBundle/dataGenerator.jl:90
┌ LogLevel(-2): 33%, Active workers: 18, Completed tasks: 2949.
└ @ Main /work/vemundlu/FiberBundle/dataGenerator.jl:90
┌ LogLevel(-2): 100%, Active workers: 0, Completed tasks: 3000.
└ @ Main /work/vemundlu/FiberBundle/dataGenerator.jl:93
┌ LogLevel(-2): Done!
└ @ Main /work/vemundlu/FiberBundle/dataGenerator.jl:139
┌ LogLevel(-2): Calculating averages... 
└ @ Main /work/vemundlu/FiberBundle/dataGenerator.jl:142
┌ LogLevel(-2): Done!
└ @ Main /work/vemundlu/FiberBundle/dataGenerator.jl:144
┌ LogLevel(-2): Starting a=0.0 dist=Uniform L=128 nr=LLS t=0.24
└ @ Main /work/vemundlu/FiberBundle/dataGenerator.jl:152
┌ LogLevel(-2): Searching for loose files... 
└ @ Main /work/vemundlu/FiberBundle/support/dataManager.jl:238
┌ LogLevel(-2): Done!
└ @ Main /work/vemundlu/FiberBundle/support/dataManager.jl:258
┌ LogLevel(-2): 1000 files were found and skipped.
└ @ Main /work/vemundlu/FiberBundle/support/dataManager.jl:217
┌ LogLevel(-2): Running workers...
└ @ Main /work/vemundlu/FiberBundle/dataGenerator.jl:137
┌ LogLevel(-2): Starting work on a=0.0 dist=Uniform L=128 nr=LLS t=0.24
└ @ Main /work/vemundlu/FiberBundle/dataGenerator.jl:78
┌ LogLevel(-2): 0%, Active workers: 11, Completed tasks: 0.
└ @ Main /work/vemundlu/FiberBundle/dataGenerator.jl:90
┌ LogLevel(-2): 1%, Active workers: 40, Completed tasks: 99.
└ @ Main /work/vemundlu/FiberBundle/dataGenerator.jl:90
┌ LogLevel(-2): 2%, Active workers: 40, Completed tasks: 221.
└ @ Main /work/vemundlu/FiberBundle/dataGenerator.jl:90
┌ LogLevel(-2): 3%, Active workers: 40, Completed tasks: 344.
└ @ Main /work/vemundlu/FiberBundle/dataGenerator.jl:90
┌ LogLevel(-2): 4%, Active workers: 40, Completed tasks: 469.
└ @ Main /work/vemundlu/FiberBundle/dataGenerator.jl:90
┌ LogLevel(-2): 5%, Active workers: 40, Completed tasks: 592.
└ @ Main /work/vemundlu/FiberBundle/dataGenerator.jl:90
┌ LogLevel(-2): 6%, Active workers: 40, Completed tasks: 712.
└ @ Main /work/vemundlu/FiberBundle/dataGenerator.jl:90
┌ LogLevel(-2): 7%, Active workers: 40, Completed tasks: 831.
└ @ Main /work/vemundlu/FiberBundle/dataGenerator.jl:90
┌ LogLevel(-2): 8%, Active workers: 40, Completed tasks: 953.
└ @ Main /work/vemundlu/FiberBundle/dataGenerator.jl:90
┌ LogLevel(-2): 9%, Active workers: 40, Completed tasks: 1072.
└ @ Main /work/vemundlu/FiberBundle/dataGenerator.jl:90
┌ LogLevel(-2): 10%, Active workers: 40, Completed tasks: 1192.
└ @ Main /work/vemundlu/FiberBundle/dataGenerator.jl:90
┌ LogLevel(-2): 11%, Active workers: 40, Completed tasks: 1310.
└ @ Main /work/vemundlu/FiberBundle/dataGenerator.jl:90
┌ LogLevel(-2): 12%, Active workers: 40, Completed tasks: 1435.
└ @ Main /work/vemundlu/FiberBundle/dataGenerator.jl:90
┌ LogLevel(-2): 13%, Active workers: 40, Completed tasks: 1559.
└ @ Main /work/vemundlu/FiberBundle/dataGenerator.jl:90
┌ LogLevel(-2): 14%, Active workers: 40, Completed tasks: 1676.
└ @ Main /work/vemundlu/FiberBundle/dataGenerator.jl:90
┌ LogLevel(-2): 15%, Active workers: 40, Completed tasks: 1796.
└ @ Main /work/vemundlu/FiberBundle/dataGenerator.jl:90
┌ LogLevel(-2): 16%, Active workers: 40, Completed tasks: 1920.
└ @ Main /work/vemundlu/FiberBundle/dataGenerator.jl:90
┌ LogLevel(-2): 17%, Active workers: 40, Completed tasks: 2044.
└ @ Main /work/vemundlu/FiberBundle/dataGenerator.jl:90
┌ LogLevel(-2): 18%, Active workers: 40, Completed tasks: 2162.
└ @ Main /work/vemundlu/FiberBundle/dataGenerator.jl:90
┌ LogLevel(-2): 19%, Active workers: 40, Completed tasks: 2282.
└ @ Main /work/vemundlu/FiberBundle/dataGenerator.jl:90
┌ LogLevel(-2): 20%, Active workers: 40, Completed tasks: 2403.
└ @ Main /work/vemundlu/FiberBundle/dataGenerator.jl:90
┌ LogLevel(-2): 21%, Active workers: 40, Completed tasks: 2523.
└ @ Main /work/vemundlu/FiberBundle/dataGenerator.jl:90
┌ LogLevel(-2): 22%, Active workers: 40, Completed tasks: 2640.
└ @ Main /work/vemundlu/FiberBundle/dataGenerator.jl:90
┌ LogLevel(-2): 23%, Active workers: 40, Completed tasks: 2762.
└ @ Main /work/vemundlu/FiberBundle/dataGenerator.jl:90
┌ LogLevel(-2): 24%, Active workers: 37, Completed tasks: 2887.
└ @ Main /work/vemundlu/FiberBundle/dataGenerator.jl:90
┌ LogLevel(-2): 100%, Active workers: 0, Completed tasks: 3000.
└ @ Main /work/vemundlu/FiberBundle/dataGenerator.jl:93
┌ LogLevel(-2): Done!
└ @ Main /work/vemundlu/FiberBundle/dataGenerator.jl:139
┌ LogLevel(-2): Calculating averages... 
└ @ Main /work/vemundlu/FiberBundle/dataGenerator.jl:142
┌ LogLevel(-2): Done!
└ @ Main /work/vemundlu/FiberBundle/dataGenerator.jl:144
┌ LogLevel(-2): Starting a=2.0 dist=Uniform L=128 nr=CLS t=0.26
└ @ Main /work/vemundlu/FiberBundle/dataGenerator.jl:152
┌ LogLevel(-2): Searching for loose files... 
└ @ Main /work/vemundlu/FiberBundle/support/dataManager.jl:238
┌ LogLevel(-2): Done!
└ @ Main /work/vemundlu/FiberBundle/support/dataManager.jl:258
┌ LogLevel(-2): 1000 files were found and skipped.
└ @ Main /work/vemundlu/FiberBundle/support/dataManager.jl:217
┌ LogLevel(-2): Running workers...
└ @ Main /work/vemundlu/FiberBundle/dataGenerator.jl:137
┌ LogLevel(-2): Starting work on a=2.0 dist=Uniform L=128 nr=CLS t=0.26
└ @ Main /work/vemundlu/FiberBundle/dataGenerator.jl:78
┌ LogLevel(-2): 0%, Active workers: 39, Completed tasks: 0.
└ @ Main /work/vemundlu/FiberBundle/dataGenerator.jl:90
┌ LogLevel(-2): 1%, Active workers: 40, Completed tasks: 66.
└ @ Main /work/vemundlu/FiberBundle/dataGenerator.jl:90
┌ LogLevel(-2): 2%, Active workers: 40, Completed tasks: 154.
└ @ Main /work/vemundlu/FiberBundle/dataGenerator.jl:90
┌ LogLevel(-2): 3%, Active workers: 40, Completed tasks: 242.
└ @ Main /work/vemundlu/FiberBundle/dataGenerator.jl:90
┌ LogLevel(-2): 4%, Active workers: 40, Completed tasks: 340.
└ @ Main /work/vemundlu/FiberBundle/dataGenerator.jl:90
┌ LogLevel(-2): 5%, Active workers: 40, Completed tasks: 429.
└ @ Main /work/vemundlu/FiberBundle/dataGenerator.jl:90
┌ LogLevel(-2): 6%, Active workers: 40, Completed tasks: 511.
└ @ Main /work/vemundlu/FiberBundle/dataGenerator.jl:90
┌ LogLevel(-2): 7%, Active workers: 40, Completed tasks: 598.
└ @ Main /work/vemundlu/FiberBundle/dataGenerator.jl:90
┌ LogLevel(-2): 8%, Active workers: 40, Completed tasks: 691.
└ @ Main /work/vemundlu/FiberBundle/dataGenerator.jl:90
┌ LogLevel(-2): 9%, Active workers: 40, Completed tasks: 779.
└ @ Main /work/vemundlu/FiberBundle/dataGenerator.jl:90
┌ LogLevel(-2): 10%, Active workers: 40, Completed tasks: 871.
└ @ Main /work/vemundlu/FiberBundle/dataGenerator.jl:90
┌ LogLevel(-2): 11%, Active workers: 40, Completed tasks: 959.
└ @ Main /work/vemundlu/FiberBundle/dataGenerator.jl:90
┌ LogLevel(-2): 12%, Active workers: 40, Completed tasks: 1046.
└ @ Main /work/vemundlu/FiberBundle/dataGenerator.jl:90
┌ LogLevel(-2): 13%, Active workers: 40, Completed tasks: 1138.
└ @ Main /work/vemundlu/FiberBundle/dataGenerator.jl:90
┌ LogLevel(-2): 14%, Active workers: 40, Completed tasks: 1225.
└ @ Main /work/vemundlu/FiberBundle/dataGenerator.jl:90
┌ LogLevel(-2): 15%, Active workers: 40, Completed tasks: 1315.
└ @ Main /work/vemundlu/FiberBundle/dataGenerator.jl:90
┌ LogLevel(-2): 16%, Active workers: 40, Completed tasks: 1401.
└ @ Main /work/vemundlu/FiberBundle/dataGenerator.jl:90
┌ LogLevel(-2): 17%, Active workers: 40, Completed tasks: 1482.
└ @ Main /work/vemundlu/FiberBundle/dataGenerator.jl:90
┌ LogLevel(-2): 18%, Active workers: 40, Completed tasks: 1573.
└ @ Main /work/vemundlu/FiberBundle/dataGenerator.jl:90
┌ LogLevel(-2): 19%, Active workers: 40, Completed tasks: 1661.
└ @ Main /work/vemundlu/FiberBundle/dataGenerator.jl:90
┌ LogLevel(-2): 20%, Active workers: 40, Completed tasks: 1745.
└ @ Main /work/vemundlu/FiberBundle/dataGenerator.jl:90
┌ LogLevel(-2): 21%, Active workers: 40, Completed tasks: 1832.
└ @ Main /work/vemundlu/FiberBundle/dataGenerator.jl:90
┌ LogLevel(-2): 22%, Active workers: 40, Completed tasks: 1919.
└ @ Main /work/vemundlu/FiberBundle/dataGenerator.jl:90
┌ LogLevel(-2): 23%, Active workers: 40, Completed tasks: 2010.
└ @ Main /work/vemundlu/FiberBundle/dataGenerator.jl:90
┌ LogLevel(-2): 24%, Active workers: 40, Completed tasks: 2096.
└ @ Main /work/vemundlu/FiberBundle/dataGenerator.jl:90
┌ LogLevel(-2): 25%, Active workers: 40, Completed tasks: 2184.
└ @ Main /work/vemundlu/FiberBundle/dataGenerator.jl:90
┌ LogLevel(-2): 26%, Active workers: 40, Completed tasks: 2276.
└ @ Main /work/vemundlu/FiberBundle/dataGenerator.jl:90
┌ LogLevel(-2): 27%, Active workers: 40, Completed tasks: 2363.
└ @ Main /work/vemundlu/FiberBundle/dataGenerator.jl:90
┌ LogLevel(-2): 28%, Active workers: 40, Completed tasks: 2454.
└ @ Main /work/vemundlu/FiberBundle/dataGenerator.jl:90
┌ LogLevel(-2): 29%, Active workers: 40, Completed tasks: 2539.
└ @ Main /work/vemundlu/FiberBundle/dataGenerator.jl:90
┌ LogLevel(-2): 30%, Active workers: 40, Completed tasks: 2629.
└ @ Main /work/vemundlu/FiberBundle/dataGenerator.jl:90
┌ LogLevel(-2): 31%, Active workers: 40, Completed tasks: 2715.
└ @ Main /work/vemundlu/FiberBundle/dataGenerator.jl:90
┌ LogLevel(-2): 32%, Active workers: 38, Completed tasks: 2801.
└ @ Main /work/vemundlu/FiberBundle/dataGenerator.jl:90
┌ LogLevel(-2): 33%, Active workers: 30, Completed tasks: 2899.
└ @ Main /work/vemundlu/FiberBundle/dataGenerator.jl:90
┌ LogLevel(-2): 100%, Active workers: 0, Completed tasks: 3000.
└ @ Main /work/vemundlu/FiberBundle/dataGenerator.jl:93
┌ LogLevel(-2): Done!
└ @ Main /work/vemundlu/FiberBundle/dataGenerator.jl:139
┌ LogLevel(-2): Calculating averages... 
└ @ Main /work/vemundlu/FiberBundle/dataGenerator.jl:142
┌ LogLevel(-2): Done!
└ @ Main /work/vemundlu/FiberBundle/dataGenerator.jl:144
┌ LogLevel(-2): Starting a=0.0 dist=Uniform L=128 nr=LLS t=0.26
└ @ Main /work/vemundlu/FiberBundle/dataGenerator.jl:152
┌ LogLevel(-2): Searching for loose files... 
└ @ Main /work/vemundlu/FiberBundle/support/dataManager.jl:238
┌ LogLevel(-2): Done!
└ @ Main /work/vemundlu/FiberBundle/support/dataManager.jl:258
┌ LogLevel(-2): 1000 files were found and skipped.
└ @ Main /work/vemundlu/FiberBundle/support/dataManager.jl:217
┌ LogLevel(-2): Running workers...
└ @ Main /work/vemundlu/FiberBundle/dataGenerator.jl:137
┌ LogLevel(-2): Starting work on a=0.0 dist=Uniform L=128 nr=LLS t=0.26
└ @ Main /work/vemundlu/FiberBundle/dataGenerator.jl:78
┌ LogLevel(-2): 0%, Active workers: 40, Completed tasks: 0.
└ @ Main /work/vemundlu/FiberBundle/dataGenerator.jl:90
┌ LogLevel(-2): 1%, Active workers: 40, Completed tasks: 113.
└ @ Main /work/vemundlu/FiberBundle/dataGenerator.jl:90
┌ LogLevel(-2): 2%, Active workers: 40, Completed tasks: 244.
└ @ Main /work/vemundlu/FiberBundle/dataGenerator.jl:90
┌ LogLevel(-2): 3%, Active workers: 40, Completed tasks: 375.
└ @ Main /work/vemundlu/FiberBundle/dataGenerator.jl:90
┌ LogLevel(-2): 4%, Active workers: 40, Completed tasks: 512.
└ @ Main /work/vemundlu/FiberBundle/dataGenerator.jl:90
┌ LogLevel(-2): 5%, Active workers: 40, Completed tasks: 646.
└ @ Main /work/vemundlu/FiberBundle/dataGenerator.jl:90
┌ LogLevel(-2): 6%, Active workers: 40, Completed tasks: 777.
└ @ Main /work/vemundlu/FiberBundle/dataGenerator.jl:90
┌ LogLevel(-2): 7%, Active workers: 40, Completed tasks: 911.
└ @ Main /work/vemundlu/FiberBundle/dataGenerator.jl:90
┌ LogLevel(-2): 8%, Active workers: 40, Completed tasks: 1037.
└ @ Main /work/vemundlu/FiberBundle/dataGenerator.jl:90
┌ LogLevel(-2): 9%, Active workers: 40, Completed tasks: 1168.
└ @ Main /work/vemundlu/FiberBundle/dataGenerator.jl:90
┌ LogLevel(-2): 10%, Active workers: 40, Completed tasks: 1300.
└ @ Main /work/vemundlu/FiberBundle/dataGenerator.jl:90
┌ LogLevel(-2): 11%, Active workers: 40, Completed tasks: 1434.
└ @ Main /work/vemundlu/FiberBundle/dataGenerator.jl:90
┌ LogLevel(-2): 12%, Active workers: 40, Completed tasks: 1567.
└ @ Main /work/vemundlu/FiberBundle/dataGenerator.jl:90
┌ LogLevel(-2): 13%, Active workers: 40, Completed tasks: 1699.
└ @ Main /work/vemundlu/FiberBundle/dataGenerator.jl:90
┌ LogLevel(-2): 14%, Active workers: 40, Completed tasks: 1827.
└ @ Main /work/vemundlu/FiberBundle/dataGenerator.jl:90
┌ LogLevel(-2): 15%, Active workers: 40, Completed tasks: 1964.
└ @ Main /work/vemundlu/FiberBundle/dataGenerator.jl:90
┌ LogLevel(-2): 16%, Active workers: 40, Completed tasks: 2097.
└ @ Main /work/vemundlu/FiberBundle/dataGenerator.jl:90
┌ LogLevel(-2): 17%, Active workers: 40, Completed tasks: 2229.
└ @ Main /work/vemundlu/FiberBundle/dataGenerator.jl:90
┌ LogLevel(-2): 18%, Active workers: 40, Completed tasks: 2358.
└ @ Main /work/vemundlu/FiberBundle/dataGenerator.jl:90
┌ LogLevel(-2): 19%, Active workers: 40, Completed tasks: 2495.
└ @ Main /work/vemundlu/FiberBundle/dataGenerator.jl:90
┌ LogLevel(-2): 20%, Active workers: 40, Completed tasks: 2627.
└ @ Main /work/vemundlu/FiberBundle/dataGenerator.jl:90
┌ LogLevel(-2): 21%, Active workers: 40, Completed tasks: 2756.
└ @ Main /work/vemundlu/FiberBundle/dataGenerator.jl:90
┌ LogLevel(-2): 22%, Active workers: 36, Completed tasks: 2897.
└ @ Main /work/vemundlu/FiberBundle/dataGenerator.jl:90
┌ LogLevel(-2): 100%, Active workers: 0, Completed tasks: 3000.
└ @ Main /work/vemundlu/FiberBundle/dataGenerator.jl:93
┌ LogLevel(-2): Done!
└ @ Main /work/vemundlu/FiberBundle/dataGenerator.jl:139
┌ LogLevel(-2): Calculating averages... 
└ @ Main /work/vemundlu/FiberBundle/dataGenerator.jl:142
┌ LogLevel(-2): Done!
└ @ Main /work/vemundlu/FiberBundle/dataGenerator.jl:144
┌ LogLevel(-2): Starting a=2.0 dist=Uniform L=128 nr=CLS t=0.28
└ @ Main /work/vemundlu/FiberBundle/dataGenerator.jl:152
┌ LogLevel(-2): Searching for loose files... 
└ @ Main /work/vemundlu/FiberBundle/support/dataManager.jl:238
┌ LogLevel(-2): Done!
└ @ Main /work/vemundlu/FiberBundle/support/dataManager.jl:258
┌ LogLevel(-2): 1000 files were found and skipped.
└ @ Main /work/vemundlu/FiberBundle/support/dataManager.jl:217
┌ LogLevel(-2): Running workers...
└ @ Main /work/vemundlu/FiberBundle/dataGenerator.jl:137
┌ LogLevel(-2): Starting work on a=2.0 dist=Uniform L=128 nr=CLS t=0.28
└ @ Main /work/vemundlu/FiberBundle/dataGenerator.jl:78
┌ LogLevel(-2): 0%, Active workers: 39, Completed tasks: 0.
└ @ Main /work/vemundlu/FiberBundle/dataGenerator.jl:90
┌ LogLevel(-2): 1%, Active workers: 40, Completed tasks: 67.
└ @ Main /work/vemundlu/FiberBundle/dataGenerator.jl:90
┌ LogLevel(-2): 2%, Active workers: 40, Completed tasks: 155.
└ @ Main /work/vemundlu/FiberBundle/dataGenerator.jl:90
┌ LogLevel(-2): 3%, Active workers: 40, Completed tasks: 244.
└ @ Main /work/vemundlu/FiberBundle/dataGenerator.jl:90
┌ LogLevel(-2): 4%, Active workers: 40, Completed tasks: 328.
└ @ Main /work/vemundlu/FiberBundle/dataGenerator.jl:90
┌ LogLevel(-2): 5%, Active workers: 40, Completed tasks: 408.
└ @ Main /work/vemundlu/FiberBundle/dataGenerator.jl:90
┌ LogLevel(-2): 6%, Active workers: 40, Completed tasks: 499.
└ @ Main /work/vemundlu/FiberBundle/dataGenerator.jl:90
┌ LogLevel(-2): 7%, Active workers: 40, Completed tasks: 595.
└ @ Main /work/vemundlu/FiberBundle/dataGenerator.jl:90
┌ LogLevel(-2): 8%, Active workers: 40, Completed tasks: 680.
└ @ Main /work/vemundlu/FiberBundle/dataGenerator.jl:90
┌ LogLevel(-2): 9%, Active workers: 40, Completed tasks: 771.
└ @ Main /work/vemundlu/FiberBundle/dataGenerator.jl:90
┌ LogLevel(-2): 10%, Active workers: 40, Completed tasks: 859.
└ @ Main /work/vemundlu/FiberBundle/dataGenerator.jl:90
┌ LogLevel(-2): 11%, Active workers: 40, Completed tasks: 948.
└ @ Main /work/vemundlu/FiberBundle/dataGenerator.jl:90
┌ LogLevel(-2): 12%, Active workers: 40, Completed tasks: 1035.
└ @ Main /work/vemundlu/FiberBundle/dataGenerator.jl:90
┌ LogLevel(-2): 13%, Active workers: 40, Completed tasks: 1121.
└ @ Main /work/vemundlu/FiberBundle/dataGenerator.jl:90
┌ LogLevel(-2): 14%, Active workers: 40, Completed tasks: 1212.
└ @ Main /work/vemundlu/FiberBundle/dataGenerator.jl:90
┌ LogLevel(-2): 15%, Active workers: 40, Completed tasks: 1298.
└ @ Main /work/vemundlu/FiberBundle/dataGenerator.jl:90
┌ LogLevel(-2): 16%, Active workers: 40, Completed tasks: 1388.
└ @ Main /work/vemundlu/FiberBundle/dataGenerator.jl:90
┌ LogLevel(-2): 17%, Active workers: 40, Completed tasks: 1475.
└ @ Main /work/vemundlu/FiberBundle/dataGenerator.jl:90
┌ LogLevel(-2): 18%, Active workers: 40, Completed tasks: 1563.
└ @ Main /work/vemundlu/FiberBundle/dataGenerator.jl:90
┌ LogLevel(-2): 19%, Active workers: 40, Completed tasks: 1650.
└ @ Main /work/vemundlu/FiberBundle/dataGenerator.jl:90
┌ LogLevel(-2): 20%, Active workers: 40, Completed tasks: 1735.
└ @ Main /work/vemundlu/FiberBundle/dataGenerator.jl:90
┌ LogLevel(-2): 21%, Active workers: 40, Completed tasks: 1819.
└ @ Main /work/vemundlu/FiberBundle/dataGenerator.jl:90
┌ LogLevel(-2): 22%, Active workers: 40, Completed tasks: 1906.
└ @ Main /work/vemundlu/FiberBundle/dataGenerator.jl:90
┌ LogLevel(-2): 23%, Active workers: 40, Completed tasks: 1998.
└ @ Main /work/vemundlu/FiberBundle/dataGenerator.jl:90
┌ LogLevel(-2): 24%, Active workers: 40, Completed tasks: 2087.
└ @ Main /work/vemundlu/FiberBundle/dataGenerator.jl:90
┌ LogLevel(-2): 25%, Active workers: 40, Completed tasks: 2172.
└ @ Main /work/vemundlu/FiberBundle/dataGenerator.jl:90
┌ LogLevel(-2): 26%, Active workers: 40, Completed tasks: 2259.
└ @ Main /work/vemundlu/FiberBundle/dataGenerator.jl:90
┌ LogLevel(-2): 27%, Active workers: 40, Completed tasks: 2347.
└ @ Main /work/vemundlu/FiberBundle/dataGenerator.jl:90
┌ LogLevel(-2): 28%, Active workers: 40, Completed tasks: 2432.
└ @ Main /work/vemundlu/FiberBundle/dataGenerator.jl:90
┌ LogLevel(-2): 29%, Active workers: 40, Completed tasks: 2517.
└ @ Main /work/vemundlu/FiberBundle/dataGenerator.jl:90
┌ LogLevel(-2): 30%, Active workers: 40, Completed tasks: 2604.
└ @ Main /work/vemundlu/FiberBundle/dataGenerator.jl:90
┌ LogLevel(-2): 31%, Active workers: 40, Completed tasks: 2694.
└ @ Main /work/vemundlu/FiberBundle/dataGenerator.jl:90
┌ LogLevel(-2): 32%, Active workers: 39, Completed tasks: 2783.
└ @ Main /work/vemundlu/FiberBundle/dataGenerator.jl:90
┌ LogLevel(-2): 33%, Active workers: 33, Completed tasks: 2870.
└ @ Main /work/vemundlu/FiberBundle/dataGenerator.jl:90
┌ LogLevel(-2): 34%, Active workers: 18, Completed tasks: 2965.
└ @ Main /work/vemundlu/FiberBundle/dataGenerator.jl:90
┌ LogLevel(-2): 100%, Active workers: 0, Completed tasks: 3000.
└ @ Main /work/vemundlu/FiberBundle/dataGenerator.jl:93
┌ LogLevel(-2): Done!
└ @ Main /work/vemundlu/FiberBundle/dataGenerator.jl:139
┌ LogLevel(-2): Calculating averages... 
└ @ Main /work/vemundlu/FiberBundle/dataGenerator.jl:142
┌ LogLevel(-2): Done!
└ @ Main /work/vemundlu/FiberBundle/dataGenerator.jl:144
┌ LogLevel(-2): Starting a=0.0 dist=Uniform L=128 nr=LLS t=0.28
└ @ Main /work/vemundlu/FiberBundle/dataGenerator.jl:152
┌ LogLevel(-2): Searching for loose files... 
└ @ Main /work/vemundlu/FiberBundle/support/dataManager.jl:238
┌ LogLevel(-2): Done!
└ @ Main /work/vemundlu/FiberBundle/support/dataManager.jl:258
┌ LogLevel(-2): 1000 files were found and skipped.
└ @ Main /work/vemundlu/FiberBundle/support/dataManager.jl:217
┌ LogLevel(-2): Running workers...
└ @ Main /work/vemundlu/FiberBundle/dataGenerator.jl:137
┌ LogLevel(-2): Starting work on a=0.0 dist=Uniform L=128 nr=LLS t=0.28
└ @ Main /work/vemundlu/FiberBundle/dataGenerator.jl:78
┌ LogLevel(-2): 0%, Active workers: 40, Completed tasks: 0.
└ @ Main /work/vemundlu/FiberBundle/dataGenerator.jl:90
┌ LogLevel(-2): 1%, Active workers: 40, Completed tasks: 120.
└ @ Main /work/vemundlu/FiberBundle/dataGenerator.jl:90
┌ LogLevel(-2): 2%, Active workers: 40, Completed tasks: 263.
└ @ Main /work/vemundlu/FiberBundle/dataGenerator.jl:90
┌ LogLevel(-2): 3%, Active workers: 40, Completed tasks: 413.
└ @ Main /work/vemundlu/FiberBundle/dataGenerator.jl:90
┌ LogLevel(-2): 4%, Active workers: 40, Completed tasks: 556.
└ @ Main /work/vemundlu/FiberBundle/dataGenerator.jl:90
┌ LogLevel(-2): 5%, Active workers: 40, Completed tasks: 700.
└ @ Main /work/vemundlu/FiberBundle/dataGenerator.jl:90
┌ LogLevel(-2): 6%, Active workers: 40, Completed tasks: 849.
└ @ Main /work/vemundlu/FiberBundle/dataGenerator.jl:90
┌ LogLevel(-2): 7%, Active workers: 40, Completed tasks: 991.
└ @ Main /work/vemundlu/FiberBundle/dataGenerator.jl:90
┌ LogLevel(-2): 8%, Active workers: 40, Completed tasks: 1132.
└ @ Main /work/vemundlu/FiberBundle/dataGenerator.jl:90
┌ LogLevel(-2): 9%, Active workers: 40, Completed tasks: 1281.
└ @ Main /work/vemundlu/FiberBundle/dataGenerator.jl:90
┌ LogLevel(-2): 10%, Active workers: 40, Completed tasks: 1425.
└ @ Main /work/vemundlu/FiberBundle/dataGenerator.jl:90
┌ LogLevel(-2): 11%, Active workers: 40, Completed tasks: 1572.
└ @ Main /work/vemundlu/FiberBundle/dataGenerator.jl:90
┌ LogLevel(-2): 12%, Active workers: 40, Completed tasks: 1713.
└ @ Main /work/vemundlu/FiberBundle/dataGenerator.jl:90
┌ LogLevel(-2): 13%, Active workers: 40, Completed tasks: 1860.
└ @ Main /work/vemundlu/FiberBundle/dataGenerator.jl:90
┌ LogLevel(-2): 14%, Active workers: 40, Completed tasks: 2000.
└ @ Main /work/vemundlu/FiberBundle/dataGenerator.jl:90
┌ LogLevel(-2): 15%, Active workers: 40, Completed tasks: 2150.
└ @ Main /work/vemundlu/FiberBundle/dataGenerator.jl:90
┌ LogLevel(-2): 16%, Active workers: 40, Completed tasks: 2290.
└ @ Main /work/vemundlu/FiberBundle/dataGenerator.jl:90
┌ LogLevel(-2): 17%, Active workers: 40, Completed tasks: 2437.
└ @ Main /work/vemundlu/FiberBundle/dataGenerator.jl:90
┌ LogLevel(-2): 18%, Active workers: 40, Completed tasks: 2587.
└ @ Main /work/vemundlu/FiberBundle/dataGenerator.jl:90
┌ LogLevel(-2): 19%, Active workers: 39, Completed tasks: 2728.
└ @ Main /work/vemundlu/FiberBundle/dataGenerator.jl:90
┌ LogLevel(-2): 20%, Active workers: 38, Completed tasks: 2873.
└ @ Main /work/vemundlu/FiberBundle/dataGenerator.jl:90
┌ LogLevel(-2): 100%, Active workers: 0, Completed tasks: 3000.
└ @ Main /work/vemundlu/FiberBundle/dataGenerator.jl:93
┌ LogLevel(-2): Done!
└ @ Main /work/vemundlu/FiberBundle/dataGenerator.jl:139
┌ LogLevel(-2): Calculating averages... 
└ @ Main /work/vemundlu/FiberBundle/dataGenerator.jl:142
┌ LogLevel(-2): Done!
└ @ Main /work/vemundlu/FiberBundle/dataGenerator.jl:144
┌ LogLevel(-2): Starting a=2.0 dist=Uniform L=128 nr=CLS t=0.3
└ @ Main /work/vemundlu/FiberBundle/dataGenerator.jl:152
┌ LogLevel(-2): Searching for loose files... 
└ @ Main /work/vemundlu/FiberBundle/support/dataManager.jl:238
┌ LogLevel(-2): Done!
└ @ Main /work/vemundlu/FiberBundle/support/dataManager.jl:258
┌ LogLevel(-2): All seeds already exist
└ @ Main /work/vemundlu/FiberBundle/support/dataManager.jl:223
┌ LogLevel(-2): Starting a=0.0 dist=Uniform L=128 nr=LLS t=0.3
└ @ Main /work/vemundlu/FiberBundle/dataGenerator.jl:152
┌ LogLevel(-2): Searching for loose files... 
└ @ Main /work/vemundlu/FiberBundle/support/dataManager.jl:238
┌ LogLevel(-2): Done!
└ @ Main /work/vemundlu/FiberBundle/support/dataManager.jl:258
┌ LogLevel(-2): All seeds already exist
└ @ Main /work/vemundlu/FiberBundle/support/dataManager.jl:223
┌ LogLevel(-2): Starting a=2.0 dist=Uniform L=128 nr=CLS t=0.32
└ @ Main /work/vemundlu/FiberBundle/dataGenerator.jl:152
┌ LogLevel(-2): Searching for loose files... 
└ @ Main /work/vemundlu/FiberBundle/support/dataManager.jl:238
┌ LogLevel(-2): Done!
└ @ Main /work/vemundlu/FiberBundle/support/dataManager.jl:258
┌ LogLevel(-2): 1000 files were found and skipped.
└ @ Main /work/vemundlu/FiberBundle/support/dataManager.jl:217
┌ LogLevel(-2): Running workers...
└ @ Main /work/vemundlu/FiberBundle/dataGenerator.jl:137
┌ LogLevel(-2): Starting work on a=2.0 dist=Uniform L=128 nr=CLS t=0.32
└ @ Main /work/vemundlu/FiberBundle/dataGenerator.jl:78
┌ LogLevel(-2): 0%, Active workers: 40, Completed tasks: 0.
└ @ Main /work/vemundlu/FiberBundle/dataGenerator.jl:90
┌ LogLevel(-2): 1%, Active workers: 40, Completed tasks: 68.
└ @ Main /work/vemundlu/FiberBundle/dataGenerator.jl:90
┌ LogLevel(-2): 2%, Active workers: 40, Completed tasks: 150.
└ @ Main /work/vemundlu/FiberBundle/dataGenerator.jl:90
┌ LogLevel(-2): 3%, Active workers: 40, Completed tasks: 230.
└ @ Main /work/vemundlu/FiberBundle/dataGenerator.jl:90
┌ LogLevel(-2): 4%, Active workers: 40, Completed tasks: 321.
└ @ Main /work/vemundlu/FiberBundle/dataGenerator.jl:90
┌ LogLevel(-2): 5%, Active workers: 40, Completed tasks: 407.
└ @ Main /work/vemundlu/FiberBundle/dataGenerator.jl:90
┌ LogLevel(-2): 6%, Active workers: 40, Completed tasks: 491.
└ @ Main /work/vemundlu/FiberBundle/dataGenerator.jl:90
┌ LogLevel(-2): 7%, Active workers: 40, Completed tasks: 573.
└ @ Main /work/vemundlu/FiberBundle/dataGenerator.jl:90
┌ LogLevel(-2): 8%, Active workers: 40, Completed tasks: 658.
└ @ Main /work/vemundlu/FiberBundle/dataGenerator.jl:90
┌ LogLevel(-2): 9%, Active workers: 40, Completed tasks: 740.
└ @ Main /work/vemundlu/FiberBundle/dataGenerator.jl:90
┌ LogLevel(-2): 10%, Active workers: 40, Completed tasks: 825.
└ @ Main /work/vemundlu/FiberBundle/dataGenerator.jl:90
┌ LogLevel(-2): 11%, Active workers: 40, Completed tasks: 915.
└ @ Main /work/vemundlu/FiberBundle/dataGenerator.jl:90
┌ LogLevel(-2): 12%, Active workers: 40, Completed tasks: 990.
└ @ Main /work/vemundlu/FiberBundle/dataGenerator.jl:90
┌ LogLevel(-2): 13%, Active workers: 40, Completed tasks: 1076.
└ @ Main /work/vemundlu/FiberBundle/dataGenerator.jl:90
┌ LogLevel(-2): 14%, Active workers: 40, Completed tasks: 1157.
└ @ Main /work/vemundlu/FiberBundle/dataGenerator.jl:90
┌ LogLevel(-2): 15%, Active workers: 40, Completed tasks: 1244.
└ @ Main /work/vemundlu/FiberBundle/dataGenerator.jl:90
┌ LogLevel(-2): 16%, Active workers: 40, Completed tasks: 1329.
└ @ Main /work/vemundlu/FiberBundle/dataGenerator.jl:90
┌ LogLevel(-2): 17%, Active workers: 40, Completed tasks: 1406.
└ @ Main /work/vemundlu/FiberBundle/dataGenerator.jl:90
┌ LogLevel(-2): 18%, Active workers: 40, Completed tasks: 1495.
└ @ Main /work/vemundlu/FiberBundle/dataGenerator.jl:90
┌ LogLevel(-2): 19%, Active workers: 40, Completed tasks: 1578.
└ @ Main /work/vemundlu/FiberBundle/dataGenerator.jl:90
┌ LogLevel(-2): 20%, Active workers: 40, Completed tasks: 1667.
└ @ Main /work/vemundlu/FiberBundle/dataGenerator.jl:90
┌ LogLevel(-2): 21%, Active workers: 40, Completed tasks: 1746.
└ @ Main /work/vemundlu/FiberBundle/dataGenerator.jl:90
┌ LogLevel(-2): 22%, Active workers: 40, Completed tasks: 1827.
└ @ Main /work/vemundlu/FiberBundle/dataGenerator.jl:90
┌ LogLevel(-2): 23%, Active workers: 40, Completed tasks: 1912.
└ @ Main /work/vemundlu/FiberBundle/dataGenerator.jl:90
┌ LogLevel(-2): 24%, Active workers: 40, Completed tasks: 1992.
└ @ Main /work/vemundlu/FiberBundle/dataGenerator.jl:90
┌ LogLevel(-2): 25%, Active workers: 40, Completed tasks: 2077.
└ @ Main /work/vemundlu/FiberBundle/dataGenerator.jl:90
┌ LogLevel(-2): 26%, Active workers: 40, Completed tasks: 2164.
└ @ Main /work/vemundlu/FiberBundle/dataGenerator.jl:90
┌ LogLevel(-2): 27%, Active workers: 40, Completed tasks: 2250.
└ @ Main /work/vemundlu/FiberBundle/dataGenerator.jl:90
┌ LogLevel(-2): 28%, Active workers: 40, Completed tasks: 2330.
└ @ Main /work/vemundlu/FiberBundle/dataGenerator.jl:90
┌ LogLevel(-2): 29%, Active workers: 40, Completed tasks: 2417.
└ @ Main /work/vemundlu/FiberBundle/dataGenerator.jl:90
┌ LogLevel(-2): 30%, Active workers: 40, Completed tasks: 2502.
└ @ Main /work/vemundlu/FiberBundle/dataGenerator.jl:90
┌ LogLevel(-2): 31%, Active workers: 40, Completed tasks: 2588.
└ @ Main /work/vemundlu/FiberBundle/dataGenerator.jl:90
┌ LogLevel(-2): 32%, Active workers: 40, Completed tasks: 2667.
└ @ Main /work/vemundlu/FiberBundle/dataGenerator.jl:90
┌ LogLevel(-2): 33%, Active workers: 40, Completed tasks: 2751.
└ @ Main /work/vemundlu/FiberBundle/dataGenerator.jl:90
┌ LogLevel(-2): 34%, Active workers: 37, Completed tasks: 2837.
└ @ Main /work/vemundlu/FiberBundle/dataGenerator.jl:90
┌ LogLevel(-2): 35%, Active workers: 27, Completed tasks: 2929.
└ @ Main /work/vemundlu/FiberBundle/dataGenerator.jl:90
┌ LogLevel(-2): 100%, Active workers: 0, Completed tasks: 3000.
└ @ Main /work/vemundlu/FiberBundle/dataGenerator.jl:93
┌ LogLevel(-2): Done!
└ @ Main /work/vemundlu/FiberBundle/dataGenerator.jl:139
┌ LogLevel(-2): Calculating averages... 
└ @ Main /work/vemundlu/FiberBundle/dataGenerator.jl:142
┌ LogLevel(-2): Done!
└ @ Main /work/vemundlu/FiberBundle/dataGenerator.jl:144
┌ LogLevel(-2): Starting a=0.0 dist=Uniform L=128 nr=LLS t=0.32
└ @ Main /work/vemundlu/FiberBundle/dataGenerator.jl:152
┌ LogLevel(-2): Searching for loose files... 
└ @ Main /work/vemundlu/FiberBundle/support/dataManager.jl:238
┌ LogLevel(-2): Done!
└ @ Main /work/vemundlu/FiberBundle/support/dataManager.jl:258
┌ LogLevel(-2): 1000 files were found and skipped.
└ @ Main /work/vemundlu/FiberBundle/support/dataManager.jl:217
┌ LogLevel(-2): Running workers...
└ @ Main /work/vemundlu/FiberBundle/dataGenerator.jl:137
┌ LogLevel(-2): Starting work on a=0.0 dist=Uniform L=128 nr=LLS t=0.32
└ @ Main /work/vemundlu/FiberBundle/dataGenerator.jl:78
┌ LogLevel(-2): 0%, Active workers: 40, Completed tasks: 0.
└ @ Main /work/vemundlu/FiberBundle/dataGenerator.jl:90
┌ LogLevel(-2): 1%, Active workers: 40, Completed tasks: 155.
└ @ Main /work/vemundlu/FiberBundle/dataGenerator.jl:90
┌ LogLevel(-2): 2%, Active workers: 40, Completed tasks: 332.
└ @ Main /work/vemundlu/FiberBundle/dataGenerator.jl:90
┌ LogLevel(-2): 3%, Active workers: 40, Completed tasks: 506.
└ @ Main /work/vemundlu/FiberBundle/dataGenerator.jl:90
┌ LogLevel(-2): 4%, Active workers: 40, Completed tasks: 682.
└ @ Main /work/vemundlu/FiberBundle/dataGenerator.jl:90
┌ LogLevel(-2): 5%, Active workers: 40, Completed tasks: 851.
└ @ Main /work/vemundlu/FiberBundle/dataGenerator.jl:90
┌ LogLevel(-2): 6%, Active workers: 40, Completed tasks: 1021.
└ @ Main /work/vemundlu/FiberBundle/dataGenerator.jl:90
┌ LogLevel(-2): 7%, Active workers: 40, Completed tasks: 1193.
└ @ Main /work/vemundlu/FiberBundle/dataGenerator.jl:90
┌ LogLevel(-2): 8%, Active workers: 40, Completed tasks: 1370.
└ @ Main /work/vemundlu/FiberBundle/dataGenerator.jl:90
┌ LogLevel(-2): 9%, Active workers: 40, Completed tasks: 1540.
└ @ Main /work/vemundlu/FiberBundle/dataGenerator.jl:90
┌ LogLevel(-2): 10%, Active workers: 40, Completed tasks: 1712.
└ @ Main /work/vemundlu/FiberBundle/dataGenerator.jl:90
┌ LogLevel(-2): 11%, Active workers: 40, Completed tasks: 1885.
└ @ Main /work/vemundlu/FiberBundle/dataGenerator.jl:90
┌ LogLevel(-2): 12%, Active workers: 40, Completed tasks: 2057.
└ @ Main /work/vemundlu/FiberBundle/dataGenerator.jl:90
┌ LogLevel(-2): 13%, Active workers: 40, Completed tasks: 2227.
└ @ Main /work/vemundlu/FiberBundle/dataGenerator.jl:90
┌ LogLevel(-2): 14%, Active workers: 40, Completed tasks: 2399.
└ @ Main /work/vemundlu/FiberBundle/dataGenerator.jl:90
┌ LogLevel(-2): 15%, Active workers: 40, Completed tasks: 2572.
└ @ Main /work/vemundlu/FiberBundle/dataGenerator.jl:90
┌ LogLevel(-2): 16%, Active workers: 40, Completed tasks: 2746.
└ @ Main /work/vemundlu/FiberBundle/dataGenerator.jl:90
┌ LogLevel(-2): 17%, Active workers: 26, Completed tasks: 2928.
└ @ Main /work/vemundlu/FiberBundle/dataGenerator.jl:90
┌ LogLevel(-2): 100%, Active workers: 0, Completed tasks: 3000.
└ @ Main /work/vemundlu/FiberBundle/dataGenerator.jl:93
┌ LogLevel(-2): Done!
└ @ Main /work/vemundlu/FiberBundle/dataGenerator.jl:139
┌ LogLevel(-2): Calculating averages... 
└ @ Main /work/vemundlu/FiberBundle/dataGenerator.jl:142
┌ LogLevel(-2): Done!
└ @ Main /work/vemundlu/FiberBundle/dataGenerator.jl:144
┌ LogLevel(-2): Starting a=2.0 dist=Uniform L=128 nr=CLS t=0.34
└ @ Main /work/vemundlu/FiberBundle/dataGenerator.jl:152
┌ LogLevel(-2): Searching for loose files... 
└ @ Main /work/vemundlu/FiberBundle/support/dataManager.jl:238
┌ LogLevel(-2): Done!
└ @ Main /work/vemundlu/FiberBundle/support/dataManager.jl:258
┌ LogLevel(-2): 1000 files were found and skipped.
└ @ Main /work/vemundlu/FiberBundle/support/dataManager.jl:217
┌ LogLevel(-2): Running workers...
└ @ Main /work/vemundlu/FiberBundle/dataGenerator.jl:137
┌ LogLevel(-2): Starting work on a=2.0 dist=Uniform L=128 nr=CLS t=0.34
└ @ Main /work/vemundlu/FiberBundle/dataGenerator.jl:78
┌ LogLevel(-2): 0%, Active workers: 40, Completed tasks: 0.
└ @ Main /work/vemundlu/FiberBundle/dataGenerator.jl:90
┌ LogLevel(-2): 1%, Active workers: 40, Completed tasks: 61.
└ @ Main /work/vemundlu/FiberBundle/dataGenerator.jl:90
┌ LogLevel(-2): 2%, Active workers: 40, Completed tasks: 145.
└ @ Main /work/vemundlu/FiberBundle/dataGenerator.jl:90
┌ LogLevel(-2): 3%, Active workers: 40, Completed tasks: 227.
└ @ Main /work/vemundlu/FiberBundle/dataGenerator.jl:90
┌ LogLevel(-2): 4%, Active workers: 40, Completed tasks: 309.
└ @ Main /work/vemundlu/FiberBundle/dataGenerator.jl:90
┌ LogLevel(-2): 5%, Active workers: 40, Completed tasks: 394.
└ @ Main /work/vemundlu/FiberBundle/dataGenerator.jl:90
┌ LogLevel(-2): 6%, Active workers: 40, Completed tasks: 480.
└ @ Main /work/vemundlu/FiberBundle/dataGenerator.jl:90
┌ LogLevel(-2): 7%, Active workers: 40, Completed tasks: 563.
└ @ Main /work/vemundlu/FiberBundle/dataGenerator.jl:90
┌ LogLevel(-2): 8%, Active workers: 40, Completed tasks: 643.
└ @ Main /work/vemundlu/FiberBundle/dataGenerator.jl:90
┌ LogLevel(-2): 9%, Active workers: 40, Completed tasks: 729.
└ @ Main /work/vemundlu/FiberBundle/dataGenerator.jl:90
┌ LogLevel(-2): 10%, Active workers: 40, Completed tasks: 811.
└ @ Main /work/vemundlu/FiberBundle/dataGenerator.jl:90
┌ LogLevel(-2): 11%, Active workers: 40, Completed tasks: 891.
└ @ Main /work/vemundlu/FiberBundle/dataGenerator.jl:90
┌ LogLevel(-2): 12%, Active workers: 40, Completed tasks: 979.
└ @ Main /work/vemundlu/FiberBundle/dataGenerator.jl:90
┌ LogLevel(-2): 13%, Active workers: 40, Completed tasks: 1055.
└ @ Main /work/vemundlu/FiberBundle/dataGenerator.jl:90
┌ LogLevel(-2): 14%, Active workers: 40, Completed tasks: 1141.
└ @ Main /work/vemundlu/FiberBundle/dataGenerator.jl:90
┌ LogLevel(-2): 15%, Active workers: 40, Completed tasks: 1221.
└ @ Main /work/vemundlu/FiberBundle/dataGenerator.jl:90
┌ LogLevel(-2): 16%, Active workers: 40, Completed tasks: 1309.
└ @ Main /work/vemundlu/FiberBundle/dataGenerator.jl:90
┌ LogLevel(-2): 17%, Active workers: 40, Completed tasks: 1388.
└ @ Main /work/vemundlu/FiberBundle/dataGenerator.jl:90
┌ LogLevel(-2): 18%, Active workers: 40, Completed tasks: 1476.
└ @ Main /work/vemundlu/FiberBundle/dataGenerator.jl:90
┌ LogLevel(-2): 19%, Active workers: 40, Completed tasks: 1557.
└ @ Main /work/vemundlu/FiberBundle/dataGenerator.jl:90
┌ LogLevel(-2): 20%, Active workers: 40, Completed tasks: 1643.
└ @ Main /work/vemundlu/FiberBundle/dataGenerator.jl:90
┌ LogLevel(-2): 21%, Active workers: 40, Completed tasks: 1727.
└ @ Main /work/vemundlu/FiberBundle/dataGenerator.jl:90
┌ LogLevel(-2): 22%, Active workers: 40, Completed tasks: 1800.
└ @ Main /work/vemundlu/FiberBundle/dataGenerator.jl:90
┌ LogLevel(-2): 23%, Active workers: 40, Completed tasks: 1885.
└ @ Main /work/vemundlu/FiberBundle/dataGenerator.jl:90
┌ LogLevel(-2): 24%, Active workers: 40, Completed tasks: 1962.
└ @ Main /work/vemundlu/FiberBundle/dataGenerator.jl:90
┌ LogLevel(-2): 25%, Active workers: 40, Completed tasks: 2048.
└ @ Main /work/vemundlu/FiberBundle/dataGenerator.jl:90
┌ LogLevel(-2): 26%, Active workers: 40, Completed tasks: 2132.
└ @ Main /work/vemundlu/FiberBundle/dataGenerator.jl:90
┌ LogLevel(-2): 27%, Active workers: 40, Completed tasks: 2210.
└ @ Main /work/vemundlu/FiberBundle/dataGenerator.jl:90
┌ LogLevel(-2): 28%, Active workers: 40, Completed tasks: 2295.
└ @ Main /work/vemundlu/FiberBundle/dataGenerator.jl:90
┌ LogLevel(-2): 29%, Active workers: 40, Completed tasks: 2383.
└ @ Main /work/vemundlu/FiberBundle/dataGenerator.jl:90
┌ LogLevel(-2): 30%, Active workers: 40, Completed tasks: 2466.
└ @ Main /work/vemundlu/FiberBundle/dataGenerator.jl:90
┌ LogLevel(-2): 31%, Active workers: 40, Completed tasks: 2549.
└ @ Main /work/vemundlu/FiberBundle/dataGenerator.jl:90
┌ LogLevel(-2): 32%, Active workers: 40, Completed tasks: 2632.
└ @ Main /work/vemundlu/FiberBundle/dataGenerator.jl:90
┌ LogLevel(-2): 33%, Active workers: 40, Completed tasks: 2711.
└ @ Main /work/vemundlu/FiberBundle/dataGenerator.jl:90
┌ LogLevel(-2): 34%, Active workers: 39, Completed tasks: 2793.
└ @ Main /work/vemundlu/FiberBundle/dataGenerator.jl:90
┌ LogLevel(-2): 35%, Active workers: 34, Completed tasks: 2881.
└ @ Main /work/vemundlu/FiberBundle/dataGenerator.jl:90
┌ LogLevel(-2): 36%, Active workers: 15, Completed tasks: 2975.
└ @ Main /work/vemundlu/FiberBundle/dataGenerator.jl:90
┌ LogLevel(-2): 100%, Active workers: 0, Completed tasks: 3000.
└ @ Main /work/vemundlu/FiberBundle/dataGenerator.jl:93
┌ LogLevel(-2): Done!
└ @ Main /work/vemundlu/FiberBundle/dataGenerator.jl:139
┌ LogLevel(-2): Calculating averages... 
└ @ Main /work/vemundlu/FiberBundle/dataGenerator.jl:142
┌ LogLevel(-2): Done!
└ @ Main /work/vemundlu/FiberBundle/dataGenerator.jl:144
┌ LogLevel(-2): Starting a=0.0 dist=Uniform L=128 nr=LLS t=0.34
└ @ Main /work/vemundlu/FiberBundle/dataGenerator.jl:152
┌ LogLevel(-2): Searching for loose files... 
└ @ Main /work/vemundlu/FiberBundle/support/dataManager.jl:238
┌ LogLevel(-2): Done!
└ @ Main /work/vemundlu/FiberBundle/support/dataManager.jl:258
┌ LogLevel(-2): 1000 files were found and skipped.
└ @ Main /work/vemundlu/FiberBundle/support/dataManager.jl:217
┌ LogLevel(-2): Running workers...
└ @ Main /work/vemundlu/FiberBundle/dataGenerator.jl:137
┌ LogLevel(-2): Starting work on a=0.0 dist=Uniform L=128 nr=LLS t=0.34
└ @ Main /work/vemundlu/FiberBundle/dataGenerator.jl:78
┌ LogLevel(-2): 0%, Active workers: 40, Completed tasks: 0.
└ @ Main /work/vemundlu/FiberBundle/dataGenerator.jl:90
┌ LogLevel(-2): 1%, Active workers: 40, Completed tasks: 160.
└ @ Main /work/vemundlu/FiberBundle/dataGenerator.jl:90
┌ LogLevel(-2): 2%, Active workers: 40, Completed tasks: 336.
└ @ Main /work/vemundlu/FiberBundle/dataGenerator.jl:90
┌ LogLevel(-2): 3%, Active workers: 40, Completed tasks: 522.
└ @ Main /work/vemundlu/FiberBundle/dataGenerator.jl:90
┌ LogLevel(-2): 4%, Active workers: 40, Completed tasks: 700.
└ @ Main /work/vemundlu/FiberBundle/dataGenerator.jl:90
┌ LogLevel(-2): 5%, Active workers: 40, Completed tasks: 874.
└ @ Main /work/vemundlu/FiberBundle/dataGenerator.jl:90
┌ LogLevel(-2): 6%, Active workers: 40, Completed tasks: 1051.
└ @ Main /work/vemundlu/FiberBundle/dataGenerator.jl:90
┌ LogLevel(-2): 7%, Active workers: 40, Completed tasks: 1227.
└ @ Main /work/vemundlu/FiberBundle/dataGenerator.jl:90
┌ LogLevel(-2): 8%, Active workers: 40, Completed tasks: 1413.
└ @ Main /work/vemundlu/FiberBundle/dataGenerator.jl:90
┌ LogLevel(-2): 9%, Active workers: 40, Completed tasks: 1588.
└ @ Main /work/vemundlu/FiberBundle/dataGenerator.jl:90
┌ LogLevel(-2): 10%, Active workers: 40, Completed tasks: 1768.
└ @ Main /work/vemundlu/FiberBundle/dataGenerator.jl:90
┌ LogLevel(-2): 11%, Active workers: 40, Completed tasks: 1950.
└ @ Main /work/vemundlu/FiberBundle/dataGenerator.jl:90
┌ LogLevel(-2): 12%, Active workers: 40, Completed tasks: 2125.
└ @ Main /work/vemundlu/FiberBundle/dataGenerator.jl:90
┌ LogLevel(-2): 13%, Active workers: 40, Completed tasks: 2294.
└ @ Main /work/vemundlu/FiberBundle/dataGenerator.jl:90
┌ LogLevel(-2): 14%, Active workers: 40, Completed tasks: 2476.
└ @ Main /work/vemundlu/FiberBundle/dataGenerator.jl:90
┌ LogLevel(-2): 15%, Active workers: 40, Completed tasks: 2660.
└ @ Main /work/vemundlu/FiberBundle/dataGenerator.jl:90
┌ LogLevel(-2): 16%, Active workers: 38, Completed tasks: 2838.
└ @ Main /work/vemundlu/FiberBundle/dataGenerator.jl:90
┌ LogLevel(-2): 100%, Active workers: 0, Completed tasks: 3000.
└ @ Main /work/vemundlu/FiberBundle/dataGenerator.jl:93
┌ LogLevel(-2): Done!
└ @ Main /work/vemundlu/FiberBundle/dataGenerator.jl:139
┌ LogLevel(-2): Calculating averages... 
└ @ Main /work/vemundlu/FiberBundle/dataGenerator.jl:142
┌ LogLevel(-2): Done!
└ @ Main /work/vemundlu/FiberBundle/dataGenerator.jl:144
┌ LogLevel(-2): Starting a=2.0 dist=Uniform L=128 nr=CLS t=0.36
└ @ Main /work/vemundlu/FiberBundle/dataGenerator.jl:152
┌ LogLevel(-2): Searching for loose files... 
└ @ Main /work/vemundlu/FiberBundle/support/dataManager.jl:238
┌ LogLevel(-2): Done!
└ @ Main /work/vemundlu/FiberBundle/support/dataManager.jl:258
┌ LogLevel(-2): 1000 files were found and skipped.
└ @ Main /work/vemundlu/FiberBundle/support/dataManager.jl:217
┌ LogLevel(-2): Running workers...
└ @ Main /work/vemundlu/FiberBundle/dataGenerator.jl:137
┌ LogLevel(-2): Starting work on a=2.0 dist=Uniform L=128 nr=CLS t=0.36
└ @ Main /work/vemundlu/FiberBundle/dataGenerator.jl:78
┌ LogLevel(-2): 0%, Active workers: 40, Completed tasks: 0.
└ @ Main /work/vemundlu/FiberBundle/dataGenerator.jl:90
┌ LogLevel(-2): 1%, Active workers: 40, Completed tasks: 60.
└ @ Main /work/vemundlu/FiberBundle/dataGenerator.jl:90
┌ LogLevel(-2): 2%, Active workers: 40, Completed tasks: 147.
└ @ Main /work/vemundlu/FiberBundle/dataGenerator.jl:90
┌ LogLevel(-2): 3%, Active workers: 40, Completed tasks: 222.
└ @ Main /work/vemundlu/FiberBundle/dataGenerator.jl:90
┌ LogLevel(-2): 4%, Active workers: 40, Completed tasks: 305.
└ @ Main /work/vemundlu/FiberBundle/dataGenerator.jl:90
┌ LogLevel(-2): 5%, Active workers: 40, Completed tasks: 385.
└ @ Main /work/vemundlu/FiberBundle/dataGenerator.jl:90
┌ LogLevel(-2): 6%, Active workers: 40, Completed tasks: 468.
└ @ Main /work/vemundlu/FiberBundle/dataGenerator.jl:90
┌ LogLevel(-2): 7%, Active workers: 40, Completed tasks: 552.
└ @ Main /work/vemundlu/FiberBundle/dataGenerator.jl:90
┌ LogLevel(-2): 8%, Active workers: 40, Completed tasks: 633.
└ @ Main /work/vemundlu/FiberBundle/dataGenerator.jl:90
┌ LogLevel(-2): 9%, Active workers: 40, Completed tasks: 716.
└ @ Main /work/vemundlu/FiberBundle/dataGenerator.jl:90
┌ LogLevel(-2): 10%, Active workers: 40, Completed tasks: 800.
└ @ Main /work/vemundlu/FiberBundle/dataGenerator.jl:90
┌ LogLevel(-2): 11%, Active workers: 40, Completed tasks: 882.
└ @ Main /work/vemundlu/FiberBundle/dataGenerator.jl:90
┌ LogLevel(-2): 12%, Active workers: 40, Completed tasks: 964.
└ @ Main /work/vemundlu/FiberBundle/dataGenerator.jl:90
┌ LogLevel(-2): 13%, Active workers: 40, Completed tasks: 1045.
└ @ Main /work/vemundlu/FiberBundle/dataGenerator.jl:90
┌ LogLevel(-2): 14%, Active workers: 40, Completed tasks: 1130.
└ @ Main /work/vemundlu/FiberBundle/dataGenerator.jl:90
┌ LogLevel(-2): 15%, Active workers: 40, Completed tasks: 1215.
└ @ Main /work/vemundlu/FiberBundle/dataGenerator.jl:90
┌ LogLevel(-2): 16%, Active workers: 40, Completed tasks: 1295.
└ @ Main /work/vemundlu/FiberBundle/dataGenerator.jl:90
┌ LogLevel(-2): 17%, Active workers: 40, Completed tasks: 1372.
└ @ Main /work/vemundlu/FiberBundle/dataGenerator.jl:90
┌ LogLevel(-2): 18%, Active workers: 40, Completed tasks: 1457.
└ @ Main /work/vemundlu/FiberBundle/dataGenerator.jl:90
┌ LogLevel(-2): 19%, Active workers: 40, Completed tasks: 1538.
└ @ Main /work/vemundlu/FiberBundle/dataGenerator.jl:90
┌ LogLevel(-2): 20%, Active workers: 40, Completed tasks: 1624.
└ @ Main /work/vemundlu/FiberBundle/dataGenerator.jl:90
┌ LogLevel(-2): 21%, Active workers: 40, Completed tasks: 1707.
└ @ Main /work/vemundlu/FiberBundle/dataGenerator.jl:90
┌ LogLevel(-2): 22%, Active workers: 40, Completed tasks: 1789.
└ @ Main /work/vemundlu/FiberBundle/dataGenerator.jl:90
┌ LogLevel(-2): 23%, Active workers: 40, Completed tasks: 1871.
└ @ Main /work/vemundlu/FiberBundle/dataGenerator.jl:90
┌ LogLevel(-2): 24%, Active workers: 40, Completed tasks: 1949.
└ @ Main /work/vemundlu/FiberBundle/dataGenerator.jl:90
┌ LogLevel(-2): 25%, Active workers: 40, Completed tasks: 2027.
└ @ Main /work/vemundlu/FiberBundle/dataGenerator.jl:90
┌ LogLevel(-2): 26%, Active workers: 40, Completed tasks: 2110.
└ @ Main /work/vemundlu/FiberBundle/dataGenerator.jl:90
┌ LogLevel(-2): 27%, Active workers: 40, Completed tasks: 2189.
└ @ Main /work/vemundlu/FiberBundle/dataGenerator.jl:90
┌ LogLevel(-2): 28%, Active workers: 40, Completed tasks: 2274.
└ @ Main /work/vemundlu/FiberBundle/dataGenerator.jl:90
┌ LogLevel(-2): 29%, Active workers: 40, Completed tasks: 2356.
└ @ Main /work/vemundlu/FiberBundle/dataGenerator.jl:90
┌ LogLevel(-2): 30%, Active workers: 40, Completed tasks: 2440.
└ @ Main /work/vemundlu/FiberBundle/dataGenerator.jl:90
┌ LogLevel(-2): 31%, Active workers: 40, Completed tasks: 2518.
└ @ Main /work/vemundlu/FiberBundle/dataGenerator.jl:90
┌ LogLevel(-2): 32%, Active workers: 40, Completed tasks: 2599.
└ @ Main /work/vemundlu/FiberBundle/dataGenerator.jl:90
┌ LogLevel(-2): 33%, Active workers: 40, Completed tasks: 2677.
└ @ Main /work/vemundlu/FiberBundle/dataGenerator.jl:90
┌ LogLevel(-2): 34%, Active workers: 40, Completed tasks: 2760.
└ @ Main /work/vemundlu/FiberBundle/dataGenerator.jl:90
┌ LogLevel(-2): 35%, Active workers: 37, Completed tasks: 2850.
└ @ Main /work/vemundlu/FiberBundle/dataGenerator.jl:90
┌ LogLevel(-2): 36%, Active workers: 28, Completed tasks: 2930.
└ @ Main /work/vemundlu/FiberBundle/dataGenerator.jl:90
┌ LogLevel(-2): 100%, Active workers: 0, Completed tasks: 3000.
└ @ Main /work/vemundlu/FiberBundle/dataGenerator.jl:93
┌ LogLevel(-2): Done!
└ @ Main /work/vemundlu/FiberBundle/dataGenerator.jl:139
┌ LogLevel(-2): Calculating averages... 
└ @ Main /work/vemundlu/FiberBundle/dataGenerator.jl:142
┌ LogLevel(-2): Done!
└ @ Main /work/vemundlu/FiberBundle/dataGenerator.jl:144
┌ LogLevel(-2): Starting a=0.0 dist=Uniform L=128 nr=LLS t=0.36
└ @ Main /work/vemundlu/FiberBundle/dataGenerator.jl:152
┌ LogLevel(-2): Searching for loose files... 
└ @ Main /work/vemundlu/FiberBundle/support/dataManager.jl:238
┌ LogLevel(-2): Done!
└ @ Main /work/vemundlu/FiberBundle/support/dataManager.jl:258
┌ LogLevel(-2): 1000 files were found and skipped.
└ @ Main /work/vemundlu/FiberBundle/support/dataManager.jl:217
┌ LogLevel(-2): Running workers...
└ @ Main /work/vemundlu/FiberBundle/dataGenerator.jl:137
┌ LogLevel(-2): Starting work on a=0.0 dist=Uniform L=128 nr=LLS t=0.36
└ @ Main /work/vemundlu/FiberBundle/dataGenerator.jl:78
┌ LogLevel(-2): 0%, Active workers: 40, Completed tasks: 0.
└ @ Main /work/vemundlu/FiberBundle/dataGenerator.jl:90
┌ LogLevel(-2): 1%, Active workers: 40, Completed tasks: 157.
└ @ Main /work/vemundlu/FiberBundle/dataGenerator.jl:90
┌ LogLevel(-2): 2%, Active workers: 40, Completed tasks: 346.
└ @ Main /work/vemundlu/FiberBundle/dataGenerator.jl:90
┌ LogLevel(-2): 3%, Active workers: 40, Completed tasks: 530.
└ @ Main /work/vemundlu/FiberBundle/dataGenerator.jl:90
┌ LogLevel(-2): 4%, Active workers: 40, Completed tasks: 716.
└ @ Main /work/vemundlu/FiberBundle/dataGenerator.jl:90
┌ LogLevel(-2): 5%, Active workers: 40, Completed tasks: 897.
└ @ Main /work/vemundlu/FiberBundle/dataGenerator.jl:90
┌ LogLevel(-2): 6%, Active workers: 40, Completed tasks: 1073.
└ @ Main /work/vemundlu/FiberBundle/dataGenerator.jl:90
┌ LogLevel(-2): 7%, Active workers: 40, Completed tasks: 1256.
└ @ Main /work/vemundlu/FiberBundle/dataGenerator.jl:90
┌ LogLevel(-2): 8%, Active workers: 40, Completed tasks: 1436.
└ @ Main /work/vemundlu/FiberBundle/dataGenerator.jl:90
┌ LogLevel(-2): 9%, Active workers: 40, Completed tasks: 1621.
└ @ Main /work/vemundlu/FiberBundle/dataGenerator.jl:90
┌ LogLevel(-2): 10%, Active workers: 40, Completed tasks: 1802.
└ @ Main /work/vemundlu/FiberBundle/dataGenerator.jl:90
┌ LogLevel(-2): 11%, Active workers: 40, Completed tasks: 1981.
└ @ Main /work/vemundlu/FiberBundle/dataGenerator.jl:90
┌ LogLevel(-2): 12%, Active workers: 40, Completed tasks: 2154.
└ @ Main /work/vemundlu/FiberBundle/dataGenerator.jl:90
┌ LogLevel(-2): 13%, Active workers: 40, Completed tasks: 2336.
└ @ Main /work/vemundlu/FiberBundle/dataGenerator.jl:90
┌ LogLevel(-2): 14%, Active workers: 40, Completed tasks: 2520.
└ @ Main /work/vemundlu/FiberBundle/dataGenerator.jl:90
┌ LogLevel(-2): 15%, Active workers: 40, Completed tasks: 2700.
└ @ Main /work/vemundlu/FiberBundle/dataGenerator.jl:90
┌ LogLevel(-2): 16%, Active workers: 32, Completed tasks: 2893.
└ @ Main /work/vemundlu/FiberBundle/dataGenerator.jl:90
┌ LogLevel(-2): 100%, Active workers: 0, Completed tasks: 3000.
└ @ Main /work/vemundlu/FiberBundle/dataGenerator.jl:93
┌ LogLevel(-2): Done!
└ @ Main /work/vemundlu/FiberBundle/dataGenerator.jl:139
┌ LogLevel(-2): Calculating averages... 
└ @ Main /work/vemundlu/FiberBundle/dataGenerator.jl:142
┌ LogLevel(-2): Done!
└ @ Main /work/vemundlu/FiberBundle/dataGenerator.jl:144
┌ LogLevel(-2): Starting a=2.0 dist=Uniform L=128 nr=CLS t=0.38
└ @ Main /work/vemundlu/FiberBundle/dataGenerator.jl:152
┌ LogLevel(-2): Searching for loose files... 
└ @ Main /work/vemundlu/FiberBundle/support/dataManager.jl:238
┌ LogLevel(-2): Done!
└ @ Main /work/vemundlu/FiberBundle/support/dataManager.jl:258
┌ LogLevel(-2): 1000 files were found and skipped.
└ @ Main /work/vemundlu/FiberBundle/support/dataManager.jl:217
┌ LogLevel(-2): Running workers...
└ @ Main /work/vemundlu/FiberBundle/dataGenerator.jl:137
┌ LogLevel(-2): Starting work on a=2.0 dist=Uniform L=128 nr=CLS t=0.38
└ @ Main /work/vemundlu/FiberBundle/dataGenerator.jl:78
┌ LogLevel(-2): 0%, Active workers: 40, Completed tasks: 0.
└ @ Main /work/vemundlu/FiberBundle/dataGenerator.jl:90
┌ LogLevel(-2): 1%, Active workers: 40, Completed tasks: 59.
└ @ Main /work/vemundlu/FiberBundle/dataGenerator.jl:90
┌ LogLevel(-2): 2%, Active workers: 40, Completed tasks: 142.
└ @ Main /work/vemundlu/FiberBundle/dataGenerator.jl:90
┌ LogLevel(-2): 3%, Active workers: 40, Completed tasks: 224.
└ @ Main /work/vemundlu/FiberBundle/dataGenerator.jl:90
┌ LogLevel(-2): 4%, Active workers: 40, Completed tasks: 301.
└ @ Main /work/vemundlu/FiberBundle/dataGenerator.jl:90
┌ LogLevel(-2): 5%, Active workers: 40, Completed tasks: 386.
└ @ Main /work/vemundlu/FiberBundle/dataGenerator.jl:90
┌ LogLevel(-2): 6%, Active workers: 40, Completed tasks: 464.
└ @ Main /work/vemundlu/FiberBundle/dataGenerator.jl:90
┌ LogLevel(-2): 7%, Active workers: 40, Completed tasks: 549.
└ @ Main /work/vemundlu/FiberBundle/dataGenerator.jl:90
┌ LogLevel(-2): 8%, Active workers: 40, Completed tasks: 630.
└ @ Main /work/vemundlu/FiberBundle/dataGenerator.jl:90
┌ LogLevel(-2): 9%, Active workers: 40, Completed tasks: 708.
└ @ Main /work/vemundlu/FiberBundle/dataGenerator.jl:90
┌ LogLevel(-2): 10%, Active workers: 40, Completed tasks: 786.
└ @ Main /work/vemundlu/FiberBundle/dataGenerator.jl:90
┌ LogLevel(-2): 11%, Active workers: 40, Completed tasks: 864.
└ @ Main /work/vemundlu/FiberBundle/dataGenerator.jl:90
┌ LogLevel(-2): 12%, Active workers: 40, Completed tasks: 948.
└ @ Main /work/vemundlu/FiberBundle/dataGenerator.jl:90
┌ LogLevel(-2): 13%, Active workers: 40, Completed tasks: 1030.
└ @ Main /work/vemundlu/FiberBundle/dataGenerator.jl:90
┌ LogLevel(-2): 14%, Active workers: 40, Completed tasks: 1113.
└ @ Main /work/vemundlu/FiberBundle/dataGenerator.jl:90
┌ LogLevel(-2): 15%, Active workers: 40, Completed tasks: 1192.
└ @ Main /work/vemundlu/FiberBundle/dataGenerator.jl:90
┌ LogLevel(-2): 16%, Active workers: 40, Completed tasks: 1271.
└ @ Main /work/vemundlu/FiberBundle/dataGenerator.jl:90
┌ LogLevel(-2): 17%, Active workers: 40, Completed tasks: 1354.
└ @ Main /work/vemundlu/FiberBundle/dataGenerator.jl:90
┌ LogLevel(-2): 18%, Active workers: 40, Completed tasks: 1434.
└ @ Main /work/vemundlu/FiberBundle/dataGenerator.jl:90
┌ LogLevel(-2): 19%, Active workers: 40, Completed tasks: 1517.
└ @ Main /work/vemundlu/FiberBundle/dataGenerator.jl:90
┌ LogLevel(-2): 20%, Active workers: 40, Completed tasks: 1597.
└ @ Main /work/vemundlu/FiberBundle/dataGenerator.jl:90
┌ LogLevel(-2): 21%, Active workers: 40, Completed tasks: 1675.
└ @ Main /work/vemundlu/FiberBundle/dataGenerator.jl:90
┌ LogLevel(-2): 22%, Active workers: 40, Completed tasks: 1758.
└ @ Main /work/vemundlu/FiberBundle/dataGenerator.jl:90
┌ LogLevel(-2): 23%, Active workers: 40, Completed tasks: 1840.
└ @ Main /work/vemundlu/FiberBundle/dataGenerator.jl:90
┌ LogLevel(-2): 24%, Active workers: 40, Completed tasks: 1922.
└ @ Main /work/vemundlu/FiberBundle/dataGenerator.jl:90
┌ LogLevel(-2): 25%, Active workers: 40, Completed tasks: 2004.
└ @ Main /work/vemundlu/FiberBundle/dataGenerator.jl:90
┌ LogLevel(-2): 26%, Active workers: 40, Completed tasks: 2085.
└ @ Main /work/vemundlu/FiberBundle/dataGenerator.jl:90
┌ LogLevel(-2): 27%, Active workers: 40, Completed tasks: 2163.
└ @ Main /work/vemundlu/FiberBundle/dataGenerator.jl:90
┌ LogLevel(-2): 28%, Active workers: 40, Completed tasks: 2246.
└ @ Main /work/vemundlu/FiberBundle/dataGenerator.jl:90
┌ LogLevel(-2): 29%, Active workers: 40, Completed tasks: 2328.
└ @ Main /work/vemundlu/FiberBundle/dataGenerator.jl:90
┌ LogLevel(-2): 30%, Active workers: 40, Completed tasks: 2406.
└ @ Main /work/vemundlu/FiberBundle/dataGenerator.jl:90
┌ LogLevel(-2): 31%, Active workers: 40, Completed tasks: 2488.
└ @ Main /work/vemundlu/FiberBundle/dataGenerator.jl:90
┌ LogLevel(-2): 32%, Active workers: 40, Completed tasks: 2575.
└ @ Main /work/vemundlu/FiberBundle/dataGenerator.jl:90
┌ LogLevel(-2): 33%, Active workers: 40, Completed tasks: 2649.
└ @ Main /work/vemundlu/FiberBundle/dataGenerator.jl:90
┌ LogLevel(-2): 34%, Active workers: 40, Completed tasks: 2732.
└ @ Main /work/vemundlu/FiberBundle/dataGenerator.jl:90
┌ LogLevel(-2): 35%, Active workers: 40, Completed tasks: 2812.
└ @ Main /work/vemundlu/FiberBundle/dataGenerator.jl:90
┌ LogLevel(-2): 36%, Active workers: 34, Completed tasks: 2892.
└ @ Main /work/vemundlu/FiberBundle/dataGenerator.jl:90
┌ LogLevel(-2): 37%, Active workers: 4, Completed tasks: 2994.
└ @ Main /work/vemundlu/FiberBundle/dataGenerator.jl:90
┌ LogLevel(-2): 100%, Active workers: 0, Completed tasks: 3000.
└ @ Main /work/vemundlu/FiberBundle/dataGenerator.jl:93
┌ LogLevel(-2): Done!
└ @ Main /work/vemundlu/FiberBundle/dataGenerator.jl:139
┌ LogLevel(-2): Calculating averages... 
└ @ Main /work/vemundlu/FiberBundle/dataGenerator.jl:142
┌ LogLevel(-2): Done!
└ @ Main /work/vemundlu/FiberBundle/dataGenerator.jl:144
┌ LogLevel(-2): Starting a=0.0 dist=Uniform L=128 nr=LLS t=0.38
└ @ Main /work/vemundlu/FiberBundle/dataGenerator.jl:152
┌ LogLevel(-2): Searching for loose files... 
└ @ Main /work/vemundlu/FiberBundle/support/dataManager.jl:238
┌ LogLevel(-2): Done!
└ @ Main /work/vemundlu/FiberBundle/support/dataManager.jl:258
┌ LogLevel(-2): 1000 files were found and skipped.
└ @ Main /work/vemundlu/FiberBundle/support/dataManager.jl:217
┌ LogLevel(-2): Running workers...
└ @ Main /work/vemundlu/FiberBundle/dataGenerator.jl:137
┌ LogLevel(-2): Starting work on a=0.0 dist=Uniform L=128 nr=LLS t=0.38
└ @ Main /work/vemundlu/FiberBundle/dataGenerator.jl:78
┌ LogLevel(-2): 0%, Active workers: 37, Completed tasks: 0.
└ @ Main /work/vemundlu/FiberBundle/dataGenerator.jl:90
┌ LogLevel(-2): 1%, Active workers: 40, Completed tasks: 161.
└ @ Main /work/vemundlu/FiberBundle/dataGenerator.jl:90
┌ LogLevel(-2): 2%, Active workers: 40, Completed tasks: 349.
└ @ Main /work/vemundlu/FiberBundle/dataGenerator.jl:90
┌ LogLevel(-2): 3%, Active workers: 40, Completed tasks: 534.
└ @ Main /work/vemundlu/FiberBundle/dataGenerator.jl:90
┌ LogLevel(-2): 4%, Active workers: 40, Completed tasks: 722.
└ @ Main /work/vemundlu/FiberBundle/dataGenerator.jl:90
┌ LogLevel(-2): 5%, Active workers: 40, Completed tasks: 903.
└ @ Main /work/vemundlu/FiberBundle/dataGenerator.jl:90
┌ LogLevel(-2): 6%, Active workers: 40, Completed tasks: 1079.
└ @ Main /work/vemundlu/FiberBundle/dataGenerator.jl:90
┌ LogLevel(-2): 7%, Active workers: 40, Completed tasks: 1260.
└ @ Main /work/vemundlu/FiberBundle/dataGenerator.jl:90
┌ LogLevel(-2): 8%, Active workers: 40, Completed tasks: 1435.
└ @ Main /work/vemundlu/FiberBundle/dataGenerator.jl:90
┌ LogLevel(-2): 9%, Active workers: 40, Completed tasks: 1619.
└ @ Main /work/vemundlu/FiberBundle/dataGenerator.jl:90
┌ LogLevel(-2): 10%, Active workers: 40, Completed tasks: 1803.
└ @ Main /work/vemundlu/FiberBundle/dataGenerator.jl:90
┌ LogLevel(-2): 11%, Active workers: 40, Completed tasks: 1990.
└ @ Main /work/vemundlu/FiberBundle/dataGenerator.jl:90
┌ LogLevel(-2): 12%, Active workers: 40, Completed tasks: 2159.
└ @ Main /work/vemundlu/FiberBundle/dataGenerator.jl:90
┌ LogLevel(-2): 13%, Active workers: 40, Completed tasks: 2350.
└ @ Main /work/vemundlu/FiberBundle/dataGenerator.jl:90
┌ LogLevel(-2): 14%, Active workers: 40, Completed tasks: 2535.
└ @ Main /work/vemundlu/FiberBundle/dataGenerator.jl:90
┌ LogLevel(-2): 15%, Active workers: 40, Completed tasks: 2716.
└ @ Main /work/vemundlu/FiberBundle/dataGenerator.jl:90
┌ LogLevel(-2): 16%, Active workers: 26, Completed tasks: 2914.
└ @ Main /work/vemundlu/FiberBundle/dataGenerator.jl:90
┌ LogLevel(-2): 100%, Active workers: 0, Completed tasks: 3000.
└ @ Main /work/vemundlu/FiberBundle/dataGenerator.jl:93
┌ LogLevel(-2): Done!
└ @ Main /work/vemundlu/FiberBundle/dataGenerator.jl:139
┌ LogLevel(-2): Calculating averages... 
└ @ Main /work/vemundlu/FiberBundle/dataGenerator.jl:142
┌ LogLevel(-2): Done!
└ @ Main /work/vemundlu/FiberBundle/dataGenerator.jl:144
┌ LogLevel(-2): Starting a=2.0 dist=Uniform L=128 nr=CLS t=0.4
└ @ Main /work/vemundlu/FiberBundle/dataGenerator.jl:152
┌ LogLevel(-2): Searching for loose files... 
└ @ Main /work/vemundlu/FiberBundle/support/dataManager.jl:238
┌ LogLevel(-2): Done!
└ @ Main /work/vemundlu/FiberBundle/support/dataManager.jl:258
┌ LogLevel(-2): All seeds already exist
└ @ Main /work/vemundlu/FiberBundle/support/dataManager.jl:223
┌ LogLevel(-2): Starting a=0.0 dist=Uniform L=128 nr=LLS t=0.4
└ @ Main /work/vemundlu/FiberBundle/dataGenerator.jl:152
┌ LogLevel(-2): Searching for loose files... 
└ @ Main /work/vemundlu/FiberBundle/support/dataManager.jl:238
┌ LogLevel(-2): Done!
└ @ Main /work/vemundlu/FiberBundle/support/dataManager.jl:258
┌ LogLevel(-2): All seeds already exist
└ @ Main /work/vemundlu/FiberBundle/support/dataManager.jl:223
┌ LogLevel(-2): Starting a=2.0 dist=Uniform L=128 nr=CLS t=0.5
└ @ Main /work/vemundlu/FiberBundle/dataGenerator.jl:152
┌ LogLevel(-2): Searching for loose files... 
└ @ Main /work/vemundlu/FiberBundle/support/dataManager.jl:238
┌ LogLevel(-2): Done!
└ @ Main /work/vemundlu/FiberBundle/support/dataManager.jl:258
┌ LogLevel(-2): All seeds already exist
└ @ Main /work/vemundlu/FiberBundle/support/dataManager.jl:223
┌ LogLevel(-2): Starting a=0.0 dist=Uniform L=128 nr=LLS t=0.5
└ @ Main /work/vemundlu/FiberBundle/dataGenerator.jl:152
┌ LogLevel(-2): Searching for loose files... 
└ @ Main /work/vemundlu/FiberBundle/support/dataManager.jl:238
┌ LogLevel(-2): Done!
└ @ Main /work/vemundlu/FiberBundle/support/dataManager.jl:258
┌ LogLevel(-2): All seeds already exist
└ @ Main /work/vemundlu/FiberBundle/support/dataManager.jl:223
┌ LogLevel(-2): Starting a=2.0 dist=Uniform L=128 nr=CLS t=0.6
└ @ Main /work/vemundlu/FiberBundle/dataGenerator.jl:152
┌ LogLevel(-2): Searching for loose files... 
└ @ Main /work/vemundlu/FiberBundle/support/dataManager.jl:238
┌ LogLevel(-2): Done!
└ @ Main /work/vemundlu/FiberBundle/support/dataManager.jl:258
┌ LogLevel(-2): All seeds already exist
└ @ Main /work/vemundlu/FiberBundle/support/dataManager.jl:223
┌ LogLevel(-2): Starting a=0.0 dist=Uniform L=128 nr=LLS t=0.6
└ @ Main /work/vemundlu/FiberBundle/dataGenerator.jl:152
┌ LogLevel(-2): Searching for loose files... 
└ @ Main /work/vemundlu/FiberBundle/support/dataManager.jl:238
┌ LogLevel(-2): Done!
└ @ Main /work/vemundlu/FiberBundle/support/dataManager.jl:258
┌ LogLevel(-2): All seeds already exist
└ @ Main /work/vemundlu/FiberBundle/support/dataManager.jl:223
┌ LogLevel(-2): Starting a=2.0 dist=Uniform L=128 nr=CLS t=0.7
└ @ Main /work/vemundlu/FiberBundle/dataGenerator.jl:152
┌ LogLevel(-2): Searching for loose files... 
└ @ Main /work/vemundlu/FiberBundle/support/dataManager.jl:238
┌ LogLevel(-2): Done!
└ @ Main /work/vemundlu/FiberBundle/support/dataManager.jl:258
┌ LogLevel(-2): All seeds already exist
└ @ Main /work/vemundlu/FiberBundle/support/dataManager.jl:223
┌ LogLevel(-2): Starting a=0.0 dist=Uniform L=128 nr=LLS t=0.7
└ @ Main /work/vemundlu/FiberBundle/dataGenerator.jl:152
┌ LogLevel(-2): Searching for loose files... 
└ @ Main /work/vemundlu/FiberBundle/support/dataManager.jl:238
┌ LogLevel(-2): Done!
└ @ Main /work/vemundlu/FiberBundle/support/dataManager.jl:258
┌ LogLevel(-2): All seeds already exist
└ @ Main /work/vemundlu/FiberBundle/support/dataManager.jl:223
┌ LogLevel(-2): Starting a=2.0 dist=Uniform L=128 nr=CLS t=0.8
└ @ Main /work/vemundlu/FiberBundle/dataGenerator.jl:152
┌ LogLevel(-2): Searching for loose files... 
└ @ Main /work/vemundlu/FiberBundle/support/dataManager.jl:238
┌ LogLevel(-2): Done!
└ @ Main /work/vemundlu/FiberBundle/support/dataManager.jl:258
┌ LogLevel(-2): All seeds already exist
└ @ Main /work/vemundlu/FiberBundle/support/dataManager.jl:223
┌ LogLevel(-2): Starting a=0.0 dist=Uniform L=128 nr=LLS t=0.8
└ @ Main /work/vemundlu/FiberBundle/dataGenerator.jl:152
┌ LogLevel(-2): Searching for loose files... 
└ @ Main /work/vemundlu/FiberBundle/support/dataManager.jl:238
┌ LogLevel(-2): Done!
└ @ Main /work/vemundlu/FiberBundle/support/dataManager.jl:258
┌ LogLevel(-2): All seeds already exist
└ @ Main /work/vemundlu/FiberBundle/support/dataManager.jl:223
┌ LogLevel(-2): Starting a=2.0 dist=Uniform L=128 nr=CLS t=0.9
└ @ Main /work/vemundlu/FiberBundle/dataGenerator.jl:152
┌ LogLevel(-2): Searching for loose files... 
└ @ Main /work/vemundlu/FiberBundle/support/dataManager.jl:238
┌ LogLevel(-2): Done!
└ @ Main /work/vemundlu/FiberBundle/support/dataManager.jl:258
┌ LogLevel(-2): All seeds already exist
└ @ Main /work/vemundlu/FiberBundle/support/dataManager.jl:223
┌ LogLevel(-2): Starting a=0.0 dist=Uniform L=128 nr=LLS t=0.9
└ @ Main /work/vemundlu/FiberBundle/dataGenerator.jl:152
┌ LogLevel(-2): Searching for loose files... 
└ @ Main /work/vemundlu/FiberBundle/support/dataManager.jl:238
┌ LogLevel(-2): Done!
└ @ Main /work/vemundlu/FiberBundle/support/dataManager.jl:258
┌ LogLevel(-2): All seeds already exist
└ @ Main /work/vemundlu/FiberBundle/support/dataManager.jl:223
31751.970567 seconds (16.89 G allocations: 1.020 TiB, 0.55% gc time, 0.05% compilation time)
┌ LogLevel(-1): Removing workers
└ @ Main /work/vemundlu/FiberBundle/generateData.jl:62
