┌ Warning: rmprocs: process 1 not removed
└ @ Distributed /buildworker/worker/package_linux64/build/usr/share/julia/stdlib/v1.7/Distributed/src/cluster.jl:1045
┌ LogLevel(-1): Starting 40 workers... 
└ @ Main /work/vemundlu/FiberBundle/generateData.jl:59
┌ LogLevel(-1): Running settings: 
│  Any[256], 
│  Any[0.26, 0.28, 0.3, 0.32, 0.34, 0.36, 0.38, 0.4], 
│  Any[2.0]
└ @ Main /work/vemundlu/FiberBundle/generateData.jl:63
┌ LogLevel(-2): 2023-01-04T09:24:55.849: Starting a=2.0 dist=Uniform L=256 nr=CLS t=0.26
└ @ Main /work/vemundlu/FiberBundle/dataGenerator.jl:161
┌ LogLevel(-2): Searching for loose files... 
└ @ Main /work/vemundlu/FiberBundle/support/dataManager.jl:267
┌ LogLevel(-2): Running workers...
└ @ Main /work/vemundlu/FiberBundle/dataGenerator.jl:146
┌ LogLevel(-2): Starting work on a=2.0 dist=Uniform L=256 nr=CLS t=0.26
└ @ Main /work/vemundlu/FiberBundle/dataGenerator.jl:86
┌ LogLevel(-2): 0%, Active workers: 40, Completed tasks: 0.
└ @ Main /work/vemundlu/FiberBundle/dataGenerator.jl:98
slurmstepd-compute-11: error: *** JOB 908596 ON compute-11 CANCELLED AT 2023-01-04T09:30:21 ***

signal (15): Terminated
in expression starting at /work/vemundlu/FiberBundle/generateData.jl:54
pthread_cond_wait at /lib/x86_64-linux-gnu/libpthread.so.0 (unknown line)
uv_cond_wait at /workspace/srcdir/libuv/src/unix/thread.c:847
jl_task_get_next at /buildworker/worker/package_linux64/build/src/partr.c:517
poptask at ./task.jl:827
wait at ./task.jl:836
task_done_hook at ./task.jl:544
_jl_invoke at /buildworker/worker/package_linux64/build/src/gf.c:2247 [inlined]
jl_apply_generic at /buildworker/worker/package_linux64/build/src/gf.c:2429
jl_apply at /buildworker/worker/package_linux64/build/src/julia.h:1788 [inlined]
jl_finish_task at /buildworker/worker/package_linux64/build/src/task.c:218
start_task at /buildworker/worker/package_linux64/build/src/task.c:888
unknown function (ip: (nil))
pthread_cond_wait at /lib/x86_64-linux-gnu/libpthread.so.0 (unknown line)
uv_cond_wait at /workspace/srcdir/libuv/src/unix/thread.c:847
jl_task_get_next at /buildworker/worker/package_linux64/build/src/partr.c:517
poptask at ./task.jl:827
wait at ./task.jl:836
task_done_hook at ./task.jl:544
_jl_invoke at /buildworker/worker/package_linux64/build/src/gf.c:2247 [inlined]
jl_apply_generic at /buildworker/worker/package_linux64/build/src/gf.c:2429
jl_apply at /buildworker/worker/package_linux64/build/src/julia.h:1788 [inlined]
jl_finish_task at /buildworker/worker/package_linux64/build/src/task.c:218
start_task at /buildworker/worker/package_linux64/build/src/task.c:888
unknown function (ip: (nil))
pthread_cond_wait at /lib/x86_64-linux-gnu/libpthread.so.0 (unknown line)
uv_cond_wait at /workspace/srcdir/libuv/src/unix/thread.c:847
jl_task_get_next at /buildworker/worker/package_linux64/build/src/partr.c:517
poptask at ./task.jl:827
wait at ./task.jl:836
task_done_hook at ./task.jl:544
_jl_invoke at /buildworker/worker/package_linux64/build/src/gf.c:2247 [inlined]
jl_apply_generic at /buildworker/worker/package_linux64/build/src/gf.c:2429
jl_apply at /buildworker/worker/package_linux64/build/src/julia.h:1788 [inlined]
jl_finish_task at /buildworker/worker/package_linux64/build/src/task.c:218
start_task at /buildworker/worker/package_linux64/build/src/task.c:888
unknown function (ip: (nil))
pthread_cond_wait at /lib/x86_64-linux-gnu/libpthread.so.0 (unknown line)
uv_cond_wait at /workspace/srcdir/libuv/src/unix/thread.c:847
jl_task_get_next at /buildworker/worker/package_linux64/build/src/partr.c:517
poptask at ./task.jl:827
wait at ./task.jl:836
task_done_hook at ./task.jl:544
_jl_invoke at /buildworker/worker/package_linux64/build/src/gf.c:2247 [inlined]
jl_apply_generic at /buildworker/worker/package_linux64/build/src/gf.c:2429
jl_apply at /buildworker/worker/package_linux64/build/src/julia.h:1788 [inlined]
jl_finish_task at /buildworker/worker/package_linux64/build/src/task.c:218
start_task at /buildworker/worker/package_linux64/build/src/task.c:888
unknown function (ip: (nil))
pthread_cond_wait at /lib/x86_64-linux-gnu/libpthread.so.0 (unknown line)
uv_cond_wait at /workspace/srcdir/libuv/src/unix/thread.c:847
jl_task_get_next at /buildworker/worker/package_linux64/build/src/partr.c:517
poptask at ./task.jl:827
wait at ./task.jl:836
task_done_hook at ./task.jl:544
_jl_invoke at /buildworker/worker/package_linux64/build/src/gf.c:2247 [inlined]
jl_apply_generic at /buildworker/worker/package_linux64/build/src/gf.c:2429
jl_apply at /buildworker/worker/package_linux64/build/src/julia.h:1788 [inlined]
jl_finish_task at /buildworker/worker/package_linux64/build/src/task.c:218
start_task at /buildworker/worker/package_linux64/build/src/task.c:888
unknown function (ip: (nil))
pthread_cond_wait at /lib/x86_64-linux-gnu/libpthread.so.0 (unknown line)
uv_cond_wait at /workspace/srcdir/libuv/src/unix/thread.c:847
jl_task_get_next at /buildworker/worker/package_linux64/build/src/partr.c:517
poptask at ./task.jl:827
wait at ./task.jl:836
task_done_hook at ./task.jl:544
_jl_invoke at /buildworker/worker/package_linux64/build/src/gf.c:2247 [inlined]
jl_apply_generic at /buildworker/worker/package_linux64/build/src/gf.c:2429
jl_apply at /buildworker/worker/package_linux64/build/src/julia.h:1788 [inlined]
jl_finish_task at /buildworker/worker/package_linux64/build/src/task.c:218
start_task at /buildworker/worker/package_linux64/build/src/task.c:888
unknown function (ip: (nil))
pthread_cond_wait at /lib/x86_64-linux-gnu/libpthread.so.0 (unknown line)
uv_cond_wait at /workspace/srcdir/libuv/src/unix/thread.c:847
jl_task_get_next at /buildworker/worker/package_linux64/build/src/partr.c:517
poptask at ./task.jl:827
wait at ./task.jl:836
task_done_hook at ./task.jl:544
_jl_invoke at /buildworker/worker/package_linux64/build/src/gf.c:2247 [inlined]
jl_apply_generic at /buildworker/worker/package_linux64/build/src/gf.c:2429
jl_apply at /buildworker/worker/package_linux64/build/src/julia.h:1788 [inlined]
jl_finish_task at /buildworker/worker/package_linux64/build/src/task.c:218
start_task at /buildworker/worker/package_linux64/build/src/task.c:888
unknown function (ip: (nil))
pthread_cond_wait at /lib/x86_64-linux-gnu/libpthread.so.0 (unknown line)
uv_cond_wait at /workspace/srcdir/libuv/src/unix/thread.c:847
jl_task_get_next at /buildworker/worker/package_linux64/build/src/partr.c:517
poptask at ./task.jl:827
wait at ./task.jl:836
task_done_hook at ./task.jl:544
_jl_invoke at /buildworker/worker/package_linux64/build/src/gf.c:2247 [inlined]
jl_apply_generic at /buildworker/worker/package_linux64/build/src/gf.c:2429
jl_apply at /buildworker/worker/package_linux64/build/src/julia.h:1788 [inlined]
jl_finish_task at /buildworker/worker/package_linux64/build/src/task.c:218
start_task at /buildworker/worker/package_linux64/build/src/task.c:888
unknown function (ip: (nil))
pthread_cond_wait at /lib/x86_64-linux-gnu/libpthread.so.0 (unknown line)
uv_cond_wait at /workspace/srcdir/libuv/src/unix/thread.c:847
jl_task_get_next at /buildworker/worker/package_linux64/build/src/partr.c:517
poptask at ./task.jl:827
wait at ./task.jl:836
task_done_hook at ./task.jl:544
_jl_invoke at /buildworker/worker/package_linux64/build/src/gf.c:2247 [inlined]
jl_apply_generic at /buildworker/worker/package_linux64/build/src/gf.c:2429
jl_apply at /buildworker/worker/package_linux64/build/src/julia.h:1788 [inlined]
jl_finish_task at /buildworker/worker/package_linux64/build/src/task.c:218
start_task at /buildworker/worker/package_linux64/build/src/task.c:888
unknown function (ip: (nil))
pthread_cond_wait at /lib/x86_64-linux-gnu/libpthread.so.0 (unknown line)
uv_cond_wait at /workspace/srcdir/libuv/src/unix/thread.c:847
jl_task_get_next at /buildworker/worker/package_linux64/build/src/partr.c:517
poptask at ./task.jl:827
wait at ./task.jl:836
task_done_hook at ./task.jl:544
_jl_invoke at /buildworker/worker/package_linux64/build/src/gf.c:2247 [inlined]
jl_apply_generic at /buildworker/worker/package_linux64/build/src/gf.c:2429
jl_apply at /buildworker/worker/package_linux64/build/src/julia.h:1788 [inlined]
jl_finish_task at /buildworker/worker/package_linux64/build/src/task.c:218
start_task at /buildworker/worker/package_linux64/build/src/task.c:888
unknown function (ip: (nil))
pthread_cond_wait at /lib/x86_64-linux-gnu/libpthread.so.0 (unknown line)
uv_cond_wait at /workspace/srcdir/libuv/src/unix/thread.c:847
jl_task_get_next at /buildworker/worker/package_linux64/build/src/partr.c:517
poptask at ./task.jl:827
wait at ./task.jl:836
task_done_hook at ./task.jl:544
_jl_invoke at /buildworker/worker/package_linux64/build/src/gf.c:2247 [inlined]
jl_apply_generic at /buildworker/worker/package_linux64/build/src/gf.c:2429
jl_apply at /buildworker/worker/package_linux64/build/src/julia.h:1788 [inlined]
jl_finish_task at /buildworker/worker/package_linux64/build/src/task.c:218
start_task at /buildworker/worker/package_linux64/build/src/task.c:888
unknown function (ip: (nil))
pthread_cond_wait at /lib/x86_64-linux-gnu/libpthread.so.0 (unknown line)
uv_cond_wait at /workspace/srcdir/libuv/src/unix/thread.c:847
jl_task_get_next at /buildworker/worker/package_linux64/build/src/partr.c:517
poptask at ./task.jl:827
wait at ./task.jl:836
task_done_hook at ./task.jl:544
_jl_invoke at /buildworker/worker/package_linux64/build/src/gf.c:2247 [inlined]
jl_apply_generic at /buildworker/worker/package_linux64/build/src/gf.c:2429
jl_apply at /buildworker/worker/package_linux64/build/src/julia.h:1788 [inlined]
jl_finish_task at /buildworker/worker/package_linux64/build/src/task.c:218
start_task at /buildworker/worker/package_linux64/build/src/task.c:888
unknown function (ip: (nil))
pthread_cond_wait at /lib/x86_64-linux-gnu/libpthread.so.0 (unknown line)
uv_cond_wait at /workspace/srcdir/libuv/src/unix/thread.c:847
jl_task_get_next at /buildworker/worker/package_linux64/build/src/partr.c:517
poptask at ./task.jl:827
wait at ./task.jl:836
task_done_hook at ./task.jl:544
_jl_invoke at /buildworker/worker/package_linux64/build/src/gf.c:2247 [inlined]
jl_apply_generic at /buildworker/worker/package_linux64/build/src/gf.c:2429
jl_apply at /buildworker/worker/package_linux64/build/src/julia.h:1788 [inlined]
jl_finish_task at /buildworker/worker/package_linux64/build/src/task.c:218
start_task at /buildworker/worker/package_linux64/build/src/task.c:888
unknown function (ip: (nil))
pthread_cond_wait at /lib/x86_64-linux-gnu/libpthread.so.0 (unknown line)
uv_cond_wait at /workspace/srcdir/libuv/src/unix/thread.c:847
jl_task_get_next at /buildworker/worker/package_linux64/build/src/partr.c:517
poptask at ./task.jl:827
wait at ./task.jl:836
task_done_hook at ./task.jl:544
_jl_invoke at /buildworker/worker/package_linux64/build/src/gf.c:2247 [inlined]
jl_apply_generic at /buildworker/worker/package_linux64/build/src/gf.c:2429
jl_apply at /buildworker/worker/package_linux64/build/src/julia.h:1788 [inlined]
jl_finish_task at /buildworker/worker/package_linux64/build/src/task.c:218
start_task at /buildworker/worker/package_linux64/build/src/task.c:888
unknown function (ip: (nil))
pthread_cond_wait at /lib/x86_64-linux-gnu/libpthread.so.0 (unknown line)
uv_cond_wait at /workspace/srcdir/libuv/src/unix/thread.c:847
jl_task_get_next at /buildworker/worker/package_linux64/build/src/partr.c:517
poptask at ./task.jl:827
wait at ./task.jl:836
task_done_hook at ./task.jl:544
_jl_invoke at /buildworker/worker/package_linux64/build/src/gf.c:2247 [inlined]
jl_apply_generic at /buildworker/worker/package_linux64/build/src/gf.c:2429
jl_apply at /buildworker/worker/package_linux64/build/src/julia.h:1788 [inlined]
jl_finish_task at /buildworker/worker/package_linux64/build/src/task.c:218
start_task at /buildworker/worker/package_linux64/build/src/task.c:888
unknown function (ip: (nil))
pthread_cond_wait at /lib/x86_64-linux-gnu/libpthread.so.0 (unknown line)
uv_cond_wait at /workspace/srcdir/libuv/src/unix/thread.c:847
jl_task_get_next at /buildworker/worker/package_linux64/build/src/partr.c:517
poptask at ./task.jl:827
wait at ./task.jl:836
