┌ Warning: rmprocs: process 1 not removed
└ @ Distributed /buildworker/worker/package_linux64/build/usr/share/julia/stdlib/v1.7/Distributed/src/cluster.jl:1045
┌ LogLevel(-1): Starting 50 workers... 
└ @ Main /work/vemundlu/FiberBundle/generateData.jl:62
┌ LogLevel(-1): Running settings: 
│  Any[128], 
│  Any[0.8], 
│  Any[2.0]
└ @ Main /work/vemundlu/FiberBundle/generateData.jl:66
┌ LogLevel(-2): 2023-04-11T20:08:17.145: Starting a=0.0 dist=ConstantAverageUniform L=128 nr=LLS t=0.8
└ @ Main /work/vemundlu/FiberBundle/dataGenerator.jl:155
┌ LogLevel(-2): Searching for loose files... 
└ @ Main /work/vemundlu/FiberBundle/support/dataManager.jl:278
┌ LogLevel(-2): Running workers...
└ @ Main /work/vemundlu/FiberBundle/dataGenerator.jl:140
┌ LogLevel(-2): Starting work on a=0.0 dist=ConstantAverageUniform L=128 nr=LLS t=0.8
└ @ Main /work/vemundlu/FiberBundle/dataGenerator.jl:80
┌ LogLevel(-2): 0%, Active workers: 50, Completed tasks: 0.
└ @ Main /work/vemundlu/FiberBundle/dataGenerator.jl:92
┌ LogLevel(-2): 1%, Active workers: 50, Completed tasks: 0.
└ @ Main /work/vemundlu/FiberBundle/dataGenerator.jl:92
┌ LogLevel(-2): 2%, Active workers: 50, Completed tasks: 50.
└ @ Main /work/vemundlu/FiberBundle/dataGenerator.jl:92
┌ LogLevel(-2): 3%, Active workers: 50, Completed tasks: 50.
└ @ Main /work/vemundlu/FiberBundle/dataGenerator.jl:92
┌ LogLevel(-2): 4%, Active workers: 50, Completed tasks: 100.
└ @ Main /work/vemundlu/FiberBundle/dataGenerator.jl:92
┌ LogLevel(-2): 5%, Active workers: 50, Completed tasks: 118.
└ @ Main /work/vemundlu/FiberBundle/dataGenerator.jl:92
┌ LogLevel(-2): 6%, Active workers: 50, Completed tasks: 150.
└ @ Main /work/vemundlu/FiberBundle/dataGenerator.jl:92
┌ LogLevel(-2): 7%, Active workers: 50, Completed tasks: 200.
└ @ Main /work/vemundlu/FiberBundle/dataGenerator.jl:92
┌ LogLevel(-2): 8%, Active workers: 50, Completed tasks: 204.
└ @ Main /work/vemundlu/FiberBundle/dataGenerator.jl:92
┌ LogLevel(-2): 9%, Active workers: 50, Completed tasks: 250.
└ @ Main /work/vemundlu/FiberBundle/dataGenerator.jl:92
┌ LogLevel(-2): 10%, Active workers: 50, Completed tasks: 267.
└ @ Main /work/vemundlu/FiberBundle/dataGenerator.jl:92
┌ LogLevel(-2): 11%, Active workers: 50, Completed tasks: 300.
└ @ Main /work/vemundlu/FiberBundle/dataGenerator.jl:92
┌ LogLevel(-2): 12%, Active workers: 50, Completed tasks: 350.
└ @ Main /work/vemundlu/FiberBundle/dataGenerator.jl:92
┌ LogLevel(-2): 13%, Active workers: 50, Completed tasks: 358.
└ @ Main /work/vemundlu/FiberBundle/dataGenerator.jl:92
┌ LogLevel(-2): 14%, Active workers: 50, Completed tasks: 400.
└ @ Main /work/vemundlu/FiberBundle/dataGenerator.jl:92
┌ LogLevel(-2): 15%, Active workers: 50, Completed tasks: 415.
└ @ Main /work/vemundlu/FiberBundle/dataGenerator.jl:92
┌ LogLevel(-2): 16%, Active workers: 50, Completed tasks: 450.
└ @ Main /work/vemundlu/FiberBundle/dataGenerator.jl:92
┌ LogLevel(-2): 17%, Active workers: 50, Completed tasks: 499.
└ @ Main /work/vemundlu/FiberBundle/dataGenerator.jl:92
┌ LogLevel(-2): 18%, Active workers: 50, Completed tasks: 514.
└ @ Main /work/vemundlu/FiberBundle/dataGenerator.jl:92
┌ LogLevel(-2): 19%, Active workers: 50, Completed tasks: 550.
└ @ Main /work/vemundlu/FiberBundle/dataGenerator.jl:92
┌ LogLevel(-2): 20%, Active workers: 50, Completed tasks: 565.
└ @ Main /work/vemundlu/FiberBundle/dataGenerator.jl:92
┌ LogLevel(-2): 21%, Active workers: 50, Completed tasks: 603.
└ @ Main /work/vemundlu/FiberBundle/dataGenerator.jl:92
┌ LogLevel(-2): 22%, Active workers: 50, Completed tasks: 644.
└ @ Main /work/vemundlu/FiberBundle/dataGenerator.jl:92
┌ LogLevel(-2): 23%, Active workers: 50, Completed tasks: 664.
└ @ Main /work/vemundlu/FiberBundle/dataGenerator.jl:92
┌ LogLevel(-2): 24%, Active workers: 50, Completed tasks: 700.
└ @ Main /work/vemundlu/FiberBundle/dataGenerator.jl:92
┌ LogLevel(-2): 25%, Active workers: 50, Completed tasks: 714.
└ @ Main /work/vemundlu/FiberBundle/dataGenerator.jl:92
┌ LogLevel(-2): 26%, Active workers: 50, Completed tasks: 761.
└ @ Main /work/vemundlu/FiberBundle/dataGenerator.jl:92
┌ LogLevel(-2): 27%, Active workers: 50, Completed tasks: 787.
└ @ Main /work/vemundlu/FiberBundle/dataGenerator.jl:92
┌ LogLevel(-2): 28%, Active workers: 50, Completed tasks: 814.
└ @ Main /work/vemundlu/FiberBundle/dataGenerator.jl:92
┌ LogLevel(-2): 29%, Active workers: 50, Completed tasks: 854.
└ @ Main /work/vemundlu/FiberBundle/dataGenerator.jl:92
┌ LogLevel(-2): 30%, Active workers: 50, Completed tasks: 864.
└ @ Main /work/vemundlu/FiberBundle/dataGenerator.jl:92
┌ LogLevel(-2): 31%, Active workers: 50, Completed tasks: 914.
└ @ Main /work/vemundlu/FiberBundle/dataGenerator.jl:92
┌ LogLevel(-2): 32%, Active workers: 50, Completed tasks: 927.
└ @ Main /work/vemundlu/FiberBundle/dataGenerator.jl:92
┌ LogLevel(-2): 33%, Active workers: 50, Completed tasks: 964.
└ @ Main /work/vemundlu/FiberBundle/dataGenerator.jl:92
┌ LogLevel(-2): 34%, Active workers: 50, Completed tasks: 1006.
└ @ Main /work/vemundlu/FiberBundle/dataGenerator.jl:92
┌ LogLevel(-2): 35%, Active workers: 50, Completed tasks: 1015.
└ @ Main /work/vemundlu/FiberBundle/dataGenerator.jl:92
┌ LogLevel(-2): 36%, Active workers: 50, Completed tasks: 1064.
└ @ Main /work/vemundlu/FiberBundle/dataGenerator.jl:92
┌ LogLevel(-2): 37%, Active workers: 50, Completed tasks: 1076.
└ @ Main /work/vemundlu/FiberBundle/dataGenerator.jl:92
┌ LogLevel(-2): 38%, Active workers: 50, Completed tasks: 1114.
└ @ Main /work/vemundlu/FiberBundle/dataGenerator.jl:92
┌ LogLevel(-2): 39%, Active workers: 50, Completed tasks: 1154.
└ @ Main /work/vemundlu/FiberBundle/dataGenerator.jl:92
┌ LogLevel(-2): 40%, Active workers: 50, Completed tasks: 1165.
└ @ Main /work/vemundlu/FiberBundle/dataGenerator.jl:92
┌ LogLevel(-2): 41%, Active workers: 50, Completed tasks: 1214.
└ @ Main /work/vemundlu/FiberBundle/dataGenerator.jl:92
┌ LogLevel(-2): 42%, Active workers: 50, Completed tasks: 1228.
└ @ Main /work/vemundlu/FiberBundle/dataGenerator.jl:92
┌ LogLevel(-2): 43%, Active workers: 50, Completed tasks: 1264.
└ @ Main /work/vemundlu/FiberBundle/dataGenerator.jl:92
┌ LogLevel(-2): 44%, Active workers: 50, Completed tasks: 1302.
└ @ Main /work/vemundlu/FiberBundle/dataGenerator.jl:92
┌ LogLevel(-2): 45%, Active workers: 50, Completed tasks: 1319.
└ @ Main /work/vemundlu/FiberBundle/dataGenerator.jl:92
┌ LogLevel(-2): 46%, Active workers: 50, Completed tasks: 1364.
└ @ Main /work/vemundlu/FiberBundle/dataGenerator.jl:92
┌ LogLevel(-2): 47%, Active workers: 50, Completed tasks: 1378.
└ @ Main /work/vemundlu/FiberBundle/dataGenerator.jl:92
┌ LogLevel(-2): 48%, Active workers: 50, Completed tasks: 1416.
└ @ Main /work/vemundlu/FiberBundle/dataGenerator.jl:92
┌ LogLevel(-2): 49%, Active workers: 50, Completed tasks: 1449.
└ @ Main /work/vemundlu/FiberBundle/dataGenerator.jl:92
┌ LogLevel(-2): 50%, Active workers: 50, Completed tasks: 1470.
└ @ Main /work/vemundlu/FiberBundle/dataGenerator.jl:92
┌ LogLevel(-2): 51%, Active workers: 50, Completed tasks: 1511.
└ @ Main /work/vemundlu/FiberBundle/dataGenerator.jl:92
┌ LogLevel(-2): 52%, Active workers: 50, Completed tasks: 1527.
└ @ Main /work/vemundlu/FiberBundle/dataGenerator.jl:92
┌ LogLevel(-2): 53%, Active workers: 50, Completed tasks: 1569.
└ @ Main /work/vemundlu/FiberBundle/dataGenerator.jl:92
┌ LogLevel(-2): 54%, Active workers: 50, Completed tasks: 1596.
└ @ Main /work/vemundlu/FiberBundle/dataGenerator.jl:92
┌ LogLevel(-2): 55%, Active workers: 50, Completed tasks: 1622.
└ @ Main /work/vemundlu/FiberBundle/dataGenerator.jl:92
┌ LogLevel(-2): 56%, Active workers: 50, Completed tasks: 1660.
└ @ Main /work/vemundlu/FiberBundle/dataGenerator.jl:92
┌ LogLevel(-2): 57%, Active workers: 50, Completed tasks: 1680.
└ @ Main /work/vemundlu/FiberBundle/dataGenerator.jl:92
┌ LogLevel(-2): 58%, Active workers: 50, Completed tasks: 1719.
└ @ Main /work/vemundlu/FiberBundle/dataGenerator.jl:92
┌ LogLevel(-2): 59%, Active workers: 50, Completed tasks: 1746.
└ @ Main /work/vemundlu/FiberBundle/dataGenerator.jl:92
┌ LogLevel(-2): 60%, Active workers: 50, Completed tasks: 1773.
└ @ Main /work/vemundlu/FiberBundle/dataGenerator.jl:92
┌ LogLevel(-2): 61%, Active workers: 50, Completed tasks: 1807.
└ @ Main /work/vemundlu/FiberBundle/dataGenerator.jl:92
┌ LogLevel(-2): 62%, Active workers: 50, Completed tasks: 1830.
└ @ Main /work/vemundlu/FiberBundle/dataGenerator.jl:92
┌ LogLevel(-2): 63%, Active workers: 50, Completed tasks: 1868.
└ @ Main /work/vemundlu/FiberBundle/dataGenerator.jl:92
┌ LogLevel(-2): 64%, Active workers: 50, Completed tasks: 1894.
└ @ Main /work/vemundlu/FiberBundle/dataGenerator.jl:92
┌ LogLevel(-2): 65%, Active workers: 50, Completed tasks: 1924.
└ @ Main /work/vemundlu/FiberBundle/dataGenerator.jl:92
┌ LogLevel(-2): 66%, Active workers: 50, Completed tasks: 1956.
└ @ Main /work/vemundlu/FiberBundle/dataGenerator.jl:92
┌ LogLevel(-2): 67%, Active workers: 50, Completed tasks: 1980.
└ @ Main /work/vemundlu/FiberBundle/dataGenerator.jl:92
┌ LogLevel(-2): 68%, Active workers: 50, Completed tasks: 2019.
└ @ Main /work/vemundlu/FiberBundle/dataGenerator.jl:92
┌ LogLevel(-2): 69%, Active workers: 50, Completed tasks: 2048.
└ @ Main /work/vemundlu/FiberBundle/dataGenerator.jl:92
┌ LogLevel(-2): 70%, Active workers: 50, Completed tasks: 2076.
└ @ Main /work/vemundlu/FiberBundle/dataGenerator.jl:92
┌ LogLevel(-2): 71%, Active workers: 50, Completed tasks: 2103.
└ @ Main /work/vemundlu/FiberBundle/dataGenerator.jl:92
┌ LogLevel(-2): 72%, Active workers: 50, Completed tasks: 2132.
└ @ Main /work/vemundlu/FiberBundle/dataGenerator.jl:92
┌ LogLevel(-2): 73%, Active workers: 50, Completed tasks: 2165.
└ @ Main /work/vemundlu/FiberBundle/dataGenerator.jl:92
┌ LogLevel(-2): 74%, Active workers: 50, Completed tasks: 2196.
└ @ Main /work/vemundlu/FiberBundle/dataGenerator.jl:92
┌ LogLevel(-2): 75%, Active workers: 50, Completed tasks: 2227.
└ @ Main /work/vemundlu/FiberBundle/dataGenerator.jl:92
┌ LogLevel(-2): 76%, Active workers: 50, Completed tasks: 2254.
└ @ Main /work/vemundlu/FiberBundle/dataGenerator.jl:92
┌ LogLevel(-2): 77%, Active workers: 50, Completed tasks: 2284.
└ @ Main /work/vemundlu/FiberBundle/dataGenerator.jl:92
┌ LogLevel(-2): 78%, Active workers: 50, Completed tasks: 2313.
└ @ Main /work/vemundlu/FiberBundle/dataGenerator.jl:92
┌ LogLevel(-2): 79%, Active workers: 50, Completed tasks: 2346.
└ @ Main /work/vemundlu/FiberBundle/dataGenerator.jl:92
┌ LogLevel(-2): 80%, Active workers: 50, Completed tasks: 2376.
└ @ Main /work/vemundlu/FiberBundle/dataGenerator.jl:92
┌ LogLevel(-2): 81%, Active workers: 50, Completed tasks: 2405.
└ @ Main /work/vemundlu/FiberBundle/dataGenerator.jl:92
┌ LogLevel(-2): 82%, Active workers: 50, Completed tasks: 2436.
└ @ Main /work/vemundlu/FiberBundle/dataGenerator.jl:92
┌ LogLevel(-2): 83%, Active workers: 50, Completed tasks: 2462.
└ @ Main /work/vemundlu/FiberBundle/dataGenerator.jl:92
┌ LogLevel(-2): 84%, Active workers: 50, Completed tasks: 2496.
└ @ Main /work/vemundlu/FiberBundle/dataGenerator.jl:92
┌ LogLevel(-2): 85%, Active workers: 50, Completed tasks: 2527.
└ @ Main /work/vemundlu/FiberBundle/dataGenerator.jl:92
┌ LogLevel(-2): 86%, Active workers: 50, Completed tasks: 2554.
└ @ Main /work/vemundlu/FiberBundle/dataGenerator.jl:92
┌ LogLevel(-2): 87%, Active workers: 50, Completed tasks: 2588.
└ @ Main /work/vemundlu/FiberBundle/dataGenerator.jl:92
┌ LogLevel(-2): 88%, Active workers: 50, Completed tasks: 2613.
└ @ Main /work/vemundlu/FiberBundle/dataGenerator.jl:92
┌ LogLevel(-2): 89%, Active workers: 50, Completed tasks: 2645.
└ @ Main /work/vemundlu/FiberBundle/dataGenerator.jl:92
┌ LogLevel(-2): 90%, Active workers: 50, Completed tasks: 2675.
└ @ Main /work/vemundlu/FiberBundle/dataGenerator.jl:92
┌ LogLevel(-2): 91%, Active workers: 50, Completed tasks: 2705.
└ @ Main /work/vemundlu/FiberBundle/dataGenerator.jl:92
┌ LogLevel(-2): 92%, Active workers: 50, Completed tasks: 2737.
└ @ Main /work/vemundlu/FiberBundle/dataGenerator.jl:92
┌ LogLevel(-2): 93%, Active workers: 50, Completed tasks: 2767.
└ @ Main /work/vemundlu/FiberBundle/dataGenerator.jl:92
┌ LogLevel(-2): 94%, Active workers: 50, Completed tasks: 2794.
└ @ Main /work/vemundlu/FiberBundle/dataGenerator.jl:92
┌ LogLevel(-2): 95%, Active workers: 50, Completed tasks: 2825.
└ @ Main /work/vemundlu/FiberBundle/dataGenerator.jl:92
┌ LogLevel(-2): 96%, Active workers: 50, Completed tasks: 2855.
└ @ Main /work/vemundlu/FiberBundle/dataGenerator.jl:92
┌ LogLevel(-2): 97%, Active workers: 45, Completed tasks: 2887.
└ @ Main /work/vemundlu/FiberBundle/dataGenerator.jl:92
┌ LogLevel(-2): 98%, Active workers: 37, Completed tasks: 2920.
└ @ Main /work/vemundlu/FiberBundle/dataGenerator.jl:92
┌ LogLevel(-2): 99%, Active workers: 33, Completed tasks: 2952.
└ @ Main /work/vemundlu/FiberBundle/dataGenerator.jl:92
┌ LogLevel(-2): 100%, Active workers: 0, Completed tasks: 3000.
└ @ Main /work/vemundlu/FiberBundle/dataGenerator.jl:96
┌ LogLevel(-2): Done!
└ @ Main /work/vemundlu/FiberBundle/dataGenerator.jl:142
┌ LogLevel(-2): Calculating averages... 
└ @ Main /work/vemundlu/FiberBundle/dataGenerator.jl:145
┌ LogLevel(-2): Done!
└ @ Main /work/vemundlu/FiberBundle/dataGenerator.jl:147
┌ LogLevel(-2): 2023-04-11T22:21:09.343: Starting a=2.0 dist=ConstantAverageUniform L=128 nr=CLS t=0.8
└ @ Main /work/vemundlu/FiberBundle/dataGenerator.jl:155
┌ LogLevel(-2): Searching for loose files... 
└ @ Main /work/vemundlu/FiberBundle/support/dataManager.jl:278
┌ LogLevel(-2): Running workers...
└ @ Main /work/vemundlu/FiberBundle/dataGenerator.jl:140
┌ LogLevel(-2): Starting work on a=2.0 dist=ConstantAverageUniform L=128 nr=CLS t=0.8
└ @ Main /work/vemundlu/FiberBundle/dataGenerator.jl:80
┌ LogLevel(-2): 0%, Active workers: 9, Completed tasks: 0.
└ @ Main /work/vemundlu/FiberBundle/dataGenerator.jl:92
┌ LogLevel(-2): 1%, Active workers: 50, Completed tasks: 0.
└ @ Main /work/vemundlu/FiberBundle/dataGenerator.jl:92
┌ LogLevel(-2): 2%, Active workers: 50, Completed tasks: 50.
└ @ Main /work/vemundlu/FiberBundle/dataGenerator.jl:92
┌ LogLevel(-2): 3%, Active workers: 50, Completed tasks: 50.
└ @ Main /work/vemundlu/FiberBundle/dataGenerator.jl:92
┌ LogLevel(-2): 4%, Active workers: 50, Completed tasks: 100.
└ @ Main /work/vemundlu/FiberBundle/dataGenerator.jl:92
┌ LogLevel(-2): 5%, Active workers: 50, Completed tasks: 125.
└ @ Main /work/vemundlu/FiberBundle/dataGenerator.jl:92
┌ LogLevel(-2): 6%, Active workers: 50, Completed tasks: 150.
└ @ Main /work/vemundlu/FiberBundle/dataGenerator.jl:92
┌ LogLevel(-2): 7%, Active workers: 50, Completed tasks: 200.
└ @ Main /work/vemundlu/FiberBundle/dataGenerator.jl:92
┌ LogLevel(-2): 8%, Active workers: 50, Completed tasks: 200.
└ @ Main /work/vemundlu/FiberBundle/dataGenerator.jl:92
┌ LogLevel(-2): 9%, Active workers: 50, Completed tasks: 250.
└ @ Main /work/vemundlu/FiberBundle/dataGenerator.jl:92
┌ LogLevel(-2): 10%, Active workers: 50, Completed tasks: 278.
└ @ Main /work/vemundlu/FiberBundle/dataGenerator.jl:92
┌ LogLevel(-2): 11%, Active workers: 50, Completed tasks: 300.
└ @ Main /work/vemundlu/FiberBundle/dataGenerator.jl:92
┌ LogLevel(-2): 12%, Active workers: 50, Completed tasks: 350.
└ @ Main /work/vemundlu/FiberBundle/dataGenerator.jl:92
┌ LogLevel(-2): 13%, Active workers: 50, Completed tasks: 350.
└ @ Main /work/vemundlu/FiberBundle/dataGenerator.jl:92
┌ LogLevel(-2): 14%, Active workers: 50, Completed tasks: 400.
└ @ Main /work/vemundlu/FiberBundle/dataGenerator.jl:92
┌ LogLevel(-2): 15%, Active workers: 50, Completed tasks: 426.
└ @ Main /work/vemundlu/FiberBundle/dataGenerator.jl:92
┌ LogLevel(-2): 16%, Active workers: 50, Completed tasks: 450.
└ @ Main /work/vemundlu/FiberBundle/dataGenerator.jl:92
┌ LogLevel(-2): 17%, Active workers: 50, Completed tasks: 494.
└ @ Main /work/vemundlu/FiberBundle/dataGenerator.jl:92
┌ LogLevel(-2): 18%, Active workers: 50, Completed tasks: 508.
└ @ Main /work/vemundlu/FiberBundle/dataGenerator.jl:92
┌ LogLevel(-2): 19%, Active workers: 50, Completed tasks: 550.
└ @ Main /work/vemundlu/FiberBundle/dataGenerator.jl:92
┌ LogLevel(-2): 20%, Active workers: 50, Completed tasks: 575.
└ @ Main /work/vemundlu/FiberBundle/dataGenerator.jl:92
┌ LogLevel(-2): 21%, Active workers: 50, Completed tasks: 600.
└ @ Main /work/vemundlu/FiberBundle/dataGenerator.jl:92
┌ LogLevel(-2): 22%, Active workers: 50, Completed tasks: 637.
└ @ Main /work/vemundlu/FiberBundle/dataGenerator.jl:92
┌ LogLevel(-2): 23%, Active workers: 50, Completed tasks: 662.
└ @ Main /work/vemundlu/FiberBundle/dataGenerator.jl:92
┌ LogLevel(-2): 24%, Active workers: 50, Completed tasks: 700.
└ @ Main /work/vemundlu/FiberBundle/dataGenerator.jl:92
┌ LogLevel(-2): 25%, Active workers: 50, Completed tasks: 725.
└ @ Main /work/vemundlu/FiberBundle/dataGenerator.jl:92
┌ LogLevel(-2): 26%, Active workers: 50, Completed tasks: 750.
└ @ Main /work/vemundlu/FiberBundle/dataGenerator.jl:92
┌ LogLevel(-2): 27%, Active workers: 50, Completed tasks: 783.
└ @ Main /work/vemundlu/FiberBundle/dataGenerator.jl:92
┌ LogLevel(-2): 28%, Active workers: 50, Completed tasks: 815.
└ @ Main /work/vemundlu/FiberBundle/dataGenerator.jl:92
┌ LogLevel(-2): 29%, Active workers: 50, Completed tasks: 850.
└ @ Main /work/vemundlu/FiberBundle/dataGenerator.jl:92
┌ LogLevel(-2): 30%, Active workers: 50, Completed tasks: 875.
└ @ Main /work/vemundlu/FiberBundle/dataGenerator.jl:92
┌ LogLevel(-2): 31%, Active workers: 50, Completed tasks: 903.
└ @ Main /work/vemundlu/FiberBundle/dataGenerator.jl:92
┌ LogLevel(-2): 32%, Active workers: 50, Completed tasks: 933.
└ @ Main /work/vemundlu/FiberBundle/dataGenerator.jl:92
┌ LogLevel(-2): 33%, Active workers: 50, Completed tasks: 968.
└ @ Main /work/vemundlu/FiberBundle/dataGenerator.jl:92
┌ LogLevel(-2): 34%, Active workers: 50, Completed tasks: 994.
└ @ Main /work/vemundlu/FiberBundle/dataGenerator.jl:92
┌ LogLevel(-2): 35%, Active workers: 50, Completed tasks: 1026.
└ @ Main /work/vemundlu/FiberBundle/dataGenerator.jl:92
┌ LogLevel(-2): 36%, Active workers: 50, Completed tasks: 1056.
└ @ Main /work/vemundlu/FiberBundle/dataGenerator.jl:92
┌ LogLevel(-2): 37%, Active workers: 50, Completed tasks: 1083.
└ @ Main /work/vemundlu/FiberBundle/dataGenerator.jl:92
┌ LogLevel(-2): 38%, Active workers: 50, Completed tasks: 1118.
└ @ Main /work/vemundlu/FiberBundle/dataGenerator.jl:92
┌ LogLevel(-2): 39%, Active workers: 50, Completed tasks: 1140.
└ @ Main /work/vemundlu/FiberBundle/dataGenerator.jl:92
┌ LogLevel(-2): 40%, Active workers: 50, Completed tasks: 1176.
└ @ Main /work/vemundlu/FiberBundle/dataGenerator.jl:92
┌ LogLevel(-2): 41%, Active workers: 50, Completed tasks: 1208.
└ @ Main /work/vemundlu/FiberBundle/dataGenerator.jl:92
┌ LogLevel(-2): 42%, Active workers: 50, Completed tasks: 1233.
└ @ Main /work/vemundlu/FiberBundle/dataGenerator.jl:92
┌ LogLevel(-2): 43%, Active workers: 50, Completed tasks: 1269.
└ @ Main /work/vemundlu/FiberBundle/dataGenerator.jl:92
┌ LogLevel(-2): 44%, Active workers: 50, Completed tasks: 1288.
└ @ Main /work/vemundlu/FiberBundle/dataGenerator.jl:92
┌ LogLevel(-2): 45%, Active workers: 50, Completed tasks: 1326.
└ @ Main /work/vemundlu/FiberBundle/dataGenerator.jl:92
┌ LogLevel(-2): 46%, Active workers: 50, Completed tasks: 1357.
└ @ Main /work/vemundlu/FiberBundle/dataGenerator.jl:92
┌ LogLevel(-2): 47%, Active workers: 50, Completed tasks: 1383.
└ @ Main /work/vemundlu/FiberBundle/dataGenerator.jl:92
┌ LogLevel(-2): 48%, Active workers: 50, Completed tasks: 1419.
└ @ Main /work/vemundlu/FiberBundle/dataGenerator.jl:92
┌ LogLevel(-2): 49%, Active workers: 50, Completed tasks: 1438.
└ @ Main /work/vemundlu/FiberBundle/dataGenerator.jl:92
┌ LogLevel(-2): 50%, Active workers: 50, Completed tasks: 1476.
└ @ Main /work/vemundlu/FiberBundle/dataGenerator.jl:92
┌ LogLevel(-2): 51%, Active workers: 50, Completed tasks: 1508.
└ @ Main /work/vemundlu/FiberBundle/dataGenerator.jl:92
┌ LogLevel(-2): 52%, Active workers: 50, Completed tasks: 1532.
└ @ Main /work/vemundlu/FiberBundle/dataGenerator.jl:92
┌ LogLevel(-2): 53%, Active workers: 50, Completed tasks: 1569.
└ @ Main /work/vemundlu/FiberBundle/dataGenerator.jl:92
┌ LogLevel(-2): 54%, Active workers: 50, Completed tasks: 1590.
└ @ Main /work/vemundlu/FiberBundle/dataGenerator.jl:92
┌ LogLevel(-2): 55%, Active workers: 50, Completed tasks: 1626.
└ @ Main /work/vemundlu/FiberBundle/dataGenerator.jl:92
┌ LogLevel(-2): 56%, Active workers: 50, Completed tasks: 1657.
└ @ Main /work/vemundlu/FiberBundle/dataGenerator.jl:92
┌ LogLevel(-2): 57%, Active workers: 50, Completed tasks: 1685.
└ @ Main /work/vemundlu/FiberBundle/dataGenerator.jl:92
┌ LogLevel(-2): 58%, Active workers: 50, Completed tasks: 1718.
└ @ Main /work/vemundlu/FiberBundle/dataGenerator.jl:92
┌ LogLevel(-2): 59%, Active workers: 50, Completed tasks: 1740.
└ @ Main /work/vemundlu/FiberBundle/dataGenerator.jl:92
┌ LogLevel(-2): 60%, Active workers: 50, Completed tasks: 1776.
└ @ Main /work/vemundlu/FiberBundle/dataGenerator.jl:92
┌ LogLevel(-2): 61%, Active workers: 50, Completed tasks: 1806.
└ @ Main /work/vemundlu/FiberBundle/dataGenerator.jl:92
┌ LogLevel(-2): 62%, Active workers: 50, Completed tasks: 1835.
└ @ Main /work/vemundlu/FiberBundle/dataGenerator.jl:92
┌ LogLevel(-2): 63%, Active workers: 50, Completed tasks: 1866.
└ @ Main /work/vemundlu/FiberBundle/dataGenerator.jl:92
┌ LogLevel(-2): 64%, Active workers: 50, Completed tasks: 1893.
└ @ Main /work/vemundlu/FiberBundle/dataGenerator.jl:92
┌ LogLevel(-2): 65%, Active workers: 50, Completed tasks: 1927.
└ @ Main /work/vemundlu/FiberBundle/dataGenerator.jl:92
┌ LogLevel(-2): 66%, Active workers: 50, Completed tasks: 1954.
└ @ Main /work/vemundlu/FiberBundle/dataGenerator.jl:92
┌ LogLevel(-2): 67%, Active workers: 50, Completed tasks: 1988.
└ @ Main /work/vemundlu/FiberBundle/dataGenerator.jl:92
┌ LogLevel(-2): 68%, Active workers: 50, Completed tasks: 2014.
└ @ Main /work/vemundlu/FiberBundle/dataGenerator.jl:92
┌ LogLevel(-2): 69%, Active workers: 50, Completed tasks: 2044.
└ @ Main /work/vemundlu/FiberBundle/dataGenerator.jl:92
┌ LogLevel(-2): 70%, Active workers: 50, Completed tasks: 2074.
└ @ Main /work/vemundlu/FiberBundle/dataGenerator.jl:92
┌ LogLevel(-2): 71%, Active workers: 50, Completed tasks: 2103.
└ @ Main /work/vemundlu/FiberBundle/dataGenerator.jl:92
┌ LogLevel(-2): 72%, Active workers: 50, Completed tasks: 2139.
└ @ Main /work/vemundlu/FiberBundle/dataGenerator.jl:92
┌ LogLevel(-2): 73%, Active workers: 50, Completed tasks: 2162.
└ @ Main /work/vemundlu/FiberBundle/dataGenerator.jl:92
┌ LogLevel(-2): 74%, Active workers: 50, Completed tasks: 2196.
└ @ Main /work/vemundlu/FiberBundle/dataGenerator.jl:92
┌ LogLevel(-2): 75%, Active workers: 50, Completed tasks: 2225.
└ @ Main /work/vemundlu/FiberBundle/dataGenerator.jl:92
┌ LogLevel(-2): 76%, Active workers: 50, Completed tasks: 2253.
└ @ Main /work/vemundlu/FiberBundle/dataGenerator.jl:92
┌ LogLevel(-2): 77%, Active workers: 50, Completed tasks: 2290.
└ @ Main /work/vemundlu/FiberBundle/dataGenerator.jl:92
┌ LogLevel(-2): 78%, Active workers: 50, Completed tasks: 2311.
└ @ Main /work/vemundlu/FiberBundle/dataGenerator.jl:92
┌ LogLevel(-2): 79%, Active workers: 50, Completed tasks: 2348.
└ @ Main /work/vemundlu/FiberBundle/dataGenerator.jl:92
┌ LogLevel(-2): 80%, Active workers: 50, Completed tasks: 2374.
└ @ Main /work/vemundlu/FiberBundle/dataGenerator.jl:92
┌ LogLevel(-2): 81%, Active workers: 50, Completed tasks: 2404.
└ @ Main /work/vemundlu/FiberBundle/dataGenerator.jl:92
┌ LogLevel(-2): 82%, Active workers: 50, Completed tasks: 2440.
└ @ Main /work/vemundlu/FiberBundle/dataGenerator.jl:92
┌ LogLevel(-2): 83%, Active workers: 50, Completed tasks: 2459.
└ @ Main /work/vemundlu/FiberBundle/dataGenerator.jl:92
┌ LogLevel(-2): 84%, Active workers: 50, Completed tasks: 2499.
└ @ Main /work/vemundlu/FiberBundle/dataGenerator.jl:92
┌ LogLevel(-2): 85%, Active workers: 50, Completed tasks: 2525.
└ @ Main /work/vemundlu/FiberBundle/dataGenerator.jl:92
┌ LogLevel(-2): 86%, Active workers: 50, Completed tasks: 2554.
└ @ Main /work/vemundlu/FiberBundle/dataGenerator.jl:92
┌ LogLevel(-2): 87%, Active workers: 50, Completed tasks: 2588.
└ @ Main /work/vemundlu/FiberBundle/dataGenerator.jl:92
┌ LogLevel(-2): 88%, Active workers: 50, Completed tasks: 2609.
└ @ Main /work/vemundlu/FiberBundle/dataGenerator.jl:92
┌ LogLevel(-2): 89%, Active workers: 50, Completed tasks: 2650.
└ @ Main /work/vemundlu/FiberBundle/dataGenerator.jl:92
┌ LogLevel(-2): 90%, Active workers: 50, Completed tasks: 2674.
└ @ Main /work/vemundlu/FiberBundle/dataGenerator.jl:92
┌ LogLevel(-2): 91%, Active workers: 50, Completed tasks: 2704.
└ @ Main /work/vemundlu/FiberBundle/dataGenerator.jl:92
┌ LogLevel(-2): 92%, Active workers: 50, Completed tasks: 2735.
└ @ Main /work/vemundlu/FiberBundle/dataGenerator.jl:92
┌ LogLevel(-2): 93%, Active workers: 50, Completed tasks: 2760.
└ @ Main /work/vemundlu/FiberBundle/dataGenerator.jl:92
┌ LogLevel(-2): 94%, Active workers: 50, Completed tasks: 2800.
└ @ Main /work/vemundlu/FiberBundle/dataGenerator.jl:92
┌ LogLevel(-2): 95%, Active workers: 50, Completed tasks: 2827.
└ @ Main /work/vemundlu/FiberBundle/dataGenerator.jl:92
┌ LogLevel(-2): 96%, Active workers: 50, Completed tasks: 2854.
└ @ Main /work/vemundlu/FiberBundle/dataGenerator.jl:92
┌ LogLevel(-2): 97%, Active workers: 50, Completed tasks: 2885.
└ @ Main /work/vemundlu/FiberBundle/dataGenerator.jl:92
┌ LogLevel(-2): 98%, Active workers: 48, Completed tasks: 2909.
└ @ Main /work/vemundlu/FiberBundle/dataGenerator.jl:92
┌ LogLevel(-2): 99%, Active workers: 31, Completed tasks: 2954.
└ @ Main /work/vemundlu/FiberBundle/dataGenerator.jl:92
┌ LogLevel(-2): 100%, Active workers: 0, Completed tasks: 3000.
└ @ Main /work/vemundlu/FiberBundle/dataGenerator.jl:96
┌ LogLevel(-2): Done!
└ @ Main /work/vemundlu/FiberBundle/dataGenerator.jl:142
┌ LogLevel(-2): Calculating averages... 
└ @ Main /work/vemundlu/FiberBundle/dataGenerator.jl:145
┌ LogLevel(-2): Done!
└ @ Main /work/vemundlu/FiberBundle/dataGenerator.jl:147
16073.295121 seconds (7.54 G allocations: 334.567 GiB, 0.53% gc time, 0.07% compilation time)
┌ LogLevel(-1): Removing workers
└ @ Main /work/vemundlu/FiberBundle/generateData.jl:68
