┌ Warning: rmprocs: process 1 not removed
└ @ Distributed /buildworker/worker/package_linux64/build/usr/share/julia/stdlib/v1.7/Distributed/src/cluster.jl:1045
┌ LogLevel(-1): Starting 50 workers... 
└ @ Main /work/vemundlu/FiberBundle/generateData.jl:62
┌ LogLevel(-1): Running settings: 
│  Any[128], 
│  Any[0.14], 
│  Any[2.0]
└ @ Main /work/vemundlu/FiberBundle/generateData.jl:66
┌ LogLevel(-2): 2023-03-04T01:32:06.234: Starting a=0.0 dist=ConstantAverageUniform L=128 nr=LLS t=0.14
└ @ Main /work/vemundlu/FiberBundle/dataGenerator.jl:155
┌ LogLevel(-2): Searching for loose files... 
└ @ Main /work/vemundlu/FiberBundle/support/dataManager.jl:277
┌ LogLevel(-2): Running workers...
└ @ Main /work/vemundlu/FiberBundle/dataGenerator.jl:140
┌ LogLevel(-2): Starting work on a=0.0 dist=ConstantAverageUniform L=128 nr=LLS t=0.14
└ @ Main /work/vemundlu/FiberBundle/dataGenerator.jl:80
┌ LogLevel(-2): 0%, Active workers: 50, Completed tasks: 0.
└ @ Main /work/vemundlu/FiberBundle/dataGenerator.jl:92
┌ LogLevel(-2): 1%, Active workers: 50, Completed tasks: 0.
└ @ Main /work/vemundlu/FiberBundle/dataGenerator.jl:92
┌ LogLevel(-2): 2%, Active workers: 50, Completed tasks: 50.
└ @ Main /work/vemundlu/FiberBundle/dataGenerator.jl:92
┌ LogLevel(-2): 3%, Active workers: 50, Completed tasks: 50.
└ @ Main /work/vemundlu/FiberBundle/dataGenerator.jl:92
┌ LogLevel(-2): 4%, Active workers: 50, Completed tasks: 100.
└ @ Main /work/vemundlu/FiberBundle/dataGenerator.jl:92
┌ LogLevel(-2): 5%, Active workers: 50, Completed tasks: 123.
└ @ Main /work/vemundlu/FiberBundle/dataGenerator.jl:92
┌ LogLevel(-2): 6%, Active workers: 50, Completed tasks: 150.
└ @ Main /work/vemundlu/FiberBundle/dataGenerator.jl:92
┌ LogLevel(-2): 7%, Active workers: 50, Completed tasks: 200.
└ @ Main /work/vemundlu/FiberBundle/dataGenerator.jl:92
┌ LogLevel(-2): 8%, Active workers: 50, Completed tasks: 205.
└ @ Main /work/vemundlu/FiberBundle/dataGenerator.jl:92
┌ LogLevel(-2): 9%, Active workers: 50, Completed tasks: 250.
└ @ Main /work/vemundlu/FiberBundle/dataGenerator.jl:92
┌ LogLevel(-2): 10%, Active workers: 50, Completed tasks: 271.
└ @ Main /work/vemundlu/FiberBundle/dataGenerator.jl:92
┌ LogLevel(-2): 11%, Active workers: 50, Completed tasks: 300.
└ @ Main /work/vemundlu/FiberBundle/dataGenerator.jl:92
┌ LogLevel(-2): 12%, Active workers: 50, Completed tasks: 349.
└ @ Main /work/vemundlu/FiberBundle/dataGenerator.jl:92
┌ LogLevel(-2): 13%, Active workers: 50, Completed tasks: 360.
└ @ Main /work/vemundlu/FiberBundle/dataGenerator.jl:92
┌ LogLevel(-2): 14%, Active workers: 50, Completed tasks: 400.
└ @ Main /work/vemundlu/FiberBundle/dataGenerator.jl:92
┌ LogLevel(-2): 15%, Active workers: 50, Completed tasks: 419.
└ @ Main /work/vemundlu/FiberBundle/dataGenerator.jl:92
┌ LogLevel(-2): 16%, Active workers: 50, Completed tasks: 452.
└ @ Main /work/vemundlu/FiberBundle/dataGenerator.jl:92
┌ LogLevel(-2): 17%, Active workers: 50, Completed tasks: 490.
└ @ Main /work/vemundlu/FiberBundle/dataGenerator.jl:92
┌ LogLevel(-2): 18%, Active workers: 50, Completed tasks: 507.
└ @ Main /work/vemundlu/FiberBundle/dataGenerator.jl:92
┌ LogLevel(-2): 19%, Active workers: 50, Completed tasks: 550.
└ @ Main /work/vemundlu/FiberBundle/dataGenerator.jl:92
┌ LogLevel(-2): 20%, Active workers: 50, Completed tasks: 568.
└ @ Main /work/vemundlu/FiberBundle/dataGenerator.jl:92
┌ LogLevel(-2): 21%, Active workers: 50, Completed tasks: 606.
└ @ Main /work/vemundlu/FiberBundle/dataGenerator.jl:92
┌ LogLevel(-2): 22%, Active workers: 50, Completed tasks: 630.
└ @ Main /work/vemundlu/FiberBundle/dataGenerator.jl:92
┌ LogLevel(-2): 23%, Active workers: 50, Completed tasks: 659.
└ @ Main /work/vemundlu/FiberBundle/dataGenerator.jl:92
┌ LogLevel(-2): 24%, Active workers: 50, Completed tasks: 703.
└ @ Main /work/vemundlu/FiberBundle/dataGenerator.jl:92
┌ LogLevel(-2): 25%, Active workers: 50, Completed tasks: 716.
└ @ Main /work/vemundlu/FiberBundle/dataGenerator.jl:92
┌ LogLevel(-2): 26%, Active workers: 50, Completed tasks: 756.
└ @ Main /work/vemundlu/FiberBundle/dataGenerator.jl:92
┌ LogLevel(-2): 27%, Active workers: 50, Completed tasks: 776.
└ @ Main /work/vemundlu/FiberBundle/dataGenerator.jl:92
┌ LogLevel(-2): 28%, Active workers: 50, Completed tasks: 809.
└ @ Main /work/vemundlu/FiberBundle/dataGenerator.jl:92
┌ LogLevel(-2): 29%, Active workers: 50, Completed tasks: 855.
└ @ Main /work/vemundlu/FiberBundle/dataGenerator.jl:92
┌ LogLevel(-2): 30%, Active workers: 50, Completed tasks: 867.
└ @ Main /work/vemundlu/FiberBundle/dataGenerator.jl:92
┌ LogLevel(-2): 31%, Active workers: 50, Completed tasks: 907.
└ @ Main /work/vemundlu/FiberBundle/dataGenerator.jl:92
┌ LogLevel(-2): 32%, Active workers: 50, Completed tasks: 929.
└ @ Main /work/vemundlu/FiberBundle/dataGenerator.jl:92
┌ LogLevel(-2): 33%, Active workers: 50, Completed tasks: 960.
└ @ Main /work/vemundlu/FiberBundle/dataGenerator.jl:92
┌ LogLevel(-2): 34%, Active workers: 50, Completed tasks: 1005.
└ @ Main /work/vemundlu/FiberBundle/dataGenerator.jl:92
┌ LogLevel(-2): 35%, Active workers: 50, Completed tasks: 1017.
└ @ Main /work/vemundlu/FiberBundle/dataGenerator.jl:92
┌ LogLevel(-2): 36%, Active workers: 50, Completed tasks: 1057.
└ @ Main /work/vemundlu/FiberBundle/dataGenerator.jl:92
┌ LogLevel(-2): 37%, Active workers: 50, Completed tasks: 1081.
└ @ Main /work/vemundlu/FiberBundle/dataGenerator.jl:92
┌ LogLevel(-2): 38%, Active workers: 50, Completed tasks: 1111.
└ @ Main /work/vemundlu/FiberBundle/dataGenerator.jl:92
┌ LogLevel(-2): 39%, Active workers: 50, Completed tasks: 1154.
└ @ Main /work/vemundlu/FiberBundle/dataGenerator.jl:92
┌ LogLevel(-2): 40%, Active workers: 50, Completed tasks: 1168.
└ @ Main /work/vemundlu/FiberBundle/dataGenerator.jl:92
┌ LogLevel(-2): 41%, Active workers: 50, Completed tasks: 1208.
└ @ Main /work/vemundlu/FiberBundle/dataGenerator.jl:92
┌ LogLevel(-2): 42%, Active workers: 50, Completed tasks: 1232.
└ @ Main /work/vemundlu/FiberBundle/dataGenerator.jl:92
┌ LogLevel(-2): 43%, Active workers: 50, Completed tasks: 1261.
└ @ Main /work/vemundlu/FiberBundle/dataGenerator.jl:92
┌ LogLevel(-2): 44%, Active workers: 50, Completed tasks: 1301.
└ @ Main /work/vemundlu/FiberBundle/dataGenerator.jl:92
┌ LogLevel(-2): 45%, Active workers: 50, Completed tasks: 1320.
└ @ Main /work/vemundlu/FiberBundle/dataGenerator.jl:92
┌ LogLevel(-2): 46%, Active workers: 50, Completed tasks: 1359.
└ @ Main /work/vemundlu/FiberBundle/dataGenerator.jl:92
┌ LogLevel(-2): 47%, Active workers: 50, Completed tasks: 1380.
└ @ Main /work/vemundlu/FiberBundle/dataGenerator.jl:92
┌ LogLevel(-2): 48%, Active workers: 50, Completed tasks: 1413.
└ @ Main /work/vemundlu/FiberBundle/dataGenerator.jl:92
┌ LogLevel(-2): 49%, Active workers: 50, Completed tasks: 1449.
└ @ Main /work/vemundlu/FiberBundle/dataGenerator.jl:92
┌ LogLevel(-2): 50%, Active workers: 50, Completed tasks: 1470.
└ @ Main /work/vemundlu/FiberBundle/dataGenerator.jl:92
┌ LogLevel(-2): 51%, Active workers: 50, Completed tasks: 1509.
└ @ Main /work/vemundlu/FiberBundle/dataGenerator.jl:92
┌ LogLevel(-2): 52%, Active workers: 50, Completed tasks: 1532.
└ @ Main /work/vemundlu/FiberBundle/dataGenerator.jl:92
┌ LogLevel(-2): 53%, Active workers: 50, Completed tasks: 1564.
└ @ Main /work/vemundlu/FiberBundle/dataGenerator.jl:92
┌ LogLevel(-2): 54%, Active workers: 50, Completed tasks: 1591.
└ @ Main /work/vemundlu/FiberBundle/dataGenerator.jl:92
┌ LogLevel(-2): 55%, Active workers: 50, Completed tasks: 1621.
└ @ Main /work/vemundlu/FiberBundle/dataGenerator.jl:92
┌ LogLevel(-2): 56%, Active workers: 50, Completed tasks: 1660.
└ @ Main /work/vemundlu/FiberBundle/dataGenerator.jl:92
┌ LogLevel(-2): 57%, Active workers: 50, Completed tasks: 1682.
└ @ Main /work/vemundlu/FiberBundle/dataGenerator.jl:92
┌ LogLevel(-2): 58%, Active workers: 50, Completed tasks: 1716.
└ @ Main /work/vemundlu/FiberBundle/dataGenerator.jl:92
┌ LogLevel(-2): 59%, Active workers: 50, Completed tasks: 1739.
└ @ Main /work/vemundlu/FiberBundle/dataGenerator.jl:92
┌ LogLevel(-2): 60%, Active workers: 50, Completed tasks: 1770.
└ @ Main /work/vemundlu/FiberBundle/dataGenerator.jl:92
┌ LogLevel(-2): 61%, Active workers: 50, Completed tasks: 1810.
└ @ Main /work/vemundlu/FiberBundle/dataGenerator.jl:92
┌ LogLevel(-2): 62%, Active workers: 50, Completed tasks: 1830.
└ @ Main /work/vemundlu/FiberBundle/dataGenerator.jl:92
┌ LogLevel(-2): 63%, Active workers: 50, Completed tasks: 1866.
└ @ Main /work/vemundlu/FiberBundle/dataGenerator.jl:92
┌ LogLevel(-2): 64%, Active workers: 50, Completed tasks: 1890.
└ @ Main /work/vemundlu/FiberBundle/dataGenerator.jl:92
┌ LogLevel(-2): 65%, Active workers: 50, Completed tasks: 1921.
└ @ Main /work/vemundlu/FiberBundle/dataGenerator.jl:92
┌ LogLevel(-2): 66%, Active workers: 50, Completed tasks: 1961.
└ @ Main /work/vemundlu/FiberBundle/dataGenerator.jl:92
┌ LogLevel(-2): 67%, Active workers: 50, Completed tasks: 1979.
└ @ Main /work/vemundlu/FiberBundle/dataGenerator.jl:92
┌ LogLevel(-2): 68%, Active workers: 50, Completed tasks: 2018.
└ @ Main /work/vemundlu/FiberBundle/dataGenerator.jl:92
┌ LogLevel(-2): 69%, Active workers: 50, Completed tasks: 2040.
└ @ Main /work/vemundlu/FiberBundle/dataGenerator.jl:92
┌ LogLevel(-2): 70%, Active workers: 50, Completed tasks: 2071.
└ @ Main /work/vemundlu/FiberBundle/dataGenerator.jl:92
┌ LogLevel(-2): 71%, Active workers: 50, Completed tasks: 2112.
└ @ Main /work/vemundlu/FiberBundle/dataGenerator.jl:92
┌ LogLevel(-2): 72%, Active workers: 50, Completed tasks: 2130.
└ @ Main /work/vemundlu/FiberBundle/dataGenerator.jl:92
┌ LogLevel(-2): 73%, Active workers: 50, Completed tasks: 2170.
└ @ Main /work/vemundlu/FiberBundle/dataGenerator.jl:92
┌ LogLevel(-2): 74%, Active workers: 50, Completed tasks: 2189.
└ @ Main /work/vemundlu/FiberBundle/dataGenerator.jl:92
┌ LogLevel(-2): 75%, Active workers: 50, Completed tasks: 2222.
└ @ Main /work/vemundlu/FiberBundle/dataGenerator.jl:92
┌ LogLevel(-2): 76%, Active workers: 50, Completed tasks: 2256.
└ @ Main /work/vemundlu/FiberBundle/dataGenerator.jl:92
┌ LogLevel(-2): 77%, Active workers: 50, Completed tasks: 2281.
└ @ Main /work/vemundlu/FiberBundle/dataGenerator.jl:92
┌ LogLevel(-2): 78%, Active workers: 50, Completed tasks: 2320.
└ @ Main /work/vemundlu/FiberBundle/dataGenerator.jl:92
┌ LogLevel(-2): 79%, Active workers: 50, Completed tasks: 2341.
└ @ Main /work/vemundlu/FiberBundle/dataGenerator.jl:92
┌ LogLevel(-2): 80%, Active workers: 50, Completed tasks: 2373.
└ @ Main /work/vemundlu/FiberBundle/dataGenerator.jl:92
┌ LogLevel(-2): 81%, Active workers: 50, Completed tasks: 2404.
└ @ Main /work/vemundlu/FiberBundle/dataGenerator.jl:92
┌ LogLevel(-2): 82%, Active workers: 50, Completed tasks: 2432.
└ @ Main /work/vemundlu/FiberBundle/dataGenerator.jl:92
┌ LogLevel(-2): 83%, Active workers: 50, Completed tasks: 2470.
└ @ Main /work/vemundlu/FiberBundle/dataGenerator.jl:92
┌ LogLevel(-2): 84%, Active workers: 50, Completed tasks: 2491.
└ @ Main /work/vemundlu/FiberBundle/dataGenerator.jl:92
┌ LogLevel(-2): 85%, Active workers: 50, Completed tasks: 2524.
└ @ Main /work/vemundlu/FiberBundle/dataGenerator.jl:92
┌ LogLevel(-2): 86%, Active workers: 50, Completed tasks: 2554.
└ @ Main /work/vemundlu/FiberBundle/dataGenerator.jl:92
┌ LogLevel(-2): 87%, Active workers: 50, Completed tasks: 2582.
└ @ Main /work/vemundlu/FiberBundle/dataGenerator.jl:92
┌ LogLevel(-2): 88%, Active workers: 50, Completed tasks: 2620.
└ @ Main /work/vemundlu/FiberBundle/dataGenerator.jl:92
┌ LogLevel(-2): 89%, Active workers: 50, Completed tasks: 2638.
└ @ Main /work/vemundlu/FiberBundle/dataGenerator.jl:92
┌ LogLevel(-2): 90%, Active workers: 50, Completed tasks: 2675.
└ @ Main /work/vemundlu/FiberBundle/dataGenerator.jl:92
┌ LogLevel(-2): 91%, Active workers: 50, Completed tasks: 2704.
└ @ Main /work/vemundlu/FiberBundle/dataGenerator.jl:92
┌ LogLevel(-2): 92%, Active workers: 50, Completed tasks: 2731.
└ @ Main /work/vemundlu/FiberBundle/dataGenerator.jl:92
┌ LogLevel(-2): 93%, Active workers: 50, Completed tasks: 2770.
└ @ Main /work/vemundlu/FiberBundle/dataGenerator.jl:92
┌ LogLevel(-2): 94%, Active workers: 50, Completed tasks: 2788.
└ @ Main /work/vemundlu/FiberBundle/dataGenerator.jl:92
┌ LogLevel(-2): 95%, Active workers: 50, Completed tasks: 2825.
└ @ Main /work/vemundlu/FiberBundle/dataGenerator.jl:92
┌ LogLevel(-2): 96%, Active workers: 49, Completed tasks: 2853.
└ @ Main /work/vemundlu/FiberBundle/dataGenerator.jl:92
┌ LogLevel(-2): 97%, Active workers: 48, Completed tasks: 2881.
└ @ Main /work/vemundlu/FiberBundle/dataGenerator.jl:92
┌ LogLevel(-2): 98%, Active workers: 47, Completed tasks: 2921.
└ @ Main /work/vemundlu/FiberBundle/dataGenerator.jl:92
┌ LogLevel(-2): 99%, Active workers: 37, Completed tasks: 2949.
└ @ Main /work/vemundlu/FiberBundle/dataGenerator.jl:92
┌ LogLevel(-2): 100%, Active workers: 0, Completed tasks: 3000.
└ @ Main /work/vemundlu/FiberBundle/dataGenerator.jl:96
┌ LogLevel(-2): Done!
└ @ Main /work/vemundlu/FiberBundle/dataGenerator.jl:142
┌ LogLevel(-2): Calculating averages... 
└ @ Main /work/vemundlu/FiberBundle/dataGenerator.jl:145
┌ LogLevel(-2): Done!
└ @ Main /work/vemundlu/FiberBundle/dataGenerator.jl:147
┌ LogLevel(-2): 2023-03-04T03:49:30.642: Starting a=2.0 dist=ConstantAverageUniform L=128 nr=CLS t=0.14
└ @ Main /work/vemundlu/FiberBundle/dataGenerator.jl:155
┌ LogLevel(-2): Searching for loose files... 
└ @ Main /work/vemundlu/FiberBundle/support/dataManager.jl:277
┌ LogLevel(-2): Running workers...
└ @ Main /work/vemundlu/FiberBundle/dataGenerator.jl:140
┌ LogLevel(-2): Starting work on a=2.0 dist=ConstantAverageUniform L=128 nr=CLS t=0.14
└ @ Main /work/vemundlu/FiberBundle/dataGenerator.jl:80
┌ LogLevel(-2): 0%, Active workers: 6, Completed tasks: 0.
└ @ Main /work/vemundlu/FiberBundle/dataGenerator.jl:92
┌ LogLevel(-2): 1%, Active workers: 50, Completed tasks: 0.
└ @ Main /work/vemundlu/FiberBundle/dataGenerator.jl:92
┌ LogLevel(-2): 2%, Active workers: 50, Completed tasks: 50.
└ @ Main /work/vemundlu/FiberBundle/dataGenerator.jl:92
┌ LogLevel(-2): 3%, Active workers: 50, Completed tasks: 50.
└ @ Main /work/vemundlu/FiberBundle/dataGenerator.jl:92
┌ LogLevel(-2): 4%, Active workers: 50, Completed tasks: 100.
└ @ Main /work/vemundlu/FiberBundle/dataGenerator.jl:92
┌ LogLevel(-2): 5%, Active workers: 50, Completed tasks: 114.
└ @ Main /work/vemundlu/FiberBundle/dataGenerator.jl:92
┌ LogLevel(-2): 6%, Active workers: 50, Completed tasks: 150.
└ @ Main /work/vemundlu/FiberBundle/dataGenerator.jl:92
┌ LogLevel(-2): 7%, Active workers: 50, Completed tasks: 200.
└ @ Main /work/vemundlu/FiberBundle/dataGenerator.jl:92
┌ LogLevel(-2): 8%, Active workers: 50, Completed tasks: 202.
└ @ Main /work/vemundlu/FiberBundle/dataGenerator.jl:92
┌ LogLevel(-2): 9%, Active workers: 50, Completed tasks: 250.
└ @ Main /work/vemundlu/FiberBundle/dataGenerator.jl:92
┌ LogLevel(-2): 10%, Active workers: 50, Completed tasks: 266.
└ @ Main /work/vemundlu/FiberBundle/dataGenerator.jl:92
┌ LogLevel(-2): 11%, Active workers: 50, Completed tasks: 300.
└ @ Main /work/vemundlu/FiberBundle/dataGenerator.jl:92
┌ LogLevel(-2): 12%, Active workers: 50, Completed tasks: 350.
└ @ Main /work/vemundlu/FiberBundle/dataGenerator.jl:92
┌ LogLevel(-2): 13%, Active workers: 50, Completed tasks: 357.
└ @ Main /work/vemundlu/FiberBundle/dataGenerator.jl:92
┌ LogLevel(-2): 14%, Active workers: 50, Completed tasks: 400.
└ @ Main /work/vemundlu/FiberBundle/dataGenerator.jl:92
┌ LogLevel(-2): 15%, Active workers: 50, Completed tasks: 413.
└ @ Main /work/vemundlu/FiberBundle/dataGenerator.jl:92
┌ LogLevel(-2): 16%, Active workers: 50, Completed tasks: 455.
└ @ Main /work/vemundlu/FiberBundle/dataGenerator.jl:92
┌ LogLevel(-2): 17%, Active workers: 50, Completed tasks: 498.
└ @ Main /work/vemundlu/FiberBundle/dataGenerator.jl:92
┌ LogLevel(-2): 18%, Active workers: 50, Completed tasks: 509.
└ @ Main /work/vemundlu/FiberBundle/dataGenerator.jl:92
┌ LogLevel(-2): 19%, Active workers: 50, Completed tasks: 554.
└ @ Main /work/vemundlu/FiberBundle/dataGenerator.jl:92
┌ LogLevel(-2): 20%, Active workers: 50, Completed tasks: 564.
└ @ Main /work/vemundlu/FiberBundle/dataGenerator.jl:92
┌ LogLevel(-2): 21%, Active workers: 50, Completed tasks: 608.
└ @ Main /work/vemundlu/FiberBundle/dataGenerator.jl:92
┌ LogLevel(-2): 22%, Active workers: 50, Completed tasks: 634.
└ @ Main /work/vemundlu/FiberBundle/dataGenerator.jl:92
┌ LogLevel(-2): 23%, Active workers: 50, Completed tasks: 662.
└ @ Main /work/vemundlu/FiberBundle/dataGenerator.jl:92
┌ LogLevel(-2): 24%, Active workers: 50, Completed tasks: 707.
└ @ Main /work/vemundlu/FiberBundle/dataGenerator.jl:92
┌ LogLevel(-2): 25%, Active workers: 50, Completed tasks: 715.
└ @ Main /work/vemundlu/FiberBundle/dataGenerator.jl:92
┌ LogLevel(-2): 26%, Active workers: 50, Completed tasks: 758.
└ @ Main /work/vemundlu/FiberBundle/dataGenerator.jl:92
┌ LogLevel(-2): 27%, Active workers: 50, Completed tasks: 779.
└ @ Main /work/vemundlu/FiberBundle/dataGenerator.jl:92
┌ LogLevel(-2): 28%, Active workers: 50, Completed tasks: 814.
└ @ Main /work/vemundlu/FiberBundle/dataGenerator.jl:92
┌ LogLevel(-2): 29%, Active workers: 50, Completed tasks: 845.
└ @ Main /work/vemundlu/FiberBundle/dataGenerator.jl:92
┌ LogLevel(-2): 30%, Active workers: 50, Completed tasks: 870.
└ @ Main /work/vemundlu/FiberBundle/dataGenerator.jl:92
┌ LogLevel(-2): 31%, Active workers: 50, Completed tasks: 910.
└ @ Main /work/vemundlu/FiberBundle/dataGenerator.jl:92
┌ LogLevel(-2): 32%, Active workers: 50, Completed tasks: 928.
└ @ Main /work/vemundlu/FiberBundle/dataGenerator.jl:92
┌ LogLevel(-2): 33%, Active workers: 50, Completed tasks: 968.
└ @ Main /work/vemundlu/FiberBundle/dataGenerator.jl:92
┌ LogLevel(-2): 34%, Active workers: 50, Completed tasks: 994.
└ @ Main /work/vemundlu/FiberBundle/dataGenerator.jl:92
┌ LogLevel(-2): 35%, Active workers: 50, Completed tasks: 1022.
└ @ Main /work/vemundlu/FiberBundle/dataGenerator.jl:92
┌ LogLevel(-2): 36%, Active workers: 50, Completed tasks: 1065.
└ @ Main /work/vemundlu/FiberBundle/dataGenerator.jl:92
┌ LogLevel(-2): 37%, Active workers: 50, Completed tasks: 1077.
└ @ Main /work/vemundlu/FiberBundle/dataGenerator.jl:92
┌ LogLevel(-2): 38%, Active workers: 50, Completed tasks: 1120.
└ @ Main /work/vemundlu/FiberBundle/dataGenerator.jl:92
┌ LogLevel(-2): 39%, Active workers: 50, Completed tasks: 1141.
└ @ Main /work/vemundlu/FiberBundle/dataGenerator.jl:92
┌ LogLevel(-2): 40%, Active workers: 50, Completed tasks: 1173.
└ @ Main /work/vemundlu/FiberBundle/dataGenerator.jl:92
┌ LogLevel(-2): 41%, Active workers: 50, Completed tasks: 1208.
└ @ Main /work/vemundlu/FiberBundle/dataGenerator.jl:92
┌ LogLevel(-2): 42%, Active workers: 50, Completed tasks: 1230.
└ @ Main /work/vemundlu/FiberBundle/dataGenerator.jl:92
┌ LogLevel(-2): 43%, Active workers: 50, Completed tasks: 1269.
└ @ Main /work/vemundlu/FiberBundle/dataGenerator.jl:92
┌ LogLevel(-2): 44%, Active workers: 50, Completed tasks: 1292.
└ @ Main /work/vemundlu/FiberBundle/dataGenerator.jl:92
┌ LogLevel(-2): 45%, Active workers: 50, Completed tasks: 1328.
└ @ Main /work/vemundlu/FiberBundle/dataGenerator.jl:92
┌ LogLevel(-2): 46%, Active workers: 50, Completed tasks: 1353.
└ @ Main /work/vemundlu/FiberBundle/dataGenerator.jl:92
┌ LogLevel(-2): 47%, Active workers: 50, Completed tasks: 1383.
└ @ Main /work/vemundlu/FiberBundle/dataGenerator.jl:92
┌ LogLevel(-2): 48%, Active workers: 50, Completed tasks: 1419.
└ @ Main /work/vemundlu/FiberBundle/dataGenerator.jl:92
┌ LogLevel(-2): 49%, Active workers: 50, Completed tasks: 1438.
└ @ Main /work/vemundlu/FiberBundle/dataGenerator.jl:92
┌ LogLevel(-2): 50%, Active workers: 50, Completed tasks: 1482.
└ @ Main /work/vemundlu/FiberBundle/dataGenerator.jl:92
┌ LogLevel(-2): 51%, Active workers: 50, Completed tasks: 1499.
└ @ Main /work/vemundlu/FiberBundle/dataGenerator.jl:92
┌ LogLevel(-2): 52%, Active workers: 50, Completed tasks: 1536.
└ @ Main /work/vemundlu/FiberBundle/dataGenerator.jl:92
┌ LogLevel(-2): 53%, Active workers: 50, Completed tasks: 1566.
└ @ Main /work/vemundlu/FiberBundle/dataGenerator.jl:92
┌ LogLevel(-2): 54%, Active workers: 50, Completed tasks: 1590.
└ @ Main /work/vemundlu/FiberBundle/dataGenerator.jl:92
┌ LogLevel(-2): 55%, Active workers: 50, Completed tasks: 1632.
└ @ Main /work/vemundlu/FiberBundle/dataGenerator.jl:92
┌ LogLevel(-2): 56%, Active workers: 50, Completed tasks: 1653.
└ @ Main /work/vemundlu/FiberBundle/dataGenerator.jl:92
┌ LogLevel(-2): 57%, Active workers: 50, Completed tasks: 1688.
└ @ Main /work/vemundlu/FiberBundle/dataGenerator.jl:92
┌ LogLevel(-2): 58%, Active workers: 50, Completed tasks: 1712.
└ @ Main /work/vemundlu/FiberBundle/dataGenerator.jl:92
┌ LogLevel(-2): 59%, Active workers: 50, Completed tasks: 1745.
└ @ Main /work/vemundlu/FiberBundle/dataGenerator.jl:92
┌ LogLevel(-2): 60%, Active workers: 50, Completed tasks: 1774.
└ @ Main /work/vemundlu/FiberBundle/dataGenerator.jl:92
┌ LogLevel(-2): 61%, Active workers: 50, Completed tasks: 1802.
└ @ Main /work/vemundlu/FiberBundle/dataGenerator.jl:92
┌ LogLevel(-2): 62%, Active workers: 50, Completed tasks: 1841.
└ @ Main /work/vemundlu/FiberBundle/dataGenerator.jl:92
┌ LogLevel(-2): 63%, Active workers: 50, Completed tasks: 1862.
└ @ Main /work/vemundlu/FiberBundle/dataGenerator.jl:92
┌ LogLevel(-2): 64%, Active workers: 50, Completed tasks: 1897.
└ @ Main /work/vemundlu/FiberBundle/dataGenerator.jl:92
┌ LogLevel(-2): 65%, Active workers: 50, Completed tasks: 1922.
└ @ Main /work/vemundlu/FiberBundle/dataGenerator.jl:92
┌ LogLevel(-2): 66%, Active workers: 50, Completed tasks: 1957.
└ @ Main /work/vemundlu/FiberBundle/dataGenerator.jl:92
┌ LogLevel(-2): 67%, Active workers: 50, Completed tasks: 1980.
└ @ Main /work/vemundlu/FiberBundle/dataGenerator.jl:92
┌ LogLevel(-2): 68%, Active workers: 50, Completed tasks: 2014.
└ @ Main /work/vemundlu/FiberBundle/dataGenerator.jl:92
┌ LogLevel(-2): 69%, Active workers: 50, Completed tasks: 2047.
└ @ Main /work/vemundlu/FiberBundle/dataGenerator.jl:92
┌ LogLevel(-2): 70%, Active workers: 50, Completed tasks: 2073.
└ @ Main /work/vemundlu/FiberBundle/dataGenerator.jl:92
┌ LogLevel(-2): 71%, Active workers: 50, Completed tasks: 2106.
└ @ Main /work/vemundlu/FiberBundle/dataGenerator.jl:92
┌ LogLevel(-2): 72%, Active workers: 50, Completed tasks: 2133.
└ @ Main /work/vemundlu/FiberBundle/dataGenerator.jl:92
┌ LogLevel(-2): 73%, Active workers: 50, Completed tasks: 2166.
└ @ Main /work/vemundlu/FiberBundle/dataGenerator.jl:92
┌ LogLevel(-2): 74%, Active workers: 50, Completed tasks: 2191.
└ @ Main /work/vemundlu/FiberBundle/dataGenerator.jl:92
┌ LogLevel(-2): 75%, Active workers: 50, Completed tasks: 2226.
└ @ Main /work/vemundlu/FiberBundle/dataGenerator.jl:92
┌ LogLevel(-2): 76%, Active workers: 50, Completed tasks: 2254.
└ @ Main /work/vemundlu/FiberBundle/dataGenerator.jl:92
┌ LogLevel(-2): 77%, Active workers: 50, Completed tasks: 2285.
└ @ Main /work/vemundlu/FiberBundle/dataGenerator.jl:92
┌ LogLevel(-2): 78%, Active workers: 50, Completed tasks: 2319.
└ @ Main /work/vemundlu/FiberBundle/dataGenerator.jl:92
┌ LogLevel(-2): 79%, Active workers: 50, Completed tasks: 2342.
└ @ Main /work/vemundlu/FiberBundle/dataGenerator.jl:92
┌ LogLevel(-2): 80%, Active workers: 50, Completed tasks: 2376.
└ @ Main /work/vemundlu/FiberBundle/dataGenerator.jl:92
┌ LogLevel(-2): 81%, Active workers: 50, Completed tasks: 2402.
└ @ Main /work/vemundlu/FiberBundle/dataGenerator.jl:92
┌ LogLevel(-2): 82%, Active workers: 50, Completed tasks: 2435.
└ @ Main /work/vemundlu/FiberBundle/dataGenerator.jl:92
┌ LogLevel(-2): 83%, Active workers: 50, Completed tasks: 2464.
└ @ Main /work/vemundlu/FiberBundle/dataGenerator.jl:92
┌ LogLevel(-2): 84%, Active workers: 50, Completed tasks: 2495.
└ @ Main /work/vemundlu/FiberBundle/dataGenerator.jl:92
┌ LogLevel(-2): 85%, Active workers: 50, Completed tasks: 2526.
└ @ Main /work/vemundlu/FiberBundle/dataGenerator.jl:92
┌ LogLevel(-2): 86%, Active workers: 50, Completed tasks: 2552.
└ @ Main /work/vemundlu/FiberBundle/dataGenerator.jl:92
┌ LogLevel(-2): 87%, Active workers: 50, Completed tasks: 2586.
└ @ Main /work/vemundlu/FiberBundle/dataGenerator.jl:92
┌ LogLevel(-2): 88%, Active workers: 50, Completed tasks: 2611.
└ @ Main /work/vemundlu/FiberBundle/dataGenerator.jl:92
┌ LogLevel(-2): 89%, Active workers: 50, Completed tasks: 2647.
└ @ Main /work/vemundlu/FiberBundle/dataGenerator.jl:92
┌ LogLevel(-2): 90%, Active workers: 50, Completed tasks: 2674.
└ @ Main /work/vemundlu/FiberBundle/dataGenerator.jl:92
┌ LogLevel(-2): 91%, Active workers: 50, Completed tasks: 2704.
└ @ Main /work/vemundlu/FiberBundle/dataGenerator.jl:92
┌ LogLevel(-2): 92%, Active workers: 49, Completed tasks: 2737.
└ @ Main /work/vemundlu/FiberBundle/dataGenerator.jl:92
┌ LogLevel(-2): 93%, Active workers: 47, Completed tasks: 2763.
└ @ Main /work/vemundlu/FiberBundle/dataGenerator.jl:92
┌ LogLevel(-2): 94%, Active workers: 45, Completed tasks: 2798.
└ @ Main /work/vemundlu/FiberBundle/dataGenerator.jl:92
┌ LogLevel(-2): 95%, Active workers: 43, Completed tasks: 2828.
└ @ Main /work/vemundlu/FiberBundle/dataGenerator.jl:92
┌ LogLevel(-2): 96%, Active workers: 42, Completed tasks: 2856.
└ @ Main /work/vemundlu/FiberBundle/dataGenerator.jl:92
┌ LogLevel(-2): 97%, Active workers: 36, Completed tasks: 2896.
└ @ Main /work/vemundlu/FiberBundle/dataGenerator.jl:92
┌ LogLevel(-2): 98%, Active workers: 32, Completed tasks: 2922.
└ @ Main /work/vemundlu/FiberBundle/dataGenerator.jl:92
┌ LogLevel(-2): 99%, Active workers: 27, Completed tasks: 2956.
└ @ Main /work/vemundlu/FiberBundle/dataGenerator.jl:92
┌ LogLevel(-2): 100%, Active workers: 0, Completed tasks: 3000.
└ @ Main /work/vemundlu/FiberBundle/dataGenerator.jl:96
┌ LogLevel(-2): Done!
└ @ Main /work/vemundlu/FiberBundle/dataGenerator.jl:142
┌ LogLevel(-2): Calculating averages... 
└ @ Main /work/vemundlu/FiberBundle/dataGenerator.jl:145
┌ LogLevel(-2): Done!
└ @ Main /work/vemundlu/FiberBundle/dataGenerator.jl:147
16519.345079 seconds (7.54 G allocations: 334.647 GiB, 0.43% gc time, 0.08% compilation time)
┌ LogLevel(-1): Removing workers
└ @ Main /work/vemundlu/FiberBundle/generateData.jl:68
