┌ Warning: rmprocs: process 1 not removed
└ @ Distributed /buildworker/worker/package_linux64/build/usr/share/julia/stdlib/v1.7/Distributed/src/cluster.jl:1045
┌ LogLevel(-1): Starting 50 workers... 
└ @ Main /work/vemundlu/FiberBundle/generateData.jl:62
┌ LogLevel(-1): Running settings: 
│  Any[128], 
│  Any[0.05, 0.1, 0.15, 0.2, 0.25, 0.26, 0.27, 0.28, 0.29, 0.3, 0.31, 0.32, 0.33, 0.34, 0.35, 0.36, 0.37, 0.38, 0.39, 0.4, 0.41, 0.42, 0.43, 0.44, 0.45, 0.46, 0.47, 0.48, 0.49, 0.5], 
│  Any[2.0]
└ @ Main /work/vemundlu/FiberBundle/generateData.jl:66
┌ LogLevel(-2): 2023-03-27T12:24:53.627: Starting a=0.0 dist=ConstantAverageUniform L=128 nr=LLS t=0.05
└ @ Main /work/vemundlu/FiberBundle/dataGenerator.jl:155
┌ LogLevel(-2): Searching for loose files... 
└ @ Main /work/vemundlu/FiberBundle/support/dataManager.jl:278
┌ LogLevel(-2): All seeds already exist
└ @ Main /work/vemundlu/FiberBundle/support/dataManager.jl:263
┌ LogLevel(-2): 2023-03-27T12:24:57.725: Starting a=2.0 dist=ConstantAverageUniform L=128 nr=CLS t=0.05
└ @ Main /work/vemundlu/FiberBundle/dataGenerator.jl:155
┌ LogLevel(-2): Searching for loose files... 
└ @ Main /work/vemundlu/FiberBundle/support/dataManager.jl:278
┌ LogLevel(-2): All seeds already exist
└ @ Main /work/vemundlu/FiberBundle/support/dataManager.jl:263
┌ LogLevel(-2): 2023-03-27T12:24:57.731: Starting a=0.0 dist=ConstantAverageUniform L=128 nr=LLS t=0.1
└ @ Main /work/vemundlu/FiberBundle/dataGenerator.jl:155
┌ LogLevel(-2): Searching for loose files... 
└ @ Main /work/vemundlu/FiberBundle/support/dataManager.jl:278
┌ LogLevel(-2): All seeds already exist
└ @ Main /work/vemundlu/FiberBundle/support/dataManager.jl:263
┌ LogLevel(-2): 2023-03-27T12:24:57.738: Starting a=2.0 dist=ConstantAverageUniform L=128 nr=CLS t=0.1
└ @ Main /work/vemundlu/FiberBundle/dataGenerator.jl:155
┌ LogLevel(-2): Searching for loose files... 
└ @ Main /work/vemundlu/FiberBundle/support/dataManager.jl:278
┌ LogLevel(-2): All seeds already exist
└ @ Main /work/vemundlu/FiberBundle/support/dataManager.jl:263
┌ LogLevel(-2): 2023-03-27T12:24:57.743: Starting a=0.0 dist=ConstantAverageUniform L=128 nr=LLS t=0.15
└ @ Main /work/vemundlu/FiberBundle/dataGenerator.jl:155
┌ LogLevel(-2): Searching for loose files... 
└ @ Main /work/vemundlu/FiberBundle/support/dataManager.jl:278
┌ LogLevel(-2): All seeds already exist
└ @ Main /work/vemundlu/FiberBundle/support/dataManager.jl:263
┌ LogLevel(-2): 2023-03-27T12:24:57.749: Starting a=2.0 dist=ConstantAverageUniform L=128 nr=CLS t=0.15
└ @ Main /work/vemundlu/FiberBundle/dataGenerator.jl:155
┌ LogLevel(-2): Searching for loose files... 
└ @ Main /work/vemundlu/FiberBundle/support/dataManager.jl:278
┌ LogLevel(-2): All seeds already exist
└ @ Main /work/vemundlu/FiberBundle/support/dataManager.jl:263
┌ LogLevel(-2): 2023-03-27T12:24:57.755: Starting a=0.0 dist=ConstantAverageUniform L=128 nr=LLS t=0.2
└ @ Main /work/vemundlu/FiberBundle/dataGenerator.jl:155
┌ LogLevel(-2): Searching for loose files... 
└ @ Main /work/vemundlu/FiberBundle/support/dataManager.jl:278
┌ LogLevel(-2): All seeds already exist
└ @ Main /work/vemundlu/FiberBundle/support/dataManager.jl:263
┌ LogLevel(-2): 2023-03-27T12:24:57.761: Starting a=2.0 dist=ConstantAverageUniform L=128 nr=CLS t=0.2
└ @ Main /work/vemundlu/FiberBundle/dataGenerator.jl:155
┌ LogLevel(-2): Searching for loose files... 
└ @ Main /work/vemundlu/FiberBundle/support/dataManager.jl:278
┌ LogLevel(-2): All seeds already exist
└ @ Main /work/vemundlu/FiberBundle/support/dataManager.jl:263
┌ LogLevel(-2): 2023-03-27T12:24:57.767: Starting a=0.0 dist=ConstantAverageUniform L=128 nr=LLS t=0.25
└ @ Main /work/vemundlu/FiberBundle/dataGenerator.jl:155
┌ LogLevel(-2): Searching for loose files... 
└ @ Main /work/vemundlu/FiberBundle/support/dataManager.jl:278
┌ LogLevel(-2): All seeds already exist
└ @ Main /work/vemundlu/FiberBundle/support/dataManager.jl:263
┌ LogLevel(-2): 2023-03-27T12:24:57.772: Starting a=2.0 dist=ConstantAverageUniform L=128 nr=CLS t=0.25
└ @ Main /work/vemundlu/FiberBundle/dataGenerator.jl:155
┌ LogLevel(-2): Searching for loose files... 
└ @ Main /work/vemundlu/FiberBundle/support/dataManager.jl:278
┌ LogLevel(-2): All seeds already exist
└ @ Main /work/vemundlu/FiberBundle/support/dataManager.jl:263
┌ LogLevel(-2): 2023-03-27T12:24:57.778: Starting a=0.0 dist=ConstantAverageUniform L=128 nr=LLS t=0.26
└ @ Main /work/vemundlu/FiberBundle/dataGenerator.jl:155
┌ LogLevel(-2): Searching for loose files... 
└ @ Main /work/vemundlu/FiberBundle/support/dataManager.jl:278
┌ LogLevel(-2): All seeds already exist
└ @ Main /work/vemundlu/FiberBundle/support/dataManager.jl:263
┌ LogLevel(-2): 2023-03-27T12:24:57.784: Starting a=2.0 dist=ConstantAverageUniform L=128 nr=CLS t=0.26
└ @ Main /work/vemundlu/FiberBundle/dataGenerator.jl:155
┌ LogLevel(-2): Searching for loose files... 
└ @ Main /work/vemundlu/FiberBundle/support/dataManager.jl:278
┌ LogLevel(-2): All seeds already exist
└ @ Main /work/vemundlu/FiberBundle/support/dataManager.jl:263
┌ LogLevel(-2): 2023-03-27T12:24:57.790: Starting a=0.0 dist=ConstantAverageUniform L=128 nr=LLS t=0.27
└ @ Main /work/vemundlu/FiberBundle/dataGenerator.jl:155
┌ LogLevel(-2): Searching for loose files... 
└ @ Main /work/vemundlu/FiberBundle/support/dataManager.jl:278
┌ LogLevel(-2): All seeds already exist
└ @ Main /work/vemundlu/FiberBundle/support/dataManager.jl:263
┌ LogLevel(-2): 2023-03-27T12:24:57.795: Starting a=2.0 dist=ConstantAverageUniform L=128 nr=CLS t=0.27
└ @ Main /work/vemundlu/FiberBundle/dataGenerator.jl:155
┌ LogLevel(-2): Searching for loose files... 
└ @ Main /work/vemundlu/FiberBundle/support/dataManager.jl:278
┌ LogLevel(-2): All seeds already exist
└ @ Main /work/vemundlu/FiberBundle/support/dataManager.jl:263
┌ LogLevel(-2): 2023-03-27T12:24:57.801: Starting a=0.0 dist=ConstantAverageUniform L=128 nr=LLS t=0.28
└ @ Main /work/vemundlu/FiberBundle/dataGenerator.jl:155
┌ LogLevel(-2): Searching for loose files... 
└ @ Main /work/vemundlu/FiberBundle/support/dataManager.jl:278
┌ LogLevel(-2): All seeds already exist
└ @ Main /work/vemundlu/FiberBundle/support/dataManager.jl:263
┌ LogLevel(-2): 2023-03-27T12:24:57.807: Starting a=2.0 dist=ConstantAverageUniform L=128 nr=CLS t=0.28
└ @ Main /work/vemundlu/FiberBundle/dataGenerator.jl:155
┌ LogLevel(-2): Searching for loose files... 
└ @ Main /work/vemundlu/FiberBundle/support/dataManager.jl:278
┌ LogLevel(-2): All seeds already exist
└ @ Main /work/vemundlu/FiberBundle/support/dataManager.jl:263
┌ LogLevel(-2): 2023-03-27T12:24:57.813: Starting a=0.0 dist=ConstantAverageUniform L=128 nr=LLS t=0.29
└ @ Main /work/vemundlu/FiberBundle/dataGenerator.jl:155
┌ LogLevel(-2): Searching for loose files... 
└ @ Main /work/vemundlu/FiberBundle/support/dataManager.jl:278
┌ LogLevel(-2): All seeds already exist
└ @ Main /work/vemundlu/FiberBundle/support/dataManager.jl:263
┌ LogLevel(-2): 2023-03-27T12:24:57.819: Starting a=2.0 dist=ConstantAverageUniform L=128 nr=CLS t=0.29
└ @ Main /work/vemundlu/FiberBundle/dataGenerator.jl:155
┌ LogLevel(-2): Searching for loose files... 
└ @ Main /work/vemundlu/FiberBundle/support/dataManager.jl:278
┌ LogLevel(-2): All seeds already exist
└ @ Main /work/vemundlu/FiberBundle/support/dataManager.jl:263
┌ LogLevel(-2): 2023-03-27T12:24:57.825: Starting a=0.0 dist=ConstantAverageUniform L=128 nr=LLS t=0.3
└ @ Main /work/vemundlu/FiberBundle/dataGenerator.jl:155
┌ LogLevel(-2): Searching for loose files... 
└ @ Main /work/vemundlu/FiberBundle/support/dataManager.jl:278
┌ LogLevel(-2): All seeds already exist
└ @ Main /work/vemundlu/FiberBundle/support/dataManager.jl:263
┌ LogLevel(-2): 2023-03-27T12:24:57.831: Starting a=2.0 dist=ConstantAverageUniform L=128 nr=CLS t=0.3
└ @ Main /work/vemundlu/FiberBundle/dataGenerator.jl:155
┌ LogLevel(-2): Searching for loose files... 
└ @ Main /work/vemundlu/FiberBundle/support/dataManager.jl:278
┌ LogLevel(-2): All seeds already exist
└ @ Main /work/vemundlu/FiberBundle/support/dataManager.jl:263
┌ LogLevel(-2): 2023-03-27T12:24:57.838: Starting a=0.0 dist=ConstantAverageUniform L=128 nr=LLS t=0.31
└ @ Main /work/vemundlu/FiberBundle/dataGenerator.jl:155
┌ LogLevel(-2): Searching for loose files... 
└ @ Main /work/vemundlu/FiberBundle/support/dataManager.jl:278
┌ LogLevel(-2): All seeds already exist
└ @ Main /work/vemundlu/FiberBundle/support/dataManager.jl:263
┌ LogLevel(-2): 2023-03-27T12:24:57.843: Starting a=2.0 dist=ConstantAverageUniform L=128 nr=CLS t=0.31
└ @ Main /work/vemundlu/FiberBundle/dataGenerator.jl:155
┌ LogLevel(-2): Searching for loose files... 
└ @ Main /work/vemundlu/FiberBundle/support/dataManager.jl:278
┌ LogLevel(-2): All seeds already exist
└ @ Main /work/vemundlu/FiberBundle/support/dataManager.jl:263
┌ LogLevel(-2): 2023-03-27T12:24:57.849: Starting a=0.0 dist=ConstantAverageUniform L=128 nr=LLS t=0.32
└ @ Main /work/vemundlu/FiberBundle/dataGenerator.jl:155
┌ LogLevel(-2): Searching for loose files... 
└ @ Main /work/vemundlu/FiberBundle/support/dataManager.jl:278
┌ LogLevel(-2): All seeds already exist
└ @ Main /work/vemundlu/FiberBundle/support/dataManager.jl:263
┌ LogLevel(-2): 2023-03-27T12:24:57.855: Starting a=2.0 dist=ConstantAverageUniform L=128 nr=CLS t=0.32
└ @ Main /work/vemundlu/FiberBundle/dataGenerator.jl:155
┌ LogLevel(-2): Searching for loose files... 
└ @ Main /work/vemundlu/FiberBundle/support/dataManager.jl:278
┌ LogLevel(-2): All seeds already exist
└ @ Main /work/vemundlu/FiberBundle/support/dataManager.jl:263
┌ LogLevel(-2): 2023-03-27T12:24:57.861: Starting a=0.0 dist=ConstantAverageUniform L=128 nr=LLS t=0.33
└ @ Main /work/vemundlu/FiberBundle/dataGenerator.jl:155
┌ LogLevel(-2): Searching for loose files... 
└ @ Main /work/vemundlu/FiberBundle/support/dataManager.jl:278
┌ LogLevel(-2): All seeds already exist
└ @ Main /work/vemundlu/FiberBundle/support/dataManager.jl:263
┌ LogLevel(-2): 2023-03-27T12:24:57.890: Starting a=2.0 dist=ConstantAverageUniform L=128 nr=CLS t=0.33
└ @ Main /work/vemundlu/FiberBundle/dataGenerator.jl:155
┌ LogLevel(-2): Searching for loose files... 
└ @ Main /work/vemundlu/FiberBundle/support/dataManager.jl:278
┌ LogLevel(-2): All seeds already exist
└ @ Main /work/vemundlu/FiberBundle/support/dataManager.jl:263
┌ LogLevel(-2): 2023-03-27T12:24:57.896: Starting a=0.0 dist=ConstantAverageUniform L=128 nr=LLS t=0.34
└ @ Main /work/vemundlu/FiberBundle/dataGenerator.jl:155
┌ LogLevel(-2): Searching for loose files... 
└ @ Main /work/vemundlu/FiberBundle/support/dataManager.jl:278
┌ LogLevel(-2): All seeds already exist
└ @ Main /work/vemundlu/FiberBundle/support/dataManager.jl:263
┌ LogLevel(-2): 2023-03-27T12:24:57.902: Starting a=2.0 dist=ConstantAverageUniform L=128 nr=CLS t=0.34
└ @ Main /work/vemundlu/FiberBundle/dataGenerator.jl:155
┌ LogLevel(-2): Searching for loose files... 
└ @ Main /work/vemundlu/FiberBundle/support/dataManager.jl:278
┌ LogLevel(-2): All seeds already exist
└ @ Main /work/vemundlu/FiberBundle/support/dataManager.jl:263
┌ LogLevel(-2): 2023-03-27T12:24:57.908: Starting a=0.0 dist=ConstantAverageUniform L=128 nr=LLS t=0.35
└ @ Main /work/vemundlu/FiberBundle/dataGenerator.jl:155
┌ LogLevel(-2): Searching for loose files... 
└ @ Main /work/vemundlu/FiberBundle/support/dataManager.jl:278
┌ LogLevel(-2): All seeds already exist
└ @ Main /work/vemundlu/FiberBundle/support/dataManager.jl:263
┌ LogLevel(-2): 2023-03-27T12:24:57.913: Starting a=2.0 dist=ConstantAverageUniform L=128 nr=CLS t=0.35
└ @ Main /work/vemundlu/FiberBundle/dataGenerator.jl:155
┌ LogLevel(-2): Searching for loose files... 
└ @ Main /work/vemundlu/FiberBundle/support/dataManager.jl:278
┌ LogLevel(-2): All seeds already exist
└ @ Main /work/vemundlu/FiberBundle/support/dataManager.jl:263
┌ LogLevel(-2): 2023-03-27T12:24:57.919: Starting a=0.0 dist=ConstantAverageUniform L=128 nr=LLS t=0.36
└ @ Main /work/vemundlu/FiberBundle/dataGenerator.jl:155
┌ LogLevel(-2): Searching for loose files... 
└ @ Main /work/vemundlu/FiberBundle/support/dataManager.jl:278
┌ LogLevel(-2): All seeds already exist
└ @ Main /work/vemundlu/FiberBundle/support/dataManager.jl:263
┌ LogLevel(-2): 2023-03-27T12:24:57.925: Starting a=2.0 dist=ConstantAverageUniform L=128 nr=CLS t=0.36
└ @ Main /work/vemundlu/FiberBundle/dataGenerator.jl:155
┌ LogLevel(-2): Searching for loose files... 
└ @ Main /work/vemundlu/FiberBundle/support/dataManager.jl:278
┌ LogLevel(-2): All seeds already exist
└ @ Main /work/vemundlu/FiberBundle/support/dataManager.jl:263
┌ LogLevel(-2): 2023-03-27T12:24:57.930: Starting a=0.0 dist=ConstantAverageUniform L=128 nr=LLS t=0.37
└ @ Main /work/vemundlu/FiberBundle/dataGenerator.jl:155
┌ LogLevel(-2): Searching for loose files... 
└ @ Main /work/vemundlu/FiberBundle/support/dataManager.jl:278
┌ LogLevel(-2): All seeds already exist
└ @ Main /work/vemundlu/FiberBundle/support/dataManager.jl:263
┌ LogLevel(-2): 2023-03-27T12:24:57.936: Starting a=2.0 dist=ConstantAverageUniform L=128 nr=CLS t=0.37
└ @ Main /work/vemundlu/FiberBundle/dataGenerator.jl:155
┌ LogLevel(-2): Searching for loose files... 
└ @ Main /work/vemundlu/FiberBundle/support/dataManager.jl:278
┌ LogLevel(-2): All seeds already exist
└ @ Main /work/vemundlu/FiberBundle/support/dataManager.jl:263
┌ LogLevel(-2): 2023-03-27T12:24:57.941: Starting a=0.0 dist=ConstantAverageUniform L=128 nr=LLS t=0.38
└ @ Main /work/vemundlu/FiberBundle/dataGenerator.jl:155
┌ LogLevel(-2): Searching for loose files... 
└ @ Main /work/vemundlu/FiberBundle/support/dataManager.jl:278
┌ LogLevel(-2): All seeds already exist
└ @ Main /work/vemundlu/FiberBundle/support/dataManager.jl:263
┌ LogLevel(-2): 2023-03-27T12:24:57.946: Starting a=2.0 dist=ConstantAverageUniform L=128 nr=CLS t=0.38
└ @ Main /work/vemundlu/FiberBundle/dataGenerator.jl:155
┌ LogLevel(-2): Searching for loose files... 
└ @ Main /work/vemundlu/FiberBundle/support/dataManager.jl:278
┌ LogLevel(-2): All seeds already exist
└ @ Main /work/vemundlu/FiberBundle/support/dataManager.jl:263
┌ LogLevel(-2): 2023-03-27T12:24:57.952: Starting a=0.0 dist=ConstantAverageUniform L=128 nr=LLS t=0.39
└ @ Main /work/vemundlu/FiberBundle/dataGenerator.jl:155
┌ LogLevel(-2): Searching for loose files... 
└ @ Main /work/vemundlu/FiberBundle/support/dataManager.jl:278
┌ LogLevel(-2): All seeds already exist
└ @ Main /work/vemundlu/FiberBundle/support/dataManager.jl:263
┌ LogLevel(-2): 2023-03-27T12:24:57.956: Starting a=2.0 dist=ConstantAverageUniform L=128 nr=CLS t=0.39
└ @ Main /work/vemundlu/FiberBundle/dataGenerator.jl:155
┌ LogLevel(-2): Searching for loose files... 
└ @ Main /work/vemundlu/FiberBundle/support/dataManager.jl:278
┌ LogLevel(-2): All seeds already exist
└ @ Main /work/vemundlu/FiberBundle/support/dataManager.jl:263
┌ LogLevel(-2): 2023-03-27T12:24:57.961: Starting a=0.0 dist=ConstantAverageUniform L=128 nr=LLS t=0.4
└ @ Main /work/vemundlu/FiberBundle/dataGenerator.jl:155
┌ LogLevel(-2): Searching for loose files... 
└ @ Main /work/vemundlu/FiberBundle/support/dataManager.jl:278
┌ LogLevel(-2): All seeds already exist
└ @ Main /work/vemundlu/FiberBundle/support/dataManager.jl:263
┌ LogLevel(-2): 2023-03-27T12:24:57.966: Starting a=2.0 dist=ConstantAverageUniform L=128 nr=CLS t=0.4
└ @ Main /work/vemundlu/FiberBundle/dataGenerator.jl:155
┌ LogLevel(-2): Searching for loose files... 
└ @ Main /work/vemundlu/FiberBundle/support/dataManager.jl:278
┌ LogLevel(-2): All seeds already exist
└ @ Main /work/vemundlu/FiberBundle/support/dataManager.jl:263
┌ LogLevel(-2): 2023-03-27T12:24:57.970: Starting a=0.0 dist=ConstantAverageUniform L=128 nr=LLS t=0.41
└ @ Main /work/vemundlu/FiberBundle/dataGenerator.jl:155
┌ LogLevel(-2): Searching for loose files... 
└ @ Main /work/vemundlu/FiberBundle/support/dataManager.jl:278
┌ LogLevel(-2): All seeds already exist
└ @ Main /work/vemundlu/FiberBundle/support/dataManager.jl:263
┌ LogLevel(-2): 2023-03-27T12:24:57.975: Starting a=2.0 dist=ConstantAverageUniform L=128 nr=CLS t=0.41
└ @ Main /work/vemundlu/FiberBundle/dataGenerator.jl:155
┌ LogLevel(-2): Searching for loose files... 
└ @ Main /work/vemundlu/FiberBundle/support/dataManager.jl:278
┌ LogLevel(-2): All seeds already exist
└ @ Main /work/vemundlu/FiberBundle/support/dataManager.jl:263
┌ LogLevel(-2): 2023-03-27T12:24:57.980: Starting a=0.0 dist=ConstantAverageUniform L=128 nr=LLS t=0.42
└ @ Main /work/vemundlu/FiberBundle/dataGenerator.jl:155
┌ LogLevel(-2): Searching for loose files... 
└ @ Main /work/vemundlu/FiberBundle/support/dataManager.jl:278
┌ LogLevel(-2): All seeds already exist
└ @ Main /work/vemundlu/FiberBundle/support/dataManager.jl:263
┌ LogLevel(-2): 2023-03-27T12:24:57.984: Starting a=2.0 dist=ConstantAverageUniform L=128 nr=CLS t=0.42
└ @ Main /work/vemundlu/FiberBundle/dataGenerator.jl:155
┌ LogLevel(-2): Searching for loose files... 
└ @ Main /work/vemundlu/FiberBundle/support/dataManager.jl:278
┌ LogLevel(-2): All seeds already exist
└ @ Main /work/vemundlu/FiberBundle/support/dataManager.jl:263
┌ LogLevel(-2): 2023-03-27T12:24:57.988: Starting a=0.0 dist=ConstantAverageUniform L=128 nr=LLS t=0.43
└ @ Main /work/vemundlu/FiberBundle/dataGenerator.jl:155
┌ LogLevel(-2): Searching for loose files... 
└ @ Main /work/vemundlu/FiberBundle/support/dataManager.jl:278
┌ LogLevel(-2): All seeds already exist
└ @ Main /work/vemundlu/FiberBundle/support/dataManager.jl:263
┌ LogLevel(-2): 2023-03-27T12:24:57.993: Starting a=2.0 dist=ConstantAverageUniform L=128 nr=CLS t=0.43
└ @ Main /work/vemundlu/FiberBundle/dataGenerator.jl:155
┌ LogLevel(-2): Searching for loose files... 
└ @ Main /work/vemundlu/FiberBundle/support/dataManager.jl:278
┌ LogLevel(-2): All seeds already exist
└ @ Main /work/vemundlu/FiberBundle/support/dataManager.jl:263
┌ LogLevel(-2): 2023-03-27T12:24:57.998: Starting a=0.0 dist=ConstantAverageUniform L=128 nr=LLS t=0.44
└ @ Main /work/vemundlu/FiberBundle/dataGenerator.jl:155
┌ LogLevel(-2): Searching for loose files... 
└ @ Main /work/vemundlu/FiberBundle/support/dataManager.jl:278
┌ LogLevel(-2): All seeds already exist
└ @ Main /work/vemundlu/FiberBundle/support/dataManager.jl:263
┌ LogLevel(-2): 2023-03-27T12:24:58.002: Starting a=2.0 dist=ConstantAverageUniform L=128 nr=CLS t=0.44
└ @ Main /work/vemundlu/FiberBundle/dataGenerator.jl:155
┌ LogLevel(-2): Searching for loose files... 
└ @ Main /work/vemundlu/FiberBundle/support/dataManager.jl:278
┌ LogLevel(-2): All seeds already exist
└ @ Main /work/vemundlu/FiberBundle/support/dataManager.jl:263
┌ LogLevel(-2): 2023-03-27T12:24:58.007: Starting a=0.0 dist=ConstantAverageUniform L=128 nr=LLS t=0.45
└ @ Main /work/vemundlu/FiberBundle/dataGenerator.jl:155
┌ LogLevel(-2): Searching for loose files... 
└ @ Main /work/vemundlu/FiberBundle/support/dataManager.jl:278
┌ LogLevel(-2): All seeds already exist
└ @ Main /work/vemundlu/FiberBundle/support/dataManager.jl:263
┌ LogLevel(-2): 2023-03-27T12:24:58.012: Starting a=2.0 dist=ConstantAverageUniform L=128 nr=CLS t=0.45
└ @ Main /work/vemundlu/FiberBundle/dataGenerator.jl:155
┌ LogLevel(-2): Searching for loose files... 
└ @ Main /work/vemundlu/FiberBundle/support/dataManager.jl:278
┌ LogLevel(-2): All seeds already exist
└ @ Main /work/vemundlu/FiberBundle/support/dataManager.jl:263
┌ LogLevel(-2): 2023-03-27T12:24:58.017: Starting a=0.0 dist=ConstantAverageUniform L=128 nr=LLS t=0.46
└ @ Main /work/vemundlu/FiberBundle/dataGenerator.jl:155
┌ LogLevel(-2): Searching for loose files... 
└ @ Main /work/vemundlu/FiberBundle/support/dataManager.jl:278
┌ LogLevel(-2): Found loose files, cleaning up... 
└ @ Main /work/vemundlu/FiberBundle/support/dataManager.jl:294
┌ LogLevel(-2): All seeds already exist
└ @ Main /work/vemundlu/FiberBundle/support/dataManager.jl:263
┌ LogLevel(-2): 2023-03-27T12:25:50.788: Starting a=2.0 dist=ConstantAverageUniform L=128 nr=CLS t=0.46
└ @ Main /work/vemundlu/FiberBundle/dataGenerator.jl:155
┌ LogLevel(-2): Searching for loose files... 
└ @ Main /work/vemundlu/FiberBundle/support/dataManager.jl:278
┌ LogLevel(-2): All seeds already exist
└ @ Main /work/vemundlu/FiberBundle/support/dataManager.jl:263
┌ LogLevel(-2): 2023-03-27T12:25:50.795: Starting a=0.0 dist=ConstantAverageUniform L=128 nr=LLS t=0.47
└ @ Main /work/vemundlu/FiberBundle/dataGenerator.jl:155
┌ LogLevel(-2): Searching for loose files... 
└ @ Main /work/vemundlu/FiberBundle/support/dataManager.jl:278
┌ LogLevel(-2): All seeds already exist
└ @ Main /work/vemundlu/FiberBundle/support/dataManager.jl:263
┌ LogLevel(-2): 2023-03-27T12:25:50.801: Starting a=2.0 dist=ConstantAverageUniform L=128 nr=CLS t=0.47
└ @ Main /work/vemundlu/FiberBundle/dataGenerator.jl:155
┌ LogLevel(-2): Searching for loose files... 
└ @ Main /work/vemundlu/FiberBundle/support/dataManager.jl:278
┌ LogLevel(-2): All seeds already exist
└ @ Main /work/vemundlu/FiberBundle/support/dataManager.jl:263
┌ LogLevel(-2): 2023-03-27T12:25:50.807: Starting a=0.0 dist=ConstantAverageUniform L=128 nr=LLS t=0.48
└ @ Main /work/vemundlu/FiberBundle/dataGenerator.jl:155
┌ LogLevel(-2): Searching for loose files... 
└ @ Main /work/vemundlu/FiberBundle/support/dataManager.jl:278
┌ LogLevel(-2): All seeds already exist
└ @ Main /work/vemundlu/FiberBundle/support/dataManager.jl:263
┌ LogLevel(-2): 2023-03-27T12:25:50.813: Starting a=2.0 dist=ConstantAverageUniform L=128 nr=CLS t=0.48
└ @ Main /work/vemundlu/FiberBundle/dataGenerator.jl:155
┌ LogLevel(-2): Searching for loose files... 
└ @ Main /work/vemundlu/FiberBundle/support/dataManager.jl:278
┌ LogLevel(-2): All seeds already exist
└ @ Main /work/vemundlu/FiberBundle/support/dataManager.jl:263
┌ LogLevel(-2): 2023-03-27T12:25:50.819: Starting a=0.0 dist=ConstantAverageUniform L=128 nr=LLS t=0.49
└ @ Main /work/vemundlu/FiberBundle/dataGenerator.jl:155
┌ LogLevel(-2): Searching for loose files... 
└ @ Main /work/vemundlu/FiberBundle/support/dataManager.jl:278
┌ LogLevel(-2): All seeds already exist
└ @ Main /work/vemundlu/FiberBundle/support/dataManager.jl:263
┌ LogLevel(-2): 2023-03-27T12:25:50.825: Starting a=2.0 dist=ConstantAverageUniform L=128 nr=CLS t=0.49
└ @ Main /work/vemundlu/FiberBundle/dataGenerator.jl:155
┌ LogLevel(-2): Searching for loose files... 
└ @ Main /work/vemundlu/FiberBundle/support/dataManager.jl:278
┌ LogLevel(-2): All seeds already exist
└ @ Main /work/vemundlu/FiberBundle/support/dataManager.jl:263
┌ LogLevel(-2): 2023-03-27T12:25:50.831: Starting a=0.0 dist=ConstantAverageUniform L=128 nr=LLS t=0.5
└ @ Main /work/vemundlu/FiberBundle/dataGenerator.jl:155
┌ LogLevel(-2): Searching for loose files... 
└ @ Main /work/vemundlu/FiberBundle/support/dataManager.jl:278
┌ LogLevel(-2): All seeds already exist
└ @ Main /work/vemundlu/FiberBundle/support/dataManager.jl:263
┌ LogLevel(-2): 2023-03-27T12:25:50.836: Starting a=2.0 dist=ConstantAverageUniform L=128 nr=CLS t=0.5
└ @ Main /work/vemundlu/FiberBundle/dataGenerator.jl:155
┌ LogLevel(-2): Searching for loose files... 
└ @ Main /work/vemundlu/FiberBundle/support/dataManager.jl:278
┌ LogLevel(-2): All seeds already exist
└ @ Main /work/vemundlu/FiberBundle/support/dataManager.jl:263
 61.164715 seconds (26.74 M allocations: 11.744 GiB, 1.98% gc time, 18.61% compilation time)
┌ LogLevel(-1): Removing workers
└ @ Main /work/vemundlu/FiberBundle/generateData.jl:68
