ERROR: LoadError: MethodError: no method matching +(::Vector{Float64}, ::Float64)
For element-wise addition, use broadcasting with dot syntax: array .+ scalar
Closest candidates are:
  +(::Any, ::Any, !Matched::Any, !Matched::Any...) at /share/apps/eb/cascadelake/software/Julia/1.7.2-linux-x86_64/share/julia/base/operators.jl:655
  +(!Matched::Base.TwicePrecision, ::Number) at /share/apps/eb/cascadelake/software/Julia/1.7.2-linux-x86_64/share/julia/base/twiceprecision.jl:279
  +(::AbstractArray, !Matched::StaticArray) at ~/.julia/packages/StaticArrays/PUoe1/src/linalg.jl:13
  ...
Stacktrace:
  [1] (::var"#36#39"{Int64, String, JLD2.JLDFile{JLD2.MmapIO}, Dict{Any, Any}, Int64})(s_file::JLD2.JLDFile{JLD2.MmapIO})
    @ Main ~/FiberBundle/support/dataManager.jl:156
  [2] jldopen(::Function, ::String, ::Vararg{String}; kws::Base.Pairs{Symbol, Union{}, Tuple{}, NamedTuple{(), Tuple{}}})
    @ JLD2 ~/.julia/packages/JLD2/HnW0g/src/loadsave.jl:4
  [3] jldopen
    @ ~/.julia/packages/JLD2/HnW0g/src/loadsave.jl:2 [inlined]
  [4] (::var"#35#38"{JLD2.JLDFile{JLD2.MmapIO}, Dict{Any, Any}, Int64, Vector{Any}, var"#f#25"{var"#f#24#26"{Dict{String, Any}}}})(averaged_file::JLD2.JLDFile{JLD2.MmapIO})
    @ Main ~/FiberBundle/support/dataManager.jl:138
  [5] jldopen(::Function, ::String, ::Vararg{String}; kws::Base.Pairs{Symbol, Union{}, Tuple{}, NamedTuple{(), Tuple{}}})
    @ JLD2 ~/.julia/packages/JLD2/HnW0g/src/loadsave.jl:4
  [6] jldopen
    @ ~/.julia/packages/JLD2/HnW0g/src/loadsave.jl:2 [inlined]
  [7] (::var"#34#37"{Dict{Any, Any}, Int64, Vector{Any}, String, var"#f#25"{var"#f#24#26"{Dict{String, Any}}}})(condensed_file::JLD2.JLDFile{JLD2.MmapIO})
    @ Main ~/FiberBundle/support/dataManager.jl:131
  [8] jldopen(::Function, ::String, ::Vararg{String}; kws::Base.Pairs{Symbol, LZ4FrameCompressor, Tuple{Symbol}, NamedTuple{(:compress,), Tuple{LZ4FrameCompressor}}})
    @ JLD2 ~/.julia/packages/JLD2/HnW0g/src/loadsave.jl:4
  [9] condense_files(settings::Dict{String, Any}, requested_seeds::Vector{Int64}; remove_files::Bool)
    @ Main ~/FiberBundle/support/dataManager.jl:130
 [10] clean_after_run
    @ ~/FiberBundle/support/dataManager.jl:243 [inlined]
 [11] search_for_loose_files(settings::Dict{String, Any})
    @ Main ~/FiberBundle/support/dataManager.jl:265
 [12] prepare_run(settings::Dict{String, Any}, requested_seeds::UnitRange{Int64}, overwrite::Bool)
    @ Main ~/FiberBundle/support/dataManager.jl:213
 [13] generate_data(settings::Dict{String, Any}, requested_seeds::UnitRange{Int64}, overwrite::Bool; save_data::Bool, use_threads::Bool)
    @ Main ~/FiberBundle/dataGenerator.jl:147
 [14] itterate_settings(dimensions::Vector{Int64}, α::Vector{Float64}, regimes::StepRangeLen{Float64, Base.TwicePrecision{Float64}, Base.TwicePrecision{Float64}, Int64}, neighbourhood_rules::Vector{String}, seeds::UnitRange{Int64}; overwrite::Bool, path::String, use_threads::Bool)
    @ Main ~/FiberBundle/dataGenerator.jl:169
 [15] macro expansion
    @ timing.jl:220 [inlined]
 [16] top-level scope
    @ ~/FiberBundle/generateData.jl:34
in expression starting at /home/vemundlu/FiberBundle/generateData.jl:24
┌ Warning: rmprocs: process 1 not removed
└ @ Distributed /buildworker/worker/package_linux64/build/usr/share/julia/stdlib/v1.7/Distributed/src/cluster.jl:1045
┌ LogLevel(-1): Starting 40 workers... 
└ @ Main /home/vemundlu/FiberBundle/generateData.jl:29
┌ LogLevel(-1): Preparing workers...
└ @ Main /home/vemundlu/FiberBundle/dataGenerator.jl:7
┌ LogLevel(-1): Done!
└ @ Main /home/vemundlu/FiberBundle/dataGenerator.jl:72
┌ LogLevel(-1): Running settings: 
│  [512], 
│  0.0:0.1:1.0, 
│  [2.0]
└ @ Main /home/vemundlu/FiberBundle/generateData.jl:33
┌ LogLevel(-2): Starting a=2.0 dist=Uniform L=512 nr=SNR t=0.0
└ @ Main /home/vemundlu/FiberBundle/dataGenerator.jl:168
┌ LogLevel(-2): Searching for loose files... 
└ @ Main /home/vemundlu/FiberBundle/support/dataManager.jl:248
┌ LogLevel(-2): Done!
└ @ Main /home/vemundlu/FiberBundle/support/dataManager.jl:267
┌ LogLevel(-2): 120 files were found and skipped.
└ @ Main /home/vemundlu/FiberBundle/support/dataManager.jl:227
┌ LogLevel(-2): Running workers...
└ @ Main /home/vemundlu/FiberBundle/dataGenerator.jl:150
┌ LogLevel(-2): Starting work on a=2.0 dist=Uniform L=512 nr=SNR t=0.0
└ @ Main /home/vemundlu/FiberBundle/dataGenerator.jl:91
┌ LogLevel(-2): 0%, Active workers: 24, Completed tasks: 0.
└ @ Main /home/vemundlu/FiberBundle/dataGenerator.jl:103
┌ LogLevel(-2): 1%, Active workers: 40, Completed tasks: 0.
└ @ Main /home/vemundlu/FiberBundle/dataGenerator.jl:103
┌ LogLevel(-2): 2%, Active workers: 40, Completed tasks: 0.
└ @ Main /home/vemundlu/FiberBundle/dataGenerator.jl:103
┌ LogLevel(-2): 3%, Active workers: 40, Completed tasks: 0.
└ @ Main /home/vemundlu/FiberBundle/dataGenerator.jl:103
┌ LogLevel(-2): 4%, Active workers: 40, Completed tasks: 0.
└ @ Main /home/vemundlu/FiberBundle/dataGenerator.jl:103
┌ LogLevel(-2): 5%, Active workers: 40, Completed tasks: 0.
└ @ Main /home/vemundlu/FiberBundle/dataGenerator.jl:103
┌ LogLevel(-2): 6%, Active workers: 40, Completed tasks: 0.
└ @ Main /home/vemundlu/FiberBundle/dataGenerator.jl:103
┌ LogLevel(-2): 7%, Active workers: 40, Completed tasks: 0.
└ @ Main /home/vemundlu/FiberBundle/dataGenerator.jl:103
┌ LogLevel(-2): 8%, Active workers: 40, Completed tasks: 0.
└ @ Main /home/vemundlu/FiberBundle/dataGenerator.jl:103
┌ LogLevel(-2): 9%, Active workers: 40, Completed tasks: 0.
└ @ Main /home/vemundlu/FiberBundle/dataGenerator.jl:103
┌ LogLevel(-2): 10%, Active workers: 40, Completed tasks: 0.
└ @ Main /home/vemundlu/FiberBundle/dataGenerator.jl:103
┌ LogLevel(-2): 11%, Active workers: 40, Completed tasks: 0.
└ @ Main /home/vemundlu/FiberBundle/dataGenerator.jl:103
┌ LogLevel(-2): 12%, Active workers: 40, Completed tasks: 0.
└ @ Main /home/vemundlu/FiberBundle/dataGenerator.jl:103
┌ LogLevel(-2): 13%, Active workers: 40, Completed tasks: 0.
└ @ Main /home/vemundlu/FiberBundle/dataGenerator.jl:103
┌ LogLevel(-2): 14%, Active workers: 40, Completed tasks: 0.
└ @ Main /home/vemundlu/FiberBundle/dataGenerator.jl:103
┌ LogLevel(-2): 15%, Active workers: 40, Completed tasks: 0.
└ @ Main /home/vemundlu/FiberBundle/dataGenerator.jl:103
┌ LogLevel(-2): 16%, Active workers: 40, Completed tasks: 0.
└ @ Main /home/vemundlu/FiberBundle/dataGenerator.jl:103
      From worker 2:	5062.860162 seconds (3.90 M allocations: 154.162 MiB, 0.00% gc time, 0.00% compilation time)
      From worker 39:	5083.053634 seconds (4.05 M allocations: 158.261 MiB, 0.00% gc time, 0.00% compilation time)
      From worker 8:	5139.762235 seconds (3.89 M allocations: 153.928 MiB, 0.00% gc time, 0.00% compilation time)
      From worker 16:	5154.386892 seconds (3.95 M allocations: 156.332 MiB, 0.00% gc time, 0.00% compilation time)
      From worker 24:	5211.830505 seconds (3.91 M allocations: 154.500 MiB, 0.00% gc time, 0.00% compilation time)
      From worker 17:	5285.485408 seconds (4.13 M allocations: 163.240 MiB, 0.00% gc time, 0.00% compilation time)
      From worker 33:	5286.922227 seconds (4.06 M allocations: 158.506 MiB, 0.00% gc time, 0.00% compilation time)
      From worker 14:	5319.661608 seconds (4.12 M allocations: 162.697 MiB, 0.00% gc time, 0.00% compilation time)
┌ LogLevel(-2): 17%, Active workers: 40, Completed tasks: 8.
└ @ Main /home/vemundlu/FiberBundle/dataGenerator.jl:103
      From worker 4:	5342.841503 seconds (4.05 M allocations: 160.075 MiB, 0.00% gc time, 0.00% compilation time)
      From worker 3:	5523.665372 seconds (4.12 M allocations: 162.857 MiB, 0.00% gc time, 0.00% compilation time)
      From worker 41:	5538.242296 seconds (4.25 M allocations: 165.826 MiB, 0.00% gc time, 0.00% compilation time)
      From worker 11:	5604.930912 seconds (4.26 M allocations: 168.368 MiB, 0.00% gc time, 0.00% compilation time)
      From worker 20:	5607.219072 seconds (4.25 M allocations: 168.072 MiB, 0.00% gc time, 0.00% compilation time)
      From worker 32:	5617.574130 seconds (4.11 M allocations: 162.621 MiB, 0.00% gc time, 0.00% compilation time)
      From worker 25:	5625.091156 seconds (4.11 M allocations: 162.558 MiB, 0.00% gc time, 0.00% compilation time)
      From worker 36:	5627.938599 seconds (4.32 M allocations: 168.642 MiB, 0.00% gc time, 0.00% compilation time)
┌ LogLevel(-2): 18%, Active workers: 40, Completed tasks: 15.
└ @ Main /home/vemundlu/FiberBundle/dataGenerator.jl:103
      From worker 40:	5679.435167 seconds (4.28 M allocations: 166.880 MiB, 0.00% gc time, 0.00% compilation time)
      From worker 21:	5729.785755 seconds (4.29 M allocations: 169.706 MiB, 0.00% gc time, 0.00% compilation time)
      From worker 15:	5752.901896 seconds (4.26 M allocations: 168.334 MiB, 0.00% gc time, 0.00% compilation time)
      From worker 18:	5762.556652 seconds (4.28 M allocations: 169.064 MiB, 0.00% gc time, 0.00% compilation time)
      From worker 26:	5761.928432 seconds (4.15 M allocations: 164.228 MiB, 0.00% gc time, 0.00% compilation time)
      From worker 34:	5804.257712 seconds (4.27 M allocations: 166.717 MiB, 0.00% gc time, 0.00% compilation time)
      From worker 13:	5820.739473 seconds (4.35 M allocations: 171.709 MiB, 0.00% gc time, 0.00% compilation time)
      From worker 35:	5844.236295 seconds (4.33 M allocations: 168.971 MiB, 0.00% gc time, 0.00% compilation time)
┌ LogLevel(-2): 19%, Active workers: 40, Completed tasks: 24.
└ @ Main /home/vemundlu/FiberBundle/dataGenerator.jl:103
      From worker 38:	5977.862232 seconds (4.57 M allocations: 178.106 MiB, 0.00% gc time, 0.00% compilation time)
      From worker 12:	5985.695408 seconds (4.40 M allocations: 173.735 MiB, 0.00% gc time, 0.00% compilation time)
      From worker 7:	5990.874846 seconds (4.30 M allocations: 170.105 MiB, 0.00% gc time, 0.00% compilation time)
      From worker 30:	6017.740907 seconds (4.46 M allocations: 176.096 MiB, 0.00% gc time, 0.00% compilation time)
      From worker 23:	6021.308703 seconds (4.48 M allocations: 177.101 MiB, 0.00% gc time, 0.00% compilation time)
      From worker 22:	6058.562367 seconds (4.35 M allocations: 172.039 MiB, 0.00% gc time, 0.00% compilation time)
┌ LogLevel(-2): 20%, Active workers: 40, Completed tasks: 30.
└ @ Main /home/vemundlu/FiberBundle/dataGenerator.jl:103
      From worker 28:	6195.484305 seconds (4.50 M allocations: 177.790 MiB, 0.00% gc time, 0.00% compilation time)
      From worker 5:	6206.296855 seconds (4.46 M allocations: 176.061 MiB, 0.00% gc time, 0.00% compilation time)
      From worker 10:	6216.103154 seconds (4.59 M allocations: 181.332 MiB, 0.00% gc time, 0.00% compilation time)
      From worker 31:	6219.000323 seconds (4.46 M allocations: 176.083 MiB, 0.00% gc time, 0.00% compilation time)
      From worker 6:	6303.870405 seconds (4.57 M allocations: 180.674 MiB, 0.00% gc time, 0.00% compilation time)
┌ LogLevel(-2): 21%, Active workers: 40, Completed tasks: 35.
└ @ Main /home/vemundlu/FiberBundle/dataGenerator.jl:103
      From worker 19:	6612.045859 seconds (4.66 M allocations: 184.136 MiB, 0.00% gc time, 0.00% compilation time)
┌ LogLevel(-2): 22%, Active workers: 40, Completed tasks: 36.
└ @ Main /home/vemundlu/FiberBundle/dataGenerator.jl:103
      From worker 29:	6638.720462 seconds (4.71 M allocations: 186.107 MiB, 0.00% gc time, 0.00% compilation time)
      From worker 27:	6797.391662 seconds (4.96 M allocations: 195.785 MiB, 0.00% gc time, 0.00% compilation time)
┌ LogLevel(-2): 23%, Active workers: 40, Completed tasks: 38.
└ @ Main /home/vemundlu/FiberBundle/dataGenerator.jl:103
┌ LogLevel(-2): 24%, Active workers: 40, Completed tasks: 38.
└ @ Main /home/vemundlu/FiberBundle/dataGenerator.jl:103
      From worker 37:	7278.677964 seconds (5.13 M allocations: 199.608 MiB, 0.00% gc time, 0.00% compilation time)
┌ LogLevel(-2): 25%, Active workers: 40, Completed tasks: 39.
└ @ Main /home/vemundlu/FiberBundle/dataGenerator.jl:103
      From worker 9:	7616.899819 seconds (5.38 M allocations: 212.060 MiB, 0.00% gc time, 0.00% compilation time)
┌ LogLevel(-2): 26%, Active workers: 40, Completed tasks: 40.
└ @ Main /home/vemundlu/FiberBundle/dataGenerator.jl:103
┌ LogLevel(-2): 27%, Active workers: 40, Completed tasks: 40.
└ @ Main /home/vemundlu/FiberBundle/dataGenerator.jl:103
┌ LogLevel(-2): 28%, Active workers: 40, Completed tasks: 40.
└ @ Main /home/vemundlu/FiberBundle/dataGenerator.jl:103
┌ LogLevel(-2): 29%, Active workers: 40, Completed tasks: 40.
└ @ Main /home/vemundlu/FiberBundle/dataGenerator.jl:103
┌ LogLevel(-2): 30%, Active workers: 40, Completed tasks: 40.
└ @ Main /home/vemundlu/FiberBundle/dataGenerator.jl:103
┌ LogLevel(-2): 31%, Active workers: 40, Completed tasks: 40.
└ @ Main /home/vemundlu/FiberBundle/dataGenerator.jl:103
      From worker 24:	4719.446115 seconds (3.63 M allocations: 142.149 MiB, 0.00% gc time)
┌ LogLevel(-2): 32%, Active workers: 39, Completed tasks: 41.
└ @ Main /home/vemundlu/FiberBundle/dataGenerator.jl:103
┌ LogLevel(-2): 33%, Active workers: 39, Completed tasks: 41.
└ @ Main /home/vemundlu/FiberBundle/dataGenerator.jl:103
      From worker 16:	5267.843650 seconds (3.83 M allocations: 149.704 MiB, 0.00% gc time)
      From worker 21:	4812.778494 seconds (3.70 M allocations: 144.766 MiB, 0.00% gc time)
      From worker 41:	5020.079326 seconds (3.77 M allocations: 145.529 MiB, 0.00% gc time)
      From worker 17:	5352.687509 seconds (4.04 M allocations: 158.040 MiB, 0.00% gc time)
      From worker 32:	5147.044577 seconds (3.83 M allocations: 149.975 MiB, 0.00% gc time)
┌ LogLevel(-2): 34%, Active workers: 34, Completed tasks: 46.
└ @ Main /home/vemundlu/FiberBundle/dataGenerator.jl:103
      From worker 14:	5555.202491 seconds (4.18 M allocations: 163.719 MiB, 0.00% gc time)
      From worker 33:	5641.157120 seconds (4.29 M allocations: 165.684 MiB, 0.00% gc time)
      From worker 4:	5642.643474 seconds (4.22 M allocations: 165.198 MiB, 0.00% gc time)
      From worker 3:	5486.475169 seconds (4.04 M allocations: 158.201 MiB, 0.00% gc time)
      From worker 39:	6020.681156 seconds (4.42 M allocations: 170.436 MiB, 0.00% gc time)
      From worker 25:	5480.895765 seconds (4.19 M allocations: 163.930 MiB, 0.00% gc time)
┌ LogLevel(-2): 35%, Active workers: 28, Completed tasks: 52.
└ @ Main /home/vemundlu/FiberBundle/dataGenerator.jl:103
      From worker 40:	5564.995142 seconds (4.27 M allocations: 164.784 MiB, 0.00% gc time)
      From worker 36:	5702.249207 seconds (4.37 M allocations: 168.716 MiB, 0.00% gc time)
      From worker 15:	5680.245370 seconds (4.10 M allocations: 160.239 MiB, 0.00% gc time)
      From worker 13:	5620.119531 seconds (4.18 M allocations: 163.531 MiB, 0.00% gc time)
      From worker 29:	4824.220217 seconds (3.80 M allocations: 148.842 MiB, 0.00% gc time)
      From worker 22:	5463.361893 seconds (4.18 M allocations: 163.486 MiB, 0.00% gc time)
      From worker 2:	6459.604870 seconds (4.75 M allocations: 185.863 MiB, 0.00% gc time)
      From worker 30:	5544.505417 seconds (4.18 M allocations: 163.618 MiB, 0.00% gc time)
      From worker 23:	5623.072603 seconds (4.28 M allocations: 167.355 MiB, 0.00% gc time)
┌ LogLevel(-2): 36%, Active workers: 19, Completed tasks: 61.
└ @ Main /home/vemundlu/FiberBundle/dataGenerator.jl:103
      From worker 26:	6064.524140 seconds (4.60 M allocations: 180.131 MiB, 0.00% gc time)
      From worker 18:	6075.044329 seconds (4.57 M allocations: 178.895 MiB, 0.00% gc time)
      From worker 11:	6235.413231 seconds (4.74 M allocations: 185.251 MiB, 0.00% gc time)
      From worker 31:	5658.491518 seconds (4.36 M allocations: 170.684 MiB, 0.00% gc time)
      From worker 20:	6349.478784 seconds (4.83 M allocations: 189.004 MiB, 0.00% gc time)
      From worker 8:	6861.298786 seconds (5.12 M allocations: 200.443 MiB, 0.00% gc time)
      From worker 28:	5809.172190 seconds (4.38 M allocations: 171.305 MiB, 0.00% gc time)
      From worker 5:	5820.234891 seconds (4.48 M allocations: 175.127 MiB, 0.00% gc time)
      From worker 12:	6069.354764 seconds (4.56 M allocations: 178.439 MiB, 0.00% gc time)
      From worker 19:	5508.748834 seconds (4.31 M allocations: 168.471 MiB, 0.00% gc time)
      From worker 38:	6218.399203 seconds (4.88 M allocations: 188.284 MiB, 0.00% gc time)
      From worker 7:	6225.769412 seconds (4.77 M allocations: 186.431 MiB, 0.00% gc time)
      From worker 27:	5568.195671 seconds (4.36 M allocations: 170.604 MiB, 0.00% gc time)
      From worker 6:	6062.239930 seconds (4.60 M allocations: 179.823 MiB, 0.00% gc time)
      From worker 35:	6613.608265 seconds (5.10 M allocations: 196.762 MiB, 0.00% gc time)
      From worker 34:	6742.355499 seconds (5.24 M allocations: 202.075 MiB, 0.00% gc time)
      From worker 10:	6412.025681 seconds (5.02 M allocations: 196.301 MiB, 0.00% gc time)
      From worker 37:	5541.467630 seconds (4.71 M allocations: 181.845 MiB, 0.00% gc time)
      From worker 9:	5486.407952 seconds (4.65 M allocations: 182.096 MiB, 0.00% gc time)
┌ LogLevel(-2): 100%, Active workers: 0, Completed tasks: 80.
└ @ Main /home/vemundlu/FiberBundle/dataGenerator.jl:106
┌ LogLevel(-2): Done!
└ @ Main /home/vemundlu/FiberBundle/dataGenerator.jl:152
┌ LogLevel(-2): Calculating averages... 
└ @ Main /home/vemundlu/FiberBundle/dataGenerator.jl:155
┌ LogLevel(-2): Done!
└ @ Main /home/vemundlu/FiberBundle/dataGenerator.jl:157
┌ LogLevel(-2): Starting a=0.0 dist=Uniform L=512 nr=UNR t=0.0
└ @ Main /home/vemundlu/FiberBundle/dataGenerator.jl:168
┌ LogLevel(-2): Searching for loose files... 
└ @ Main /home/vemundlu/FiberBundle/support/dataManager.jl:248
┌ LogLevel(-2): Found loose files, cleaning up... 
└ @ Main /home/vemundlu/FiberBundle/support/dataManager.jl:264
┌ Warning: last_step not found in data/Uniform/a=0.0 dist=Uniform L=512 nr=UNR t=0.0/a=0.0 dist=Uniform L=512 nr=UNR t=0.0 s=0_bulk.jld2!
└ @ Main /home/vemundlu/FiberBundle/support/dataManager.jl:163
┌ Warning: break_sequence not found in data/Uniform/a=0.0 dist=Uniform L=512 nr=UNR t=0.0/a=0.0 dist=Uniform L=512 nr=UNR t=0.0 s=0_bulk.jld2!
└ @ Main /home/vemundlu/FiberBundle/support/dataManager.jl:163
┌ Warning: tension not found in data/Uniform/a=0.0 dist=Uniform L=512 nr=UNR t=0.0/a=0.0 dist=Uniform L=512 nr=UNR t=0.0 s=0_bulk.jld2!
└ @ Main /home/vemundlu/FiberBundle/support/dataManager.jl:163
┌ Warning: simulation_time not found in data/Uniform/a=0.0 dist=Uniform L=512 nr=UNR t=0.0/a=0.0 dist=Uniform L=512 nr=UNR t=0.0 s=1_bulk.jld2!
└ @ Main /home/vemundlu/FiberBundle/support/dataManager.jl:142
┌ Warning: largest_cluster not found in data/Uniform/a=0.0 dist=Uniform L=512 nr=UNR t=0.0/a=0.0 dist=Uniform L=512 nr=UNR t=0.0 s=1_bulk.jld2!
└ @ Main /home/vemundlu/FiberBundle/support/dataManager.jl:142
