┌ Warning: rmprocs: process 1 not removed
└ @ Distributed /buildworker/worker/package_linux64/build/usr/share/julia/stdlib/v1.7/Distributed/src/cluster.jl:1045
┌ LogLevel(-1): Starting 50 workers... 
└ @ Main /work/vemundlu/FiberBundle/generateData.jl:62
┌ LogLevel(-1): Running settings: 
│  Any[16, 32], 
│  Any[0.8], 
│  Any[2.0]
└ @ Main /work/vemundlu/FiberBundle/generateData.jl:66
┌ LogLevel(-2): 2023-04-11T19:01:46.827: Starting a=0.0 dist=ConstantAverageUniform L=16 nr=LLS t=0.8
└ @ Main /work/vemundlu/FiberBundle/dataGenerator.jl:155
┌ LogLevel(-2): Searching for loose files... 
└ @ Main /work/vemundlu/FiberBundle/support/dataManager.jl:278
┌ LogLevel(-2): Running workers...
└ @ Main /work/vemundlu/FiberBundle/dataGenerator.jl:140
┌ LogLevel(-2): Starting work on a=0.0 dist=ConstantAverageUniform L=16 nr=LLS t=0.8
└ @ Main /work/vemundlu/FiberBundle/dataGenerator.jl:80
┌ LogLevel(-2): 0%, Active workers: 50, Completed tasks: 0.
└ @ Main /work/vemundlu/FiberBundle/dataGenerator.jl:92
┌ LogLevel(-2): 1%, Active workers: 50, Completed tasks: 68.
└ @ Main /work/vemundlu/FiberBundle/dataGenerator.jl:92
┌ LogLevel(-2): 2%, Active workers: 50, Completed tasks: 173.
└ @ Main /work/vemundlu/FiberBundle/dataGenerator.jl:92
┌ LogLevel(-2): 3%, Active workers: 50, Completed tasks: 275.
└ @ Main /work/vemundlu/FiberBundle/dataGenerator.jl:92
┌ LogLevel(-2): 4%, Active workers: 50, Completed tasks: 375.
└ @ Main /work/vemundlu/FiberBundle/dataGenerator.jl:92
┌ LogLevel(-2): 5%, Active workers: 50, Completed tasks: 473.
└ @ Main /work/vemundlu/FiberBundle/dataGenerator.jl:92
┌ LogLevel(-2): 6%, Active workers: 49, Completed tasks: 576.
└ @ Main /work/vemundlu/FiberBundle/dataGenerator.jl:92
┌ LogLevel(-2): 7%, Active workers: 50, Completed tasks: 675.
└ @ Main /work/vemundlu/FiberBundle/dataGenerator.jl:92
┌ LogLevel(-2): 8%, Active workers: 50, Completed tasks: 775.
└ @ Main /work/vemundlu/FiberBundle/dataGenerator.jl:92
┌ LogLevel(-2): 9%, Active workers: 50, Completed tasks: 876.
└ @ Main /work/vemundlu/FiberBundle/dataGenerator.jl:92
┌ LogLevel(-2): 10%, Active workers: 50, Completed tasks: 977.
└ @ Main /work/vemundlu/FiberBundle/dataGenerator.jl:92
┌ LogLevel(-2): 11%, Active workers: 50, Completed tasks: 1078.
└ @ Main /work/vemundlu/FiberBundle/dataGenerator.jl:92
┌ LogLevel(-2): 12%, Active workers: 50, Completed tasks: 1175.
└ @ Main /work/vemundlu/FiberBundle/dataGenerator.jl:92
┌ LogLevel(-2): 13%, Active workers: 50, Completed tasks: 1274.
└ @ Main /work/vemundlu/FiberBundle/dataGenerator.jl:92
┌ LogLevel(-2): 14%, Active workers: 50, Completed tasks: 1374.
└ @ Main /work/vemundlu/FiberBundle/dataGenerator.jl:92
┌ LogLevel(-2): 15%, Active workers: 50, Completed tasks: 1474.
└ @ Main /work/vemundlu/FiberBundle/dataGenerator.jl:92
┌ LogLevel(-2): 16%, Active workers: 50, Completed tasks: 1576.
└ @ Main /work/vemundlu/FiberBundle/dataGenerator.jl:92
┌ LogLevel(-2): 17%, Active workers: 50, Completed tasks: 1678.
└ @ Main /work/vemundlu/FiberBundle/dataGenerator.jl:92
┌ LogLevel(-2): 18%, Active workers: 50, Completed tasks: 1776.
└ @ Main /work/vemundlu/FiberBundle/dataGenerator.jl:92
┌ LogLevel(-2): 19%, Active workers: 50, Completed tasks: 1878.
└ @ Main /work/vemundlu/FiberBundle/dataGenerator.jl:92
┌ LogLevel(-2): 20%, Active workers: 50, Completed tasks: 1975.
└ @ Main /work/vemundlu/FiberBundle/dataGenerator.jl:92
┌ LogLevel(-2): 21%, Active workers: 50, Completed tasks: 2078.
└ @ Main /work/vemundlu/FiberBundle/dataGenerator.jl:92
┌ LogLevel(-2): 22%, Active workers: 50, Completed tasks: 2175.
└ @ Main /work/vemundlu/FiberBundle/dataGenerator.jl:92
┌ LogLevel(-2): 23%, Active workers: 50, Completed tasks: 2275.
└ @ Main /work/vemundlu/FiberBundle/dataGenerator.jl:92
┌ LogLevel(-2): 24%, Active workers: 50, Completed tasks: 2373.
└ @ Main /work/vemundlu/FiberBundle/dataGenerator.jl:92
┌ LogLevel(-2): 25%, Active workers: 50, Completed tasks: 2475.
└ @ Main /work/vemundlu/FiberBundle/dataGenerator.jl:92
┌ LogLevel(-2): 26%, Active workers: 50, Completed tasks: 2575.
└ @ Main /work/vemundlu/FiberBundle/dataGenerator.jl:92
┌ LogLevel(-2): 27%, Active workers: 50, Completed tasks: 2675.
└ @ Main /work/vemundlu/FiberBundle/dataGenerator.jl:92
┌ LogLevel(-2): 28%, Active workers: 50, Completed tasks: 2773.
└ @ Main /work/vemundlu/FiberBundle/dataGenerator.jl:92
┌ LogLevel(-2): 29%, Active workers: 50, Completed tasks: 2873.
└ @ Main /work/vemundlu/FiberBundle/dataGenerator.jl:92
┌ LogLevel(-2): 30%, Active workers: 50, Completed tasks: 2971.
└ @ Main /work/vemundlu/FiberBundle/dataGenerator.jl:92
┌ LogLevel(-2): 31%, Active workers: 50, Completed tasks: 3073.
└ @ Main /work/vemundlu/FiberBundle/dataGenerator.jl:92
┌ LogLevel(-2): 32%, Active workers: 50, Completed tasks: 3172.
└ @ Main /work/vemundlu/FiberBundle/dataGenerator.jl:92
┌ LogLevel(-2): 33%, Active workers: 50, Completed tasks: 3273.
└ @ Main /work/vemundlu/FiberBundle/dataGenerator.jl:92
┌ LogLevel(-2): 34%, Active workers: 50, Completed tasks: 3373.
└ @ Main /work/vemundlu/FiberBundle/dataGenerator.jl:92
┌ LogLevel(-2): 35%, Active workers: 50, Completed tasks: 3474.
└ @ Main /work/vemundlu/FiberBundle/dataGenerator.jl:92
┌ LogLevel(-2): 36%, Active workers: 50, Completed tasks: 3576.
└ @ Main /work/vemundlu/FiberBundle/dataGenerator.jl:92
┌ LogLevel(-2): 37%, Active workers: 50, Completed tasks: 3674.
└ @ Main /work/vemundlu/FiberBundle/dataGenerator.jl:92
┌ LogLevel(-2): 38%, Active workers: 50, Completed tasks: 3774.
└ @ Main /work/vemundlu/FiberBundle/dataGenerator.jl:92
┌ LogLevel(-2): 39%, Active workers: 50, Completed tasks: 3875.
└ @ Main /work/vemundlu/FiberBundle/dataGenerator.jl:92
┌ LogLevel(-2): 40%, Active workers: 50, Completed tasks: 3976.
└ @ Main /work/vemundlu/FiberBundle/dataGenerator.jl:92
┌ LogLevel(-2): 41%, Active workers: 50, Completed tasks: 4075.
└ @ Main /work/vemundlu/FiberBundle/dataGenerator.jl:92
┌ LogLevel(-2): 42%, Active workers: 50, Completed tasks: 4173.
└ @ Main /work/vemundlu/FiberBundle/dataGenerator.jl:92
┌ LogLevel(-2): 43%, Active workers: 50, Completed tasks: 4272.
└ @ Main /work/vemundlu/FiberBundle/dataGenerator.jl:92
┌ LogLevel(-2): 44%, Active workers: 50, Completed tasks: 4374.
└ @ Main /work/vemundlu/FiberBundle/dataGenerator.jl:92
┌ LogLevel(-2): 45%, Active workers: 50, Completed tasks: 4470.
└ @ Main /work/vemundlu/FiberBundle/dataGenerator.jl:92
┌ LogLevel(-2): 46%, Active workers: 50, Completed tasks: 4572.
└ @ Main /work/vemundlu/FiberBundle/dataGenerator.jl:92
┌ LogLevel(-2): 47%, Active workers: 50, Completed tasks: 4674.
└ @ Main /work/vemundlu/FiberBundle/dataGenerator.jl:92
┌ LogLevel(-2): 48%, Active workers: 50, Completed tasks: 4774.
└ @ Main /work/vemundlu/FiberBundle/dataGenerator.jl:92
┌ LogLevel(-2): 49%, Active workers: 50, Completed tasks: 4873.
└ @ Main /work/vemundlu/FiberBundle/dataGenerator.jl:92
┌ LogLevel(-2): 50%, Active workers: 50, Completed tasks: 4974.
└ @ Main /work/vemundlu/FiberBundle/dataGenerator.jl:92
┌ LogLevel(-2): 51%, Active workers: 50, Completed tasks: 5074.
└ @ Main /work/vemundlu/FiberBundle/dataGenerator.jl:92
┌ LogLevel(-2): 52%, Active workers: 50, Completed tasks: 5176.
└ @ Main /work/vemundlu/FiberBundle/dataGenerator.jl:92
┌ LogLevel(-2): 53%, Active workers: 49, Completed tasks: 5276.
└ @ Main /work/vemundlu/FiberBundle/dataGenerator.jl:92
┌ LogLevel(-2): 54%, Active workers: 50, Completed tasks: 5376.
└ @ Main /work/vemundlu/FiberBundle/dataGenerator.jl:92
┌ LogLevel(-2): 55%, Active workers: 50, Completed tasks: 5476.
└ @ Main /work/vemundlu/FiberBundle/dataGenerator.jl:92
┌ LogLevel(-2): 56%, Active workers: 50, Completed tasks: 5575.
└ @ Main /work/vemundlu/FiberBundle/dataGenerator.jl:92
┌ LogLevel(-2): 57%, Active workers: 50, Completed tasks: 5675.
└ @ Main /work/vemundlu/FiberBundle/dataGenerator.jl:92
┌ LogLevel(-2): 58%, Active workers: 50, Completed tasks: 5776.
└ @ Main /work/vemundlu/FiberBundle/dataGenerator.jl:92
┌ LogLevel(-2): 59%, Active workers: 50, Completed tasks: 5876.
└ @ Main /work/vemundlu/FiberBundle/dataGenerator.jl:92
┌ LogLevel(-2): 60%, Active workers: 50, Completed tasks: 5975.
└ @ Main /work/vemundlu/FiberBundle/dataGenerator.jl:92
┌ LogLevel(-2): 61%, Active workers: 50, Completed tasks: 6074.
└ @ Main /work/vemundlu/FiberBundle/dataGenerator.jl:92
┌ LogLevel(-2): 62%, Active workers: 50, Completed tasks: 6173.
└ @ Main /work/vemundlu/FiberBundle/dataGenerator.jl:92
┌ LogLevel(-2): 63%, Active workers: 50, Completed tasks: 6274.
└ @ Main /work/vemundlu/FiberBundle/dataGenerator.jl:92
┌ LogLevel(-2): 64%, Active workers: 50, Completed tasks: 6374.
└ @ Main /work/vemundlu/FiberBundle/dataGenerator.jl:92
┌ LogLevel(-2): 65%, Active workers: 50, Completed tasks: 6476.
└ @ Main /work/vemundlu/FiberBundle/dataGenerator.jl:92
┌ LogLevel(-2): 66%, Active workers: 50, Completed tasks: 6576.
└ @ Main /work/vemundlu/FiberBundle/dataGenerator.jl:92
┌ LogLevel(-2): 67%, Active workers: 50, Completed tasks: 6674.
└ @ Main /work/vemundlu/FiberBundle/dataGenerator.jl:92
┌ LogLevel(-2): 68%, Active workers: 50, Completed tasks: 6778.
└ @ Main /work/vemundlu/FiberBundle/dataGenerator.jl:92
┌ LogLevel(-2): 69%, Active workers: 50, Completed tasks: 6874.
└ @ Main /work/vemundlu/FiberBundle/dataGenerator.jl:92
┌ LogLevel(-2): 70%, Active workers: 50, Completed tasks: 6974.
└ @ Main /work/vemundlu/FiberBundle/dataGenerator.jl:92
┌ LogLevel(-2): 71%, Active workers: 50, Completed tasks: 7074.
└ @ Main /work/vemundlu/FiberBundle/dataGenerator.jl:92
┌ LogLevel(-2): 72%, Active workers: 50, Completed tasks: 7173.
└ @ Main /work/vemundlu/FiberBundle/dataGenerator.jl:92
┌ LogLevel(-2): 73%, Active workers: 50, Completed tasks: 7272.
└ @ Main /work/vemundlu/FiberBundle/dataGenerator.jl:92
┌ LogLevel(-2): 74%, Active workers: 50, Completed tasks: 7373.
└ @ Main /work/vemundlu/FiberBundle/dataGenerator.jl:92
┌ LogLevel(-2): 75%, Active workers: 50, Completed tasks: 7471.
└ @ Main /work/vemundlu/FiberBundle/dataGenerator.jl:92
┌ LogLevel(-2): 76%, Active workers: 50, Completed tasks: 7573.
└ @ Main /work/vemundlu/FiberBundle/dataGenerator.jl:92
┌ LogLevel(-2): 77%, Active workers: 50, Completed tasks: 7673.
└ @ Main /work/vemundlu/FiberBundle/dataGenerator.jl:92
┌ LogLevel(-2): 78%, Active workers: 50, Completed tasks: 7775.
└ @ Main /work/vemundlu/FiberBundle/dataGenerator.jl:92
┌ LogLevel(-2): 79%, Active workers: 50, Completed tasks: 7876.
└ @ Main /work/vemundlu/FiberBundle/dataGenerator.jl:92
┌ LogLevel(-2): 80%, Active workers: 50, Completed tasks: 7973.
└ @ Main /work/vemundlu/FiberBundle/dataGenerator.jl:92
┌ LogLevel(-2): 81%, Active workers: 50, Completed tasks: 8073.
└ @ Main /work/vemundlu/FiberBundle/dataGenerator.jl:92
┌ LogLevel(-2): 82%, Active workers: 50, Completed tasks: 8176.
└ @ Main /work/vemundlu/FiberBundle/dataGenerator.jl:92
┌ LogLevel(-2): 83%, Active workers: 50, Completed tasks: 8274.
└ @ Main /work/vemundlu/FiberBundle/dataGenerator.jl:92
┌ LogLevel(-2): 84%, Active workers: 50, Completed tasks: 8375.
└ @ Main /work/vemundlu/FiberBundle/dataGenerator.jl:92
┌ LogLevel(-2): 85%, Active workers: 50, Completed tasks: 8475.
└ @ Main /work/vemundlu/FiberBundle/dataGenerator.jl:92
┌ LogLevel(-2): 86%, Active workers: 50, Completed tasks: 8575.
└ @ Main /work/vemundlu/FiberBundle/dataGenerator.jl:92
┌ LogLevel(-2): 87%, Active workers: 50, Completed tasks: 8676.
└ @ Main /work/vemundlu/FiberBundle/dataGenerator.jl:92
┌ LogLevel(-2): 88%, Active workers: 50, Completed tasks: 8777.
└ @ Main /work/vemundlu/FiberBundle/dataGenerator.jl:92
┌ LogLevel(-2): 89%, Active workers: 50, Completed tasks: 8876.
└ @ Main /work/vemundlu/FiberBundle/dataGenerator.jl:92
┌ LogLevel(-2): 90%, Active workers: 50, Completed tasks: 8976.
└ @ Main /work/vemundlu/FiberBundle/dataGenerator.jl:92
┌ LogLevel(-2): 91%, Active workers: 50, Completed tasks: 9076.
└ @ Main /work/vemundlu/FiberBundle/dataGenerator.jl:92
┌ LogLevel(-2): 92%, Active workers: 50, Completed tasks: 9175.
└ @ Main /work/vemundlu/FiberBundle/dataGenerator.jl:92
┌ LogLevel(-2): 93%, Active workers: 50, Completed tasks: 9275.
└ @ Main /work/vemundlu/FiberBundle/dataGenerator.jl:92
┌ LogLevel(-2): 94%, Active workers: 50, Completed tasks: 9377.
└ @ Main /work/vemundlu/FiberBundle/dataGenerator.jl:92
┌ LogLevel(-2): 95%, Active workers: 50, Completed tasks: 9477.
└ @ Main /work/vemundlu/FiberBundle/dataGenerator.jl:92
┌ LogLevel(-2): 96%, Active workers: 50, Completed tasks: 9576.
└ @ Main /work/vemundlu/FiberBundle/dataGenerator.jl:92
┌ LogLevel(-2): 97%, Active workers: 49, Completed tasks: 9678.
└ @ Main /work/vemundlu/FiberBundle/dataGenerator.jl:92
┌ LogLevel(-2): 98%, Active workers: 47, Completed tasks: 9778.
└ @ Main /work/vemundlu/FiberBundle/dataGenerator.jl:92
┌ LogLevel(-2): 99%, Active workers: 40, Completed tasks: 9882.
└ @ Main /work/vemundlu/FiberBundle/dataGenerator.jl:92
┌ LogLevel(-2): 100%, Active workers: 0, Completed tasks: 10000.
└ @ Main /work/vemundlu/FiberBundle/dataGenerator.jl:96
┌ LogLevel(-2): Done!
└ @ Main /work/vemundlu/FiberBundle/dataGenerator.jl:142
┌ LogLevel(-2): Calculating averages... 
└ @ Main /work/vemundlu/FiberBundle/dataGenerator.jl:145
┌ LogLevel(-2): Done!
└ @ Main /work/vemundlu/FiberBundle/dataGenerator.jl:147
┌ LogLevel(-2): 2023-04-11T19:08:42.847: Starting a=2.0 dist=ConstantAverageUniform L=16 nr=CLS t=0.8
└ @ Main /work/vemundlu/FiberBundle/dataGenerator.jl:155
┌ LogLevel(-2): Searching for loose files... 
└ @ Main /work/vemundlu/FiberBundle/support/dataManager.jl:278
┌ LogLevel(-2): Running workers...
└ @ Main /work/vemundlu/FiberBundle/dataGenerator.jl:140
┌ LogLevel(-2): Starting work on a=2.0 dist=ConstantAverageUniform L=16 nr=CLS t=0.8
└ @ Main /work/vemundlu/FiberBundle/dataGenerator.jl:80
┌ LogLevel(-2): 0%, Active workers: 4, Completed tasks: 0.
└ @ Main /work/vemundlu/FiberBundle/dataGenerator.jl:92
┌ LogLevel(-2): 1%, Active workers: 50, Completed tasks: 68.
└ @ Main /work/vemundlu/FiberBundle/dataGenerator.jl:92
┌ LogLevel(-2): 2%, Active workers: 50, Completed tasks: 174.
└ @ Main /work/vemundlu/FiberBundle/dataGenerator.jl:92
┌ LogLevel(-2): 3%, Active workers: 50, Completed tasks: 274.
└ @ Main /work/vemundlu/FiberBundle/dataGenerator.jl:92
┌ LogLevel(-2): 4%, Active workers: 50, Completed tasks: 372.
└ @ Main /work/vemundlu/FiberBundle/dataGenerator.jl:92
┌ LogLevel(-2): 5%, Active workers: 50, Completed tasks: 473.
└ @ Main /work/vemundlu/FiberBundle/dataGenerator.jl:92
┌ LogLevel(-2): 6%, Active workers: 50, Completed tasks: 572.
└ @ Main /work/vemundlu/FiberBundle/dataGenerator.jl:92
┌ LogLevel(-2): 7%, Active workers: 50, Completed tasks: 670.
└ @ Main /work/vemundlu/FiberBundle/dataGenerator.jl:92
┌ LogLevel(-2): 8%, Active workers: 50, Completed tasks: 771.
└ @ Main /work/vemundlu/FiberBundle/dataGenerator.jl:92
┌ LogLevel(-2): 9%, Active workers: 50, Completed tasks: 871.
└ @ Main /work/vemundlu/FiberBundle/dataGenerator.jl:92
┌ LogLevel(-2): 10%, Active workers: 50, Completed tasks: 971.
└ @ Main /work/vemundlu/FiberBundle/dataGenerator.jl:92
┌ LogLevel(-2): 11%, Active workers: 50, Completed tasks: 1074.
└ @ Main /work/vemundlu/FiberBundle/dataGenerator.jl:92
┌ LogLevel(-2): 12%, Active workers: 50, Completed tasks: 1173.
└ @ Main /work/vemundlu/FiberBundle/dataGenerator.jl:92
┌ LogLevel(-2): 13%, Active workers: 50, Completed tasks: 1275.
└ @ Main /work/vemundlu/FiberBundle/dataGenerator.jl:92
┌ LogLevel(-2): 14%, Active workers: 50, Completed tasks: 1374.
└ @ Main /work/vemundlu/FiberBundle/dataGenerator.jl:92
┌ LogLevel(-2): 15%, Active workers: 50, Completed tasks: 1475.
└ @ Main /work/vemundlu/FiberBundle/dataGenerator.jl:92
┌ LogLevel(-2): 16%, Active workers: 50, Completed tasks: 1577.
└ @ Main /work/vemundlu/FiberBundle/dataGenerator.jl:92
┌ LogLevel(-2): 17%, Active workers: 50, Completed tasks: 1676.
└ @ Main /work/vemundlu/FiberBundle/dataGenerator.jl:92
┌ LogLevel(-2): 18%, Active workers: 50, Completed tasks: 1776.
└ @ Main /work/vemundlu/FiberBundle/dataGenerator.jl:92
┌ LogLevel(-2): 19%, Active workers: 50, Completed tasks: 1877.
└ @ Main /work/vemundlu/FiberBundle/dataGenerator.jl:92
┌ LogLevel(-2): 20%, Active workers: 50, Completed tasks: 1976.
└ @ Main /work/vemundlu/FiberBundle/dataGenerator.jl:92
┌ LogLevel(-2): 21%, Active workers: 50, Completed tasks: 2075.
└ @ Main /work/vemundlu/FiberBundle/dataGenerator.jl:92
┌ LogLevel(-2): 22%, Active workers: 50, Completed tasks: 2175.
└ @ Main /work/vemundlu/FiberBundle/dataGenerator.jl:92
┌ LogLevel(-2): 23%, Active workers: 50, Completed tasks: 2275.
└ @ Main /work/vemundlu/FiberBundle/dataGenerator.jl:92
┌ LogLevel(-2): 24%, Active workers: 50, Completed tasks: 2376.
└ @ Main /work/vemundlu/FiberBundle/dataGenerator.jl:92
┌ LogLevel(-2): 25%, Active workers: 50, Completed tasks: 2475.
└ @ Main /work/vemundlu/FiberBundle/dataGenerator.jl:92
┌ LogLevel(-2): 26%, Active workers: 50, Completed tasks: 2574.
└ @ Main /work/vemundlu/FiberBundle/dataGenerator.jl:92
┌ LogLevel(-2): 27%, Active workers: 50, Completed tasks: 2674.
└ @ Main /work/vemundlu/FiberBundle/dataGenerator.jl:92
┌ LogLevel(-2): 28%, Active workers: 50, Completed tasks: 2770.
└ @ Main /work/vemundlu/FiberBundle/dataGenerator.jl:92
┌ LogLevel(-2): 29%, Active workers: 50, Completed tasks: 2873.
└ @ Main /work/vemundlu/FiberBundle/dataGenerator.jl:92
┌ LogLevel(-2): 30%, Active workers: 50, Completed tasks: 2971.
└ @ Main /work/vemundlu/FiberBundle/dataGenerator.jl:92
┌ LogLevel(-2): 31%, Active workers: 50, Completed tasks: 3070.
└ @ Main /work/vemundlu/FiberBundle/dataGenerator.jl:92
┌ LogLevel(-2): 32%, Active workers: 50, Completed tasks: 3173.
└ @ Main /work/vemundlu/FiberBundle/dataGenerator.jl:92
┌ LogLevel(-2): 33%, Active workers: 50, Completed tasks: 3274.
└ @ Main /work/vemundlu/FiberBundle/dataGenerator.jl:92
┌ LogLevel(-2): 34%, Active workers: 50, Completed tasks: 3373.
└ @ Main /work/vemundlu/FiberBundle/dataGenerator.jl:92
┌ LogLevel(-2): 35%, Active workers: 50, Completed tasks: 3475.
└ @ Main /work/vemundlu/FiberBundle/dataGenerator.jl:92
┌ LogLevel(-2): 36%, Active workers: 50, Completed tasks: 3578.
└ @ Main /work/vemundlu/FiberBundle/dataGenerator.jl:92
┌ LogLevel(-2): 37%, Active workers: 50, Completed tasks: 3675.
└ @ Main /work/vemundlu/FiberBundle/dataGenerator.jl:92
┌ LogLevel(-2): 38%, Active workers: 50, Completed tasks: 3775.
└ @ Main /work/vemundlu/FiberBundle/dataGenerator.jl:92
┌ LogLevel(-2): 39%, Active workers: 50, Completed tasks: 3877.
└ @ Main /work/vemundlu/FiberBundle/dataGenerator.jl:92
┌ LogLevel(-2): 40%, Active workers: 50, Completed tasks: 3976.
└ @ Main /work/vemundlu/FiberBundle/dataGenerator.jl:92
┌ LogLevel(-2): 41%, Active workers: 50, Completed tasks: 4076.
└ @ Main /work/vemundlu/FiberBundle/dataGenerator.jl:92
┌ LogLevel(-2): 42%, Active workers: 50, Completed tasks: 4175.
└ @ Main /work/vemundlu/FiberBundle/dataGenerator.jl:92
┌ LogLevel(-2): 43%, Active workers: 50, Completed tasks: 4277.
└ @ Main /work/vemundlu/FiberBundle/dataGenerator.jl:92
┌ LogLevel(-2): 44%, Active workers: 50, Completed tasks: 4377.
└ @ Main /work/vemundlu/FiberBundle/dataGenerator.jl:92
┌ LogLevel(-2): 45%, Active workers: 49, Completed tasks: 4477.
└ @ Main /work/vemundlu/FiberBundle/dataGenerator.jl:92
┌ LogLevel(-2): 46%, Active workers: 50, Completed tasks: 4576.
└ @ Main /work/vemundlu/FiberBundle/dataGenerator.jl:92
┌ LogLevel(-2): 47%, Active workers: 50, Completed tasks: 4675.
└ @ Main /work/vemundlu/FiberBundle/dataGenerator.jl:92
┌ LogLevel(-2): 48%, Active workers: 50, Completed tasks: 4776.
└ @ Main /work/vemundlu/FiberBundle/dataGenerator.jl:92
┌ LogLevel(-2): 49%, Active workers: 50, Completed tasks: 4877.
└ @ Main /work/vemundlu/FiberBundle/dataGenerator.jl:92
┌ LogLevel(-2): 50%, Active workers: 50, Completed tasks: 4974.
└ @ Main /work/vemundlu/FiberBundle/dataGenerator.jl:92
┌ LogLevel(-2): 51%, Active workers: 50, Completed tasks: 5073.
└ @ Main /work/vemundlu/FiberBundle/dataGenerator.jl:92
┌ LogLevel(-2): 52%, Active workers: 50, Completed tasks: 5175.
└ @ Main /work/vemundlu/FiberBundle/dataGenerator.jl:92
┌ LogLevel(-2): 53%, Active workers: 50, Completed tasks: 5274.
└ @ Main /work/vemundlu/FiberBundle/dataGenerator.jl:92
┌ LogLevel(-2): 54%, Active workers: 50, Completed tasks: 5374.
└ @ Main /work/vemundlu/FiberBundle/dataGenerator.jl:92
┌ LogLevel(-2): 55%, Active workers: 50, Completed tasks: 5472.
└ @ Main /work/vemundlu/FiberBundle/dataGenerator.jl:92
┌ LogLevel(-2): 56%, Active workers: 50, Completed tasks: 5571.
└ @ Main /work/vemundlu/FiberBundle/dataGenerator.jl:92
┌ LogLevel(-2): 57%, Active workers: 50, Completed tasks: 5673.
└ @ Main /work/vemundlu/FiberBundle/dataGenerator.jl:92
┌ LogLevel(-2): 58%, Active workers: 50, Completed tasks: 5771.
└ @ Main /work/vemundlu/FiberBundle/dataGenerator.jl:92
┌ LogLevel(-2): 59%, Active workers: 50, Completed tasks: 5871.
└ @ Main /work/vemundlu/FiberBundle/dataGenerator.jl:92
┌ LogLevel(-2): 60%, Active workers: 50, Completed tasks: 5974.
└ @ Main /work/vemundlu/FiberBundle/dataGenerator.jl:92
┌ LogLevel(-2): 61%, Active workers: 50, Completed tasks: 6074.
└ @ Main /work/vemundlu/FiberBundle/dataGenerator.jl:92
┌ LogLevel(-2): 62%, Active workers: 50, Completed tasks: 6174.
└ @ Main /work/vemundlu/FiberBundle/dataGenerator.jl:92
┌ LogLevel(-2): 63%, Active workers: 50, Completed tasks: 6274.
└ @ Main /work/vemundlu/FiberBundle/dataGenerator.jl:92
┌ LogLevel(-2): 64%, Active workers: 50, Completed tasks: 6375.
└ @ Main /work/vemundlu/FiberBundle/dataGenerator.jl:92
┌ LogLevel(-2): 65%, Active workers: 50, Completed tasks: 6473.
└ @ Main /work/vemundlu/FiberBundle/dataGenerator.jl:92
┌ LogLevel(-2): 66%, Active workers: 50, Completed tasks: 6575.
└ @ Main /work/vemundlu/FiberBundle/dataGenerator.jl:92
┌ LogLevel(-2): 67%, Active workers: 50, Completed tasks: 6675.
└ @ Main /work/vemundlu/FiberBundle/dataGenerator.jl:92
┌ LogLevel(-2): 68%, Active workers: 50, Completed tasks: 6775.
└ @ Main /work/vemundlu/FiberBundle/dataGenerator.jl:92
┌ LogLevel(-2): 69%, Active workers: 50, Completed tasks: 6876.
└ @ Main /work/vemundlu/FiberBundle/dataGenerator.jl:92
┌ LogLevel(-2): 70%, Active workers: 50, Completed tasks: 6976.
└ @ Main /work/vemundlu/FiberBundle/dataGenerator.jl:92
┌ LogLevel(-2): 71%, Active workers: 50, Completed tasks: 7074.
└ @ Main /work/vemundlu/FiberBundle/dataGenerator.jl:92
┌ LogLevel(-2): 72%, Active workers: 50, Completed tasks: 7173.
└ @ Main /work/vemundlu/FiberBundle/dataGenerator.jl:92
┌ LogLevel(-2): 73%, Active workers: 50, Completed tasks: 7277.
└ @ Main /work/vemundlu/FiberBundle/dataGenerator.jl:92
┌ LogLevel(-2): 74%, Active workers: 49, Completed tasks: 7378.
└ @ Main /work/vemundlu/FiberBundle/dataGenerator.jl:92
┌ LogLevel(-2): 75%, Active workers: 50, Completed tasks: 7478.
└ @ Main /work/vemundlu/FiberBundle/dataGenerator.jl:92
┌ LogLevel(-2): 76%, Active workers: 50, Completed tasks: 7577.
└ @ Main /work/vemundlu/FiberBundle/dataGenerator.jl:92
┌ LogLevel(-2): 77%, Active workers: 50, Completed tasks: 7674.
└ @ Main /work/vemundlu/FiberBundle/dataGenerator.jl:92
┌ LogLevel(-2): 78%, Active workers: 50, Completed tasks: 7774.
└ @ Main /work/vemundlu/FiberBundle/dataGenerator.jl:92
┌ LogLevel(-2): 79%, Active workers: 50, Completed tasks: 7875.
└ @ Main /work/vemundlu/FiberBundle/dataGenerator.jl:92
┌ LogLevel(-2): 80%, Active workers: 50, Completed tasks: 7973.
└ @ Main /work/vemundlu/FiberBundle/dataGenerator.jl:92
┌ LogLevel(-2): 81%, Active workers: 50, Completed tasks: 8070.
└ @ Main /work/vemundlu/FiberBundle/dataGenerator.jl:92
┌ LogLevel(-2): 82%, Active workers: 50, Completed tasks: 8172.
└ @ Main /work/vemundlu/FiberBundle/dataGenerator.jl:92
┌ LogLevel(-2): 83%, Active workers: 50, Completed tasks: 8273.
└ @ Main /work/vemundlu/FiberBundle/dataGenerator.jl:92
┌ LogLevel(-2): 84%, Active workers: 50, Completed tasks: 8375.
└ @ Main /work/vemundlu/FiberBundle/dataGenerator.jl:92
┌ LogLevel(-2): 85%, Active workers: 50, Completed tasks: 8474.
└ @ Main /work/vemundlu/FiberBundle/dataGenerator.jl:92
┌ LogLevel(-2): 86%, Active workers: 50, Completed tasks: 8576.
└ @ Main /work/vemundlu/FiberBundle/dataGenerator.jl:92
┌ LogLevel(-2): 87%, Active workers: 50, Completed tasks: 8676.
└ @ Main /work/vemundlu/FiberBundle/dataGenerator.jl:92
┌ LogLevel(-2): 88%, Active workers: 50, Completed tasks: 8777.
└ @ Main /work/vemundlu/FiberBundle/dataGenerator.jl:92
┌ LogLevel(-2): 89%, Active workers: 50, Completed tasks: 8878.
└ @ Main /work/vemundlu/FiberBundle/dataGenerator.jl:92
┌ LogLevel(-2): 90%, Active workers: 50, Completed tasks: 8978.
└ @ Main /work/vemundlu/FiberBundle/dataGenerator.jl:92
┌ LogLevel(-2): 91%, Active workers: 50, Completed tasks: 9078.
└ @ Main /work/vemundlu/FiberBundle/dataGenerator.jl:92
┌ LogLevel(-2): 92%, Active workers: 50, Completed tasks: 9176.
└ @ Main /work/vemundlu/FiberBundle/dataGenerator.jl:92
┌ LogLevel(-2): 93%, Active workers: 50, Completed tasks: 9278.
└ @ Main /work/vemundlu/FiberBundle/dataGenerator.jl:92
┌ LogLevel(-2): 94%, Active workers: 50, Completed tasks: 9377.
└ @ Main /work/vemundlu/FiberBundle/dataGenerator.jl:92
┌ LogLevel(-2): 95%, Active workers: 50, Completed tasks: 9478.
└ @ Main /work/vemundlu/FiberBundle/dataGenerator.jl:92
┌ LogLevel(-2): 96%, Active workers: 50, Completed tasks: 9576.
└ @ Main /work/vemundlu/FiberBundle/dataGenerator.jl:92
┌ LogLevel(-2): 97%, Active workers: 49, Completed tasks: 9678.
└ @ Main /work/vemundlu/FiberBundle/dataGenerator.jl:92
┌ LogLevel(-2): 98%, Active workers: 43, Completed tasks: 9778.
└ @ Main /work/vemundlu/FiberBundle/dataGenerator.jl:92
┌ LogLevel(-2): 99%, Active workers: 29, Completed tasks: 9886.
└ @ Main /work/vemundlu/FiberBundle/dataGenerator.jl:92
┌ LogLevel(-2): 100%, Active workers: 0, Completed tasks: 10000.
└ @ Main /work/vemundlu/FiberBundle/dataGenerator.jl:96
┌ LogLevel(-2): Done!
└ @ Main /work/vemundlu/FiberBundle/dataGenerator.jl:142
┌ LogLevel(-2): Calculating averages... 
└ @ Main /work/vemundlu/FiberBundle/dataGenerator.jl:145
┌ LogLevel(-2): Done!
└ @ Main /work/vemundlu/FiberBundle/dataGenerator.jl:147
┌ LogLevel(-2): 2023-04-11T19:15:32.311: Starting a=0.0 dist=ConstantAverageUniform L=32 nr=LLS t=0.8
└ @ Main /work/vemundlu/FiberBundle/dataGenerator.jl:155
┌ LogLevel(-2): Searching for loose files... 
└ @ Main /work/vemundlu/FiberBundle/support/dataManager.jl:278
┌ LogLevel(-2): Running workers...
└ @ Main /work/vemundlu/FiberBundle/dataGenerator.jl:140
┌ LogLevel(-2): Starting work on a=0.0 dist=ConstantAverageUniform L=32 nr=LLS t=0.8
└ @ Main /work/vemundlu/FiberBundle/dataGenerator.jl:80
┌ LogLevel(-2): 0%, Active workers: 7, Completed tasks: 0.
└ @ Main /work/vemundlu/FiberBundle/dataGenerator.jl:92
┌ LogLevel(-2): 1%, Active workers: 50, Completed tasks: 67.
└ @ Main /work/vemundlu/FiberBundle/dataGenerator.jl:92
┌ LogLevel(-2): 2%, Active workers: 50, Completed tasks: 163.
└ @ Main /work/vemundlu/FiberBundle/dataGenerator.jl:92
┌ LogLevel(-2): 3%, Active workers: 50, Completed tasks: 266.
└ @ Main /work/vemundlu/FiberBundle/dataGenerator.jl:92
┌ LogLevel(-2): 4%, Active workers: 50, Completed tasks: 368.
└ @ Main /work/vemundlu/FiberBundle/dataGenerator.jl:92
┌ LogLevel(-2): 5%, Active workers: 50, Completed tasks: 469.
└ @ Main /work/vemundlu/FiberBundle/dataGenerator.jl:92
┌ LogLevel(-2): 6%, Active workers: 50, Completed tasks: 569.
└ @ Main /work/vemundlu/FiberBundle/dataGenerator.jl:92
┌ LogLevel(-2): 7%, Active workers: 50, Completed tasks: 672.
└ @ Main /work/vemundlu/FiberBundle/dataGenerator.jl:92
┌ LogLevel(-2): 8%, Active workers: 50, Completed tasks: 773.
└ @ Main /work/vemundlu/FiberBundle/dataGenerator.jl:92
┌ LogLevel(-2): 9%, Active workers: 50, Completed tasks: 871.
└ @ Main /work/vemundlu/FiberBundle/dataGenerator.jl:92
┌ LogLevel(-2): 10%, Active workers: 50, Completed tasks: 973.
└ @ Main /work/vemundlu/FiberBundle/dataGenerator.jl:92
┌ LogLevel(-2): 11%, Active workers: 50, Completed tasks: 1075.
└ @ Main /work/vemundlu/FiberBundle/dataGenerator.jl:92
┌ LogLevel(-2): 12%, Active workers: 50, Completed tasks: 1174.
└ @ Main /work/vemundlu/FiberBundle/dataGenerator.jl:92
┌ LogLevel(-2): 13%, Active workers: 50, Completed tasks: 1271.
└ @ Main /work/vemundlu/FiberBundle/dataGenerator.jl:92
┌ LogLevel(-2): 14%, Active workers: 50, Completed tasks: 1375.
└ @ Main /work/vemundlu/FiberBundle/dataGenerator.jl:92
┌ LogLevel(-2): 15%, Active workers: 50, Completed tasks: 1472.
└ @ Main /work/vemundlu/FiberBundle/dataGenerator.jl:92
┌ LogLevel(-2): 16%, Active workers: 50, Completed tasks: 1573.
└ @ Main /work/vemundlu/FiberBundle/dataGenerator.jl:92
┌ LogLevel(-2): 17%, Active workers: 50, Completed tasks: 1674.
└ @ Main /work/vemundlu/FiberBundle/dataGenerator.jl:92
┌ LogLevel(-2): 18%, Active workers: 50, Completed tasks: 1773.
└ @ Main /work/vemundlu/FiberBundle/dataGenerator.jl:92
┌ LogLevel(-2): 19%, Active workers: 50, Completed tasks: 1873.
└ @ Main /work/vemundlu/FiberBundle/dataGenerator.jl:92
┌ LogLevel(-2): 20%, Active workers: 50, Completed tasks: 1971.
└ @ Main /work/vemundlu/FiberBundle/dataGenerator.jl:92
┌ LogLevel(-2): 21%, Active workers: 50, Completed tasks: 2073.
└ @ Main /work/vemundlu/FiberBundle/dataGenerator.jl:92
┌ LogLevel(-2): 22%, Active workers: 50, Completed tasks: 2171.
└ @ Main /work/vemundlu/FiberBundle/dataGenerator.jl:92
┌ LogLevel(-2): 23%, Active workers: 50, Completed tasks: 2271.
└ @ Main /work/vemundlu/FiberBundle/dataGenerator.jl:92
┌ LogLevel(-2): 24%, Active workers: 50, Completed tasks: 2371.
└ @ Main /work/vemundlu/FiberBundle/dataGenerator.jl:92
┌ LogLevel(-2): 25%, Active workers: 50, Completed tasks: 2473.
└ @ Main /work/vemundlu/FiberBundle/dataGenerator.jl:92
┌ LogLevel(-2): 26%, Active workers: 50, Completed tasks: 2571.
└ @ Main /work/vemundlu/FiberBundle/dataGenerator.jl:92
┌ LogLevel(-2): 27%, Active workers: 50, Completed tasks: 2672.
└ @ Main /work/vemundlu/FiberBundle/dataGenerator.jl:92
┌ LogLevel(-2): 28%, Active workers: 50, Completed tasks: 2773.
└ @ Main /work/vemundlu/FiberBundle/dataGenerator.jl:92
┌ LogLevel(-2): 29%, Active workers: 50, Completed tasks: 2876.
└ @ Main /work/vemundlu/FiberBundle/dataGenerator.jl:92
┌ LogLevel(-2): 30%, Active workers: 50, Completed tasks: 2974.
└ @ Main /work/vemundlu/FiberBundle/dataGenerator.jl:92
┌ LogLevel(-2): 31%, Active workers: 50, Completed tasks: 3074.
└ @ Main /work/vemundlu/FiberBundle/dataGenerator.jl:92
┌ LogLevel(-2): 32%, Active workers: 50, Completed tasks: 3173.
└ @ Main /work/vemundlu/FiberBundle/dataGenerator.jl:92
┌ LogLevel(-2): 33%, Active workers: 50, Completed tasks: 3273.
└ @ Main /work/vemundlu/FiberBundle/dataGenerator.jl:92
┌ LogLevel(-2): 34%, Active workers: 50, Completed tasks: 3372.
└ @ Main /work/vemundlu/FiberBundle/dataGenerator.jl:92
┌ LogLevel(-2): 35%, Active workers: 50, Completed tasks: 3471.
└ @ Main /work/vemundlu/FiberBundle/dataGenerator.jl:92
┌ LogLevel(-2): 36%, Active workers: 50, Completed tasks: 3571.
└ @ Main /work/vemundlu/FiberBundle/dataGenerator.jl:92
┌ LogLevel(-2): 37%, Active workers: 50, Completed tasks: 3673.
└ @ Main /work/vemundlu/FiberBundle/dataGenerator.jl:92
┌ LogLevel(-2): 38%, Active workers: 50, Completed tasks: 3773.
└ @ Main /work/vemundlu/FiberBundle/dataGenerator.jl:92
┌ LogLevel(-2): 39%, Active workers: 50, Completed tasks: 3872.
└ @ Main /work/vemundlu/FiberBundle/dataGenerator.jl:92
┌ LogLevel(-2): 40%, Active workers: 50, Completed tasks: 3970.
└ @ Main /work/vemundlu/FiberBundle/dataGenerator.jl:92
┌ LogLevel(-2): 41%, Active workers: 50, Completed tasks: 4071.
└ @ Main /work/vemundlu/FiberBundle/dataGenerator.jl:92
┌ LogLevel(-2): 42%, Active workers: 50, Completed tasks: 4170.
└ @ Main /work/vemundlu/FiberBundle/dataGenerator.jl:92
┌ LogLevel(-2): 43%, Active workers: 50, Completed tasks: 4270.
└ @ Main /work/vemundlu/FiberBundle/dataGenerator.jl:92
┌ LogLevel(-2): 44%, Active workers: 50, Completed tasks: 4370.
└ @ Main /work/vemundlu/FiberBundle/dataGenerator.jl:92
┌ LogLevel(-2): 45%, Active workers: 50, Completed tasks: 4470.
└ @ Main /work/vemundlu/FiberBundle/dataGenerator.jl:92
┌ LogLevel(-2): 46%, Active workers: 50, Completed tasks: 4571.
└ @ Main /work/vemundlu/FiberBundle/dataGenerator.jl:92
┌ LogLevel(-2): 47%, Active workers: 50, Completed tasks: 4671.
└ @ Main /work/vemundlu/FiberBundle/dataGenerator.jl:92
┌ LogLevel(-2): 48%, Active workers: 50, Completed tasks: 4773.
└ @ Main /work/vemundlu/FiberBundle/dataGenerator.jl:92
┌ LogLevel(-2): 49%, Active workers: 50, Completed tasks: 4873.
└ @ Main /work/vemundlu/FiberBundle/dataGenerator.jl:92
┌ LogLevel(-2): 50%, Active workers: 50, Completed tasks: 4973.
└ @ Main /work/vemundlu/FiberBundle/dataGenerator.jl:92
┌ LogLevel(-2): 51%, Active workers: 50, Completed tasks: 5073.
└ @ Main /work/vemundlu/FiberBundle/dataGenerator.jl:92
┌ LogLevel(-2): 52%, Active workers: 50, Completed tasks: 5170.
└ @ Main /work/vemundlu/FiberBundle/dataGenerator.jl:92
┌ LogLevel(-2): 53%, Active workers: 50, Completed tasks: 5273.
└ @ Main /work/vemundlu/FiberBundle/dataGenerator.jl:92
┌ LogLevel(-2): 54%, Active workers: 50, Completed tasks: 5370.
└ @ Main /work/vemundlu/FiberBundle/dataGenerator.jl:92
┌ LogLevel(-2): 55%, Active workers: 50, Completed tasks: 5469.
└ @ Main /work/vemundlu/FiberBundle/dataGenerator.jl:92
┌ LogLevel(-2): 56%, Active workers: 50, Completed tasks: 5571.
└ @ Main /work/vemundlu/FiberBundle/dataGenerator.jl:92
┌ LogLevel(-2): 57%, Active workers: 50, Completed tasks: 5672.
└ @ Main /work/vemundlu/FiberBundle/dataGenerator.jl:92
┌ LogLevel(-2): 58%, Active workers: 50, Completed tasks: 5770.
└ @ Main /work/vemundlu/FiberBundle/dataGenerator.jl:92
┌ LogLevel(-2): 59%, Active workers: 50, Completed tasks: 5870.
└ @ Main /work/vemundlu/FiberBundle/dataGenerator.jl:92
┌ LogLevel(-2): 60%, Active workers: 50, Completed tasks: 5970.
└ @ Main /work/vemundlu/FiberBundle/dataGenerator.jl:92
┌ LogLevel(-2): 61%, Active workers: 50, Completed tasks: 6071.
└ @ Main /work/vemundlu/FiberBundle/dataGenerator.jl:92
┌ LogLevel(-2): 62%, Active workers: 50, Completed tasks: 6171.
└ @ Main /work/vemundlu/FiberBundle/dataGenerator.jl:92
┌ LogLevel(-2): 63%, Active workers: 50, Completed tasks: 6270.
└ @ Main /work/vemundlu/FiberBundle/dataGenerator.jl:92
┌ LogLevel(-2): 64%, Active workers: 50, Completed tasks: 6372.
└ @ Main /work/vemundlu/FiberBundle/dataGenerator.jl:92
┌ LogLevel(-2): 65%, Active workers: 50, Completed tasks: 6473.
└ @ Main /work/vemundlu/FiberBundle/dataGenerator.jl:92
┌ LogLevel(-2): 66%, Active workers: 50, Completed tasks: 6574.
└ @ Main /work/vemundlu/FiberBundle/dataGenerator.jl:92
┌ LogLevel(-2): 67%, Active workers: 50, Completed tasks: 6675.
└ @ Main /work/vemundlu/FiberBundle/dataGenerator.jl:92
┌ LogLevel(-2): 68%, Active workers: 50, Completed tasks: 6774.
└ @ Main /work/vemundlu/FiberBundle/dataGenerator.jl:92
┌ LogLevel(-2): 69%, Active workers: 50, Completed tasks: 6874.
└ @ Main /work/vemundlu/FiberBundle/dataGenerator.jl:92
┌ LogLevel(-2): 70%, Active workers: 50, Completed tasks: 6974.
└ @ Main /work/vemundlu/FiberBundle/dataGenerator.jl:92
┌ LogLevel(-2): 71%, Active workers: 50, Completed tasks: 7075.
└ @ Main /work/vemundlu/FiberBundle/dataGenerator.jl:92
┌ LogLevel(-2): 72%, Active workers: 50, Completed tasks: 7175.
└ @ Main /work/vemundlu/FiberBundle/dataGenerator.jl:92
┌ LogLevel(-2): 73%, Active workers: 50, Completed tasks: 7275.
└ @ Main /work/vemundlu/FiberBundle/dataGenerator.jl:92
┌ LogLevel(-2): 74%, Active workers: 50, Completed tasks: 7373.
└ @ Main /work/vemundlu/FiberBundle/dataGenerator.jl:92
┌ LogLevel(-2): 75%, Active workers: 50, Completed tasks: 7474.
└ @ Main /work/vemundlu/FiberBundle/dataGenerator.jl:92
┌ LogLevel(-2): 76%, Active workers: 50, Completed tasks: 7573.
└ @ Main /work/vemundlu/FiberBundle/dataGenerator.jl:92
┌ LogLevel(-2): 77%, Active workers: 50, Completed tasks: 7673.
└ @ Main /work/vemundlu/FiberBundle/dataGenerator.jl:92
┌ LogLevel(-2): 78%, Active workers: 50, Completed tasks: 7774.
└ @ Main /work/vemundlu/FiberBundle/dataGenerator.jl:92
┌ LogLevel(-2): 79%, Active workers: 50, Completed tasks: 7874.
└ @ Main /work/vemundlu/FiberBundle/dataGenerator.jl:92
┌ LogLevel(-2): 80%, Active workers: 50, Completed tasks: 7975.
└ @ Main /work/vemundlu/FiberBundle/dataGenerator.jl:92
┌ LogLevel(-2): 81%, Active workers: 50, Completed tasks: 8073.
└ @ Main /work/vemundlu/FiberBundle/dataGenerator.jl:92
┌ LogLevel(-2): 82%, Active workers: 50, Completed tasks: 8175.
└ @ Main /work/vemundlu/FiberBundle/dataGenerator.jl:92
┌ LogLevel(-2): 83%, Active workers: 50, Completed tasks: 8277.
└ @ Main /work/vemundlu/FiberBundle/dataGenerator.jl:92
┌ LogLevel(-2): 84%, Active workers: 50, Completed tasks: 8377.
└ @ Main /work/vemundlu/FiberBundle/dataGenerator.jl:92
┌ LogLevel(-2): 85%, Active workers: 50, Completed tasks: 8478.
└ @ Main /work/vemundlu/FiberBundle/dataGenerator.jl:92
┌ LogLevel(-2): 86%, Active workers: 50, Completed tasks: 8577.
└ @ Main /work/vemundlu/FiberBundle/dataGenerator.jl:92
┌ LogLevel(-2): 87%, Active workers: 50, Completed tasks: 8677.
└ @ Main /work/vemundlu/FiberBundle/dataGenerator.jl:92
┌ LogLevel(-2): 88%, Active workers: 50, Completed tasks: 8776.
└ @ Main /work/vemundlu/FiberBundle/dataGenerator.jl:92
┌ LogLevel(-2): 89%, Active workers: 50, Completed tasks: 8876.
└ @ Main /work/vemundlu/FiberBundle/dataGenerator.jl:92
┌ LogLevel(-2): 90%, Active workers: 50, Completed tasks: 8977.
└ @ Main /work/vemundlu/FiberBundle/dataGenerator.jl:92
┌ LogLevel(-2): 91%, Active workers: 50, Completed tasks: 9075.
└ @ Main /work/vemundlu/FiberBundle/dataGenerator.jl:92
┌ LogLevel(-2): 92%, Active workers: 50, Completed tasks: 9172.
└ @ Main /work/vemundlu/FiberBundle/dataGenerator.jl:92
┌ LogLevel(-2): 93%, Active workers: 50, Completed tasks: 9275.
└ @ Main /work/vemundlu/FiberBundle/dataGenerator.jl:92
┌ LogLevel(-2): 94%, Active workers: 50, Completed tasks: 9377.
└ @ Main /work/vemundlu/FiberBundle/dataGenerator.jl:92
┌ LogLevel(-2): 95%, Active workers: 50, Completed tasks: 9477.
└ @ Main /work/vemundlu/FiberBundle/dataGenerator.jl:92
┌ LogLevel(-2): 96%, Active workers: 50, Completed tasks: 9578.
└ @ Main /work/vemundlu/FiberBundle/dataGenerator.jl:92
┌ LogLevel(-2): 97%, Active workers: 50, Completed tasks: 9676.
└ @ Main /work/vemundlu/FiberBundle/dataGenerator.jl:92
┌ LogLevel(-2): 98%, Active workers: 50, Completed tasks: 9777.
└ @ Main /work/vemundlu/FiberBundle/dataGenerator.jl:92
┌ LogLevel(-2): 99%, Active workers: 49, Completed tasks: 9878.
└ @ Main /work/vemundlu/FiberBundle/dataGenerator.jl:92
┌ LogLevel(-2): 100%, Active workers: 0, Completed tasks: 10000.
└ @ Main /work/vemundlu/FiberBundle/dataGenerator.jl:96
┌ LogLevel(-2): Done!
└ @ Main /work/vemundlu/FiberBundle/dataGenerator.jl:142
┌ LogLevel(-2): Calculating averages... 
└ @ Main /work/vemundlu/FiberBundle/dataGenerator.jl:145
┌ LogLevel(-2): Done!
└ @ Main /work/vemundlu/FiberBundle/dataGenerator.jl:147
┌ LogLevel(-2): 2023-04-11T19:40:17.341: Starting a=2.0 dist=ConstantAverageUniform L=32 nr=CLS t=0.8
└ @ Main /work/vemundlu/FiberBundle/dataGenerator.jl:155
┌ LogLevel(-2): Searching for loose files... 
└ @ Main /work/vemundlu/FiberBundle/support/dataManager.jl:278
┌ LogLevel(-2): Running workers...
└ @ Main /work/vemundlu/FiberBundle/dataGenerator.jl:140
┌ LogLevel(-2): Starting work on a=2.0 dist=ConstantAverageUniform L=32 nr=CLS t=0.8
└ @ Main /work/vemundlu/FiberBundle/dataGenerator.jl:80
┌ LogLevel(-2): 0%, Active workers: 9, Completed tasks: 0.
└ @ Main /work/vemundlu/FiberBundle/dataGenerator.jl:92
┌ LogLevel(-2): 1%, Active workers: 50, Completed tasks: 68.
└ @ Main /work/vemundlu/FiberBundle/dataGenerator.jl:92
┌ LogLevel(-2): 2%, Active workers: 50, Completed tasks: 175.
└ @ Main /work/vemundlu/FiberBundle/dataGenerator.jl:92
┌ LogLevel(-2): 3%, Active workers: 50, Completed tasks: 272.
└ @ Main /work/vemundlu/FiberBundle/dataGenerator.jl:92
┌ LogLevel(-2): 4%, Active workers: 50, Completed tasks: 375.
└ @ Main /work/vemundlu/FiberBundle/dataGenerator.jl:92
┌ LogLevel(-2): 5%, Active workers: 50, Completed tasks: 477.
└ @ Main /work/vemundlu/FiberBundle/dataGenerator.jl:92
┌ LogLevel(-2): 6%, Active workers: 50, Completed tasks: 576.
└ @ Main /work/vemundlu/FiberBundle/dataGenerator.jl:92
┌ LogLevel(-2): 7%, Active workers: 50, Completed tasks: 675.
└ @ Main /work/vemundlu/FiberBundle/dataGenerator.jl:92
┌ LogLevel(-2): 8%, Active workers: 50, Completed tasks: 775.
└ @ Main /work/vemundlu/FiberBundle/dataGenerator.jl:92
┌ LogLevel(-2): 9%, Active workers: 50, Completed tasks: 875.
└ @ Main /work/vemundlu/FiberBundle/dataGenerator.jl:92
┌ LogLevel(-2): 10%, Active workers: 50, Completed tasks: 975.
└ @ Main /work/vemundlu/FiberBundle/dataGenerator.jl:92
┌ LogLevel(-2): 11%, Active workers: 50, Completed tasks: 1076.
└ @ Main /work/vemundlu/FiberBundle/dataGenerator.jl:92
┌ LogLevel(-2): 12%, Active workers: 50, Completed tasks: 1178.
└ @ Main /work/vemundlu/FiberBundle/dataGenerator.jl:92
┌ LogLevel(-2): 13%, Active workers: 50, Completed tasks: 1280.
└ @ Main /work/vemundlu/FiberBundle/dataGenerator.jl:92
┌ LogLevel(-2): 14%, Active workers: 50, Completed tasks: 1379.
└ @ Main /work/vemundlu/FiberBundle/dataGenerator.jl:92
┌ LogLevel(-2): 15%, Active workers: 50, Completed tasks: 1477.
└ @ Main /work/vemundlu/FiberBundle/dataGenerator.jl:92
┌ LogLevel(-2): 16%, Active workers: 50, Completed tasks: 1580.
└ @ Main /work/vemundlu/FiberBundle/dataGenerator.jl:92
┌ LogLevel(-2): 17%, Active workers: 50, Completed tasks: 1679.
└ @ Main /work/vemundlu/FiberBundle/dataGenerator.jl:92
┌ LogLevel(-2): 18%, Active workers: 50, Completed tasks: 1777.
└ @ Main /work/vemundlu/FiberBundle/dataGenerator.jl:92
┌ LogLevel(-2): 19%, Active workers: 50, Completed tasks: 1877.
└ @ Main /work/vemundlu/FiberBundle/dataGenerator.jl:92
┌ LogLevel(-2): 20%, Active workers: 50, Completed tasks: 1975.
└ @ Main /work/vemundlu/FiberBundle/dataGenerator.jl:92
┌ LogLevel(-2): 21%, Active workers: 50, Completed tasks: 2077.
└ @ Main /work/vemundlu/FiberBundle/dataGenerator.jl:92
┌ LogLevel(-2): 22%, Active workers: 50, Completed tasks: 2177.
└ @ Main /work/vemundlu/FiberBundle/dataGenerator.jl:92
┌ LogLevel(-2): 23%, Active workers: 50, Completed tasks: 2277.
└ @ Main /work/vemundlu/FiberBundle/dataGenerator.jl:92
┌ LogLevel(-2): 24%, Active workers: 50, Completed tasks: 2377.
└ @ Main /work/vemundlu/FiberBundle/dataGenerator.jl:92
┌ LogLevel(-2): 25%, Active workers: 50, Completed tasks: 2474.
└ @ Main /work/vemundlu/FiberBundle/dataGenerator.jl:92
┌ LogLevel(-2): 26%, Active workers: 50, Completed tasks: 2574.
└ @ Main /work/vemundlu/FiberBundle/dataGenerator.jl:92
┌ LogLevel(-2): 27%, Active workers: 50, Completed tasks: 2674.
└ @ Main /work/vemundlu/FiberBundle/dataGenerator.jl:92
┌ LogLevel(-2): 28%, Active workers: 50, Completed tasks: 2776.
└ @ Main /work/vemundlu/FiberBundle/dataGenerator.jl:92
┌ LogLevel(-2): 29%, Active workers: 50, Completed tasks: 2872.
└ @ Main /work/vemundlu/FiberBundle/dataGenerator.jl:92
┌ LogLevel(-2): 30%, Active workers: 50, Completed tasks: 2975.
└ @ Main /work/vemundlu/FiberBundle/dataGenerator.jl:92
┌ LogLevel(-2): 31%, Active workers: 50, Completed tasks: 3071.
└ @ Main /work/vemundlu/FiberBundle/dataGenerator.jl:92
┌ LogLevel(-2): 32%, Active workers: 50, Completed tasks: 3172.
└ @ Main /work/vemundlu/FiberBundle/dataGenerator.jl:92
┌ LogLevel(-2): 33%, Active workers: 50, Completed tasks: 3273.
└ @ Main /work/vemundlu/FiberBundle/dataGenerator.jl:92
┌ LogLevel(-2): 34%, Active workers: 50, Completed tasks: 3375.
└ @ Main /work/vemundlu/FiberBundle/dataGenerator.jl:92
┌ LogLevel(-2): 35%, Active workers: 50, Completed tasks: 3476.
└ @ Main /work/vemundlu/FiberBundle/dataGenerator.jl:92
┌ LogLevel(-2): 36%, Active workers: 50, Completed tasks: 3575.
└ @ Main /work/vemundlu/FiberBundle/dataGenerator.jl:92
┌ LogLevel(-2): 37%, Active workers: 50, Completed tasks: 3677.
└ @ Main /work/vemundlu/FiberBundle/dataGenerator.jl:92
┌ LogLevel(-2): 38%, Active workers: 50, Completed tasks: 3778.
└ @ Main /work/vemundlu/FiberBundle/dataGenerator.jl:92
┌ LogLevel(-2): 39%, Active workers: 50, Completed tasks: 3876.
└ @ Main /work/vemundlu/FiberBundle/dataGenerator.jl:92
┌ LogLevel(-2): 40%, Active workers: 50, Completed tasks: 3977.
└ @ Main /work/vemundlu/FiberBundle/dataGenerator.jl:92
┌ LogLevel(-2): 41%, Active workers: 50, Completed tasks: 4077.
└ @ Main /work/vemundlu/FiberBundle/dataGenerator.jl:92
┌ LogLevel(-2): 42%, Active workers: 50, Completed tasks: 4175.
└ @ Main /work/vemundlu/FiberBundle/dataGenerator.jl:92
┌ LogLevel(-2): 43%, Active workers: 50, Completed tasks: 4276.
└ @ Main /work/vemundlu/FiberBundle/dataGenerator.jl:92
┌ LogLevel(-2): 44%, Active workers: 50, Completed tasks: 4376.
└ @ Main /work/vemundlu/FiberBundle/dataGenerator.jl:92
┌ LogLevel(-2): 45%, Active workers: 50, Completed tasks: 4477.
└ @ Main /work/vemundlu/FiberBundle/dataGenerator.jl:92
┌ LogLevel(-2): 46%, Active workers: 50, Completed tasks: 4574.
└ @ Main /work/vemundlu/FiberBundle/dataGenerator.jl:92
┌ LogLevel(-2): 47%, Active workers: 50, Completed tasks: 4675.
└ @ Main /work/vemundlu/FiberBundle/dataGenerator.jl:92
┌ LogLevel(-2): 48%, Active workers: 50, Completed tasks: 4776.
└ @ Main /work/vemundlu/FiberBundle/dataGenerator.jl:92
┌ LogLevel(-2): 49%, Active workers: 50, Completed tasks: 4875.
└ @ Main /work/vemundlu/FiberBundle/dataGenerator.jl:92
┌ LogLevel(-2): 50%, Active workers: 50, Completed tasks: 4972.
└ @ Main /work/vemundlu/FiberBundle/dataGenerator.jl:92
┌ LogLevel(-2): 51%, Active workers: 50, Completed tasks: 5072.
└ @ Main /work/vemundlu/FiberBundle/dataGenerator.jl:92
┌ LogLevel(-2): 52%, Active workers: 50, Completed tasks: 5172.
└ @ Main /work/vemundlu/FiberBundle/dataGenerator.jl:92
┌ LogLevel(-2): 53%, Active workers: 50, Completed tasks: 5273.
└ @ Main /work/vemundlu/FiberBundle/dataGenerator.jl:92
┌ LogLevel(-2): 54%, Active workers: 50, Completed tasks: 5372.
└ @ Main /work/vemundlu/FiberBundle/dataGenerator.jl:92
┌ LogLevel(-2): 55%, Active workers: 50, Completed tasks: 5474.
└ @ Main /work/vemundlu/FiberBundle/dataGenerator.jl:92
┌ LogLevel(-2): 56%, Active workers: 50, Completed tasks: 5571.
└ @ Main /work/vemundlu/FiberBundle/dataGenerator.jl:92
┌ LogLevel(-2): 57%, Active workers: 50, Completed tasks: 5672.
└ @ Main /work/vemundlu/FiberBundle/dataGenerator.jl:92
┌ LogLevel(-2): 58%, Active workers: 50, Completed tasks: 5775.
└ @ Main /work/vemundlu/FiberBundle/dataGenerator.jl:92
┌ LogLevel(-2): 59%, Active workers: 50, Completed tasks: 5873.
└ @ Main /work/vemundlu/FiberBundle/dataGenerator.jl:92
┌ LogLevel(-2): 60%, Active workers: 50, Completed tasks: 5973.
└ @ Main /work/vemundlu/FiberBundle/dataGenerator.jl:92
┌ LogLevel(-2): 61%, Active workers: 50, Completed tasks: 6075.
└ @ Main /work/vemundlu/FiberBundle/dataGenerator.jl:92
┌ LogLevel(-2): 62%, Active workers: 50, Completed tasks: 6175.
└ @ Main /work/vemundlu/FiberBundle/dataGenerator.jl:92
┌ LogLevel(-2): 63%, Active workers: 50, Completed tasks: 6275.
└ @ Main /work/vemundlu/FiberBundle/dataGenerator.jl:92
┌ LogLevel(-2): 64%, Active workers: 50, Completed tasks: 6373.
└ @ Main /work/vemundlu/FiberBundle/dataGenerator.jl:92
┌ LogLevel(-2): 65%, Active workers: 50, Completed tasks: 6475.
└ @ Main /work/vemundlu/FiberBundle/dataGenerator.jl:92
┌ LogLevel(-2): 66%, Active workers: 50, Completed tasks: 6576.
└ @ Main /work/vemundlu/FiberBundle/dataGenerator.jl:92
┌ LogLevel(-2): 67%, Active workers: 50, Completed tasks: 6676.
└ @ Main /work/vemundlu/FiberBundle/dataGenerator.jl:92
┌ LogLevel(-2): 68%, Active workers: 50, Completed tasks: 6779.
└ @ Main /work/vemundlu/FiberBundle/dataGenerator.jl:92
┌ LogLevel(-2): 69%, Active workers: 50, Completed tasks: 6878.
└ @ Main /work/vemundlu/FiberBundle/dataGenerator.jl:92
┌ LogLevel(-2): 70%, Active workers: 50, Completed tasks: 6975.
└ @ Main /work/vemundlu/FiberBundle/dataGenerator.jl:92
┌ LogLevel(-2): 71%, Active workers: 50, Completed tasks: 7074.
└ @ Main /work/vemundlu/FiberBundle/dataGenerator.jl:92
┌ LogLevel(-2): 72%, Active workers: 50, Completed tasks: 7175.
└ @ Main /work/vemundlu/FiberBundle/dataGenerator.jl:92
┌ LogLevel(-2): 73%, Active workers: 50, Completed tasks: 7272.
└ @ Main /work/vemundlu/FiberBundle/dataGenerator.jl:92
┌ LogLevel(-2): 74%, Active workers: 50, Completed tasks: 7372.
└ @ Main /work/vemundlu/FiberBundle/dataGenerator.jl:92
┌ LogLevel(-2): 75%, Active workers: 50, Completed tasks: 7470.
└ @ Main /work/vemundlu/FiberBundle/dataGenerator.jl:92
┌ LogLevel(-2): 76%, Active workers: 50, Completed tasks: 7572.
└ @ Main /work/vemundlu/FiberBundle/dataGenerator.jl:92
┌ LogLevel(-2): 77%, Active workers: 50, Completed tasks: 7672.
└ @ Main /work/vemundlu/FiberBundle/dataGenerator.jl:92
┌ LogLevel(-2): 78%, Active workers: 50, Completed tasks: 7774.
└ @ Main /work/vemundlu/FiberBundle/dataGenerator.jl:92
┌ LogLevel(-2): 79%, Active workers: 50, Completed tasks: 7872.
└ @ Main /work/vemundlu/FiberBundle/dataGenerator.jl:92
┌ LogLevel(-2): 80%, Active workers: 50, Completed tasks: 7971.
└ @ Main /work/vemundlu/FiberBundle/dataGenerator.jl:92
┌ LogLevel(-2): 81%, Active workers: 50, Completed tasks: 8071.
└ @ Main /work/vemundlu/FiberBundle/dataGenerator.jl:92
┌ LogLevel(-2): 82%, Active workers: 50, Completed tasks: 8171.
└ @ Main /work/vemundlu/FiberBundle/dataGenerator.jl:92
┌ LogLevel(-2): 83%, Active workers: 50, Completed tasks: 8273.
└ @ Main /work/vemundlu/FiberBundle/dataGenerator.jl:92
┌ LogLevel(-2): 84%, Active workers: 50, Completed tasks: 8372.
└ @ Main /work/vemundlu/FiberBundle/dataGenerator.jl:92
┌ LogLevel(-2): 85%, Active workers: 50, Completed tasks: 8473.
└ @ Main /work/vemundlu/FiberBundle/dataGenerator.jl:92
┌ LogLevel(-2): 86%, Active workers: 50, Completed tasks: 8575.
└ @ Main /work/vemundlu/FiberBundle/dataGenerator.jl:92
┌ LogLevel(-2): 87%, Active workers: 50, Completed tasks: 8676.
└ @ Main /work/vemundlu/FiberBundle/dataGenerator.jl:92
┌ LogLevel(-2): 88%, Active workers: 50, Completed tasks: 8778.
└ @ Main /work/vemundlu/FiberBundle/dataGenerator.jl:92
┌ LogLevel(-2): 89%, Active workers: 50, Completed tasks: 8878.
└ @ Main /work/vemundlu/FiberBundle/dataGenerator.jl:92
┌ LogLevel(-2): 90%, Active workers: 50, Completed tasks: 8976.
└ @ Main /work/vemundlu/FiberBundle/dataGenerator.jl:92
┌ LogLevel(-2): 91%, Active workers: 50, Completed tasks: 9074.
└ @ Main /work/vemundlu/FiberBundle/dataGenerator.jl:92
┌ LogLevel(-2): 92%, Active workers: 50, Completed tasks: 9175.
└ @ Main /work/vemundlu/FiberBundle/dataGenerator.jl:92
┌ LogLevel(-2): 93%, Active workers: 50, Completed tasks: 9278.
└ @ Main /work/vemundlu/FiberBundle/dataGenerator.jl:92
┌ LogLevel(-2): 94%, Active workers: 50, Completed tasks: 9375.
└ @ Main /work/vemundlu/FiberBundle/dataGenerator.jl:92
┌ LogLevel(-2): 95%, Active workers: 50, Completed tasks: 9475.
└ @ Main /work/vemundlu/FiberBundle/dataGenerator.jl:92
┌ LogLevel(-2): 96%, Active workers: 50, Completed tasks: 9574.
└ @ Main /work/vemundlu/FiberBundle/dataGenerator.jl:92
┌ LogLevel(-2): 97%, Active workers: 50, Completed tasks: 9675.
└ @ Main /work/vemundlu/FiberBundle/dataGenerator.jl:92
┌ LogLevel(-2): 98%, Active workers: 50, Completed tasks: 9775.
└ @ Main /work/vemundlu/FiberBundle/dataGenerator.jl:92
┌ LogLevel(-2): 99%, Active workers: 44, Completed tasks: 9878.
└ @ Main /work/vemundlu/FiberBundle/dataGenerator.jl:92
┌ LogLevel(-2): 100%, Active workers: 0, Completed tasks: 10000.
└ @ Main /work/vemundlu/FiberBundle/dataGenerator.jl:96
┌ LogLevel(-2): Done!
└ @ Main /work/vemundlu/FiberBundle/dataGenerator.jl:142
┌ LogLevel(-2): Calculating averages... 
└ @ Main /work/vemundlu/FiberBundle/dataGenerator.jl:145
┌ LogLevel(-2): Done!
└ @ Main /work/vemundlu/FiberBundle/dataGenerator.jl:147
3946.693268 seconds (2.01 G allocations: 89.652 GiB, 0.66% gc time, 0.29% compilation time)
┌ LogLevel(-1): Removing workers
└ @ Main /work/vemundlu/FiberBundle/generateData.jl:68
