┌ Warning: rmprocs: process 1 not removed
└ @ Distributed /buildworker/worker/package_linux64/build/usr/share/julia/stdlib/v1.7/Distributed/src/cluster.jl:1045
┌ LogLevel(-1): Starting 40 workers... 
└ @ Main /work/vemundlu/FiberBundle/generateData.jl:59
┌ LogLevel(-1): Running settings: 
│  Any[512], 
│  Any[0.2, 0.22, 0.24, 0.26, 0.28, 0.3, 0.32, 0.34, 0.36, 0.38, 0.4], 
│  Any[2.0]
└ @ Main /work/vemundlu/FiberBundle/generateData.jl:63
┌ LogLevel(-2): 2023-01-04T15:43:41.399: Starting a=2.0 dist=Uniform L=512 nr=CLS t=0.2
└ @ Main /work/vemundlu/FiberBundle/dataGenerator.jl:161
┌ LogLevel(-2): Searching for loose files... 
└ @ Main /work/vemundlu/FiberBundle/support/dataManager.jl:273
┌ LogLevel(-2): Running workers...
└ @ Main /work/vemundlu/FiberBundle/dataGenerator.jl:146
┌ LogLevel(-2): Starting work on a=2.0 dist=Uniform L=512 nr=CLS t=0.2
└ @ Main /work/vemundlu/FiberBundle/dataGenerator.jl:86
┌ LogLevel(-2): 0%, Active workers: 40, Completed tasks: 0.
└ @ Main /work/vemundlu/FiberBundle/dataGenerator.jl:98
┌ LogLevel(-2): 1%, Active workers: 40, Completed tasks: 0.
└ @ Main /work/vemundlu/FiberBundle/dataGenerator.jl:98
┌ LogLevel(-2): 2%, Active workers: 40, Completed tasks: 0.
└ @ Main /work/vemundlu/FiberBundle/dataGenerator.jl:98
┌ LogLevel(-2): 3%, Active workers: 40, Completed tasks: 0.
└ @ Main /work/vemundlu/FiberBundle/dataGenerator.jl:98
┌ LogLevel(-2): 4%, Active workers: 40, Completed tasks: 2.
└ @ Main /work/vemundlu/FiberBundle/dataGenerator.jl:98
┌ LogLevel(-2): 5%, Active workers: 40, Completed tasks: 8.
└ @ Main /work/vemundlu/FiberBundle/dataGenerator.jl:98
┌ LogLevel(-2): 6%, Active workers: 40, Completed tasks: 17.
└ @ Main /work/vemundlu/FiberBundle/dataGenerator.jl:98
┌ LogLevel(-2): 7%, Active workers: 40, Completed tasks: 27.
└ @ Main /work/vemundlu/FiberBundle/dataGenerator.jl:98
┌ LogLevel(-2): 8%, Active workers: 40, Completed tasks: 34.
└ @ Main /work/vemundlu/FiberBundle/dataGenerator.jl:98
┌ LogLevel(-2): 9%, Active workers: 40, Completed tasks: 43.
└ @ Main /work/vemundlu/FiberBundle/dataGenerator.jl:98
┌ LogLevel(-2): 10%, Active workers: 40, Completed tasks: 47.
└ @ Main /work/vemundlu/FiberBundle/dataGenerator.jl:98
┌ LogLevel(-2): 11%, Active workers: 40, Completed tasks: 55.
└ @ Main /work/vemundlu/FiberBundle/dataGenerator.jl:98
┌ LogLevel(-2): 12%, Active workers: 40, Completed tasks: 61.
└ @ Main /work/vemundlu/FiberBundle/dataGenerator.jl:98
┌ LogLevel(-2): 13%, Active workers: 40, Completed tasks: 64.
└ @ Main /work/vemundlu/FiberBundle/dataGenerator.jl:98
┌ LogLevel(-2): 14%, Active workers: 40, Completed tasks: 74.
└ @ Main /work/vemundlu/FiberBundle/dataGenerator.jl:98
┌ LogLevel(-2): 15%, Active workers: 40, Completed tasks: 82.
└ @ Main /work/vemundlu/FiberBundle/dataGenerator.jl:98
┌ LogLevel(-2): 16%, Active workers: 40, Completed tasks: 87.
└ @ Main /work/vemundlu/FiberBundle/dataGenerator.jl:98
┌ LogLevel(-2): 17%, Active workers: 40, Completed tasks: 95.
└ @ Main /work/vemundlu/FiberBundle/dataGenerator.jl:98
┌ LogLevel(-2): 18%, Active workers: 40, Completed tasks: 101.
└ @ Main /work/vemundlu/FiberBundle/dataGenerator.jl:98
┌ LogLevel(-2): 19%, Active workers: 40, Completed tasks: 108.
└ @ Main /work/vemundlu/FiberBundle/dataGenerator.jl:98
┌ LogLevel(-2): 20%, Active workers: 40, Completed tasks: 115.
└ @ Main /work/vemundlu/FiberBundle/dataGenerator.jl:98
┌ LogLevel(-2): 21%, Active workers: 40, Completed tasks: 124.
└ @ Main /work/vemundlu/FiberBundle/dataGenerator.jl:98
