Hello world, I am rank 0 of 1
┌ Info: I am groot
└ @ Main /home/vemundlu/FiberBundle/generateData.jl:33
┌ Info: L=64 40 seeds 8 julia thread, 4 job threads
└ @ Main /home/vemundlu/FiberBundle/generateData.jl:34
┌ Warning: rmprocs: process 1 not removed
└ @ Distributed /buildworker/worker/package_linux64/build/usr/share/julia/stdlib/v1.7/Distributed/src/cluster.jl:1045
┌ LogLevel(-1): Starting 8 workers... 
└ @ Main /home/vemundlu/FiberBundle/generateData.jl:42
┌ LogLevel(-1): Done!
└ @ Main /home/vemundlu/FiberBundle/generateData.jl:44
┌ LogLevel(-1): Preparing workers...
└ @ Main /home/vemundlu/FiberBundle/dataGenerator.jl:7
┌ LogLevel(-1): Done!
└ @ Main /home/vemundlu/FiberBundle/dataGenerator.jl:129
┌ LogLevel(-1): Start run
└ @ Main /home/vemundlu/FiberBundle/generateData.jl:48
199.257133 seconds (52.58 M allocations: 4.236 GiB, 0.72% gc time, 7.36% compilation time)
┌ LogLevel(-1): Done
└ @ Main /home/vemundlu/FiberBundle/generateData.jl:50
┌ LogLevel(-1): Removing workers
└ @ Main /home/vemundlu/FiberBundle/generateData.jl:51
